[2018-06-19 16:07:40,416] {cli.py:374} INFO - Running on host PRINHYLTPDL1167
[2018-06-19 16:07:40,481] {models.py:1197} INFO - Dependencies all met for <TaskInstance: hello_world.sleep 2017-06-02 15:00:00 [queued]>
[2018-06-19 16:07:40,516] {models.py:1197} INFO - Dependencies all met for <TaskInstance: hello_world.sleep 2017-06-02 15:00:00 [queued]>
[2018-06-19 16:07:40,517] {models.py:1407} INFO - 
--------------------------------------------------------------------------------
Starting attempt 1 of 2
--------------------------------------------------------------------------------

[2018-06-19 16:07:40,528] {models.py:1428} INFO - Executing <Task(BashOperator): sleep> on 2017-06-02 15:00:00
[2018-06-19 16:07:40,529] {base_task_runner.py:115} INFO - Running: ['bash', '-c', u'airflow run hello_world sleep 2017-06-02T15:00:00 --job_id 122 --raw -sd DAGS_FOLDER/helloWorld.py']
[2018-06-19 16:07:40,739] {base_task_runner.py:98} INFO - Subtask: /usr/local/lib/python2.7/dist-packages/psycopg2/__init__.py:144: UserWarning: The psycopg2 wheel package will be renamed from release 2.8; in order to keep installing from binary please use "pip install psycopg2-binary" instead. For details see: <http://initd.org/psycopg/docs/install.html#binary-install-from-pypi>.
[2018-06-19 16:07:40,739] {base_task_runner.py:98} INFO - Subtask:   """)
[2018-06-19 16:07:40,769] {base_task_runner.py:98} INFO - Subtask: [2018-06-19 16:07:40,769] {driver.py:120} INFO - Generating grammar tables from /usr/lib/python2.7/lib2to3/Grammar.txt
[2018-06-19 16:07:40,788] {base_task_runner.py:98} INFO - Subtask: [2018-06-19 16:07:40,788] {driver.py:120} INFO - Generating grammar tables from /usr/lib/python2.7/lib2to3/PatternGrammar.txt
[2018-06-19 16:07:40,891] {base_task_runner.py:98} INFO - Subtask: [2018-06-19 16:07:40,891] {__init__.py:45} INFO - Using executor SequentialExecutor
[2018-06-19 16:07:40,929] {base_task_runner.py:98} INFO - Subtask: [2018-06-19 16:07:40,928] {models.py:189} INFO - Filling up the DagBag from /home/charanjiths/airflow/dags/helloWorld.py
[2018-06-19 16:07:41,037] {base_task_runner.py:98} INFO - Subtask: [2018-06-19 16:07:41,037] {bash_operator.py:70} INFO - Tmp dir root location: 
[2018-06-19 16:07:41,037] {base_task_runner.py:98} INFO - Subtask:  /tmp
[2018-06-19 16:07:41,038] {base_task_runner.py:98} INFO - Subtask: [2018-06-19 16:07:41,038] {bash_operator.py:80} INFO - Temporary script location: /tmp/airflowtmpM_xKqN//tmp/airflowtmpM_xKqN/sleepT8XlO6
[2018-06-19 16:07:41,038] {base_task_runner.py:98} INFO - Subtask: [2018-06-19 16:07:41,038] {bash_operator.py:88} INFO - Running command: sleep 5
[2018-06-19 16:07:41,041] {base_task_runner.py:98} INFO - Subtask: [2018-06-19 16:07:41,041] {bash_operator.py:97} INFO - Output:
[2018-06-19 16:07:46,052] {base_task_runner.py:98} INFO - Subtask: [2018-06-19 16:07:46,050] {bash_operator.py:105} INFO - Command exited with return code 0
