[2018-06-19 16:13:41,727] {cli.py:374} INFO - Running on host PRINHYLTPDL1167
[2018-06-19 16:13:41,770] {models.py:1197} INFO - Dependencies all met for <TaskInstance: hello_world.sleep 2017-06-03 06:00:00 [queued]>
[2018-06-19 16:13:41,806] {models.py:1197} INFO - Dependencies all met for <TaskInstance: hello_world.sleep 2017-06-03 06:00:00 [queued]>
[2018-06-19 16:13:41,806] {models.py:1407} INFO - 
--------------------------------------------------------------------------------
Starting attempt 1 of 2
--------------------------------------------------------------------------------

[2018-06-19 16:13:41,819] {models.py:1428} INFO - Executing <Task(BashOperator): sleep> on 2017-06-03 06:00:00
[2018-06-19 16:13:41,819] {base_task_runner.py:115} INFO - Running: ['bash', '-c', u'airflow run hello_world sleep 2017-06-03T06:00:00 --job_id 167 --raw -sd DAGS_FOLDER/helloWorld.py']
[2018-06-19 16:13:42,031] {base_task_runner.py:98} INFO - Subtask: /usr/local/lib/python2.7/dist-packages/psycopg2/__init__.py:144: UserWarning: The psycopg2 wheel package will be renamed from release 2.8; in order to keep installing from binary please use "pip install psycopg2-binary" instead. For details see: <http://initd.org/psycopg/docs/install.html#binary-install-from-pypi>.
[2018-06-19 16:13:42,031] {base_task_runner.py:98} INFO - Subtask:   """)
[2018-06-19 16:13:42,062] {base_task_runner.py:98} INFO - Subtask: [2018-06-19 16:13:42,061] {driver.py:120} INFO - Generating grammar tables from /usr/lib/python2.7/lib2to3/Grammar.txt
[2018-06-19 16:13:42,081] {base_task_runner.py:98} INFO - Subtask: [2018-06-19 16:13:42,081] {driver.py:120} INFO - Generating grammar tables from /usr/lib/python2.7/lib2to3/PatternGrammar.txt
[2018-06-19 16:13:42,185] {base_task_runner.py:98} INFO - Subtask: [2018-06-19 16:13:42,185] {__init__.py:45} INFO - Using executor SequentialExecutor
[2018-06-19 16:13:42,223] {base_task_runner.py:98} INFO - Subtask: [2018-06-19 16:13:42,222] {models.py:189} INFO - Filling up the DagBag from /home/charanjiths/airflow/dags/helloWorld.py
[2018-06-19 16:13:42,329] {base_task_runner.py:98} INFO - Subtask: [2018-06-19 16:13:42,329] {bash_operator.py:70} INFO - Tmp dir root location: 
[2018-06-19 16:13:42,330] {base_task_runner.py:98} INFO - Subtask:  /tmp
[2018-06-19 16:13:42,331] {base_task_runner.py:98} INFO - Subtask: [2018-06-19 16:13:42,330] {bash_operator.py:80} INFO - Temporary script location: /tmp/airflowtmp8Bqmec//tmp/airflowtmp8Bqmec/sleepWlBBi0
[2018-06-19 16:13:42,331] {base_task_runner.py:98} INFO - Subtask: [2018-06-19 16:13:42,330] {bash_operator.py:88} INFO - Running command: sleep 5
[2018-06-19 16:13:42,334] {base_task_runner.py:98} INFO - Subtask: [2018-06-19 16:13:42,333] {bash_operator.py:97} INFO - Output:
[2018-06-19 16:13:47,344] {base_task_runner.py:98} INFO - Subtask: [2018-06-19 16:13:47,341] {bash_operator.py:105} INFO - Command exited with return code 0
