[2018-06-19 14:19:17,398] {cli.py:374} INFO - Running on host PRINHYLTPDL1167
[2018-06-19 14:19:17,578] {models.py:1197} INFO - Dependencies all met for <TaskInstance: hello_world.print_hello 2017-06-01 04:00:00 [queued]>
[2018-06-19 14:19:17,596] {models.py:1197} INFO - Dependencies all met for <TaskInstance: hello_world.print_hello 2017-06-01 04:00:00 [queued]>
[2018-06-19 14:19:17,596] {models.py:1407} INFO - 
--------------------------------------------------------------------------------
Starting attempt 1 of 2
--------------------------------------------------------------------------------

[2018-06-19 14:19:17,640] {models.py:1428} INFO - Executing <Task(BashOperator): print_hello> on 2017-06-01 04:00:00
[2018-06-19 14:19:17,640] {base_task_runner.py:115} INFO - Running: ['bash', '-c', u'airflow run hello_world print_hello 2017-06-01T04:00:00 --job_id 11 --raw -sd DAGS_FOLDER/helloWorld.py']
[2018-06-19 14:19:17,853] {base_task_runner.py:98} INFO - Subtask: /usr/local/lib/python2.7/dist-packages/psycopg2/__init__.py:144: UserWarning: The psycopg2 wheel package will be renamed from release 2.8; in order to keep installing from binary please use "pip install psycopg2-binary" instead. For details see: <http://initd.org/psycopg/docs/install.html#binary-install-from-pypi>.
[2018-06-19 14:19:17,854] {base_task_runner.py:98} INFO - Subtask:   """)
[2018-06-19 14:19:17,886] {base_task_runner.py:98} INFO - Subtask: [2018-06-19 14:19:17,885] {driver.py:120} INFO - Generating grammar tables from /usr/lib/python2.7/lib2to3/Grammar.txt
[2018-06-19 14:19:17,905] {base_task_runner.py:98} INFO - Subtask: [2018-06-19 14:19:17,904] {driver.py:120} INFO - Generating grammar tables from /usr/lib/python2.7/lib2to3/PatternGrammar.txt
[2018-06-19 14:19:18,010] {base_task_runner.py:98} INFO - Subtask: [2018-06-19 14:19:18,009] {__init__.py:45} INFO - Using executor SequentialExecutor
[2018-06-19 14:19:18,048] {base_task_runner.py:98} INFO - Subtask: [2018-06-19 14:19:18,047] {models.py:189} INFO - Filling up the DagBag from /home/charanjiths/airflow/dags/helloWorld.py
[2018-06-19 14:19:18,160] {base_task_runner.py:98} INFO - Subtask: [2018-06-19 14:19:18,160] {bash_operator.py:70} INFO - Tmp dir root location: 
[2018-06-19 14:19:18,161] {base_task_runner.py:98} INFO - Subtask:  /tmp
[2018-06-19 14:19:18,162] {base_task_runner.py:98} INFO - Subtask: [2018-06-19 14:19:18,161] {bash_operator.py:80} INFO - Temporary script location: /tmp/airflowtmpQXk0nF//tmp/airflowtmpQXk0nF/print_helloVNlXga
[2018-06-19 14:19:18,162] {base_task_runner.py:98} INFO - Subtask: [2018-06-19 14:19:18,161] {bash_operator.py:88} INFO - Running command: echo "hello"
[2018-06-19 14:19:18,165] {base_task_runner.py:98} INFO - Subtask: [2018-06-19 14:19:18,165] {bash_operator.py:97} INFO - Output:
[2018-06-19 14:19:18,167] {base_task_runner.py:98} INFO - Subtask: [2018-06-19 14:19:18,167] {bash_operator.py:101} INFO - hello
[2018-06-19 14:19:18,168] {base_task_runner.py:98} INFO - Subtask: [2018-06-19 14:19:18,167] {bash_operator.py:105} INFO - Command exited with return code 0
[2018-06-19 15:53:06,804] {cli.py:374} INFO - Running on host PRINHYLTPDL1167
[2018-06-19 15:53:06,873] {models.py:1197} INFO - Dependencies all met for <TaskInstance: hello_world.print_hello 2017-06-01 04:00:00 [queued]>
[2018-06-19 15:53:06,902] {models.py:1197} INFO - Dependencies all met for <TaskInstance: hello_world.print_hello 2017-06-01 04:00:00 [queued]>
[2018-06-19 15:53:06,903] {models.py:1407} INFO - 
--------------------------------------------------------------------------------
Starting attempt 1 of 2
--------------------------------------------------------------------------------

[2018-06-19 15:53:06,976] {models.py:1428} INFO - Executing <Task(BashOperator): print_hello> on 2017-06-01 04:00:00
[2018-06-19 15:53:06,976] {base_task_runner.py:115} INFO - Running: ['bash', '-c', u'airflow run hello_world print_hello 2017-06-01T04:00:00 --job_id 13 --raw -sd DAGS_FOLDER/helloWorld.py']
[2018-06-19 15:53:07,189] {base_task_runner.py:98} INFO - Subtask: /usr/local/lib/python2.7/dist-packages/psycopg2/__init__.py:144: UserWarning: The psycopg2 wheel package will be renamed from release 2.8; in order to keep installing from binary please use "pip install psycopg2-binary" instead. For details see: <http://initd.org/psycopg/docs/install.html#binary-install-from-pypi>.
[2018-06-19 15:53:07,189] {base_task_runner.py:98} INFO - Subtask:   """)
[2018-06-19 15:53:07,220] {base_task_runner.py:98} INFO - Subtask: [2018-06-19 15:53:07,219] {driver.py:120} INFO - Generating grammar tables from /usr/lib/python2.7/lib2to3/Grammar.txt
[2018-06-19 15:53:07,239] {base_task_runner.py:98} INFO - Subtask: [2018-06-19 15:53:07,239] {driver.py:120} INFO - Generating grammar tables from /usr/lib/python2.7/lib2to3/PatternGrammar.txt
[2018-06-19 15:53:07,344] {base_task_runner.py:98} INFO - Subtask: [2018-06-19 15:53:07,344] {__init__.py:45} INFO - Using executor SequentialExecutor
[2018-06-19 15:53:07,381] {base_task_runner.py:98} INFO - Subtask: [2018-06-19 15:53:07,381] {models.py:189} INFO - Filling up the DagBag from /home/charanjiths/airflow/dags/helloWorld.py
[2018-06-19 15:53:07,488] {base_task_runner.py:98} INFO - Subtask: [2018-06-19 15:53:07,488] {bash_operator.py:70} INFO - Tmp dir root location: 
[2018-06-19 15:53:07,489] {base_task_runner.py:98} INFO - Subtask:  /tmp
[2018-06-19 15:53:07,490] {base_task_runner.py:98} INFO - Subtask: [2018-06-19 15:53:07,489] {bash_operator.py:80} INFO - Temporary script location: /tmp/airflowtmpQ4fCBW//tmp/airflowtmpQ4fCBW/print_hellokNKDdL
[2018-06-19 15:53:07,490] {base_task_runner.py:98} INFO - Subtask: [2018-06-19 15:53:07,490] {bash_operator.py:88} INFO - Running command: echo "hello"
[2018-06-19 15:53:07,493] {base_task_runner.py:98} INFO - Subtask: [2018-06-19 15:53:07,492] {bash_operator.py:97} INFO - Output:
[2018-06-19 15:53:07,494] {base_task_runner.py:98} INFO - Subtask: [2018-06-19 15:53:07,494] {bash_operator.py:101} INFO - hello
[2018-06-19 15:53:07,496] {base_task_runner.py:98} INFO - Subtask: [2018-06-19 15:53:07,495] {bash_operator.py:105} INFO - Command exited with return code 0
