[2018-06-19 14:23:31,052] {cli.py:374} INFO - Running on host PRINHYLTPDL1167
[2018-06-19 14:23:31,248] {models.py:1197} INFO - Dependencies all met for <TaskInstance: hello_world.sleep 2017-06-01 13:00:00 [queued]>
[2018-06-19 14:23:31,282] {models.py:1197} INFO - Dependencies all met for <TaskInstance: hello_world.sleep 2017-06-01 13:00:00 [queued]>
[2018-06-19 14:23:31,282] {models.py:1407} INFO - 
--------------------------------------------------------------------------------
Starting attempt 1 of 2
--------------------------------------------------------------------------------

[2018-06-19 14:23:31,302] {models.py:1428} INFO - Executing <Task(BashOperator): sleep> on 2017-06-01 13:00:00
[2018-06-19 14:23:31,302] {base_task_runner.py:115} INFO - Running: ['bash', '-c', u'airflow run hello_world sleep 2017-06-01T13:00:00 --job_id 42 --raw -sd DAGS_FOLDER/helloWorld.py']
[2018-06-19 14:23:31,521] {base_task_runner.py:98} INFO - Subtask: /usr/local/lib/python2.7/dist-packages/psycopg2/__init__.py:144: UserWarning: The psycopg2 wheel package will be renamed from release 2.8; in order to keep installing from binary please use "pip install psycopg2-binary" instead. For details see: <http://initd.org/psycopg/docs/install.html#binary-install-from-pypi>.
[2018-06-19 14:23:31,521] {base_task_runner.py:98} INFO - Subtask:   """)
[2018-06-19 14:23:31,555] {base_task_runner.py:98} INFO - Subtask: [2018-06-19 14:23:31,554] {driver.py:120} INFO - Generating grammar tables from /usr/lib/python2.7/lib2to3/Grammar.txt
[2018-06-19 14:23:31,576] {base_task_runner.py:98} INFO - Subtask: [2018-06-19 14:23:31,576] {driver.py:120} INFO - Generating grammar tables from /usr/lib/python2.7/lib2to3/PatternGrammar.txt
[2018-06-19 14:23:31,686] {base_task_runner.py:98} INFO - Subtask: [2018-06-19 14:23:31,686] {__init__.py:45} INFO - Using executor SequentialExecutor
[2018-06-19 14:23:31,726] {base_task_runner.py:98} INFO - Subtask: [2018-06-19 14:23:31,725] {models.py:189} INFO - Filling up the DagBag from /home/charanjiths/airflow/dags/helloWorld.py
[2018-06-19 14:23:31,834] {base_task_runner.py:98} INFO - Subtask: [2018-06-19 14:23:31,834] {bash_operator.py:70} INFO - Tmp dir root location: 
[2018-06-19 14:23:31,834] {base_task_runner.py:98} INFO - Subtask:  /tmp
[2018-06-19 14:23:31,835] {base_task_runner.py:98} INFO - Subtask: [2018-06-19 14:23:31,835] {bash_operator.py:80} INFO - Temporary script location: /tmp/airflowtmpuWgxdS//tmp/airflowtmpuWgxdS/sleep3VHpoA
[2018-06-19 14:23:31,835] {base_task_runner.py:98} INFO - Subtask: [2018-06-19 14:23:31,835] {bash_operator.py:88} INFO - Running command: sleep 5
[2018-06-19 14:23:31,839] {base_task_runner.py:98} INFO - Subtask: [2018-06-19 14:23:31,838] {bash_operator.py:97} INFO - Output:
[2018-06-19 14:23:36,851] {base_task_runner.py:98} INFO - Subtask: [2018-06-19 14:23:36,848] {bash_operator.py:105} INFO - Command exited with return code 0
[2018-06-19 15:57:13,513] {cli.py:374} INFO - Running on host PRINHYLTPDL1167
[2018-06-19 15:57:13,612] {models.py:1197} INFO - Dependencies all met for <TaskInstance: hello_world.sleep 2017-06-01 13:00:00 [queued]>
[2018-06-19 15:57:13,650] {models.py:1197} INFO - Dependencies all met for <TaskInstance: hello_world.sleep 2017-06-01 13:00:00 [queued]>
[2018-06-19 15:57:13,650] {models.py:1407} INFO - 
--------------------------------------------------------------------------------
Starting attempt 1 of 2
--------------------------------------------------------------------------------

[2018-06-19 15:57:13,661] {models.py:1428} INFO - Executing <Task(BashOperator): sleep> on 2017-06-01 13:00:00
[2018-06-19 15:57:13,662] {base_task_runner.py:115} INFO - Running: ['bash', '-c', u'airflow run hello_world sleep 2017-06-01T13:00:00 --job_id 44 --raw -sd DAGS_FOLDER/helloWorld.py']
[2018-06-19 15:57:13,872] {base_task_runner.py:98} INFO - Subtask: /usr/local/lib/python2.7/dist-packages/psycopg2/__init__.py:144: UserWarning: The psycopg2 wheel package will be renamed from release 2.8; in order to keep installing from binary please use "pip install psycopg2-binary" instead. For details see: <http://initd.org/psycopg/docs/install.html#binary-install-from-pypi>.
[2018-06-19 15:57:13,872] {base_task_runner.py:98} INFO - Subtask:   """)
[2018-06-19 15:57:13,903] {base_task_runner.py:98} INFO - Subtask: [2018-06-19 15:57:13,902] {driver.py:120} INFO - Generating grammar tables from /usr/lib/python2.7/lib2to3/Grammar.txt
[2018-06-19 15:57:13,922] {base_task_runner.py:98} INFO - Subtask: [2018-06-19 15:57:13,922] {driver.py:120} INFO - Generating grammar tables from /usr/lib/python2.7/lib2to3/PatternGrammar.txt
[2018-06-19 15:57:14,027] {base_task_runner.py:98} INFO - Subtask: [2018-06-19 15:57:14,027] {__init__.py:45} INFO - Using executor SequentialExecutor
[2018-06-19 15:57:14,064] {base_task_runner.py:98} INFO - Subtask: [2018-06-19 15:57:14,064] {models.py:189} INFO - Filling up the DagBag from /home/charanjiths/airflow/dags/helloWorld.py
[2018-06-19 15:57:14,172] {base_task_runner.py:98} INFO - Subtask: [2018-06-19 15:57:14,172] {bash_operator.py:70} INFO - Tmp dir root location: 
[2018-06-19 15:57:14,172] {base_task_runner.py:98} INFO - Subtask:  /tmp
[2018-06-19 15:57:14,173] {base_task_runner.py:98} INFO - Subtask: [2018-06-19 15:57:14,173] {bash_operator.py:80} INFO - Temporary script location: /tmp/airflowtmpH3txw8//tmp/airflowtmpH3txw8/sleep1w5fi2
[2018-06-19 15:57:14,173] {base_task_runner.py:98} INFO - Subtask: [2018-06-19 15:57:14,173] {bash_operator.py:88} INFO - Running command: sleep 5
[2018-06-19 15:57:14,176] {base_task_runner.py:98} INFO - Subtask: [2018-06-19 15:57:14,176] {bash_operator.py:97} INFO - Output:
[2018-06-19 15:57:19,188] {base_task_runner.py:98} INFO - Subtask: [2018-06-19 15:57:19,185] {bash_operator.py:105} INFO - Command exited with return code 0
