[2018-06-19 14:23:17,055] {cli.py:374} INFO - Running on host PRINHYLTPDL1167
[2018-06-19 14:23:17,237] {models.py:1197} INFO - Dependencies all met for <TaskInstance: hello_world.print_world 2017-06-01 11:00:00 [queued]>
[2018-06-19 14:23:17,340] {models.py:1197} INFO - Dependencies all met for <TaskInstance: hello_world.print_world 2017-06-01 11:00:00 [queued]>
[2018-06-19 14:23:17,340] {models.py:1407} INFO - 
--------------------------------------------------------------------------------
Starting attempt 1 of 2
--------------------------------------------------------------------------------

[2018-06-19 14:23:17,379] {models.py:1428} INFO - Executing <Task(PythonOperator): print_world> on 2017-06-01 11:00:00
[2018-06-19 14:23:17,380] {base_task_runner.py:115} INFO - Running: ['bash', '-c', u'airflow run hello_world print_world 2017-06-01T11:00:00 --job_id 40 --raw -sd DAGS_FOLDER/helloWorld.py']
[2018-06-19 14:23:17,635] {base_task_runner.py:98} INFO - Subtask: /usr/local/lib/python2.7/dist-packages/psycopg2/__init__.py:144: UserWarning: The psycopg2 wheel package will be renamed from release 2.8; in order to keep installing from binary please use "pip install psycopg2-binary" instead. For details see: <http://initd.org/psycopg/docs/install.html#binary-install-from-pypi>.
[2018-06-19 14:23:17,635] {base_task_runner.py:98} INFO - Subtask:   """)
[2018-06-19 14:23:17,671] {base_task_runner.py:98} INFO - Subtask: [2018-06-19 14:23:17,670] {driver.py:120} INFO - Generating grammar tables from /usr/lib/python2.7/lib2to3/Grammar.txt
[2018-06-19 14:23:17,695] {base_task_runner.py:98} INFO - Subtask: [2018-06-19 14:23:17,695] {driver.py:120} INFO - Generating grammar tables from /usr/lib/python2.7/lib2to3/PatternGrammar.txt
[2018-06-19 14:23:17,817] {base_task_runner.py:98} INFO - Subtask: [2018-06-19 14:23:17,817] {__init__.py:45} INFO - Using executor SequentialExecutor
[2018-06-19 14:23:17,862] {base_task_runner.py:98} INFO - Subtask: [2018-06-19 14:23:17,862] {models.py:189} INFO - Filling up the DagBag from /home/charanjiths/airflow/dags/helloWorld.py
[2018-06-19 14:23:17,979] {base_task_runner.py:98} INFO - Subtask: [2018-06-19 14:23:17,978] {python_operator.py:90} INFO - Done. Returned value was: None
[2018-06-19 15:57:00,073] {cli.py:374} INFO - Running on host PRINHYLTPDL1167
[2018-06-19 15:57:00,143] {models.py:1197} INFO - Dependencies all met for <TaskInstance: hello_world.print_world 2017-06-01 11:00:00 [queued]>
[2018-06-19 15:57:00,177] {models.py:1197} INFO - Dependencies all met for <TaskInstance: hello_world.print_world 2017-06-01 11:00:00 [queued]>
[2018-06-19 15:57:00,177] {models.py:1407} INFO - 
--------------------------------------------------------------------------------
Starting attempt 1 of 2
--------------------------------------------------------------------------------

[2018-06-19 15:57:00,190] {models.py:1428} INFO - Executing <Task(PythonOperator): print_world> on 2017-06-01 11:00:00
[2018-06-19 15:57:00,190] {base_task_runner.py:115} INFO - Running: ['bash', '-c', u'airflow run hello_world print_world 2017-06-01T11:00:00 --job_id 42 --raw -sd DAGS_FOLDER/helloWorld.py']
[2018-06-19 15:57:00,405] {base_task_runner.py:98} INFO - Subtask: /usr/local/lib/python2.7/dist-packages/psycopg2/__init__.py:144: UserWarning: The psycopg2 wheel package will be renamed from release 2.8; in order to keep installing from binary please use "pip install psycopg2-binary" instead. For details see: <http://initd.org/psycopg/docs/install.html#binary-install-from-pypi>.
[2018-06-19 15:57:00,405] {base_task_runner.py:98} INFO - Subtask:   """)
[2018-06-19 15:57:00,440] {base_task_runner.py:98} INFO - Subtask: [2018-06-19 15:57:00,440] {driver.py:120} INFO - Generating grammar tables from /usr/lib/python2.7/lib2to3/Grammar.txt
[2018-06-19 15:57:00,462] {base_task_runner.py:98} INFO - Subtask: [2018-06-19 15:57:00,461] {driver.py:120} INFO - Generating grammar tables from /usr/lib/python2.7/lib2to3/PatternGrammar.txt
[2018-06-19 15:57:00,567] {base_task_runner.py:98} INFO - Subtask: [2018-06-19 15:57:00,567] {__init__.py:45} INFO - Using executor SequentialExecutor
[2018-06-19 15:57:00,604] {base_task_runner.py:98} INFO - Subtask: [2018-06-19 15:57:00,604] {models.py:189} INFO - Filling up the DagBag from /home/charanjiths/airflow/dags/helloWorld.py
[2018-06-19 15:57:00,705] {base_task_runner.py:98} INFO - Subtask: [2018-06-19 15:57:00,705] {python_operator.py:90} INFO - Done. Returned value was: None
