[2018-06-19 16:03:15,132] {cli.py:374} INFO - Running on host PRINHYLTPDL1167
[2018-06-19 16:03:15,177] {models.py:1197} INFO - Dependencies all met for <TaskInstance: hello_world.sleep 2017-06-02 04:00:00 [queued]>
[2018-06-19 16:03:15,213] {models.py:1197} INFO - Dependencies all met for <TaskInstance: hello_world.sleep 2017-06-02 04:00:00 [queued]>
[2018-06-19 16:03:15,213] {models.py:1407} INFO - 
--------------------------------------------------------------------------------
Starting attempt 1 of 2
--------------------------------------------------------------------------------

[2018-06-19 16:03:15,225] {models.py:1428} INFO - Executing <Task(BashOperator): sleep> on 2017-06-02 04:00:00
[2018-06-19 16:03:15,225] {base_task_runner.py:115} INFO - Running: ['bash', '-c', u'airflow run hello_world sleep 2017-06-02T04:00:00 --job_id 89 --raw -sd DAGS_FOLDER/helloWorld.py']
[2018-06-19 16:03:15,435] {base_task_runner.py:98} INFO - Subtask: /usr/local/lib/python2.7/dist-packages/psycopg2/__init__.py:144: UserWarning: The psycopg2 wheel package will be renamed from release 2.8; in order to keep installing from binary please use "pip install psycopg2-binary" instead. For details see: <http://initd.org/psycopg/docs/install.html#binary-install-from-pypi>.
[2018-06-19 16:03:15,436] {base_task_runner.py:98} INFO - Subtask:   """)
[2018-06-19 16:03:15,467] {base_task_runner.py:98} INFO - Subtask: [2018-06-19 16:03:15,466] {driver.py:120} INFO - Generating grammar tables from /usr/lib/python2.7/lib2to3/Grammar.txt
[2018-06-19 16:03:15,485] {base_task_runner.py:98} INFO - Subtask: [2018-06-19 16:03:15,485] {driver.py:120} INFO - Generating grammar tables from /usr/lib/python2.7/lib2to3/PatternGrammar.txt
[2018-06-19 16:03:15,592] {base_task_runner.py:98} INFO - Subtask: [2018-06-19 16:03:15,591] {__init__.py:45} INFO - Using executor SequentialExecutor
[2018-06-19 16:03:15,629] {base_task_runner.py:98} INFO - Subtask: [2018-06-19 16:03:15,629] {models.py:189} INFO - Filling up the DagBag from /home/charanjiths/airflow/dags/helloWorld.py
[2018-06-19 16:03:15,732] {base_task_runner.py:98} INFO - Subtask: [2018-06-19 16:03:15,732] {bash_operator.py:70} INFO - Tmp dir root location: 
[2018-06-19 16:03:15,732] {base_task_runner.py:98} INFO - Subtask:  /tmp
[2018-06-19 16:03:15,733] {base_task_runner.py:98} INFO - Subtask: [2018-06-19 16:03:15,732] {bash_operator.py:80} INFO - Temporary script location: /tmp/airflowtmptddCWT//tmp/airflowtmptddCWT/sleep4gfFVH
[2018-06-19 16:03:15,733] {base_task_runner.py:98} INFO - Subtask: [2018-06-19 16:03:15,733] {bash_operator.py:88} INFO - Running command: sleep 5
[2018-06-19 16:03:15,736] {base_task_runner.py:98} INFO - Subtask: [2018-06-19 16:03:15,736] {bash_operator.py:97} INFO - Output:
[2018-06-19 16:03:20,748] {base_task_runner.py:98} INFO - Subtask: [2018-06-19 16:03:20,745] {bash_operator.py:105} INFO - Command exited with return code 0
