[2018-06-19 14:21:27,621] {cli.py:374} INFO - Running on host PRINHYLTPDL1167
[2018-06-19 14:21:27,810] {models.py:1197} INFO - Dependencies all met for <TaskInstance: hello_world.sleep 2017-06-01 08:00:00 [queued]>
[2018-06-19 14:21:27,845] {models.py:1197} INFO - Dependencies all met for <TaskInstance: hello_world.sleep 2017-06-01 08:00:00 [queued]>
[2018-06-19 14:21:27,845] {models.py:1407} INFO - 
--------------------------------------------------------------------------------
Starting attempt 1 of 2
--------------------------------------------------------------------------------

[2018-06-19 14:21:27,863] {models.py:1428} INFO - Executing <Task(BashOperator): sleep> on 2017-06-01 08:00:00
[2018-06-19 14:21:27,863] {base_task_runner.py:115} INFO - Running: ['bash', '-c', u'airflow run hello_world sleep 2017-06-01T08:00:00 --job_id 27 --raw -sd DAGS_FOLDER/helloWorld.py']
[2018-06-19 14:21:28,076] {base_task_runner.py:98} INFO - Subtask: /usr/local/lib/python2.7/dist-packages/psycopg2/__init__.py:144: UserWarning: The psycopg2 wheel package will be renamed from release 2.8; in order to keep installing from binary please use "pip install psycopg2-binary" instead. For details see: <http://initd.org/psycopg/docs/install.html#binary-install-from-pypi>.
[2018-06-19 14:21:28,076] {base_task_runner.py:98} INFO - Subtask:   """)
[2018-06-19 14:21:28,109] {base_task_runner.py:98} INFO - Subtask: [2018-06-19 14:21:28,109] {driver.py:120} INFO - Generating grammar tables from /usr/lib/python2.7/lib2to3/Grammar.txt
[2018-06-19 14:21:28,129] {base_task_runner.py:98} INFO - Subtask: [2018-06-19 14:21:28,128] {driver.py:120} INFO - Generating grammar tables from /usr/lib/python2.7/lib2to3/PatternGrammar.txt
[2018-06-19 14:21:28,250] {base_task_runner.py:98} INFO - Subtask: [2018-06-19 14:21:28,250] {__init__.py:45} INFO - Using executor SequentialExecutor
[2018-06-19 14:21:28,295] {base_task_runner.py:98} INFO - Subtask: [2018-06-19 14:21:28,294] {models.py:189} INFO - Filling up the DagBag from /home/charanjiths/airflow/dags/helloWorld.py
[2018-06-19 14:21:28,408] {base_task_runner.py:98} INFO - Subtask: [2018-06-19 14:21:28,408] {bash_operator.py:70} INFO - Tmp dir root location: 
[2018-06-19 14:21:28,408] {base_task_runner.py:98} INFO - Subtask:  /tmp
[2018-06-19 14:21:28,409] {base_task_runner.py:98} INFO - Subtask: [2018-06-19 14:21:28,409] {bash_operator.py:80} INFO - Temporary script location: /tmp/airflowtmpFhtfoG//tmp/airflowtmpFhtfoG/sleep38IOLU
[2018-06-19 14:21:28,409] {base_task_runner.py:98} INFO - Subtask: [2018-06-19 14:21:28,409] {bash_operator.py:88} INFO - Running command: sleep 5
[2018-06-19 14:21:28,412] {base_task_runner.py:98} INFO - Subtask: [2018-06-19 14:21:28,412] {bash_operator.py:97} INFO - Output:
[2018-06-19 14:21:33,422] {base_task_runner.py:98} INFO - Subtask: [2018-06-19 14:21:33,420] {bash_operator.py:105} INFO - Command exited with return code 0
[2018-06-19 15:55:13,022] {cli.py:374} INFO - Running on host PRINHYLTPDL1167
[2018-06-19 15:55:13,104] {models.py:1197} INFO - Dependencies all met for <TaskInstance: hello_world.sleep 2017-06-01 08:00:00 [queued]>
[2018-06-19 15:55:13,140] {models.py:1197} INFO - Dependencies all met for <TaskInstance: hello_world.sleep 2017-06-01 08:00:00 [queued]>
[2018-06-19 15:55:13,140] {models.py:1407} INFO - 
--------------------------------------------------------------------------------
Starting attempt 1 of 2
--------------------------------------------------------------------------------

[2018-06-19 15:55:13,160] {models.py:1428} INFO - Executing <Task(BashOperator): sleep> on 2017-06-01 08:00:00
[2018-06-19 15:55:13,161] {base_task_runner.py:115} INFO - Running: ['bash', '-c', u'airflow run hello_world sleep 2017-06-01T08:00:00 --job_id 29 --raw -sd DAGS_FOLDER/helloWorld.py']
[2018-06-19 15:55:13,372] {base_task_runner.py:98} INFO - Subtask: /usr/local/lib/python2.7/dist-packages/psycopg2/__init__.py:144: UserWarning: The psycopg2 wheel package will be renamed from release 2.8; in order to keep installing from binary please use "pip install psycopg2-binary" instead. For details see: <http://initd.org/psycopg/docs/install.html#binary-install-from-pypi>.
[2018-06-19 15:55:13,373] {base_task_runner.py:98} INFO - Subtask:   """)
[2018-06-19 15:55:13,403] {base_task_runner.py:98} INFO - Subtask: [2018-06-19 15:55:13,403] {driver.py:120} INFO - Generating grammar tables from /usr/lib/python2.7/lib2to3/Grammar.txt
[2018-06-19 15:55:13,422] {base_task_runner.py:98} INFO - Subtask: [2018-06-19 15:55:13,422] {driver.py:120} INFO - Generating grammar tables from /usr/lib/python2.7/lib2to3/PatternGrammar.txt
[2018-06-19 15:55:13,525] {base_task_runner.py:98} INFO - Subtask: [2018-06-19 15:55:13,525] {__init__.py:45} INFO - Using executor SequentialExecutor
[2018-06-19 15:55:13,562] {base_task_runner.py:98} INFO - Subtask: [2018-06-19 15:55:13,562] {models.py:189} INFO - Filling up the DagBag from /home/charanjiths/airflow/dags/helloWorld.py
[2018-06-19 15:55:13,667] {base_task_runner.py:98} INFO - Subtask: [2018-06-19 15:55:13,667] {bash_operator.py:70} INFO - Tmp dir root location: 
[2018-06-19 15:55:13,667] {base_task_runner.py:98} INFO - Subtask:  /tmp
[2018-06-19 15:55:13,668] {base_task_runner.py:98} INFO - Subtask: [2018-06-19 15:55:13,668] {bash_operator.py:80} INFO - Temporary script location: /tmp/airflowtmp8x5_Wk//tmp/airflowtmp8x5_Wk/sleepL0I4jt
[2018-06-19 15:55:13,668] {base_task_runner.py:98} INFO - Subtask: [2018-06-19 15:55:13,668] {bash_operator.py:88} INFO - Running command: sleep 5
[2018-06-19 15:55:13,671] {base_task_runner.py:98} INFO - Subtask: [2018-06-19 15:55:13,671] {bash_operator.py:97} INFO - Output:
[2018-06-19 15:55:18,684] {base_task_runner.py:98} INFO - Subtask: [2018-06-19 15:55:18,681] {bash_operator.py:105} INFO - Command exited with return code 0
