[2018-06-19 14:22:41,819] {cli.py:374} INFO - Running on host PRINHYLTPDL1167
[2018-06-19 14:22:42,005] {models.py:1197} INFO - Dependencies all met for <TaskInstance: hello_world.sleep 2017-06-01 11:00:00 [queued]>
[2018-06-19 14:22:42,041] {models.py:1197} INFO - Dependencies all met for <TaskInstance: hello_world.sleep 2017-06-01 11:00:00 [queued]>
[2018-06-19 14:22:42,041] {models.py:1407} INFO - 
--------------------------------------------------------------------------------
Starting attempt 1 of 2
--------------------------------------------------------------------------------

[2018-06-19 14:22:42,054] {models.py:1428} INFO - Executing <Task(BashOperator): sleep> on 2017-06-01 11:00:00
[2018-06-19 14:22:42,054] {base_task_runner.py:115} INFO - Running: ['bash', '-c', u'airflow run hello_world sleep 2017-06-01T11:00:00 --job_id 36 --raw -sd DAGS_FOLDER/helloWorld.py']
[2018-06-19 14:22:42,271] {base_task_runner.py:98} INFO - Subtask: /usr/local/lib/python2.7/dist-packages/psycopg2/__init__.py:144: UserWarning: The psycopg2 wheel package will be renamed from release 2.8; in order to keep installing from binary please use "pip install psycopg2-binary" instead. For details see: <http://initd.org/psycopg/docs/install.html#binary-install-from-pypi>.
[2018-06-19 14:22:42,271] {base_task_runner.py:98} INFO - Subtask:   """)
[2018-06-19 14:22:42,303] {base_task_runner.py:98} INFO - Subtask: [2018-06-19 14:22:42,303] {driver.py:120} INFO - Generating grammar tables from /usr/lib/python2.7/lib2to3/Grammar.txt
[2018-06-19 14:22:42,323] {base_task_runner.py:98} INFO - Subtask: [2018-06-19 14:22:42,323] {driver.py:120} INFO - Generating grammar tables from /usr/lib/python2.7/lib2to3/PatternGrammar.txt
[2018-06-19 14:22:42,430] {base_task_runner.py:98} INFO - Subtask: [2018-06-19 14:22:42,430] {__init__.py:45} INFO - Using executor SequentialExecutor
[2018-06-19 14:22:42,468] {base_task_runner.py:98} INFO - Subtask: [2018-06-19 14:22:42,468] {models.py:189} INFO - Filling up the DagBag from /home/charanjiths/airflow/dags/helloWorld.py
[2018-06-19 14:22:42,576] {base_task_runner.py:98} INFO - Subtask: [2018-06-19 14:22:42,576] {bash_operator.py:70} INFO - Tmp dir root location: 
[2018-06-19 14:22:42,577] {base_task_runner.py:98} INFO - Subtask:  /tmp
[2018-06-19 14:22:42,578] {base_task_runner.py:98} INFO - Subtask: [2018-06-19 14:22:42,577] {bash_operator.py:80} INFO - Temporary script location: /tmp/airflowtmpQF4hcY//tmp/airflowtmpQF4hcY/sleepowZLuo
[2018-06-19 14:22:42,578] {base_task_runner.py:98} INFO - Subtask: [2018-06-19 14:22:42,578] {bash_operator.py:88} INFO - Running command: sleep 5
[2018-06-19 14:22:42,581] {base_task_runner.py:98} INFO - Subtask: [2018-06-19 14:22:42,581] {bash_operator.py:97} INFO - Output:
[2018-06-19 14:22:47,585] {base_task_runner.py:98} INFO - Subtask: [2018-06-19 14:22:47,584] {bash_operator.py:105} INFO - Command exited with return code 0
[2018-06-19 15:56:25,279] {cli.py:374} INFO - Running on host PRINHYLTPDL1167
[2018-06-19 15:56:25,329] {models.py:1197} INFO - Dependencies all met for <TaskInstance: hello_world.sleep 2017-06-01 11:00:00 [queued]>
[2018-06-19 15:56:25,364] {models.py:1197} INFO - Dependencies all met for <TaskInstance: hello_world.sleep 2017-06-01 11:00:00 [queued]>
[2018-06-19 15:56:25,364] {models.py:1407} INFO - 
--------------------------------------------------------------------------------
Starting attempt 1 of 2
--------------------------------------------------------------------------------

[2018-06-19 15:56:25,377] {models.py:1428} INFO - Executing <Task(BashOperator): sleep> on 2017-06-01 11:00:00
[2018-06-19 15:56:25,377] {base_task_runner.py:115} INFO - Running: ['bash', '-c', u'airflow run hello_world sleep 2017-06-01T11:00:00 --job_id 38 --raw -sd DAGS_FOLDER/helloWorld.py']
[2018-06-19 15:56:25,590] {base_task_runner.py:98} INFO - Subtask: /usr/local/lib/python2.7/dist-packages/psycopg2/__init__.py:144: UserWarning: The psycopg2 wheel package will be renamed from release 2.8; in order to keep installing from binary please use "pip install psycopg2-binary" instead. For details see: <http://initd.org/psycopg/docs/install.html#binary-install-from-pypi>.
[2018-06-19 15:56:25,590] {base_task_runner.py:98} INFO - Subtask:   """)
[2018-06-19 15:56:25,621] {base_task_runner.py:98} INFO - Subtask: [2018-06-19 15:56:25,620] {driver.py:120} INFO - Generating grammar tables from /usr/lib/python2.7/lib2to3/Grammar.txt
[2018-06-19 15:56:25,640] {base_task_runner.py:98} INFO - Subtask: [2018-06-19 15:56:25,639] {driver.py:120} INFO - Generating grammar tables from /usr/lib/python2.7/lib2to3/PatternGrammar.txt
[2018-06-19 15:56:25,743] {base_task_runner.py:98} INFO - Subtask: [2018-06-19 15:56:25,742] {__init__.py:45} INFO - Using executor SequentialExecutor
[2018-06-19 15:56:25,780] {base_task_runner.py:98} INFO - Subtask: [2018-06-19 15:56:25,779] {models.py:189} INFO - Filling up the DagBag from /home/charanjiths/airflow/dags/helloWorld.py
[2018-06-19 15:56:25,885] {base_task_runner.py:98} INFO - Subtask: [2018-06-19 15:56:25,885] {bash_operator.py:70} INFO - Tmp dir root location: 
[2018-06-19 15:56:25,886] {base_task_runner.py:98} INFO - Subtask:  /tmp
[2018-06-19 15:56:25,886] {base_task_runner.py:98} INFO - Subtask: [2018-06-19 15:56:25,886] {bash_operator.py:80} INFO - Temporary script location: /tmp/airflowtmpDE3omq//tmp/airflowtmpDE3omq/sleepZlvHGI
[2018-06-19 15:56:25,886] {base_task_runner.py:98} INFO - Subtask: [2018-06-19 15:56:25,886] {bash_operator.py:88} INFO - Running command: sleep 5
[2018-06-19 15:56:25,889] {base_task_runner.py:98} INFO - Subtask: [2018-06-19 15:56:25,889] {bash_operator.py:97} INFO - Output:
[2018-06-19 15:56:30,900] {base_task_runner.py:98} INFO - Subtask: [2018-06-19 15:56:30,897] {bash_operator.py:105} INFO - Command exited with return code 0
