[2018-06-19 14:18:58,444] {cli.py:374} INFO - Running on host PRINHYLTPDL1167
[2018-06-19 14:18:58,529] {models.py:1197} INFO - Dependencies all met for <TaskInstance: hello_world.sleep 2017-06-01 02:00:00 [queued]>
[2018-06-19 14:18:58,568] {models.py:1197} INFO - Dependencies all met for <TaskInstance: hello_world.sleep 2017-06-01 02:00:00 [queued]>
[2018-06-19 14:18:58,568] {models.py:1407} INFO - 
--------------------------------------------------------------------------------
Starting attempt 1 of 2
--------------------------------------------------------------------------------

[2018-06-19 14:18:58,588] {models.py:1428} INFO - Executing <Task(BashOperator): sleep> on 2017-06-01 02:00:00
[2018-06-19 14:18:58,588] {base_task_runner.py:115} INFO - Running: ['bash', '-c', u'airflow run hello_world sleep 2017-06-01T02:00:00 --job_id 9 --raw -sd DAGS_FOLDER/helloWorld.py']
[2018-06-19 14:18:58,810] {base_task_runner.py:98} INFO - Subtask: /usr/local/lib/python2.7/dist-packages/psycopg2/__init__.py:144: UserWarning: The psycopg2 wheel package will be renamed from release 2.8; in order to keep installing from binary please use "pip install psycopg2-binary" instead. For details see: <http://initd.org/psycopg/docs/install.html#binary-install-from-pypi>.
[2018-06-19 14:18:58,810] {base_task_runner.py:98} INFO - Subtask:   """)
[2018-06-19 14:18:58,843] {base_task_runner.py:98} INFO - Subtask: [2018-06-19 14:18:58,842] {driver.py:120} INFO - Generating grammar tables from /usr/lib/python2.7/lib2to3/Grammar.txt
[2018-06-19 14:18:58,862] {base_task_runner.py:98} INFO - Subtask: [2018-06-19 14:18:58,862] {driver.py:120} INFO - Generating grammar tables from /usr/lib/python2.7/lib2to3/PatternGrammar.txt
[2018-06-19 14:18:58,971] {base_task_runner.py:98} INFO - Subtask: [2018-06-19 14:18:58,970] {__init__.py:45} INFO - Using executor SequentialExecutor
[2018-06-19 14:18:59,009] {base_task_runner.py:98} INFO - Subtask: [2018-06-19 14:18:59,009] {models.py:189} INFO - Filling up the DagBag from /home/charanjiths/airflow/dags/helloWorld.py
[2018-06-19 14:18:59,115] {base_task_runner.py:98} INFO - Subtask: [2018-06-19 14:18:59,115] {bash_operator.py:70} INFO - Tmp dir root location: 
[2018-06-19 14:18:59,115] {base_task_runner.py:98} INFO - Subtask:  /tmp
[2018-06-19 14:18:59,116] {base_task_runner.py:98} INFO - Subtask: [2018-06-19 14:18:59,116] {bash_operator.py:80} INFO - Temporary script location: /tmp/airflowtmpRhiSLo//tmp/airflowtmpRhiSLo/sleepL6ydV1
[2018-06-19 14:18:59,116] {base_task_runner.py:98} INFO - Subtask: [2018-06-19 14:18:59,116] {bash_operator.py:88} INFO - Running command: sleep 5
[2018-06-19 14:18:59,120] {base_task_runner.py:98} INFO - Subtask: [2018-06-19 14:18:59,119] {bash_operator.py:97} INFO - Output:
[2018-06-19 14:19:04,130] {base_task_runner.py:98} INFO - Subtask: [2018-06-19 14:19:04,127] {bash_operator.py:105} INFO - Command exited with return code 0
[2018-06-19 15:52:48,081] {cli.py:374} INFO - Running on host PRINHYLTPDL1167
[2018-06-19 15:52:48,166] {models.py:1197} INFO - Dependencies all met for <TaskInstance: hello_world.sleep 2017-06-01 02:00:00 [queued]>
[2018-06-19 15:52:48,206] {models.py:1197} INFO - Dependencies all met for <TaskInstance: hello_world.sleep 2017-06-01 02:00:00 [queued]>
[2018-06-19 15:52:48,206] {models.py:1407} INFO - 
--------------------------------------------------------------------------------
Starting attempt 1 of 2
--------------------------------------------------------------------------------

[2018-06-19 15:52:48,227] {models.py:1428} INFO - Executing <Task(BashOperator): sleep> on 2017-06-01 02:00:00
[2018-06-19 15:52:48,228] {base_task_runner.py:115} INFO - Running: ['bash', '-c', u'airflow run hello_world sleep 2017-06-01T02:00:00 --job_id 11 --raw -sd DAGS_FOLDER/helloWorld.py']
[2018-06-19 15:52:48,440] {base_task_runner.py:98} INFO - Subtask: /usr/local/lib/python2.7/dist-packages/psycopg2/__init__.py:144: UserWarning: The psycopg2 wheel package will be renamed from release 2.8; in order to keep installing from binary please use "pip install psycopg2-binary" instead. For details see: <http://initd.org/psycopg/docs/install.html#binary-install-from-pypi>.
[2018-06-19 15:52:48,440] {base_task_runner.py:98} INFO - Subtask:   """)
[2018-06-19 15:52:48,472] {base_task_runner.py:98} INFO - Subtask: [2018-06-19 15:52:48,472] {driver.py:120} INFO - Generating grammar tables from /usr/lib/python2.7/lib2to3/Grammar.txt
[2018-06-19 15:52:48,501] {base_task_runner.py:98} INFO - Subtask: [2018-06-19 15:52:48,499] {driver.py:120} INFO - Generating grammar tables from /usr/lib/python2.7/lib2to3/PatternGrammar.txt
[2018-06-19 15:52:48,643] {base_task_runner.py:98} INFO - Subtask: [2018-06-19 15:52:48,642] {__init__.py:45} INFO - Using executor SequentialExecutor
[2018-06-19 15:52:48,688] {base_task_runner.py:98} INFO - Subtask: [2018-06-19 15:52:48,688] {models.py:189} INFO - Filling up the DagBag from /home/charanjiths/airflow/dags/helloWorld.py
[2018-06-19 15:52:48,816] {base_task_runner.py:98} INFO - Subtask: [2018-06-19 15:52:48,816] {bash_operator.py:70} INFO - Tmp dir root location: 
[2018-06-19 15:52:48,816] {base_task_runner.py:98} INFO - Subtask:  /tmp
[2018-06-19 15:52:48,817] {base_task_runner.py:98} INFO - Subtask: [2018-06-19 15:52:48,817] {bash_operator.py:80} INFO - Temporary script location: /tmp/airflowtmpXypjVB//tmp/airflowtmpXypjVB/sleepV1qsoj
[2018-06-19 15:52:48,818] {base_task_runner.py:98} INFO - Subtask: [2018-06-19 15:52:48,817] {bash_operator.py:88} INFO - Running command: sleep 5
[2018-06-19 15:52:48,821] {base_task_runner.py:98} INFO - Subtask: [2018-06-19 15:52:48,820] {bash_operator.py:97} INFO - Output:
[2018-06-19 15:52:53,833] {base_task_runner.py:98} INFO - Subtask: [2018-06-19 15:52:53,830] {bash_operator.py:105} INFO - Command exited with return code 0
