[2018-06-19 16:09:35,320] {cli.py:374} INFO - Running on host PRINHYLTPDL1167
[2018-06-19 16:09:35,378] {models.py:1197} INFO - Dependencies all met for <TaskInstance: hello_world.print_hello 2017-06-02 21:00:00 [queued]>
[2018-06-19 16:09:35,385] {models.py:1197} INFO - Dependencies all met for <TaskInstance: hello_world.print_hello 2017-06-02 21:00:00 [queued]>
[2018-06-19 16:09:35,385] {models.py:1407} INFO - 
--------------------------------------------------------------------------------
Starting attempt 1 of 2
--------------------------------------------------------------------------------

[2018-06-19 16:09:35,418] {models.py:1428} INFO - Executing <Task(BashOperator): print_hello> on 2017-06-02 21:00:00
[2018-06-19 16:09:35,419] {base_task_runner.py:115} INFO - Running: ['bash', '-c', u'airflow run hello_world print_hello 2017-06-02T21:00:00 --job_id 136 --raw -sd DAGS_FOLDER/helloWorld.py']
[2018-06-19 16:09:35,630] {base_task_runner.py:98} INFO - Subtask: /usr/local/lib/python2.7/dist-packages/psycopg2/__init__.py:144: UserWarning: The psycopg2 wheel package will be renamed from release 2.8; in order to keep installing from binary please use "pip install psycopg2-binary" instead. For details see: <http://initd.org/psycopg/docs/install.html#binary-install-from-pypi>.
[2018-06-19 16:09:35,630] {base_task_runner.py:98} INFO - Subtask:   """)
[2018-06-19 16:09:35,661] {base_task_runner.py:98} INFO - Subtask: [2018-06-19 16:09:35,660] {driver.py:120} INFO - Generating grammar tables from /usr/lib/python2.7/lib2to3/Grammar.txt
[2018-06-19 16:09:35,680] {base_task_runner.py:98} INFO - Subtask: [2018-06-19 16:09:35,680] {driver.py:120} INFO - Generating grammar tables from /usr/lib/python2.7/lib2to3/PatternGrammar.txt
[2018-06-19 16:09:35,783] {base_task_runner.py:98} INFO - Subtask: [2018-06-19 16:09:35,783] {__init__.py:45} INFO - Using executor SequentialExecutor
[2018-06-19 16:09:35,820] {base_task_runner.py:98} INFO - Subtask: [2018-06-19 16:09:35,820] {models.py:189} INFO - Filling up the DagBag from /home/charanjiths/airflow/dags/helloWorld.py
[2018-06-19 16:09:35,926] {base_task_runner.py:98} INFO - Subtask: [2018-06-19 16:09:35,926] {bash_operator.py:70} INFO - Tmp dir root location: 
[2018-06-19 16:09:35,926] {base_task_runner.py:98} INFO - Subtask:  /tmp
[2018-06-19 16:09:35,927] {base_task_runner.py:98} INFO - Subtask: [2018-06-19 16:09:35,927] {bash_operator.py:80} INFO - Temporary script location: /tmp/airflowtmp9tmtna//tmp/airflowtmp9tmtna/print_hello4uSPNg
[2018-06-19 16:09:35,927] {base_task_runner.py:98} INFO - Subtask: [2018-06-19 16:09:35,927] {bash_operator.py:88} INFO - Running command: echo "hello"
[2018-06-19 16:09:35,930] {base_task_runner.py:98} INFO - Subtask: [2018-06-19 16:09:35,930] {bash_operator.py:97} INFO - Output:
[2018-06-19 16:09:35,932] {base_task_runner.py:98} INFO - Subtask: [2018-06-19 16:09:35,932] {bash_operator.py:101} INFO - hello
[2018-06-19 16:09:35,933] {base_task_runner.py:98} INFO - Subtask: [2018-06-19 16:09:35,932] {bash_operator.py:105} INFO - Command exited with return code 0
