[2018-06-19 16:09:11,208] {cli.py:374} INFO - Running on host PRINHYLTPDL1167
[2018-06-19 16:09:11,254] {models.py:1197} INFO - Dependencies all met for <TaskInstance: hello_world.print_hello 2017-06-02 20:00:00 [queued]>
[2018-06-19 16:09:11,262] {models.py:1197} INFO - Dependencies all met for <TaskInstance: hello_world.print_hello 2017-06-02 20:00:00 [queued]>
[2018-06-19 16:09:11,262] {models.py:1407} INFO - 
--------------------------------------------------------------------------------
Starting attempt 1 of 2
--------------------------------------------------------------------------------

[2018-06-19 16:09:11,295] {models.py:1428} INFO - Executing <Task(BashOperator): print_hello> on 2017-06-02 20:00:00
[2018-06-19 16:09:11,296] {base_task_runner.py:115} INFO - Running: ['bash', '-c', u'airflow run hello_world print_hello 2017-06-02T20:00:00 --job_id 133 --raw -sd DAGS_FOLDER/helloWorld.py']
[2018-06-19 16:09:11,507] {base_task_runner.py:98} INFO - Subtask: /usr/local/lib/python2.7/dist-packages/psycopg2/__init__.py:144: UserWarning: The psycopg2 wheel package will be renamed from release 2.8; in order to keep installing from binary please use "pip install psycopg2-binary" instead. For details see: <http://initd.org/psycopg/docs/install.html#binary-install-from-pypi>.
[2018-06-19 16:09:11,508] {base_task_runner.py:98} INFO - Subtask:   """)
[2018-06-19 16:09:11,538] {base_task_runner.py:98} INFO - Subtask: [2018-06-19 16:09:11,538] {driver.py:120} INFO - Generating grammar tables from /usr/lib/python2.7/lib2to3/Grammar.txt
[2018-06-19 16:09:11,557] {base_task_runner.py:98} INFO - Subtask: [2018-06-19 16:09:11,557] {driver.py:120} INFO - Generating grammar tables from /usr/lib/python2.7/lib2to3/PatternGrammar.txt
[2018-06-19 16:09:11,661] {base_task_runner.py:98} INFO - Subtask: [2018-06-19 16:09:11,661] {__init__.py:45} INFO - Using executor SequentialExecutor
[2018-06-19 16:09:11,699] {base_task_runner.py:98} INFO - Subtask: [2018-06-19 16:09:11,699] {models.py:189} INFO - Filling up the DagBag from /home/charanjiths/airflow/dags/helloWorld.py
[2018-06-19 16:09:11,805] {base_task_runner.py:98} INFO - Subtask: [2018-06-19 16:09:11,804] {bash_operator.py:70} INFO - Tmp dir root location: 
[2018-06-19 16:09:11,805] {base_task_runner.py:98} INFO - Subtask:  /tmp
[2018-06-19 16:09:11,806] {base_task_runner.py:98} INFO - Subtask: [2018-06-19 16:09:11,806] {bash_operator.py:80} INFO - Temporary script location: /tmp/airflowtmpur0cfi//tmp/airflowtmpur0cfi/print_hello7vh54h
[2018-06-19 16:09:11,806] {base_task_runner.py:98} INFO - Subtask: [2018-06-19 16:09:11,806] {bash_operator.py:88} INFO - Running command: echo "hello"
[2018-06-19 16:09:11,809] {base_task_runner.py:98} INFO - Subtask: [2018-06-19 16:09:11,809] {bash_operator.py:97} INFO - Output:
[2018-06-19 16:09:11,811] {base_task_runner.py:98} INFO - Subtask: [2018-06-19 16:09:11,811] {bash_operator.py:101} INFO - hello
[2018-06-19 16:09:11,812] {base_task_runner.py:98} INFO - Subtask: [2018-06-19 16:09:11,812] {bash_operator.py:105} INFO - Command exited with return code 0
