[2018-06-19 16:34:28,235] {cli.py:374} INFO - Running on host PRINHYLTPDL1167
[2018-06-19 16:34:28,293] {models.py:1197} INFO - Dependencies all met for <TaskInstance: hello_world_1.hello_task 2018-06-17 12:00:00 [queued]>
[2018-06-19 16:34:28,326] {models.py:1197} INFO - Dependencies all met for <TaskInstance: hello_world_1.hello_task 2018-06-17 12:00:00 [queued]>
[2018-06-19 16:34:28,326] {models.py:1407} INFO - 
--------------------------------------------------------------------------------
Starting attempt 1 of 1
--------------------------------------------------------------------------------

[2018-06-19 16:34:28,348] {models.py:1428} INFO - Executing <Task(PythonOperator): hello_task> on 2018-06-17 12:00:00
[2018-06-19 16:34:28,349] {base_task_runner.py:115} INFO - Running: ['bash', '-c', u'airflow run hello_world_1 hello_task 2018-06-17T12:00:00 --job_id 3 --raw -sd DAGS_FOLDER/hello_world.py']
[2018-06-19 16:34:28,601] {base_task_runner.py:98} INFO - Subtask: /usr/local/lib/python2.7/dist-packages/psycopg2/__init__.py:144: UserWarning: The psycopg2 wheel package will be renamed from release 2.8; in order to keep installing from binary please use "pip install psycopg2-binary" instead. For details see: <http://initd.org/psycopg/docs/install.html#binary-install-from-pypi>.
[2018-06-19 16:34:28,602] {base_task_runner.py:98} INFO - Subtask:   """)
[2018-06-19 16:34:28,638] {base_task_runner.py:98} INFO - Subtask: [2018-06-19 16:34:28,638] {driver.py:120} INFO - Generating grammar tables from /usr/lib/python2.7/lib2to3/Grammar.txt
[2018-06-19 16:34:28,660] {base_task_runner.py:98} INFO - Subtask: [2018-06-19 16:34:28,660] {driver.py:120} INFO - Generating grammar tables from /usr/lib/python2.7/lib2to3/PatternGrammar.txt
[2018-06-19 16:34:28,786] {base_task_runner.py:98} INFO - Subtask: [2018-06-19 16:34:28,786] {__init__.py:45} INFO - Using executor SequentialExecutor
[2018-06-19 16:34:28,837] {base_task_runner.py:98} INFO - Subtask: [2018-06-19 16:34:28,836] {models.py:189} INFO - Filling up the DagBag from /home/charanjiths/airflow/dags/hello_world.py
[2018-06-19 16:34:28,948] {base_task_runner.py:98} INFO - Subtask: [2018-06-19 16:34:28,948] {python_operator.py:90} INFO - Done. Returned value was: Hello world!
[2018-06-19 16:39:02,582] {cli.py:374} INFO - Running on host PRINHYLTPDL1167
[2018-06-19 16:39:02,636] {models.py:1197} INFO - Dependencies all met for <TaskInstance: hello_world_1.hello_task 2018-06-17 12:00:00 [queued]>
[2018-06-19 16:39:02,688] {models.py:1197} INFO - Dependencies all met for <TaskInstance: hello_world_1.hello_task 2018-06-17 12:00:00 [queued]>
[2018-06-19 16:39:02,689] {models.py:1407} INFO - 
--------------------------------------------------------------------------------
Starting attempt 1 of 1
--------------------------------------------------------------------------------

[2018-06-19 16:39:02,705] {models.py:1428} INFO - Executing <Task(PythonOperator): hello_task> on 2018-06-17 12:00:00
[2018-06-19 16:39:02,705] {base_task_runner.py:115} INFO - Running: ['bash', '-c', u'airflow run hello_world_1 hello_task 2018-06-17T12:00:00 --job_id 3 --raw -sd DAGS_FOLDER/hello_world.py']
[2018-06-19 16:39:02,923] {base_task_runner.py:98} INFO - Subtask: /usr/local/lib/python2.7/dist-packages/psycopg2/__init__.py:144: UserWarning: The psycopg2 wheel package will be renamed from release 2.8; in order to keep installing from binary please use "pip install psycopg2-binary" instead. For details see: <http://initd.org/psycopg/docs/install.html#binary-install-from-pypi>.
[2018-06-19 16:39:02,923] {base_task_runner.py:98} INFO - Subtask:   """)
[2018-06-19 16:39:02,957] {base_task_runner.py:98} INFO - Subtask: [2018-06-19 16:39:02,957] {driver.py:120} INFO - Generating grammar tables from /usr/lib/python2.7/lib2to3/Grammar.txt
[2018-06-19 16:39:02,981] {base_task_runner.py:98} INFO - Subtask: [2018-06-19 16:39:02,981] {driver.py:120} INFO - Generating grammar tables from /usr/lib/python2.7/lib2to3/PatternGrammar.txt
[2018-06-19 16:39:03,092] {base_task_runner.py:98} INFO - Subtask: [2018-06-19 16:39:03,092] {__init__.py:45} INFO - Using executor SequentialExecutor
[2018-06-19 16:39:03,132] {base_task_runner.py:98} INFO - Subtask: [2018-06-19 16:39:03,132] {models.py:189} INFO - Filling up the DagBag from /home/charanjiths/airflow/dags/hello_world.py
[2018-06-19 16:39:03,241] {base_task_runner.py:98} INFO - Subtask: [2018-06-19 16:39:03,241] {python_operator.py:90} INFO - Done. Returned value was: Hello world!
[2018-06-19 16:51:45,464] {cli.py:374} INFO - Running on host PRINHYLTPDL1167
[2018-06-19 16:51:45,513] {models.py:1197} INFO - Dependencies all met for <TaskInstance: hello_world_1.hello_task 2018-06-17 12:00:00 [queued]>
[2018-06-19 16:51:45,549] {models.py:1197} INFO - Dependencies all met for <TaskInstance: hello_world_1.hello_task 2018-06-17 12:00:00 [queued]>
[2018-06-19 16:51:45,549] {models.py:1407} INFO - 
--------------------------------------------------------------------------------
Starting attempt 1 of 1
--------------------------------------------------------------------------------

[2018-06-19 16:51:45,561] {models.py:1428} INFO - Executing <Task(PythonOperator): hello_task> on 2018-06-17 12:00:00
[2018-06-19 16:51:45,562] {base_task_runner.py:115} INFO - Running: ['bash', '-c', u'airflow run hello_world_1 hello_task 2018-06-17T12:00:00 --job_id 5 --raw -sd DAGS_FOLDER/hello_world.py']
[2018-06-19 16:51:45,798] {base_task_runner.py:98} INFO - Subtask: /usr/local/lib/python2.7/dist-packages/psycopg2/__init__.py:144: UserWarning: The psycopg2 wheel package will be renamed from release 2.8; in order to keep installing from binary please use "pip install psycopg2-binary" instead. For details see: <http://initd.org/psycopg/docs/install.html#binary-install-from-pypi>.
[2018-06-19 16:51:45,798] {base_task_runner.py:98} INFO - Subtask:   """)
[2018-06-19 16:51:45,831] {base_task_runner.py:98} INFO - Subtask: [2018-06-19 16:51:45,830] {driver.py:120} INFO - Generating grammar tables from /usr/lib/python2.7/lib2to3/Grammar.txt
[2018-06-19 16:51:45,852] {base_task_runner.py:98} INFO - Subtask: [2018-06-19 16:51:45,852] {driver.py:120} INFO - Generating grammar tables from /usr/lib/python2.7/lib2to3/PatternGrammar.txt
[2018-06-19 16:51:45,962] {base_task_runner.py:98} INFO - Subtask: [2018-06-19 16:51:45,961] {__init__.py:45} INFO - Using executor SequentialExecutor
[2018-06-19 16:51:46,002] {base_task_runner.py:98} INFO - Subtask: [2018-06-19 16:51:46,001] {models.py:189} INFO - Filling up the DagBag from /home/charanjiths/airflow/dags/hello_world.py
[2018-06-19 16:51:46,127] {base_task_runner.py:98} INFO - Subtask: [2018-06-19 16:51:46,127] {python_operator.py:90} INFO - Done. Returned value was: Hello world!
