[2018-06-19 14:18:28,112] {cli.py:374} INFO - Running on host PRINHYLTPDL1167
[2018-06-19 14:18:28,175] {models.py:1197} INFO - Dependencies all met for <TaskInstance: hello_world.print_hello 2017-06-01 02:00:00 [queued]>
[2018-06-19 14:18:28,190] {models.py:1197} INFO - Dependencies all met for <TaskInstance: hello_world.print_hello 2017-06-01 02:00:00 [queued]>
[2018-06-19 14:18:28,190] {models.py:1407} INFO - 
--------------------------------------------------------------------------------
Starting attempt 1 of 2
--------------------------------------------------------------------------------

[2018-06-19 14:18:28,250] {models.py:1428} INFO - Executing <Task(BashOperator): print_hello> on 2017-06-01 02:00:00
[2018-06-19 14:18:28,251] {base_task_runner.py:115} INFO - Running: ['bash', '-c', u'airflow run hello_world print_hello 2017-06-01T02:00:00 --job_id 5 --raw -sd DAGS_FOLDER/helloWorld.py']
[2018-06-19 14:18:28,474] {base_task_runner.py:98} INFO - Subtask: /usr/local/lib/python2.7/dist-packages/psycopg2/__init__.py:144: UserWarning: The psycopg2 wheel package will be renamed from release 2.8; in order to keep installing from binary please use "pip install psycopg2-binary" instead. For details see: <http://initd.org/psycopg/docs/install.html#binary-install-from-pypi>.
[2018-06-19 14:18:28,474] {base_task_runner.py:98} INFO - Subtask:   """)
[2018-06-19 14:18:28,506] {base_task_runner.py:98} INFO - Subtask: [2018-06-19 14:18:28,505] {driver.py:120} INFO - Generating grammar tables from /usr/lib/python2.7/lib2to3/Grammar.txt
[2018-06-19 14:18:28,525] {base_task_runner.py:98} INFO - Subtask: [2018-06-19 14:18:28,525] {driver.py:120} INFO - Generating grammar tables from /usr/lib/python2.7/lib2to3/PatternGrammar.txt
[2018-06-19 14:18:28,632] {base_task_runner.py:98} INFO - Subtask: [2018-06-19 14:18:28,632] {__init__.py:45} INFO - Using executor SequentialExecutor
[2018-06-19 14:18:28,672] {base_task_runner.py:98} INFO - Subtask: [2018-06-19 14:18:28,671] {models.py:189} INFO - Filling up the DagBag from /home/charanjiths/airflow/dags/helloWorld.py
[2018-06-19 14:18:28,778] {base_task_runner.py:98} INFO - Subtask: [2018-06-19 14:18:28,778] {bash_operator.py:70} INFO - Tmp dir root location: 
[2018-06-19 14:18:28,778] {base_task_runner.py:98} INFO - Subtask:  /tmp
[2018-06-19 14:18:28,779] {base_task_runner.py:98} INFO - Subtask: [2018-06-19 14:18:28,779] {bash_operator.py:80} INFO - Temporary script location: /tmp/airflowtmpeK6qXq//tmp/airflowtmpeK6qXq/print_helloXYc8JE
[2018-06-19 14:18:28,779] {base_task_runner.py:98} INFO - Subtask: [2018-06-19 14:18:28,779] {bash_operator.py:88} INFO - Running command: echo "hello"
[2018-06-19 14:18:28,782] {base_task_runner.py:98} INFO - Subtask: [2018-06-19 14:18:28,782] {bash_operator.py:97} INFO - Output:
[2018-06-19 14:18:28,784] {base_task_runner.py:98} INFO - Subtask: [2018-06-19 14:18:28,784] {bash_operator.py:101} INFO - hello
[2018-06-19 14:18:28,785] {base_task_runner.py:98} INFO - Subtask: [2018-06-19 14:18:28,785] {bash_operator.py:105} INFO - Command exited with return code 0
[2018-06-19 15:52:18,221] {cli.py:374} INFO - Running on host PRINHYLTPDL1167
[2018-06-19 15:52:18,315] {models.py:1197} INFO - Dependencies all met for <TaskInstance: hello_world.print_hello 2017-06-01 02:00:00 [queued]>
[2018-06-19 15:52:18,329] {models.py:1197} INFO - Dependencies all met for <TaskInstance: hello_world.print_hello 2017-06-01 02:00:00 [queued]>
[2018-06-19 15:52:18,329] {models.py:1407} INFO - 
--------------------------------------------------------------------------------
Starting attempt 1 of 2
--------------------------------------------------------------------------------

[2018-06-19 15:52:18,606] {models.py:1428} INFO - Executing <Task(BashOperator): print_hello> on 2017-06-01 02:00:00
[2018-06-19 15:52:18,606] {base_task_runner.py:115} INFO - Running: ['bash', '-c', u'airflow run hello_world print_hello 2017-06-01T02:00:00 --job_id 7 --raw -sd DAGS_FOLDER/helloWorld.py']
[2018-06-19 15:52:18,917] {base_task_runner.py:98} INFO - Subtask: /usr/local/lib/python2.7/dist-packages/psycopg2/__init__.py:144: UserWarning: The psycopg2 wheel package will be renamed from release 2.8; in order to keep installing from binary please use "pip install psycopg2-binary" instead. For details see: <http://initd.org/psycopg/docs/install.html#binary-install-from-pypi>.
[2018-06-19 15:52:18,917] {base_task_runner.py:98} INFO - Subtask:   """)
[2018-06-19 15:52:18,973] {base_task_runner.py:98} INFO - Subtask: [2018-06-19 15:52:18,968] {driver.py:120} INFO - Generating grammar tables from /usr/lib/python2.7/lib2to3/Grammar.txt
[2018-06-19 15:52:18,997] {base_task_runner.py:98} INFO - Subtask: [2018-06-19 15:52:18,994] {driver.py:120} INFO - Generating grammar tables from /usr/lib/python2.7/lib2to3/PatternGrammar.txt
[2018-06-19 15:52:19,121] {base_task_runner.py:98} INFO - Subtask: [2018-06-19 15:52:19,121] {__init__.py:45} INFO - Using executor SequentialExecutor
[2018-06-19 15:52:19,160] {base_task_runner.py:98} INFO - Subtask: [2018-06-19 15:52:19,159] {models.py:189} INFO - Filling up the DagBag from /home/charanjiths/airflow/dags/helloWorld.py
[2018-06-19 15:52:19,277] {base_task_runner.py:98} INFO - Subtask: [2018-06-19 15:52:19,277] {bash_operator.py:70} INFO - Tmp dir root location: 
[2018-06-19 15:52:19,278] {base_task_runner.py:98} INFO - Subtask:  /tmp
[2018-06-19 15:52:19,278] {base_task_runner.py:98} INFO - Subtask: [2018-06-19 15:52:19,278] {bash_operator.py:80} INFO - Temporary script location: /tmp/airflowtmpEjTHN8//tmp/airflowtmpEjTHN8/print_helloRwNM0c
[2018-06-19 15:52:19,279] {base_task_runner.py:98} INFO - Subtask: [2018-06-19 15:52:19,278] {bash_operator.py:88} INFO - Running command: echo "hello"
[2018-06-19 15:52:19,282] {base_task_runner.py:98} INFO - Subtask: [2018-06-19 15:52:19,282] {bash_operator.py:97} INFO - Output:
[2018-06-19 15:52:19,284] {base_task_runner.py:98} INFO - Subtask: [2018-06-19 15:52:19,284] {bash_operator.py:101} INFO - hello
[2018-06-19 15:52:19,285] {base_task_runner.py:98} INFO - Subtask: [2018-06-19 15:52:19,285] {bash_operator.py:105} INFO - Command exited with return code 0
