[2018-06-19 16:13:36,125] {cli.py:374} INFO - Running on host PRINHYLTPDL1167
[2018-06-19 16:13:36,167] {models.py:1197} INFO - Dependencies all met for <TaskInstance: hello_world.print_hello 2017-06-03 07:00:00 [queued]>
[2018-06-19 16:13:36,184] {models.py:1197} INFO - Dependencies all met for <TaskInstance: hello_world.print_hello 2017-06-03 07:00:00 [queued]>
[2018-06-19 16:13:36,184] {models.py:1407} INFO - 
--------------------------------------------------------------------------------
Starting attempt 1 of 2
--------------------------------------------------------------------------------

[2018-06-19 16:13:36,217] {models.py:1428} INFO - Executing <Task(BashOperator): print_hello> on 2017-06-03 07:00:00
[2018-06-19 16:13:36,218] {base_task_runner.py:115} INFO - Running: ['bash', '-c', u'airflow run hello_world print_hello 2017-06-03T07:00:00 --job_id 166 --raw -sd DAGS_FOLDER/helloWorld.py']
[2018-06-19 16:13:36,428] {base_task_runner.py:98} INFO - Subtask: /usr/local/lib/python2.7/dist-packages/psycopg2/__init__.py:144: UserWarning: The psycopg2 wheel package will be renamed from release 2.8; in order to keep installing from binary please use "pip install psycopg2-binary" instead. For details see: <http://initd.org/psycopg/docs/install.html#binary-install-from-pypi>.
[2018-06-19 16:13:36,428] {base_task_runner.py:98} INFO - Subtask:   """)
[2018-06-19 16:13:36,459] {base_task_runner.py:98} INFO - Subtask: [2018-06-19 16:13:36,459] {driver.py:120} INFO - Generating grammar tables from /usr/lib/python2.7/lib2to3/Grammar.txt
[2018-06-19 16:13:36,478] {base_task_runner.py:98} INFO - Subtask: [2018-06-19 16:13:36,478] {driver.py:120} INFO - Generating grammar tables from /usr/lib/python2.7/lib2to3/PatternGrammar.txt
[2018-06-19 16:13:36,582] {base_task_runner.py:98} INFO - Subtask: [2018-06-19 16:13:36,582] {__init__.py:45} INFO - Using executor SequentialExecutor
[2018-06-19 16:13:36,620] {base_task_runner.py:98} INFO - Subtask: [2018-06-19 16:13:36,619] {models.py:189} INFO - Filling up the DagBag from /home/charanjiths/airflow/dags/helloWorld.py
[2018-06-19 16:13:36,727] {base_task_runner.py:98} INFO - Subtask: [2018-06-19 16:13:36,726] {bash_operator.py:70} INFO - Tmp dir root location: 
[2018-06-19 16:13:36,727] {base_task_runner.py:98} INFO - Subtask:  /tmp
[2018-06-19 16:13:36,727] {base_task_runner.py:98} INFO - Subtask: [2018-06-19 16:13:36,727] {bash_operator.py:80} INFO - Temporary script location: /tmp/airflowtmpdjVpHC//tmp/airflowtmpdjVpHC/print_hello3hPbbN
[2018-06-19 16:13:36,728] {base_task_runner.py:98} INFO - Subtask: [2018-06-19 16:13:36,727] {bash_operator.py:88} INFO - Running command: echo "hello"
[2018-06-19 16:13:36,731] {base_task_runner.py:98} INFO - Subtask: [2018-06-19 16:13:36,730] {bash_operator.py:97} INFO - Output:
[2018-06-19 16:13:36,732] {base_task_runner.py:98} INFO - Subtask: [2018-06-19 16:13:36,732] {bash_operator.py:101} INFO - hello
[2018-06-19 16:13:36,733] {base_task_runner.py:98} INFO - Subtask: [2018-06-19 16:13:36,733] {bash_operator.py:105} INFO - Command exited with return code 0
