[2018-06-19 16:01:14,568] {cli.py:374} INFO - Running on host PRINHYLTPDL1167
[2018-06-19 16:01:14,612] {models.py:1197} INFO - Dependencies all met for <TaskInstance: hello_world.sleep 2017-06-01 23:00:00 [queued]>
[2018-06-19 16:01:14,669] {models.py:1197} INFO - Dependencies all met for <TaskInstance: hello_world.sleep 2017-06-01 23:00:00 [queued]>
[2018-06-19 16:01:14,669] {models.py:1407} INFO - 
--------------------------------------------------------------------------------
Starting attempt 1 of 2
--------------------------------------------------------------------------------

[2018-06-19 16:01:14,684] {models.py:1428} INFO - Executing <Task(BashOperator): sleep> on 2017-06-01 23:00:00
[2018-06-19 16:01:14,684] {base_task_runner.py:115} INFO - Running: ['bash', '-c', u'airflow run hello_world sleep 2017-06-01T23:00:00 --job_id 74 --raw -sd DAGS_FOLDER/helloWorld.py']
[2018-06-19 16:01:14,900] {base_task_runner.py:98} INFO - Subtask: /usr/local/lib/python2.7/dist-packages/psycopg2/__init__.py:144: UserWarning: The psycopg2 wheel package will be renamed from release 2.8; in order to keep installing from binary please use "pip install psycopg2-binary" instead. For details see: <http://initd.org/psycopg/docs/install.html#binary-install-from-pypi>.
[2018-06-19 16:01:14,901] {base_task_runner.py:98} INFO - Subtask:   """)
[2018-06-19 16:01:14,931] {base_task_runner.py:98} INFO - Subtask: [2018-06-19 16:01:14,931] {driver.py:120} INFO - Generating grammar tables from /usr/lib/python2.7/lib2to3/Grammar.txt
[2018-06-19 16:01:14,950] {base_task_runner.py:98} INFO - Subtask: [2018-06-19 16:01:14,950] {driver.py:120} INFO - Generating grammar tables from /usr/lib/python2.7/lib2to3/PatternGrammar.txt
[2018-06-19 16:01:15,056] {base_task_runner.py:98} INFO - Subtask: [2018-06-19 16:01:15,055] {__init__.py:45} INFO - Using executor SequentialExecutor
[2018-06-19 16:01:15,093] {base_task_runner.py:98} INFO - Subtask: [2018-06-19 16:01:15,093] {models.py:189} INFO - Filling up the DagBag from /home/charanjiths/airflow/dags/helloWorld.py
[2018-06-19 16:01:15,199] {base_task_runner.py:98} INFO - Subtask: [2018-06-19 16:01:15,198] {bash_operator.py:70} INFO - Tmp dir root location: 
[2018-06-19 16:01:15,199] {base_task_runner.py:98} INFO - Subtask:  /tmp
[2018-06-19 16:01:15,200] {base_task_runner.py:98} INFO - Subtask: [2018-06-19 16:01:15,200] {bash_operator.py:80} INFO - Temporary script location: /tmp/airflowtmpa57H51//tmp/airflowtmpa57H51/sleep00uFX8
[2018-06-19 16:01:15,200] {base_task_runner.py:98} INFO - Subtask: [2018-06-19 16:01:15,200] {bash_operator.py:88} INFO - Running command: sleep 5
[2018-06-19 16:01:15,203] {base_task_runner.py:98} INFO - Subtask: [2018-06-19 16:01:15,203] {bash_operator.py:97} INFO - Output:
[2018-06-19 16:01:20,211] {base_task_runner.py:98} INFO - Subtask: [2018-06-19 16:01:20,210] {bash_operator.py:105} INFO - Command exited with return code 0
