[2018-06-19 16:00:50,493] {cli.py:374} INFO - Running on host PRINHYLTPDL1167
[2018-06-19 16:00:50,547] {models.py:1197} INFO - Dependencies all met for <TaskInstance: hello_world.sleep 2017-06-01 22:00:00 [queued]>
[2018-06-19 16:00:50,582] {models.py:1197} INFO - Dependencies all met for <TaskInstance: hello_world.sleep 2017-06-01 22:00:00 [queued]>
[2018-06-19 16:00:50,583] {models.py:1407} INFO - 
--------------------------------------------------------------------------------
Starting attempt 1 of 2
--------------------------------------------------------------------------------

[2018-06-19 16:00:50,595] {models.py:1428} INFO - Executing <Task(BashOperator): sleep> on 2017-06-01 22:00:00
[2018-06-19 16:00:50,596] {base_task_runner.py:115} INFO - Running: ['bash', '-c', u'airflow run hello_world sleep 2017-06-01T22:00:00 --job_id 71 --raw -sd DAGS_FOLDER/helloWorld.py']
[2018-06-19 16:00:50,807] {base_task_runner.py:98} INFO - Subtask: /usr/local/lib/python2.7/dist-packages/psycopg2/__init__.py:144: UserWarning: The psycopg2 wheel package will be renamed from release 2.8; in order to keep installing from binary please use "pip install psycopg2-binary" instead. For details see: <http://initd.org/psycopg/docs/install.html#binary-install-from-pypi>.
[2018-06-19 16:00:50,807] {base_task_runner.py:98} INFO - Subtask:   """)
[2018-06-19 16:00:50,837] {base_task_runner.py:98} INFO - Subtask: [2018-06-19 16:00:50,837] {driver.py:120} INFO - Generating grammar tables from /usr/lib/python2.7/lib2to3/Grammar.txt
[2018-06-19 16:00:50,857] {base_task_runner.py:98} INFO - Subtask: [2018-06-19 16:00:50,856] {driver.py:120} INFO - Generating grammar tables from /usr/lib/python2.7/lib2to3/PatternGrammar.txt
[2018-06-19 16:00:50,960] {base_task_runner.py:98} INFO - Subtask: [2018-06-19 16:00:50,959] {__init__.py:45} INFO - Using executor SequentialExecutor
[2018-06-19 16:00:50,998] {base_task_runner.py:98} INFO - Subtask: [2018-06-19 16:00:50,998] {models.py:189} INFO - Filling up the DagBag from /home/charanjiths/airflow/dags/helloWorld.py
[2018-06-19 16:00:51,101] {base_task_runner.py:98} INFO - Subtask: [2018-06-19 16:00:51,101] {bash_operator.py:70} INFO - Tmp dir root location: 
[2018-06-19 16:00:51,101] {base_task_runner.py:98} INFO - Subtask:  /tmp
[2018-06-19 16:00:51,102] {base_task_runner.py:98} INFO - Subtask: [2018-06-19 16:00:51,102] {bash_operator.py:80} INFO - Temporary script location: /tmp/airflowtmpa8_fRp//tmp/airflowtmpa8_fRp/sleepJ1kc0S
[2018-06-19 16:00:51,102] {base_task_runner.py:98} INFO - Subtask: [2018-06-19 16:00:51,102] {bash_operator.py:88} INFO - Running command: sleep 5
[2018-06-19 16:00:51,106] {base_task_runner.py:98} INFO - Subtask: [2018-06-19 16:00:51,105] {bash_operator.py:97} INFO - Output:
[2018-06-19 16:00:56,116] {base_task_runner.py:98} INFO - Subtask: [2018-06-19 16:00:56,113] {bash_operator.py:105} INFO - Command exited with return code 0
