[2018-06-19 11:45:29,392] {cli.py:374} INFO - Running on host PRINHYLTPDL1167
[2018-06-19 11:45:29,607] {models.py:1197} INFO - Dependencies all met for <TaskInstance: tutorial.templated 2018-06-18 00:00:00 [queued]>
[2018-06-19 11:45:29,664] {models.py:1197} INFO - Dependencies all met for <TaskInstance: tutorial.templated 2018-06-18 00:00:00 [queued]>
[2018-06-19 11:45:29,664] {models.py:1407} INFO - 
--------------------------------------------------------------------------------
Starting attempt 2 of 3
--------------------------------------------------------------------------------

[2018-06-19 11:45:29,683] {models.py:1428} INFO - Executing <Task(BashOperator): templated> on 2018-06-18 00:00:00
[2018-06-19 11:45:29,684] {base_task_runner.py:115} INFO - Running: ['bash', '-c', u'airflow run tutorial templated 2018-06-18T00:00:00 --job_id 11 --raw -sd DAGS_FOLDER/charan.py']
[2018-06-19 11:45:29,896] {base_task_runner.py:98} INFO - Subtask: /usr/local/lib/python2.7/dist-packages/psycopg2/__init__.py:144: UserWarning: The psycopg2 wheel package will be renamed from release 2.8; in order to keep installing from binary please use "pip install psycopg2-binary" instead. For details see: <http://initd.org/psycopg/docs/install.html#binary-install-from-pypi>.
[2018-06-19 11:45:29,896] {base_task_runner.py:98} INFO - Subtask:   """)
[2018-06-19 11:45:29,928] {base_task_runner.py:98} INFO - Subtask: [2018-06-19 11:45:29,928] {driver.py:120} INFO - Generating grammar tables from /usr/lib/python2.7/lib2to3/Grammar.txt
[2018-06-19 11:45:29,950] {base_task_runner.py:98} INFO - Subtask: [2018-06-19 11:45:29,949] {driver.py:120} INFO - Generating grammar tables from /usr/lib/python2.7/lib2to3/PatternGrammar.txt
[2018-06-19 11:45:30,055] {base_task_runner.py:98} INFO - Subtask: [2018-06-19 11:45:30,055] {__init__.py:45} INFO - Using executor SequentialExecutor
[2018-06-19 11:45:30,094] {base_task_runner.py:98} INFO - Subtask: [2018-06-19 11:45:30,094] {models.py:189} INFO - Filling up the DagBag from /home/charanjiths/airflow/dags/charan.py
[2018-06-19 11:45:30,205] {base_task_runner.py:98} INFO - Subtask: [2018-06-19 11:45:30,205] {bash_operator.py:70} INFO - Tmp dir root location: 
[2018-06-19 11:45:30,205] {base_task_runner.py:98} INFO - Subtask:  /tmp
[2018-06-19 11:45:30,206] {base_task_runner.py:98} INFO - Subtask: [2018-06-19 11:45:30,206] {bash_operator.py:80} INFO - Temporary script location: /tmp/airflowtmpvIHLRI//tmp/airflowtmpvIHLRI/templatedMzUxjT
[2018-06-19 11:45:30,206] {base_task_runner.py:98} INFO - Subtask: [2018-06-19 11:45:30,206] {bash_operator.py:88} INFO - Running command: 
[2018-06-19 11:45:30,207] {base_task_runner.py:98} INFO - Subtask: 
[2018-06-19 11:45:30,207] {base_task_runner.py:98} INFO - Subtask:     echo "2018-06-18"
[2018-06-19 11:45:30,207] {base_task_runner.py:98} INFO - Subtask:     echo "2018-06-25"
[2018-06-19 11:45:30,207] {base_task_runner.py:98} INFO - Subtask:     echo "Parameter I passed in"
[2018-06-19 11:45:30,207] {base_task_runner.py:98} INFO - Subtask: 
[2018-06-19 11:45:30,207] {base_task_runner.py:98} INFO - Subtask:     echo "2018-06-18"
[2018-06-19 11:45:30,207] {base_task_runner.py:98} INFO - Subtask:     echo "2018-06-25"
[2018-06-19 11:45:30,208] {base_task_runner.py:98} INFO - Subtask:     echo "Parameter I passed in"
[2018-06-19 11:45:30,208] {base_task_runner.py:98} INFO - Subtask: 
[2018-06-19 11:45:30,208] {base_task_runner.py:98} INFO - Subtask:     echo "2018-06-18"
[2018-06-19 11:45:30,208] {base_task_runner.py:98} INFO - Subtask:     echo "2018-06-25"
[2018-06-19 11:45:30,208] {base_task_runner.py:98} INFO - Subtask:     echo "Parameter I passed in"
[2018-06-19 11:45:30,208] {base_task_runner.py:98} INFO - Subtask: 
[2018-06-19 11:45:30,208] {base_task_runner.py:98} INFO - Subtask:     echo "2018-06-18"
[2018-06-19 11:45:30,209] {base_task_runner.py:98} INFO - Subtask:     echo "2018-06-25"
[2018-06-19 11:45:30,209] {base_task_runner.py:98} INFO - Subtask:     echo "Parameter I passed in"
[2018-06-19 11:45:30,209] {base_task_runner.py:98} INFO - Subtask: 
[2018-06-19 11:45:30,209] {base_task_runner.py:98} INFO - Subtask:     echo "2018-06-18"
[2018-06-19 11:45:30,210] {base_task_runner.py:98} INFO - Subtask:     echo "2018-06-25"
[2018-06-19 11:45:30,210] {base_task_runner.py:98} INFO - Subtask:     echo "Parameter I passed in"
[2018-06-19 11:45:30,210] {base_task_runner.py:98} INFO - Subtask: 
[2018-06-19 11:45:30,210] {base_task_runner.py:98} INFO - Subtask: [2018-06-19 11:45:30,209] {bash_operator.py:97} INFO - Output:
[2018-06-19 11:45:30,211] {base_task_runner.py:98} INFO - Subtask: [2018-06-19 11:45:30,211] {bash_operator.py:101} INFO - 2018-06-18
[2018-06-19 11:45:30,211] {base_task_runner.py:98} INFO - Subtask: [2018-06-19 11:45:30,211] {bash_operator.py:101} INFO - 2018-06-25
[2018-06-19 11:45:30,212] {base_task_runner.py:98} INFO - Subtask: [2018-06-19 11:45:30,211] {bash_operator.py:101} INFO - Parameter I passed in
[2018-06-19 11:45:30,212] {base_task_runner.py:98} INFO - Subtask: [2018-06-19 11:45:30,211] {bash_operator.py:101} INFO - 2018-06-18
[2018-06-19 11:45:30,212] {base_task_runner.py:98} INFO - Subtask: [2018-06-19 11:45:30,211] {bash_operator.py:101} INFO - 2018-06-25
[2018-06-19 11:45:30,212] {base_task_runner.py:98} INFO - Subtask: [2018-06-19 11:45:30,212] {bash_operator.py:101} INFO - Parameter I passed in
[2018-06-19 11:45:30,212] {base_task_runner.py:98} INFO - Subtask: [2018-06-19 11:45:30,212] {bash_operator.py:101} INFO - 2018-06-18
[2018-06-19 11:45:30,212] {base_task_runner.py:98} INFO - Subtask: [2018-06-19 11:45:30,212] {bash_operator.py:101} INFO - 2018-06-25
[2018-06-19 11:45:30,212] {base_task_runner.py:98} INFO - Subtask: [2018-06-19 11:45:30,212] {bash_operator.py:101} INFO - Parameter I passed in
[2018-06-19 11:45:30,213] {base_task_runner.py:98} INFO - Subtask: [2018-06-19 11:45:30,212] {bash_operator.py:101} INFO - 2018-06-18
[2018-06-19 11:45:30,213] {base_task_runner.py:98} INFO - Subtask: [2018-06-19 11:45:30,212] {bash_operator.py:101} INFO - 2018-06-25
[2018-06-19 11:45:30,213] {base_task_runner.py:98} INFO - Subtask: [2018-06-19 11:45:30,212] {bash_operator.py:101} INFO - Parameter I passed in
[2018-06-19 11:45:30,213] {base_task_runner.py:98} INFO - Subtask: [2018-06-19 11:45:30,212] {bash_operator.py:101} INFO - 2018-06-18
[2018-06-19 11:45:30,213] {base_task_runner.py:98} INFO - Subtask: [2018-06-19 11:45:30,212] {bash_operator.py:101} INFO - 2018-06-25
[2018-06-19 11:45:30,214] {base_task_runner.py:98} INFO - Subtask: [2018-06-19 11:45:30,212] {bash_operator.py:101} INFO - Parameter I passed in
[2018-06-19 11:45:30,214] {base_task_runner.py:98} INFO - Subtask: [2018-06-19 11:45:30,212] {bash_operator.py:105} INFO - Command exited with return code 0
