[2018-06-19 16:07:10,698] {cli.py:374} INFO - Running on host PRINHYLTPDL1167
[2018-06-19 16:07:10,753] {models.py:1197} INFO - Dependencies all met for <TaskInstance: hello_world.print_hello 2017-06-02 15:00:00 [queued]>
[2018-06-19 16:07:10,760] {models.py:1197} INFO - Dependencies all met for <TaskInstance: hello_world.print_hello 2017-06-02 15:00:00 [queued]>
[2018-06-19 16:07:10,760] {models.py:1407} INFO - 
--------------------------------------------------------------------------------
Starting attempt 1 of 2
--------------------------------------------------------------------------------

[2018-06-19 16:07:10,793] {models.py:1428} INFO - Executing <Task(BashOperator): print_hello> on 2017-06-02 15:00:00
[2018-06-19 16:07:10,794] {base_task_runner.py:115} INFO - Running: ['bash', '-c', u'airflow run hello_world print_hello 2017-06-02T15:00:00 --job_id 118 --raw -sd DAGS_FOLDER/helloWorld.py']
[2018-06-19 16:07:11,005] {base_task_runner.py:98} INFO - Subtask: /usr/local/lib/python2.7/dist-packages/psycopg2/__init__.py:144: UserWarning: The psycopg2 wheel package will be renamed from release 2.8; in order to keep installing from binary please use "pip install psycopg2-binary" instead. For details see: <http://initd.org/psycopg/docs/install.html#binary-install-from-pypi>.
[2018-06-19 16:07:11,005] {base_task_runner.py:98} INFO - Subtask:   """)
[2018-06-19 16:07:11,036] {base_task_runner.py:98} INFO - Subtask: [2018-06-19 16:07:11,036] {driver.py:120} INFO - Generating grammar tables from /usr/lib/python2.7/lib2to3/Grammar.txt
[2018-06-19 16:07:11,055] {base_task_runner.py:98} INFO - Subtask: [2018-06-19 16:07:11,055] {driver.py:120} INFO - Generating grammar tables from /usr/lib/python2.7/lib2to3/PatternGrammar.txt
[2018-06-19 16:07:11,159] {base_task_runner.py:98} INFO - Subtask: [2018-06-19 16:07:11,158] {__init__.py:45} INFO - Using executor SequentialExecutor
[2018-06-19 16:07:11,196] {base_task_runner.py:98} INFO - Subtask: [2018-06-19 16:07:11,195] {models.py:189} INFO - Filling up the DagBag from /home/charanjiths/airflow/dags/helloWorld.py
[2018-06-19 16:07:11,301] {base_task_runner.py:98} INFO - Subtask: [2018-06-19 16:07:11,301] {bash_operator.py:70} INFO - Tmp dir root location: 
[2018-06-19 16:07:11,302] {base_task_runner.py:98} INFO - Subtask:  /tmp
[2018-06-19 16:07:11,303] {base_task_runner.py:98} INFO - Subtask: [2018-06-19 16:07:11,302] {bash_operator.py:80} INFO - Temporary script location: /tmp/airflowtmpKvPDxY//tmp/airflowtmpKvPDxY/print_hello_QXQ9A
[2018-06-19 16:07:11,303] {base_task_runner.py:98} INFO - Subtask: [2018-06-19 16:07:11,303] {bash_operator.py:88} INFO - Running command: echo "hello"
[2018-06-19 16:07:11,306] {base_task_runner.py:98} INFO - Subtask: [2018-06-19 16:07:11,306] {bash_operator.py:97} INFO - Output:
[2018-06-19 16:07:11,308] {base_task_runner.py:98} INFO - Subtask: [2018-06-19 16:07:11,307] {bash_operator.py:101} INFO - hello
[2018-06-19 16:07:11,309] {base_task_runner.py:98} INFO - Subtask: [2018-06-19 16:07:11,308] {bash_operator.py:105} INFO - Command exited with return code 0
