[2018-06-19 14:18:00,929] {cli.py:374} INFO - Running on host PRINHYLTPDL1167
[2018-06-19 14:18:01,098] {models.py:1197} INFO - Dependencies all met for <TaskInstance: hello_world.print_hello 2017-06-01 00:00:00 [queued]>
[2018-06-19 14:18:01,134] {models.py:1197} INFO - Dependencies all met for <TaskInstance: hello_world.print_hello 2017-06-01 00:00:00 [queued]>
[2018-06-19 14:18:01,135] {models.py:1407} INFO - 
--------------------------------------------------------------------------------
Starting attempt 1 of 2
--------------------------------------------------------------------------------

[2018-06-19 14:18:01,179] {models.py:1428} INFO - Executing <Task(BashOperator): print_hello> on 2017-06-01 00:00:00
[2018-06-19 14:18:01,179] {base_task_runner.py:115} INFO - Running: ['bash', '-c', u'airflow run hello_world print_hello 2017-06-01T00:00:00 --job_id 2 --raw -sd DAGS_FOLDER/helloWorld.py']
[2018-06-19 14:18:01,396] {base_task_runner.py:98} INFO - Subtask: /usr/local/lib/python2.7/dist-packages/psycopg2/__init__.py:144: UserWarning: The psycopg2 wheel package will be renamed from release 2.8; in order to keep installing from binary please use "pip install psycopg2-binary" instead. For details see: <http://initd.org/psycopg/docs/install.html#binary-install-from-pypi>.
[2018-06-19 14:18:01,397] {base_task_runner.py:98} INFO - Subtask:   """)
[2018-06-19 14:18:01,429] {base_task_runner.py:98} INFO - Subtask: [2018-06-19 14:18:01,428] {driver.py:120} INFO - Generating grammar tables from /usr/lib/python2.7/lib2to3/Grammar.txt
[2018-06-19 14:18:01,448] {base_task_runner.py:98} INFO - Subtask: [2018-06-19 14:18:01,448] {driver.py:120} INFO - Generating grammar tables from /usr/lib/python2.7/lib2to3/PatternGrammar.txt
[2018-06-19 14:18:01,556] {base_task_runner.py:98} INFO - Subtask: [2018-06-19 14:18:01,556] {__init__.py:45} INFO - Using executor SequentialExecutor
[2018-06-19 14:18:01,596] {base_task_runner.py:98} INFO - Subtask: [2018-06-19 14:18:01,595] {models.py:189} INFO - Filling up the DagBag from /home/charanjiths/airflow/dags/helloWorld.py
[2018-06-19 14:18:01,713] {base_task_runner.py:98} INFO - Subtask: [2018-06-19 14:18:01,713] {bash_operator.py:70} INFO - Tmp dir root location: 
[2018-06-19 14:18:01,714] {base_task_runner.py:98} INFO - Subtask:  /tmp
[2018-06-19 14:18:01,715] {base_task_runner.py:98} INFO - Subtask: [2018-06-19 14:18:01,714] {bash_operator.py:80} INFO - Temporary script location: /tmp/airflowtmpWZBy50//tmp/airflowtmpWZBy50/print_hellozvJ3Gz
[2018-06-19 14:18:01,715] {base_task_runner.py:98} INFO - Subtask: [2018-06-19 14:18:01,715] {bash_operator.py:88} INFO - Running command: echo "hello"
[2018-06-19 14:18:01,718] {base_task_runner.py:98} INFO - Subtask: [2018-06-19 14:18:01,717] {bash_operator.py:97} INFO - Output:
[2018-06-19 14:18:01,720] {base_task_runner.py:98} INFO - Subtask: [2018-06-19 14:18:01,719] {bash_operator.py:101} INFO - hello
[2018-06-19 14:18:01,720] {base_task_runner.py:98} INFO - Subtask: [2018-06-19 14:18:01,720] {bash_operator.py:105} INFO - Command exited with return code 0
[2018-06-19 15:51:46,311] {cli.py:374} INFO - Running on host PRINHYLTPDL1167
[2018-06-19 15:51:46,377] {models.py:1197} INFO - Dependencies all met for <TaskInstance: hello_world.print_hello 2017-06-01 00:00:00 [queued]>
[2018-06-19 15:51:46,395] {models.py:1197} INFO - Dependencies all met for <TaskInstance: hello_world.print_hello 2017-06-01 00:00:00 [queued]>
[2018-06-19 15:51:46,397] {models.py:1407} INFO - 
--------------------------------------------------------------------------------
Starting attempt 1 of 2
--------------------------------------------------------------------------------

[2018-06-19 15:51:46,494] {models.py:1428} INFO - Executing <Task(BashOperator): print_hello> on 2017-06-01 00:00:00
[2018-06-19 15:51:46,494] {base_task_runner.py:115} INFO - Running: ['bash', '-c', u'airflow run hello_world print_hello 2017-06-01T00:00:00 --job_id 3 --raw -sd DAGS_FOLDER/helloWorld.py']
[2018-06-19 15:51:46,735] {base_task_runner.py:98} INFO - Subtask: /usr/local/lib/python2.7/dist-packages/psycopg2/__init__.py:144: UserWarning: The psycopg2 wheel package will be renamed from release 2.8; in order to keep installing from binary please use "pip install psycopg2-binary" instead. For details see: <http://initd.org/psycopg/docs/install.html#binary-install-from-pypi>.
[2018-06-19 15:51:46,735] {base_task_runner.py:98} INFO - Subtask:   """)
[2018-06-19 15:51:46,766] {base_task_runner.py:98} INFO - Subtask: [2018-06-19 15:51:46,765] {driver.py:120} INFO - Generating grammar tables from /usr/lib/python2.7/lib2to3/Grammar.txt
[2018-06-19 15:51:46,785] {base_task_runner.py:98} INFO - Subtask: [2018-06-19 15:51:46,785] {driver.py:120} INFO - Generating grammar tables from /usr/lib/python2.7/lib2to3/PatternGrammar.txt
[2018-06-19 15:51:46,887] {base_task_runner.py:98} INFO - Subtask: [2018-06-19 15:51:46,887] {__init__.py:45} INFO - Using executor SequentialExecutor
[2018-06-19 15:51:46,925] {base_task_runner.py:98} INFO - Subtask: [2018-06-19 15:51:46,925] {models.py:189} INFO - Filling up the DagBag from /home/charanjiths/airflow/dags/helloWorld.py
[2018-06-19 15:51:47,030] {base_task_runner.py:98} INFO - Subtask: [2018-06-19 15:51:47,029] {bash_operator.py:70} INFO - Tmp dir root location: 
[2018-06-19 15:51:47,030] {base_task_runner.py:98} INFO - Subtask:  /tmp
[2018-06-19 15:51:47,031] {base_task_runner.py:98} INFO - Subtask: [2018-06-19 15:51:47,030] {bash_operator.py:80} INFO - Temporary script location: /tmp/airflowtmpWIlIY4//tmp/airflowtmpWIlIY4/print_hellogixbKp
[2018-06-19 15:51:47,031] {base_task_runner.py:98} INFO - Subtask: [2018-06-19 15:51:47,030] {bash_operator.py:88} INFO - Running command: echo "hello"
[2018-06-19 15:51:47,033] {base_task_runner.py:98} INFO - Subtask: [2018-06-19 15:51:47,033] {bash_operator.py:97} INFO - Output:
[2018-06-19 15:51:47,035] {base_task_runner.py:98} INFO - Subtask: [2018-06-19 15:51:47,035] {bash_operator.py:101} INFO - hello
[2018-06-19 15:51:47,036] {base_task_runner.py:98} INFO - Subtask: [2018-06-19 15:51:47,035] {bash_operator.py:105} INFO - Command exited with return code 0
[2018-06-19 16:33:17,564] {cli.py:374} INFO - Running on host PRINHYLTPDL1167
[2018-06-19 16:33:17,614] {models.py:1190} INFO - Dependencies not met for <TaskInstance: hello_world.print_hello 2017-06-01 00:00:00 [removed]>, dependency 'Task Instance State' FAILED: Task is in the 'removed' state which is not a valid state for execution. The task must be cleared in order to be run.
