[2018-06-19 16:01:38,752] {cli.py:374} INFO - Running on host PRINHYLTPDL1167
[2018-06-19 16:01:38,799] {models.py:1197} INFO - Dependencies all met for <TaskInstance: hello_world.sleep 2017-06-02 00:00:00 [queued]>
[2018-06-19 16:01:38,835] {models.py:1197} INFO - Dependencies all met for <TaskInstance: hello_world.sleep 2017-06-02 00:00:00 [queued]>
[2018-06-19 16:01:38,835] {models.py:1407} INFO - 
--------------------------------------------------------------------------------
Starting attempt 1 of 2
--------------------------------------------------------------------------------

[2018-06-19 16:01:38,847] {models.py:1428} INFO - Executing <Task(BashOperator): sleep> on 2017-06-02 00:00:00
[2018-06-19 16:01:38,847] {base_task_runner.py:115} INFO - Running: ['bash', '-c', u'airflow run hello_world sleep 2017-06-02T00:00:00 --job_id 77 --raw -sd DAGS_FOLDER/helloWorld.py']
[2018-06-19 16:01:39,061] {base_task_runner.py:98} INFO - Subtask: /usr/local/lib/python2.7/dist-packages/psycopg2/__init__.py:144: UserWarning: The psycopg2 wheel package will be renamed from release 2.8; in order to keep installing from binary please use "pip install psycopg2-binary" instead. For details see: <http://initd.org/psycopg/docs/install.html#binary-install-from-pypi>.
[2018-06-19 16:01:39,062] {base_task_runner.py:98} INFO - Subtask:   """)
[2018-06-19 16:01:39,092] {base_task_runner.py:98} INFO - Subtask: [2018-06-19 16:01:39,092] {driver.py:120} INFO - Generating grammar tables from /usr/lib/python2.7/lib2to3/Grammar.txt
[2018-06-19 16:01:39,111] {base_task_runner.py:98} INFO - Subtask: [2018-06-19 16:01:39,111] {driver.py:120} INFO - Generating grammar tables from /usr/lib/python2.7/lib2to3/PatternGrammar.txt
[2018-06-19 16:01:39,216] {base_task_runner.py:98} INFO - Subtask: [2018-06-19 16:01:39,215] {__init__.py:45} INFO - Using executor SequentialExecutor
[2018-06-19 16:01:39,256] {base_task_runner.py:98} INFO - Subtask: [2018-06-19 16:01:39,256] {models.py:189} INFO - Filling up the DagBag from /home/charanjiths/airflow/dags/helloWorld.py
[2018-06-19 16:01:39,364] {base_task_runner.py:98} INFO - Subtask: [2018-06-19 16:01:39,364] {bash_operator.py:70} INFO - Tmp dir root location: 
[2018-06-19 16:01:39,365] {base_task_runner.py:98} INFO - Subtask:  /tmp
[2018-06-19 16:01:39,366] {base_task_runner.py:98} INFO - Subtask: [2018-06-19 16:01:39,365] {bash_operator.py:80} INFO - Temporary script location: /tmp/airflowtmpTjE27x//tmp/airflowtmpTjE27x/sleepmMjPW9
[2018-06-19 16:01:39,366] {base_task_runner.py:98} INFO - Subtask: [2018-06-19 16:01:39,365] {bash_operator.py:88} INFO - Running command: sleep 5
[2018-06-19 16:01:39,369] {base_task_runner.py:98} INFO - Subtask: [2018-06-19 16:01:39,368] {bash_operator.py:97} INFO - Output:
[2018-06-19 16:01:44,381] {base_task_runner.py:98} INFO - Subtask: [2018-06-19 16:01:44,378] {bash_operator.py:105} INFO - Command exited with return code 0
