[2018-06-19 14:24:20,303] {cli.py:374} INFO - Running on host PRINHYLTPDL1167
[2018-06-19 14:24:20,485] {models.py:1197} INFO - Dependencies all met for <TaskInstance: hello_world.sleep 2017-06-01 15:00:00 [queued]>
[2018-06-19 14:24:20,516] {models.py:1197} INFO - Dependencies all met for <TaskInstance: hello_world.sleep 2017-06-01 15:00:00 [queued]>
[2018-06-19 14:24:20,517] {models.py:1407} INFO - 
--------------------------------------------------------------------------------
Starting attempt 1 of 2
--------------------------------------------------------------------------------

[2018-06-19 14:24:20,529] {models.py:1428} INFO - Executing <Task(BashOperator): sleep> on 2017-06-01 15:00:00
[2018-06-19 14:24:20,530] {base_task_runner.py:115} INFO - Running: ['bash', '-c', u'airflow run hello_world sleep 2017-06-01T15:00:00 --job_id 48 --raw -sd DAGS_FOLDER/helloWorld.py']
[2018-06-19 14:24:20,743] {base_task_runner.py:98} INFO - Subtask: /usr/local/lib/python2.7/dist-packages/psycopg2/__init__.py:144: UserWarning: The psycopg2 wheel package will be renamed from release 2.8; in order to keep installing from binary please use "pip install psycopg2-binary" instead. For details see: <http://initd.org/psycopg/docs/install.html#binary-install-from-pypi>.
[2018-06-19 14:24:20,743] {base_task_runner.py:98} INFO - Subtask:   """)
[2018-06-19 14:24:20,775] {base_task_runner.py:98} INFO - Subtask: [2018-06-19 14:24:20,775] {driver.py:120} INFO - Generating grammar tables from /usr/lib/python2.7/lib2to3/Grammar.txt
[2018-06-19 14:24:20,795] {base_task_runner.py:98} INFO - Subtask: [2018-06-19 14:24:20,794] {driver.py:120} INFO - Generating grammar tables from /usr/lib/python2.7/lib2to3/PatternGrammar.txt
[2018-06-19 14:24:20,899] {base_task_runner.py:98} INFO - Subtask: [2018-06-19 14:24:20,899] {__init__.py:45} INFO - Using executor SequentialExecutor
[2018-06-19 14:24:20,938] {base_task_runner.py:98} INFO - Subtask: [2018-06-19 14:24:20,938] {models.py:189} INFO - Filling up the DagBag from /home/charanjiths/airflow/dags/helloWorld.py
[2018-06-19 14:24:21,045] {base_task_runner.py:98} INFO - Subtask: [2018-06-19 14:24:21,045] {bash_operator.py:70} INFO - Tmp dir root location: 
[2018-06-19 14:24:21,045] {base_task_runner.py:98} INFO - Subtask:  /tmp
[2018-06-19 14:24:21,046] {base_task_runner.py:98} INFO - Subtask: [2018-06-19 14:24:21,046] {bash_operator.py:80} INFO - Temporary script location: /tmp/airflowtmpXWEUyK//tmp/airflowtmpXWEUyK/sleepBW32tG
[2018-06-19 14:24:21,047] {base_task_runner.py:98} INFO - Subtask: [2018-06-19 14:24:21,046] {bash_operator.py:88} INFO - Running command: sleep 5
[2018-06-19 14:24:21,050] {base_task_runner.py:98} INFO - Subtask: [2018-06-19 14:24:21,049] {bash_operator.py:97} INFO - Output:
[2018-06-19 14:24:26,061] {base_task_runner.py:98} INFO - Subtask: [2018-06-19 14:24:26,059] {bash_operator.py:105} INFO - Command exited with return code 0
[2018-06-19 15:58:01,749] {cli.py:374} INFO - Running on host PRINHYLTPDL1167
[2018-06-19 15:58:01,797] {models.py:1197} INFO - Dependencies all met for <TaskInstance: hello_world.sleep 2017-06-01 15:00:00 [queued]>
[2018-06-19 15:58:01,834] {models.py:1197} INFO - Dependencies all met for <TaskInstance: hello_world.sleep 2017-06-01 15:00:00 [queued]>
[2018-06-19 15:58:01,834] {models.py:1407} INFO - 
--------------------------------------------------------------------------------
Starting attempt 1 of 2
--------------------------------------------------------------------------------

[2018-06-19 15:58:01,846] {models.py:1428} INFO - Executing <Task(BashOperator): sleep> on 2017-06-01 15:00:00
[2018-06-19 15:58:01,847] {base_task_runner.py:115} INFO - Running: ['bash', '-c', u'airflow run hello_world sleep 2017-06-01T15:00:00 --job_id 50 --raw -sd DAGS_FOLDER/helloWorld.py']
[2018-06-19 15:58:02,062] {base_task_runner.py:98} INFO - Subtask: /usr/local/lib/python2.7/dist-packages/psycopg2/__init__.py:144: UserWarning: The psycopg2 wheel package will be renamed from release 2.8; in order to keep installing from binary please use "pip install psycopg2-binary" instead. For details see: <http://initd.org/psycopg/docs/install.html#binary-install-from-pypi>.
[2018-06-19 15:58:02,062] {base_task_runner.py:98} INFO - Subtask:   """)
[2018-06-19 15:58:02,095] {base_task_runner.py:98} INFO - Subtask: [2018-06-19 15:58:02,095] {driver.py:120} INFO - Generating grammar tables from /usr/lib/python2.7/lib2to3/Grammar.txt
[2018-06-19 15:58:02,115] {base_task_runner.py:98} INFO - Subtask: [2018-06-19 15:58:02,115] {driver.py:120} INFO - Generating grammar tables from /usr/lib/python2.7/lib2to3/PatternGrammar.txt
[2018-06-19 15:58:02,228] {base_task_runner.py:98} INFO - Subtask: [2018-06-19 15:58:02,228] {__init__.py:45} INFO - Using executor SequentialExecutor
[2018-06-19 15:58:02,283] {base_task_runner.py:98} INFO - Subtask: [2018-06-19 15:58:02,283] {models.py:189} INFO - Filling up the DagBag from /home/charanjiths/airflow/dags/helloWorld.py
[2018-06-19 15:58:02,405] {base_task_runner.py:98} INFO - Subtask: [2018-06-19 15:58:02,405] {bash_operator.py:70} INFO - Tmp dir root location: 
[2018-06-19 15:58:02,405] {base_task_runner.py:98} INFO - Subtask:  /tmp
[2018-06-19 15:58:02,406] {base_task_runner.py:98} INFO - Subtask: [2018-06-19 15:58:02,406] {bash_operator.py:80} INFO - Temporary script location: /tmp/airflowtmptR3l90//tmp/airflowtmptR3l90/sleepx68CRQ
[2018-06-19 15:58:02,406] {base_task_runner.py:98} INFO - Subtask: [2018-06-19 15:58:02,406] {bash_operator.py:88} INFO - Running command: sleep 5
[2018-06-19 15:58:02,409] {base_task_runner.py:98} INFO - Subtask: [2018-06-19 15:58:02,409] {bash_operator.py:97} INFO - Output:
[2018-06-19 15:58:07,420] {base_task_runner.py:98} INFO - Subtask: [2018-06-19 15:58:07,419] {bash_operator.py:105} INFO - Command exited with return code 0
