[2018-06-19 11:44:22,283] {cli.py:374} INFO - Running on host PRINHYLTPDL1167
[2018-06-19 11:44:22,447] {models.py:1197} INFO - Dependencies all met for <TaskInstance: tutorial.sleep 2018-06-18 00:00:00 [queued]>
[2018-06-19 11:44:22,487] {models.py:1197} INFO - Dependencies all met for <TaskInstance: tutorial.sleep 2018-06-18 00:00:00 [queued]>
[2018-06-19 11:44:22,487] {models.py:1407} INFO - 
--------------------------------------------------------------------------------
Starting attempt 1 of 2
--------------------------------------------------------------------------------

[2018-06-19 11:44:22,511] {models.py:1428} INFO - Executing <Task(BashOperator): sleep> on 2018-06-18 00:00:00
[2018-06-19 11:44:22,512] {base_task_runner.py:115} INFO - Running: ['bash', '-c', u'airflow run tutorial sleep 2018-06-18T00:00:00 --job_id 5 --raw -sd DAGS_FOLDER/charan.py']
[2018-06-19 11:44:22,811] {base_task_runner.py:98} INFO - Subtask: /usr/local/lib/python2.7/dist-packages/psycopg2/__init__.py:144: UserWarning: The psycopg2 wheel package will be renamed from release 2.8; in order to keep installing from binary please use "pip install psycopg2-binary" instead. For details see: <http://initd.org/psycopg/docs/install.html#binary-install-from-pypi>.
[2018-06-19 11:44:22,812] {base_task_runner.py:98} INFO - Subtask:   """)
[2018-06-19 11:44:22,848] {base_task_runner.py:98} INFO - Subtask: [2018-06-19 11:44:22,847] {driver.py:120} INFO - Generating grammar tables from /usr/lib/python2.7/lib2to3/Grammar.txt
[2018-06-19 11:44:22,869] {base_task_runner.py:98} INFO - Subtask: [2018-06-19 11:44:22,869] {driver.py:120} INFO - Generating grammar tables from /usr/lib/python2.7/lib2to3/PatternGrammar.txt
[2018-06-19 11:44:22,977] {base_task_runner.py:98} INFO - Subtask: [2018-06-19 11:44:22,976] {__init__.py:45} INFO - Using executor SequentialExecutor
[2018-06-19 11:44:23,015] {base_task_runner.py:98} INFO - Subtask: [2018-06-19 11:44:23,015] {models.py:189} INFO - Filling up the DagBag from /home/charanjiths/airflow/dags/charan.py
[2018-06-19 11:44:23,120] {base_task_runner.py:98} INFO - Subtask: [2018-06-19 11:44:23,120] {bash_operator.py:70} INFO - Tmp dir root location: 
[2018-06-19 11:44:23,121] {base_task_runner.py:98} INFO - Subtask:  /tmp
[2018-06-19 11:44:23,122] {base_task_runner.py:98} INFO - Subtask: [2018-06-19 11:44:23,121] {bash_operator.py:80} INFO - Temporary script location: /tmp/airflowtmpDAxHVL//tmp/airflowtmpDAxHVL/sleepcGCmKW
[2018-06-19 11:44:23,122] {base_task_runner.py:98} INFO - Subtask: [2018-06-19 11:44:23,121] {bash_operator.py:88} INFO - Running command: sleep 2
[2018-06-19 11:44:23,124] {base_task_runner.py:98} INFO - Subtask: [2018-06-19 11:44:23,124] {bash_operator.py:97} INFO - Output:
[2018-06-19 11:44:25,137] {base_task_runner.py:98} INFO - Subtask: [2018-06-19 11:44:25,134] {bash_operator.py:105} INFO - Command exited with return code 0
[2018-06-19 12:42:01,869] {cli.py:374} INFO - Running on host PRINHYLTPDL1167
[2018-06-19 12:42:01,930] {models.py:1197} INFO - Dependencies all met for <TaskInstance: tutorial.sleep 2018-06-18 00:00:00 [queued]>
[2018-06-19 12:42:01,994] {models.py:1197} INFO - Dependencies all met for <TaskInstance: tutorial.sleep 2018-06-18 00:00:00 [queued]>
[2018-06-19 12:42:01,994] {models.py:1407} INFO - 
--------------------------------------------------------------------------------
Starting attempt 1 of 2
--------------------------------------------------------------------------------

[2018-06-19 12:42:02,011] {models.py:1428} INFO - Executing <Task(BashOperator): sleep> on 2018-06-18 00:00:00
[2018-06-19 12:42:02,012] {base_task_runner.py:115} INFO - Running: ['bash', '-c', u'airflow run tutorial sleep 2018-06-18T00:00:00 --job_id 10 --raw -sd DAGS_FOLDER/charan.py']
[2018-06-19 12:42:02,241] {base_task_runner.py:98} INFO - Subtask: /usr/local/lib/python2.7/dist-packages/psycopg2/__init__.py:144: UserWarning: The psycopg2 wheel package will be renamed from release 2.8; in order to keep installing from binary please use "pip install psycopg2-binary" instead. For details see: <http://initd.org/psycopg/docs/install.html#binary-install-from-pypi>.
[2018-06-19 12:42:02,241] {base_task_runner.py:98} INFO - Subtask:   """)
[2018-06-19 12:42:02,278] {base_task_runner.py:98} INFO - Subtask: [2018-06-19 12:42:02,277] {driver.py:120} INFO - Generating grammar tables from /usr/lib/python2.7/lib2to3/Grammar.txt
[2018-06-19 12:42:02,303] {base_task_runner.py:98} INFO - Subtask: [2018-06-19 12:42:02,302] {driver.py:120} INFO - Generating grammar tables from /usr/lib/python2.7/lib2to3/PatternGrammar.txt
[2018-06-19 12:42:02,427] {base_task_runner.py:98} INFO - Subtask: [2018-06-19 12:42:02,426] {__init__.py:45} INFO - Using executor SequentialExecutor
[2018-06-19 12:42:02,471] {base_task_runner.py:98} INFO - Subtask: [2018-06-19 12:42:02,471] {models.py:189} INFO - Filling up the DagBag from /home/charanjiths/airflow/dags/charan.py
[2018-06-19 12:42:02,585] {base_task_runner.py:98} INFO - Subtask: [2018-06-19 12:42:02,585] {bash_operator.py:70} INFO - Tmp dir root location: 
[2018-06-19 12:42:02,585] {base_task_runner.py:98} INFO - Subtask:  /tmp
[2018-06-19 12:42:02,586] {base_task_runner.py:98} INFO - Subtask: [2018-06-19 12:42:02,586] {bash_operator.py:80} INFO - Temporary script location: /tmp/airflowtmpPJmWI6//tmp/airflowtmpPJmWI6/sleepeH87Uq
[2018-06-19 12:42:02,586] {base_task_runner.py:98} INFO - Subtask: [2018-06-19 12:42:02,586] {bash_operator.py:88} INFO - Running command: sleep 2
[2018-06-19 12:42:02,589] {base_task_runner.py:98} INFO - Subtask: [2018-06-19 12:42:02,589] {bash_operator.py:97} INFO - Output:
[2018-06-19 12:42:04,600] {base_task_runner.py:98} INFO - Subtask: [2018-06-19 12:42:04,597] {bash_operator.py:105} INFO - Command exited with return code 0
