[2018-06-19 11:44:58,071] {cli.py:374} INFO - Running on host PRINHYLTPDL1167
[2018-06-19 11:44:58,149] {models.py:1197} INFO - Dependencies all met for <TaskInstance: tutorial.sleep 2018-06-18 00:00:00 [queued]>
[2018-06-19 11:44:58,187] {models.py:1197} INFO - Dependencies all met for <TaskInstance: tutorial.sleep 2018-06-18 00:00:00 [queued]>
[2018-06-19 11:44:58,187] {models.py:1407} INFO - 
--------------------------------------------------------------------------------
Starting attempt 2 of 3
--------------------------------------------------------------------------------

[2018-06-19 11:44:58,199] {models.py:1428} INFO - Executing <Task(BashOperator): sleep> on 2018-06-18 00:00:00
[2018-06-19 11:44:58,200] {base_task_runner.py:115} INFO - Running: ['bash', '-c', u'airflow run tutorial sleep 2018-06-18T00:00:00 --job_id 8 --raw -sd DAGS_FOLDER/charan.py']
[2018-06-19 11:44:58,417] {base_task_runner.py:98} INFO - Subtask: /usr/local/lib/python2.7/dist-packages/psycopg2/__init__.py:144: UserWarning: The psycopg2 wheel package will be renamed from release 2.8; in order to keep installing from binary please use "pip install psycopg2-binary" instead. For details see: <http://initd.org/psycopg/docs/install.html#binary-install-from-pypi>.
[2018-06-19 11:44:58,417] {base_task_runner.py:98} INFO - Subtask:   """)
[2018-06-19 11:44:58,450] {base_task_runner.py:98} INFO - Subtask: [2018-06-19 11:44:58,450] {driver.py:120} INFO - Generating grammar tables from /usr/lib/python2.7/lib2to3/Grammar.txt
[2018-06-19 11:44:58,471] {base_task_runner.py:98} INFO - Subtask: [2018-06-19 11:44:58,471] {driver.py:120} INFO - Generating grammar tables from /usr/lib/python2.7/lib2to3/PatternGrammar.txt
[2018-06-19 11:44:58,579] {base_task_runner.py:98} INFO - Subtask: [2018-06-19 11:44:58,579] {__init__.py:45} INFO - Using executor SequentialExecutor
[2018-06-19 11:44:58,620] {base_task_runner.py:98} INFO - Subtask: [2018-06-19 11:44:58,619] {models.py:189} INFO - Filling up the DagBag from /home/charanjiths/airflow/dags/charan.py
[2018-06-19 11:44:58,727] {base_task_runner.py:98} INFO - Subtask: [2018-06-19 11:44:58,727] {bash_operator.py:70} INFO - Tmp dir root location: 
[2018-06-19 11:44:58,727] {base_task_runner.py:98} INFO - Subtask:  /tmp
[2018-06-19 11:44:58,728] {base_task_runner.py:98} INFO - Subtask: [2018-06-19 11:44:58,728] {bash_operator.py:80} INFO - Temporary script location: /tmp/airflowtmpwN0BQm//tmp/airflowtmpwN0BQm/sleepXcuxJJ
[2018-06-19 11:44:58,728] {base_task_runner.py:98} INFO - Subtask: [2018-06-19 11:44:58,728] {bash_operator.py:88} INFO - Running command: sleep 2
[2018-06-19 11:44:58,731] {base_task_runner.py:98} INFO - Subtask: [2018-06-19 11:44:58,730] {bash_operator.py:97} INFO - Output:
[2018-06-19 11:45:00,740] {base_task_runner.py:98} INFO - Subtask: [2018-06-19 11:45:00,739] {bash_operator.py:105} INFO - Command exited with return code 0
