[2018-06-19 11:45:23,643] {cli.py:374} INFO - Running on host PRINHYLTPDL1167
[2018-06-19 11:45:23,826] {models.py:1197} INFO - Dependencies all met for <TaskInstance: tutorial.sleep 2018-06-18 00:00:00 [queued]>
[2018-06-19 11:45:23,859] {models.py:1197} INFO - Dependencies all met for <TaskInstance: tutorial.sleep 2018-06-18 00:00:00 [queued]>
[2018-06-19 11:45:23,859] {models.py:1407} INFO - 
--------------------------------------------------------------------------------
Starting attempt 3 of 4
--------------------------------------------------------------------------------

[2018-06-19 11:45:23,871] {models.py:1428} INFO - Executing <Task(BashOperator): sleep> on 2018-06-18 00:00:00
[2018-06-19 11:45:23,871] {base_task_runner.py:115} INFO - Running: ['bash', '-c', u'airflow run tutorial sleep 2018-06-18T00:00:00 --job_id 10 --raw -sd DAGS_FOLDER/charan.py']
[2018-06-19 11:45:24,084] {base_task_runner.py:98} INFO - Subtask: /usr/local/lib/python2.7/dist-packages/psycopg2/__init__.py:144: UserWarning: The psycopg2 wheel package will be renamed from release 2.8; in order to keep installing from binary please use "pip install psycopg2-binary" instead. For details see: <http://initd.org/psycopg/docs/install.html#binary-install-from-pypi>.
[2018-06-19 11:45:24,084] {base_task_runner.py:98} INFO - Subtask:   """)
[2018-06-19 11:45:24,116] {base_task_runner.py:98} INFO - Subtask: [2018-06-19 11:45:24,116] {driver.py:120} INFO - Generating grammar tables from /usr/lib/python2.7/lib2to3/Grammar.txt
[2018-06-19 11:45:24,138] {base_task_runner.py:98} INFO - Subtask: [2018-06-19 11:45:24,138] {driver.py:120} INFO - Generating grammar tables from /usr/lib/python2.7/lib2to3/PatternGrammar.txt
[2018-06-19 11:45:24,243] {base_task_runner.py:98} INFO - Subtask: [2018-06-19 11:45:24,242] {__init__.py:45} INFO - Using executor SequentialExecutor
[2018-06-19 11:45:24,282] {base_task_runner.py:98} INFO - Subtask: [2018-06-19 11:45:24,281] {models.py:189} INFO - Filling up the DagBag from /home/charanjiths/airflow/dags/charan.py
[2018-06-19 11:45:24,389] {base_task_runner.py:98} INFO - Subtask: [2018-06-19 11:45:24,389] {bash_operator.py:70} INFO - Tmp dir root location: 
[2018-06-19 11:45:24,389] {base_task_runner.py:98} INFO - Subtask:  /tmp
[2018-06-19 11:45:24,390] {base_task_runner.py:98} INFO - Subtask: [2018-06-19 11:45:24,390] {bash_operator.py:80} INFO - Temporary script location: /tmp/airflowtmpQQ5syq//tmp/airflowtmpQQ5syq/sleepS966wR
[2018-06-19 11:45:24,390] {base_task_runner.py:98} INFO - Subtask: [2018-06-19 11:45:24,390] {bash_operator.py:88} INFO - Running command: sleep 2
[2018-06-19 11:45:24,393] {base_task_runner.py:98} INFO - Subtask: [2018-06-19 11:45:24,393] {bash_operator.py:97} INFO - Output:
[2018-06-19 11:45:26,403] {base_task_runner.py:98} INFO - Subtask: [2018-06-19 11:45:26,401] {bash_operator.py:105} INFO - Command exited with return code 0
