[2018-06-19 14:20:57,203] {cli.py:374} INFO - Running on host PRINHYLTPDL1167
[2018-06-19 14:20:57,267] {models.py:1197} INFO - Dependencies all met for <TaskInstance: hello_world.print_hello 2017-06-01 08:00:00 [queued]>
[2018-06-19 14:20:57,277] {models.py:1197} INFO - Dependencies all met for <TaskInstance: hello_world.print_hello 2017-06-01 08:00:00 [queued]>
[2018-06-19 14:20:57,277] {models.py:1407} INFO - 
--------------------------------------------------------------------------------
Starting attempt 1 of 2
--------------------------------------------------------------------------------

[2018-06-19 14:20:57,310] {models.py:1428} INFO - Executing <Task(BashOperator): print_hello> on 2017-06-01 08:00:00
[2018-06-19 14:20:57,310] {base_task_runner.py:115} INFO - Running: ['bash', '-c', u'airflow run hello_world print_hello 2017-06-01T08:00:00 --job_id 23 --raw -sd DAGS_FOLDER/helloWorld.py']
[2018-06-19 14:20:57,585] {base_task_runner.py:98} INFO - Subtask: /usr/local/lib/python2.7/dist-packages/psycopg2/__init__.py:144: UserWarning: The psycopg2 wheel package will be renamed from release 2.8; in order to keep installing from binary please use "pip install psycopg2-binary" instead. For details see: <http://initd.org/psycopg/docs/install.html#binary-install-from-pypi>.
[2018-06-19 14:20:57,585] {base_task_runner.py:98} INFO - Subtask:   """)
[2018-06-19 14:20:57,624] {base_task_runner.py:98} INFO - Subtask: [2018-06-19 14:20:57,623] {driver.py:120} INFO - Generating grammar tables from /usr/lib/python2.7/lib2to3/Grammar.txt
[2018-06-19 14:20:57,650] {base_task_runner.py:98} INFO - Subtask: [2018-06-19 14:20:57,649] {driver.py:120} INFO - Generating grammar tables from /usr/lib/python2.7/lib2to3/PatternGrammar.txt
[2018-06-19 14:20:57,764] {base_task_runner.py:98} INFO - Subtask: [2018-06-19 14:20:57,764] {__init__.py:45} INFO - Using executor SequentialExecutor
[2018-06-19 14:20:57,803] {base_task_runner.py:98} INFO - Subtask: [2018-06-19 14:20:57,803] {models.py:189} INFO - Filling up the DagBag from /home/charanjiths/airflow/dags/helloWorld.py
[2018-06-19 14:20:57,912] {base_task_runner.py:98} INFO - Subtask: [2018-06-19 14:20:57,911] {bash_operator.py:70} INFO - Tmp dir root location: 
[2018-06-19 14:20:57,912] {base_task_runner.py:98} INFO - Subtask:  /tmp
[2018-06-19 14:20:57,913] {base_task_runner.py:98} INFO - Subtask: [2018-06-19 14:20:57,913] {bash_operator.py:80} INFO - Temporary script location: /tmp/airflowtmpaBrePF//tmp/airflowtmpaBrePF/print_helloBSeaS_
[2018-06-19 14:20:57,913] {base_task_runner.py:98} INFO - Subtask: [2018-06-19 14:20:57,913] {bash_operator.py:88} INFO - Running command: echo "hello"
[2018-06-19 14:20:57,917] {base_task_runner.py:98} INFO - Subtask: [2018-06-19 14:20:57,916] {bash_operator.py:97} INFO - Output:
[2018-06-19 14:20:57,918] {base_task_runner.py:98} INFO - Subtask: [2018-06-19 14:20:57,918] {bash_operator.py:101} INFO - hello
[2018-06-19 14:20:57,919] {base_task_runner.py:98} INFO - Subtask: [2018-06-19 14:20:57,919] {bash_operator.py:105} INFO - Command exited with return code 0
[2018-06-19 15:54:43,331] {cli.py:374} INFO - Running on host PRINHYLTPDL1167
[2018-06-19 15:54:43,468] {models.py:1197} INFO - Dependencies all met for <TaskInstance: hello_world.print_hello 2017-06-01 08:00:00 [queued]>
[2018-06-19 15:54:43,483] {models.py:1197} INFO - Dependencies all met for <TaskInstance: hello_world.print_hello 2017-06-01 08:00:00 [queued]>
[2018-06-19 15:54:43,483] {models.py:1407} INFO - 
--------------------------------------------------------------------------------
Starting attempt 1 of 2
--------------------------------------------------------------------------------

[2018-06-19 15:54:43,528] {models.py:1428} INFO - Executing <Task(BashOperator): print_hello> on 2017-06-01 08:00:00
[2018-06-19 15:54:43,528] {base_task_runner.py:115} INFO - Running: ['bash', '-c', u'airflow run hello_world print_hello 2017-06-01T08:00:00 --job_id 25 --raw -sd DAGS_FOLDER/helloWorld.py']
[2018-06-19 15:54:43,751] {base_task_runner.py:98} INFO - Subtask: /usr/local/lib/python2.7/dist-packages/psycopg2/__init__.py:144: UserWarning: The psycopg2 wheel package will be renamed from release 2.8; in order to keep installing from binary please use "pip install psycopg2-binary" instead. For details see: <http://initd.org/psycopg/docs/install.html#binary-install-from-pypi>.
[2018-06-19 15:54:43,752] {base_task_runner.py:98} INFO - Subtask:   """)
[2018-06-19 15:54:43,782] {base_task_runner.py:98} INFO - Subtask: [2018-06-19 15:54:43,782] {driver.py:120} INFO - Generating grammar tables from /usr/lib/python2.7/lib2to3/Grammar.txt
[2018-06-19 15:54:43,801] {base_task_runner.py:98} INFO - Subtask: [2018-06-19 15:54:43,801] {driver.py:120} INFO - Generating grammar tables from /usr/lib/python2.7/lib2to3/PatternGrammar.txt
[2018-06-19 15:54:43,905] {base_task_runner.py:98} INFO - Subtask: [2018-06-19 15:54:43,905] {__init__.py:45} INFO - Using executor SequentialExecutor
[2018-06-19 15:54:43,943] {base_task_runner.py:98} INFO - Subtask: [2018-06-19 15:54:43,942] {models.py:189} INFO - Filling up the DagBag from /home/charanjiths/airflow/dags/helloWorld.py
[2018-06-19 15:54:44,054] {base_task_runner.py:98} INFO - Subtask: [2018-06-19 15:54:44,054] {bash_operator.py:70} INFO - Tmp dir root location: 
[2018-06-19 15:54:44,054] {base_task_runner.py:98} INFO - Subtask:  /tmp
[2018-06-19 15:54:44,056] {base_task_runner.py:98} INFO - Subtask: [2018-06-19 15:54:44,055] {bash_operator.py:80} INFO - Temporary script location: /tmp/airflowtmp684Q0N//tmp/airflowtmp684Q0N/print_hellorRF1sL
[2018-06-19 15:54:44,056] {base_task_runner.py:98} INFO - Subtask: [2018-06-19 15:54:44,055] {bash_operator.py:88} INFO - Running command: echo "hello"
[2018-06-19 15:54:44,059] {base_task_runner.py:98} INFO - Subtask: [2018-06-19 15:54:44,059] {bash_operator.py:97} INFO - Output:
[2018-06-19 15:54:44,060] {base_task_runner.py:98} INFO - Subtask: [2018-06-19 15:54:44,060] {bash_operator.py:101} INFO - hello
[2018-06-19 15:54:44,062] {base_task_runner.py:98} INFO - Subtask: [2018-06-19 15:54:44,061] {bash_operator.py:105} INFO - Command exited with return code 0
