[2018-06-19 16:12:47,996] {cli.py:374} INFO - Running on host PRINHYLTPDL1167
[2018-06-19 16:12:48,065] {models.py:1197} INFO - Dependencies all met for <TaskInstance: hello_world.print_hello 2017-06-03 05:00:00 [queued]>
[2018-06-19 16:12:48,081] {models.py:1197} INFO - Dependencies all met for <TaskInstance: hello_world.print_hello 2017-06-03 05:00:00 [queued]>
[2018-06-19 16:12:48,081] {models.py:1407} INFO - 
--------------------------------------------------------------------------------
Starting attempt 1 of 2
--------------------------------------------------------------------------------

[2018-06-19 16:12:48,114] {models.py:1428} INFO - Executing <Task(BashOperator): print_hello> on 2017-06-03 05:00:00
[2018-06-19 16:12:48,114] {base_task_runner.py:115} INFO - Running: ['bash', '-c', u'airflow run hello_world print_hello 2017-06-03T05:00:00 --job_id 160 --raw -sd DAGS_FOLDER/helloWorld.py']
[2018-06-19 16:12:48,326] {base_task_runner.py:98} INFO - Subtask: /usr/local/lib/python2.7/dist-packages/psycopg2/__init__.py:144: UserWarning: The psycopg2 wheel package will be renamed from release 2.8; in order to keep installing from binary please use "pip install psycopg2-binary" instead. For details see: <http://initd.org/psycopg/docs/install.html#binary-install-from-pypi>.
[2018-06-19 16:12:48,326] {base_task_runner.py:98} INFO - Subtask:   """)
[2018-06-19 16:12:48,357] {base_task_runner.py:98} INFO - Subtask: [2018-06-19 16:12:48,356] {driver.py:120} INFO - Generating grammar tables from /usr/lib/python2.7/lib2to3/Grammar.txt
[2018-06-19 16:12:48,376] {base_task_runner.py:98} INFO - Subtask: [2018-06-19 16:12:48,376] {driver.py:120} INFO - Generating grammar tables from /usr/lib/python2.7/lib2to3/PatternGrammar.txt
[2018-06-19 16:12:48,481] {base_task_runner.py:98} INFO - Subtask: [2018-06-19 16:12:48,481] {__init__.py:45} INFO - Using executor SequentialExecutor
[2018-06-19 16:12:48,519] {base_task_runner.py:98} INFO - Subtask: [2018-06-19 16:12:48,519] {models.py:189} INFO - Filling up the DagBag from /home/charanjiths/airflow/dags/helloWorld.py
[2018-06-19 16:12:48,624] {base_task_runner.py:98} INFO - Subtask: [2018-06-19 16:12:48,624] {bash_operator.py:70} INFO - Tmp dir root location: 
[2018-06-19 16:12:48,624] {base_task_runner.py:98} INFO - Subtask:  /tmp
[2018-06-19 16:12:48,625] {base_task_runner.py:98} INFO - Subtask: [2018-06-19 16:12:48,625] {bash_operator.py:80} INFO - Temporary script location: /tmp/airflowtmpk5DA_0//tmp/airflowtmpk5DA_0/print_helloYAnbgA
[2018-06-19 16:12:48,625] {base_task_runner.py:98} INFO - Subtask: [2018-06-19 16:12:48,625] {bash_operator.py:88} INFO - Running command: echo "hello"
[2018-06-19 16:12:48,628] {base_task_runner.py:98} INFO - Subtask: [2018-06-19 16:12:48,628] {bash_operator.py:97} INFO - Output:
[2018-06-19 16:12:48,630] {base_task_runner.py:98} INFO - Subtask: [2018-06-19 16:12:48,630] {bash_operator.py:101} INFO - hello
[2018-06-19 16:12:48,631] {base_task_runner.py:98} INFO - Subtask: [2018-06-19 16:12:48,630] {bash_operator.py:105} INFO - Command exited with return code 0
