[2018-06-19 15:59:56,602] {cli.py:374} INFO - Running on host PRINHYLTPDL1167
[2018-06-19 15:59:56,652] {models.py:1197} INFO - Dependencies all met for <TaskInstance: hello_world.print_hello 2017-06-01 21:00:00 [queued]>
[2018-06-19 15:59:56,659] {models.py:1197} INFO - Dependencies all met for <TaskInstance: hello_world.print_hello 2017-06-01 21:00:00 [queued]>
[2018-06-19 15:59:56,660] {models.py:1407} INFO - 
--------------------------------------------------------------------------------
Starting attempt 1 of 2
--------------------------------------------------------------------------------

[2018-06-19 15:59:56,693] {models.py:1428} INFO - Executing <Task(BashOperator): print_hello> on 2017-06-01 21:00:00
[2018-06-19 15:59:56,694] {base_task_runner.py:115} INFO - Running: ['bash', '-c', u'airflow run hello_world print_hello 2017-06-01T21:00:00 --job_id 64 --raw -sd DAGS_FOLDER/helloWorld.py']
[2018-06-19 15:59:56,906] {base_task_runner.py:98} INFO - Subtask: /usr/local/lib/python2.7/dist-packages/psycopg2/__init__.py:144: UserWarning: The psycopg2 wheel package will be renamed from release 2.8; in order to keep installing from binary please use "pip install psycopg2-binary" instead. For details see: <http://initd.org/psycopg/docs/install.html#binary-install-from-pypi>.
[2018-06-19 15:59:56,907] {base_task_runner.py:98} INFO - Subtask:   """)
[2018-06-19 15:59:56,938] {base_task_runner.py:98} INFO - Subtask: [2018-06-19 15:59:56,937] {driver.py:120} INFO - Generating grammar tables from /usr/lib/python2.7/lib2to3/Grammar.txt
[2018-06-19 15:59:56,957] {base_task_runner.py:98} INFO - Subtask: [2018-06-19 15:59:56,957] {driver.py:120} INFO - Generating grammar tables from /usr/lib/python2.7/lib2to3/PatternGrammar.txt
[2018-06-19 15:59:57,062] {base_task_runner.py:98} INFO - Subtask: [2018-06-19 15:59:57,062] {__init__.py:45} INFO - Using executor SequentialExecutor
[2018-06-19 15:59:57,099] {base_task_runner.py:98} INFO - Subtask: [2018-06-19 15:59:57,099] {models.py:189} INFO - Filling up the DagBag from /home/charanjiths/airflow/dags/helloWorld.py
[2018-06-19 15:59:57,205] {base_task_runner.py:98} INFO - Subtask: [2018-06-19 15:59:57,205] {bash_operator.py:70} INFO - Tmp dir root location: 
[2018-06-19 15:59:57,206] {base_task_runner.py:98} INFO - Subtask:  /tmp
[2018-06-19 15:59:57,206] {base_task_runner.py:98} INFO - Subtask: [2018-06-19 15:59:57,206] {bash_operator.py:80} INFO - Temporary script location: /tmp/airflowtmplo25Th//tmp/airflowtmplo25Th/print_hellontpbRL
[2018-06-19 15:59:57,206] {base_task_runner.py:98} INFO - Subtask: [2018-06-19 15:59:57,206] {bash_operator.py:88} INFO - Running command: echo "hello"
[2018-06-19 15:59:57,210] {base_task_runner.py:98} INFO - Subtask: [2018-06-19 15:59:57,209] {bash_operator.py:97} INFO - Output:
[2018-06-19 15:59:57,212] {base_task_runner.py:98} INFO - Subtask: [2018-06-19 15:59:57,211] {bash_operator.py:101} INFO - hello
[2018-06-19 15:59:57,213] {base_task_runner.py:98} INFO - Subtask: [2018-06-19 15:59:57,212] {bash_operator.py:105} INFO - Command exited with return code 0
