[2018-06-19 14:23:00,471] {cli.py:374} INFO - Running on host PRINHYLTPDL1167
[2018-06-19 14:23:00,627] {models.py:1197} INFO - Dependencies all met for <TaskInstance: hello_world.print_hello 2017-06-01 13:00:00 [queued]>
[2018-06-19 14:23:00,639] {models.py:1197} INFO - Dependencies all met for <TaskInstance: hello_world.print_hello 2017-06-01 13:00:00 [queued]>
[2018-06-19 14:23:00,639] {models.py:1407} INFO - 
--------------------------------------------------------------------------------
Starting attempt 1 of 2
--------------------------------------------------------------------------------

[2018-06-19 14:23:00,674] {models.py:1428} INFO - Executing <Task(BashOperator): print_hello> on 2017-06-01 13:00:00
[2018-06-19 14:23:00,675] {base_task_runner.py:115} INFO - Running: ['bash', '-c', u'airflow run hello_world print_hello 2017-06-01T13:00:00 --job_id 38 --raw -sd DAGS_FOLDER/helloWorld.py']
[2018-06-19 14:23:00,926] {base_task_runner.py:98} INFO - Subtask: /usr/local/lib/python2.7/dist-packages/psycopg2/__init__.py:144: UserWarning: The psycopg2 wheel package will be renamed from release 2.8; in order to keep installing from binary please use "pip install psycopg2-binary" instead. For details see: <http://initd.org/psycopg/docs/install.html#binary-install-from-pypi>.
[2018-06-19 14:23:00,927] {base_task_runner.py:98} INFO - Subtask:   """)
[2018-06-19 14:23:00,960] {base_task_runner.py:98} INFO - Subtask: [2018-06-19 14:23:00,959] {driver.py:120} INFO - Generating grammar tables from /usr/lib/python2.7/lib2to3/Grammar.txt
[2018-06-19 14:23:00,979] {base_task_runner.py:98} INFO - Subtask: [2018-06-19 14:23:00,979] {driver.py:120} INFO - Generating grammar tables from /usr/lib/python2.7/lib2to3/PatternGrammar.txt
[2018-06-19 14:23:01,087] {base_task_runner.py:98} INFO - Subtask: [2018-06-19 14:23:01,086] {__init__.py:45} INFO - Using executor SequentialExecutor
[2018-06-19 14:23:01,126] {base_task_runner.py:98} INFO - Subtask: [2018-06-19 14:23:01,125] {models.py:189} INFO - Filling up the DagBag from /home/charanjiths/airflow/dags/helloWorld.py
[2018-06-19 14:23:01,235] {base_task_runner.py:98} INFO - Subtask: [2018-06-19 14:23:01,235] {bash_operator.py:70} INFO - Tmp dir root location: 
[2018-06-19 14:23:01,235] {base_task_runner.py:98} INFO - Subtask:  /tmp
[2018-06-19 14:23:01,236] {base_task_runner.py:98} INFO - Subtask: [2018-06-19 14:23:01,236] {bash_operator.py:80} INFO - Temporary script location: /tmp/airflowtmpR5fHVy//tmp/airflowtmpR5fHVy/print_helloyk6BVd
[2018-06-19 14:23:01,237] {base_task_runner.py:98} INFO - Subtask: [2018-06-19 14:23:01,236] {bash_operator.py:88} INFO - Running command: echo "hello"
[2018-06-19 14:23:01,240] {base_task_runner.py:98} INFO - Subtask: [2018-06-19 14:23:01,240] {bash_operator.py:97} INFO - Output:
[2018-06-19 14:23:01,242] {base_task_runner.py:98} INFO - Subtask: [2018-06-19 14:23:01,241] {bash_operator.py:101} INFO - hello
[2018-06-19 14:23:01,243] {base_task_runner.py:98} INFO - Subtask: [2018-06-19 14:23:01,242] {bash_operator.py:105} INFO - Command exited with return code 0
[2018-06-19 15:56:43,834] {cli.py:374} INFO - Running on host PRINHYLTPDL1167
[2018-06-19 15:56:43,877] {models.py:1197} INFO - Dependencies all met for <TaskInstance: hello_world.print_hello 2017-06-01 13:00:00 [queued]>
[2018-06-19 15:56:43,885] {models.py:1197} INFO - Dependencies all met for <TaskInstance: hello_world.print_hello 2017-06-01 13:00:00 [queued]>
[2018-06-19 15:56:43,885] {models.py:1407} INFO - 
--------------------------------------------------------------------------------
Starting attempt 1 of 2
--------------------------------------------------------------------------------

[2018-06-19 15:56:43,918] {models.py:1428} INFO - Executing <Task(BashOperator): print_hello> on 2017-06-01 13:00:00
[2018-06-19 15:56:43,918] {base_task_runner.py:115} INFO - Running: ['bash', '-c', u'airflow run hello_world print_hello 2017-06-01T13:00:00 --job_id 40 --raw -sd DAGS_FOLDER/helloWorld.py']
[2018-06-19 15:56:44,129] {base_task_runner.py:98} INFO - Subtask: /usr/local/lib/python2.7/dist-packages/psycopg2/__init__.py:144: UserWarning: The psycopg2 wheel package will be renamed from release 2.8; in order to keep installing from binary please use "pip install psycopg2-binary" instead. For details see: <http://initd.org/psycopg/docs/install.html#binary-install-from-pypi>.
[2018-06-19 15:56:44,130] {base_task_runner.py:98} INFO - Subtask:   """)
[2018-06-19 15:56:44,160] {base_task_runner.py:98} INFO - Subtask: [2018-06-19 15:56:44,160] {driver.py:120} INFO - Generating grammar tables from /usr/lib/python2.7/lib2to3/Grammar.txt
[2018-06-19 15:56:44,179] {base_task_runner.py:98} INFO - Subtask: [2018-06-19 15:56:44,179] {driver.py:120} INFO - Generating grammar tables from /usr/lib/python2.7/lib2to3/PatternGrammar.txt
[2018-06-19 15:56:44,282] {base_task_runner.py:98} INFO - Subtask: [2018-06-19 15:56:44,282] {__init__.py:45} INFO - Using executor SequentialExecutor
[2018-06-19 15:56:44,320] {base_task_runner.py:98} INFO - Subtask: [2018-06-19 15:56:44,320] {models.py:189} INFO - Filling up the DagBag from /home/charanjiths/airflow/dags/helloWorld.py
[2018-06-19 15:56:44,428] {base_task_runner.py:98} INFO - Subtask: [2018-06-19 15:56:44,428] {bash_operator.py:70} INFO - Tmp dir root location: 
[2018-06-19 15:56:44,428] {base_task_runner.py:98} INFO - Subtask:  /tmp
[2018-06-19 15:56:44,429] {base_task_runner.py:98} INFO - Subtask: [2018-06-19 15:56:44,429] {bash_operator.py:80} INFO - Temporary script location: /tmp/airflowtmproPwxg//tmp/airflowtmproPwxg/print_helloWhD_ya
[2018-06-19 15:56:44,429] {base_task_runner.py:98} INFO - Subtask: [2018-06-19 15:56:44,429] {bash_operator.py:88} INFO - Running command: echo "hello"
[2018-06-19 15:56:44,432] {base_task_runner.py:98} INFO - Subtask: [2018-06-19 15:56:44,432] {bash_operator.py:97} INFO - Output:
[2018-06-19 15:56:44,434] {base_task_runner.py:98} INFO - Subtask: [2018-06-19 15:56:44,434] {bash_operator.py:101} INFO - hello
[2018-06-19 15:56:44,435] {base_task_runner.py:98} INFO - Subtask: [2018-06-19 15:56:44,435] {bash_operator.py:105} INFO - Command exited with return code 0
