[2018-06-19 14:19:58,782] {cli.py:374} INFO - Running on host PRINHYLTPDL1167
[2018-06-19 14:19:58,959] {models.py:1197} INFO - Dependencies all met for <TaskInstance: hello_world.print_world 2017-06-01 03:00:00 [queued]>
[2018-06-19 14:19:58,996] {models.py:1197} INFO - Dependencies all met for <TaskInstance: hello_world.print_world 2017-06-01 03:00:00 [queued]>
[2018-06-19 14:19:58,996] {models.py:1407} INFO - 
--------------------------------------------------------------------------------
Starting attempt 1 of 2
--------------------------------------------------------------------------------

[2018-06-19 14:19:59,017] {models.py:1428} INFO - Executing <Task(PythonOperator): print_world> on 2017-06-01 03:00:00
[2018-06-19 14:19:59,018] {base_task_runner.py:115} INFO - Running: ['bash', '-c', u'airflow run hello_world print_world 2017-06-01T03:00:00 --job_id 16 --raw -sd DAGS_FOLDER/helloWorld.py']
[2018-06-19 14:19:59,241] {base_task_runner.py:98} INFO - Subtask: /usr/local/lib/python2.7/dist-packages/psycopg2/__init__.py:144: UserWarning: The psycopg2 wheel package will be renamed from release 2.8; in order to keep installing from binary please use "pip install psycopg2-binary" instead. For details see: <http://initd.org/psycopg/docs/install.html#binary-install-from-pypi>.
[2018-06-19 14:19:59,241] {base_task_runner.py:98} INFO - Subtask:   """)
[2018-06-19 14:19:59,274] {base_task_runner.py:98} INFO - Subtask: [2018-06-19 14:19:59,274] {driver.py:120} INFO - Generating grammar tables from /usr/lib/python2.7/lib2to3/Grammar.txt
[2018-06-19 14:19:59,294] {base_task_runner.py:98} INFO - Subtask: [2018-06-19 14:19:59,294] {driver.py:120} INFO - Generating grammar tables from /usr/lib/python2.7/lib2to3/PatternGrammar.txt
[2018-06-19 14:19:59,405] {base_task_runner.py:98} INFO - Subtask: [2018-06-19 14:19:59,405] {__init__.py:45} INFO - Using executor SequentialExecutor
[2018-06-19 14:19:59,447] {base_task_runner.py:98} INFO - Subtask: [2018-06-19 14:19:59,447] {models.py:189} INFO - Filling up the DagBag from /home/charanjiths/airflow/dags/helloWorld.py
[2018-06-19 14:19:59,567] {base_task_runner.py:98} INFO - Subtask: [2018-06-19 14:19:59,566] {python_operator.py:90} INFO - Done. Returned value was: None
[2018-06-19 15:53:47,330] {cli.py:374} INFO - Running on host PRINHYLTPDL1167
[2018-06-19 15:53:47,439] {models.py:1197} INFO - Dependencies all met for <TaskInstance: hello_world.print_world 2017-06-01 03:00:00 [queued]>
[2018-06-19 15:53:47,468] {models.py:1197} INFO - Dependencies all met for <TaskInstance: hello_world.print_world 2017-06-01 03:00:00 [queued]>
[2018-06-19 15:53:47,469] {models.py:1407} INFO - 
--------------------------------------------------------------------------------
Starting attempt 1 of 2
--------------------------------------------------------------------------------

[2018-06-19 15:53:47,483] {models.py:1428} INFO - Executing <Task(PythonOperator): print_world> on 2017-06-01 03:00:00
[2018-06-19 15:53:47,483] {base_task_runner.py:115} INFO - Running: ['bash', '-c', u'airflow run hello_world print_world 2017-06-01T03:00:00 --job_id 18 --raw -sd DAGS_FOLDER/helloWorld.py']
[2018-06-19 15:53:47,693] {base_task_runner.py:98} INFO - Subtask: /usr/local/lib/python2.7/dist-packages/psycopg2/__init__.py:144: UserWarning: The psycopg2 wheel package will be renamed from release 2.8; in order to keep installing from binary please use "pip install psycopg2-binary" instead. For details see: <http://initd.org/psycopg/docs/install.html#binary-install-from-pypi>.
[2018-06-19 15:53:47,694] {base_task_runner.py:98} INFO - Subtask:   """)
[2018-06-19 15:53:47,724] {base_task_runner.py:98} INFO - Subtask: [2018-06-19 15:53:47,724] {driver.py:120} INFO - Generating grammar tables from /usr/lib/python2.7/lib2to3/Grammar.txt
[2018-06-19 15:53:47,743] {base_task_runner.py:98} INFO - Subtask: [2018-06-19 15:53:47,743] {driver.py:120} INFO - Generating grammar tables from /usr/lib/python2.7/lib2to3/PatternGrammar.txt
[2018-06-19 15:53:47,847] {base_task_runner.py:98} INFO - Subtask: [2018-06-19 15:53:47,846] {__init__.py:45} INFO - Using executor SequentialExecutor
[2018-06-19 15:53:47,884] {base_task_runner.py:98} INFO - Subtask: [2018-06-19 15:53:47,883] {models.py:189} INFO - Filling up the DagBag from /home/charanjiths/airflow/dags/helloWorld.py
[2018-06-19 15:53:47,988] {base_task_runner.py:98} INFO - Subtask: [2018-06-19 15:53:47,987] {python_operator.py:90} INFO - Done. Returned value was: None
