[2018-06-19 16:16:06,900] {cli.py:374} INFO - Running on host PRINHYLTPDL1167
[2018-06-19 16:16:06,949] {models.py:1197} INFO - Dependencies all met for <TaskInstance: hello_world.sleep 2017-06-03 12:00:00 [queued]>
[2018-06-19 16:16:07,007] {models.py:1197} INFO - Dependencies all met for <TaskInstance: hello_world.sleep 2017-06-03 12:00:00 [queued]>
[2018-06-19 16:16:07,008] {models.py:1407} INFO - 
--------------------------------------------------------------------------------
Starting attempt 1 of 2
--------------------------------------------------------------------------------

[2018-06-19 16:16:07,020] {models.py:1428} INFO - Executing <Task(BashOperator): sleep> on 2017-06-03 12:00:00
[2018-06-19 16:16:07,021] {base_task_runner.py:115} INFO - Running: ['bash', '-c', u'airflow run hello_world sleep 2017-06-03T12:00:00 --job_id 185 --raw -sd DAGS_FOLDER/helloWorld.py']
[2018-06-19 16:16:07,253] {base_task_runner.py:98} INFO - Subtask: /usr/local/lib/python2.7/dist-packages/psycopg2/__init__.py:144: UserWarning: The psycopg2 wheel package will be renamed from release 2.8; in order to keep installing from binary please use "pip install psycopg2-binary" instead. For details see: <http://initd.org/psycopg/docs/install.html#binary-install-from-pypi>.
[2018-06-19 16:16:07,253] {base_task_runner.py:98} INFO - Subtask:   """)
[2018-06-19 16:16:07,300] {base_task_runner.py:98} INFO - Subtask: [2018-06-19 16:16:07,300] {driver.py:120} INFO - Generating grammar tables from /usr/lib/python2.7/lib2to3/Grammar.txt
[2018-06-19 16:16:07,325] {base_task_runner.py:98} INFO - Subtask: [2018-06-19 16:16:07,325] {driver.py:120} INFO - Generating grammar tables from /usr/lib/python2.7/lib2to3/PatternGrammar.txt
[2018-06-19 16:16:07,446] {base_task_runner.py:98} INFO - Subtask: [2018-06-19 16:16:07,446] {__init__.py:45} INFO - Using executor SequentialExecutor
[2018-06-19 16:16:07,487] {base_task_runner.py:98} INFO - Subtask: [2018-06-19 16:16:07,486] {models.py:189} INFO - Filling up the DagBag from /home/charanjiths/airflow/dags/helloWorld.py
[2018-06-19 16:16:07,615] {base_task_runner.py:98} INFO - Subtask: [2018-06-19 16:16:07,614] {bash_operator.py:70} INFO - Tmp dir root location: 
[2018-06-19 16:16:07,615] {base_task_runner.py:98} INFO - Subtask:  /tmp
[2018-06-19 16:16:07,617] {base_task_runner.py:98} INFO - Subtask: [2018-06-19 16:16:07,616] {bash_operator.py:80} INFO - Temporary script location: /tmp/airflowtmpdef53D//tmp/airflowtmpdef53D/sleepJh4GR_
[2018-06-19 16:16:07,617] {base_task_runner.py:98} INFO - Subtask: [2018-06-19 16:16:07,617] {bash_operator.py:88} INFO - Running command: sleep 5
[2018-06-19 16:16:07,622] {base_task_runner.py:98} INFO - Subtask: [2018-06-19 16:16:07,621] {bash_operator.py:97} INFO - Output:
[2018-06-19 16:16:11,907] {helpers.py:233} INFO - Terminating descendant processes of ['/usr/bin/python', '/home/charanjiths/.local/bin/airflow', 'run', 'hello_world', 'sleep', '2017-06-03T12:00:00', '--job_id', '185', '--raw', '-sd', 'DAGS_FOLDER/helloWorld.py'] PID: 11221
[2018-06-19 16:16:11,907] {helpers.py:237} INFO - Terminating descendant process ['bash', '/tmp/airflowtmpdef53D/sleepJh4GR_'] PID: 11229
[2018-06-19 16:16:11,914] {helpers.py:195} ERROR - 
[2018-06-19 16:16:11,914] {helpers.py:196} INFO - Killed process 11229 with signal 15
[2018-06-19 16:16:11,914] {helpers.py:237} INFO - Terminating descendant process ['sleep', '5'] PID: 11230
[2018-06-19 16:16:11,920] {helpers.py:195} ERROR - 
[2018-06-19 16:16:11,921] {helpers.py:196} INFO - Killed process 11230 with signal 15
[2018-06-19 16:16:11,921] {helpers.py:242} INFO - Waiting up to 60s for processes to exit...
[2018-06-19 16:16:11,934] {base_task_runner.py:98} INFO - Subtask: Traceback (most recent call last):
[2018-06-19 16:16:11,934] {base_task_runner.py:98} INFO - Subtask:   File "/home/charanjiths/.local/bin/airflow", line 27, in <module>
[2018-06-19 16:16:11,935] {base_task_runner.py:98} INFO - Subtask:     args.func(args)
[2018-06-19 16:16:11,935] {base_task_runner.py:98} INFO - Subtask:   File "/home/charanjiths/.local/lib/python2.7/site-packages/airflow/bin/cli.py", line 392, in run
[2018-06-19 16:16:11,935] {base_task_runner.py:98} INFO - Subtask:     pool=args.pool,
[2018-06-19 16:16:11,936] {base_task_runner.py:98} INFO - Subtask:   File "/home/charanjiths/.local/lib/python2.7/site-packages/airflow/utils/db.py", line 50, in wrapper
[2018-06-19 16:16:11,936] {base_task_runner.py:98} INFO - Subtask:     result = func(*args, **kwargs)
[2018-06-19 16:16:11,936] {base_task_runner.py:98} INFO - Subtask:   File "/home/charanjiths/.local/lib/python2.7/site-packages/airflow/models.py", line 1493, in _run_raw_task
[2018-06-19 16:16:11,936] {base_task_runner.py:98} INFO - Subtask:     result = task_copy.execute(context=context)
[2018-06-19 16:16:11,937] {base_task_runner.py:98} INFO - Subtask:   File "/home/charanjiths/.local/lib/python2.7/site-packages/airflow/operators/bash_operator.py", line 99, in execute
[2018-06-19 16:16:11,937] {base_task_runner.py:98} INFO - Subtask:     for line in iter(sp.stdout.readline, b''):
[2018-06-19 16:16:11,937] {base_task_runner.py:98} INFO - Subtask: KeyboardInterrupt
[2018-06-19 16:16:11,974] {helpers.py:245} INFO - Done waiting
