[2018-06-19 16:11:35,695] {cli.py:374} INFO - Running on host PRINHYLTPDL1167
[2018-06-19 16:11:35,753] {models.py:1197} INFO - Dependencies all met for <TaskInstance: hello_world.print_hello 2017-06-03 02:00:00 [queued]>
[2018-06-19 16:11:35,768] {models.py:1197} INFO - Dependencies all met for <TaskInstance: hello_world.print_hello 2017-06-03 02:00:00 [queued]>
[2018-06-19 16:11:35,768] {models.py:1407} INFO - 
--------------------------------------------------------------------------------
Starting attempt 1 of 2
--------------------------------------------------------------------------------

[2018-06-19 16:11:35,801] {models.py:1428} INFO - Executing <Task(BashOperator): print_hello> on 2017-06-03 02:00:00
[2018-06-19 16:11:35,801] {base_task_runner.py:115} INFO - Running: ['bash', '-c', u'airflow run hello_world print_hello 2017-06-03T02:00:00 --job_id 151 --raw -sd DAGS_FOLDER/helloWorld.py']
[2018-06-19 16:11:36,015] {base_task_runner.py:98} INFO - Subtask: /usr/local/lib/python2.7/dist-packages/psycopg2/__init__.py:144: UserWarning: The psycopg2 wheel package will be renamed from release 2.8; in order to keep installing from binary please use "pip install psycopg2-binary" instead. For details see: <http://initd.org/psycopg/docs/install.html#binary-install-from-pypi>.
[2018-06-19 16:11:36,016] {base_task_runner.py:98} INFO - Subtask:   """)
[2018-06-19 16:11:36,046] {base_task_runner.py:98} INFO - Subtask: [2018-06-19 16:11:36,046] {driver.py:120} INFO - Generating grammar tables from /usr/lib/python2.7/lib2to3/Grammar.txt
[2018-06-19 16:11:36,065] {base_task_runner.py:98} INFO - Subtask: [2018-06-19 16:11:36,065] {driver.py:120} INFO - Generating grammar tables from /usr/lib/python2.7/lib2to3/PatternGrammar.txt
[2018-06-19 16:11:36,168] {base_task_runner.py:98} INFO - Subtask: [2018-06-19 16:11:36,168] {__init__.py:45} INFO - Using executor SequentialExecutor
[2018-06-19 16:11:36,206] {base_task_runner.py:98} INFO - Subtask: [2018-06-19 16:11:36,206] {models.py:189} INFO - Filling up the DagBag from /home/charanjiths/airflow/dags/helloWorld.py
[2018-06-19 16:11:36,311] {base_task_runner.py:98} INFO - Subtask: [2018-06-19 16:11:36,311] {bash_operator.py:70} INFO - Tmp dir root location: 
[2018-06-19 16:11:36,311] {base_task_runner.py:98} INFO - Subtask:  /tmp
[2018-06-19 16:11:36,312] {base_task_runner.py:98} INFO - Subtask: [2018-06-19 16:11:36,312] {bash_operator.py:80} INFO - Temporary script location: /tmp/airflowtmpahmCqI//tmp/airflowtmpahmCqI/print_hellogXlDeu
[2018-06-19 16:11:36,312] {base_task_runner.py:98} INFO - Subtask: [2018-06-19 16:11:36,312] {bash_operator.py:88} INFO - Running command: echo "hello"
[2018-06-19 16:11:36,315] {base_task_runner.py:98} INFO - Subtask: [2018-06-19 16:11:36,315] {bash_operator.py:97} INFO - Output:
[2018-06-19 16:11:36,317] {base_task_runner.py:98} INFO - Subtask: [2018-06-19 16:11:36,317] {bash_operator.py:101} INFO - hello
[2018-06-19 16:11:36,318] {base_task_runner.py:98} INFO - Subtask: [2018-06-19 16:11:36,318] {bash_operator.py:105} INFO - Command exited with return code 0
