[2018-06-19 16:34:19,192] {cli.py:374} INFO - Running on host PRINHYLTPDL1167
[2018-06-19 16:34:19,255] {models.py:1197} INFO - Dependencies all met for <TaskInstance: hello_world_1.dummy_task 2018-06-17 12:00:00 [queued]>
[2018-06-19 16:34:19,272] {models.py:1197} INFO - Dependencies all met for <TaskInstance: hello_world_1.dummy_task 2018-06-17 12:00:00 [queued]>
[2018-06-19 16:34:19,273] {models.py:1407} INFO - 
--------------------------------------------------------------------------------
Starting attempt 1 of 4
--------------------------------------------------------------------------------

[2018-06-19 16:34:19,337] {models.py:1428} INFO - Executing <Task(DummyOperator): dummy_task> on 2018-06-17 12:00:00
[2018-06-19 16:34:19,337] {base_task_runner.py:115} INFO - Running: ['bash', '-c', u'airflow run hello_world_1 dummy_task 2018-06-17T12:00:00 --job_id 2 --raw -sd DAGS_FOLDER/hello_world.py']
[2018-06-19 16:34:19,555] {base_task_runner.py:98} INFO - Subtask: /usr/local/lib/python2.7/dist-packages/psycopg2/__init__.py:144: UserWarning: The psycopg2 wheel package will be renamed from release 2.8; in order to keep installing from binary please use "pip install psycopg2-binary" instead. For details see: <http://initd.org/psycopg/docs/install.html#binary-install-from-pypi>.
[2018-06-19 16:34:19,555] {base_task_runner.py:98} INFO - Subtask:   """)
[2018-06-19 16:34:19,589] {base_task_runner.py:98} INFO - Subtask: [2018-06-19 16:34:19,588] {driver.py:120} INFO - Generating grammar tables from /usr/lib/python2.7/lib2to3/Grammar.txt
[2018-06-19 16:34:19,609] {base_task_runner.py:98} INFO - Subtask: [2018-06-19 16:34:19,608] {driver.py:120} INFO - Generating grammar tables from /usr/lib/python2.7/lib2to3/PatternGrammar.txt
[2018-06-19 16:34:19,728] {base_task_runner.py:98} INFO - Subtask: [2018-06-19 16:34:19,728] {__init__.py:45} INFO - Using executor SequentialExecutor
[2018-06-19 16:34:19,772] {base_task_runner.py:98} INFO - Subtask: [2018-06-19 16:34:19,771] {models.py:189} INFO - Filling up the DagBag from /home/charanjiths/airflow/dags/hello_world.py
[2018-06-19 16:38:53,789] {cli.py:374} INFO - Running on host PRINHYLTPDL1167
[2018-06-19 16:38:53,841] {models.py:1197} INFO - Dependencies all met for <TaskInstance: hello_world_1.dummy_task 2018-06-17 12:00:00 [queued]>
[2018-06-19 16:38:53,848] {models.py:1197} INFO - Dependencies all met for <TaskInstance: hello_world_1.dummy_task 2018-06-17 12:00:00 [queued]>
[2018-06-19 16:38:53,848] {models.py:1407} INFO - 
--------------------------------------------------------------------------------
Starting attempt 1 of 4
--------------------------------------------------------------------------------

[2018-06-19 16:38:53,883] {models.py:1428} INFO - Executing <Task(DummyOperator): dummy_task> on 2018-06-17 12:00:00
[2018-06-19 16:38:53,884] {base_task_runner.py:115} INFO - Running: ['bash', '-c', u'airflow run hello_world_1 dummy_task 2018-06-17T12:00:00 --job_id 2 --raw -sd DAGS_FOLDER/hello_world.py']
[2018-06-19 16:38:54,170] {base_task_runner.py:98} INFO - Subtask: /usr/local/lib/python2.7/dist-packages/psycopg2/__init__.py:144: UserWarning: The psycopg2 wheel package will be renamed from release 2.8; in order to keep installing from binary please use "pip install psycopg2-binary" instead. For details see: <http://initd.org/psycopg/docs/install.html#binary-install-from-pypi>.
[2018-06-19 16:38:54,171] {base_task_runner.py:98} INFO - Subtask:   """)
[2018-06-19 16:38:54,203] {base_task_runner.py:98} INFO - Subtask: [2018-06-19 16:38:54,202] {driver.py:120} INFO - Generating grammar tables from /usr/lib/python2.7/lib2to3/Grammar.txt
[2018-06-19 16:38:54,223] {base_task_runner.py:98} INFO - Subtask: [2018-06-19 16:38:54,223] {driver.py:120} INFO - Generating grammar tables from /usr/lib/python2.7/lib2to3/PatternGrammar.txt
[2018-06-19 16:38:54,337] {base_task_runner.py:98} INFO - Subtask: [2018-06-19 16:38:54,337] {__init__.py:45} INFO - Using executor SequentialExecutor
[2018-06-19 16:38:54,383] {base_task_runner.py:98} INFO - Subtask: [2018-06-19 16:38:54,382] {models.py:189} INFO - Filling up the DagBag from /home/charanjiths/airflow/dags/hello_world.py
[2018-06-19 16:51:36,377] {cli.py:374} INFO - Running on host PRINHYLTPDL1167
[2018-06-19 16:51:36,443] {models.py:1197} INFO - Dependencies all met for <TaskInstance: hello_world_1.dummy_task 2018-06-17 12:00:00 [queued]>
[2018-06-19 16:51:36,461] {models.py:1197} INFO - Dependencies all met for <TaskInstance: hello_world_1.dummy_task 2018-06-17 12:00:00 [queued]>
[2018-06-19 16:51:36,461] {models.py:1407} INFO - 
--------------------------------------------------------------------------------
Starting attempt 1 of 4
--------------------------------------------------------------------------------

[2018-06-19 16:51:36,505] {models.py:1428} INFO - Executing <Task(DummyOperator): dummy_task> on 2018-06-17 12:00:00
[2018-06-19 16:51:36,505] {base_task_runner.py:115} INFO - Running: ['bash', '-c', u'airflow run hello_world_1 dummy_task 2018-06-17T12:00:00 --job_id 4 --raw -sd DAGS_FOLDER/hello_world.py']
[2018-06-19 16:51:36,815] {base_task_runner.py:98} INFO - Subtask: /usr/local/lib/python2.7/dist-packages/psycopg2/__init__.py:144: UserWarning: The psycopg2 wheel package will be renamed from release 2.8; in order to keep installing from binary please use "pip install psycopg2-binary" instead. For details see: <http://initd.org/psycopg/docs/install.html#binary-install-from-pypi>.
[2018-06-19 16:51:36,815] {base_task_runner.py:98} INFO - Subtask:   """)
[2018-06-19 16:51:36,858] {base_task_runner.py:98} INFO - Subtask: [2018-06-19 16:51:36,858] {driver.py:120} INFO - Generating grammar tables from /usr/lib/python2.7/lib2to3/Grammar.txt
[2018-06-19 16:51:36,881] {base_task_runner.py:98} INFO - Subtask: [2018-06-19 16:51:36,881] {driver.py:120} INFO - Generating grammar tables from /usr/lib/python2.7/lib2to3/PatternGrammar.txt
[2018-06-19 16:51:37,010] {base_task_runner.py:98} INFO - Subtask: [2018-06-19 16:51:37,010] {__init__.py:45} INFO - Using executor SequentialExecutor
[2018-06-19 16:51:37,053] {base_task_runner.py:98} INFO - Subtask: [2018-06-19 16:51:37,053] {models.py:189} INFO - Filling up the DagBag from /home/charanjiths/airflow/dags/hello_world.py
