[2018-06-19 14:21:02,997] {cli.py:374} INFO - Running on host PRINHYLTPDL1167
[2018-06-19 14:21:03,184] {models.py:1197} INFO - Dependencies all met for <TaskInstance: hello_world.sleep 2017-06-01 07:00:00 [queued]>
[2018-06-19 14:21:03,222] {models.py:1197} INFO - Dependencies all met for <TaskInstance: hello_world.sleep 2017-06-01 07:00:00 [queued]>
[2018-06-19 14:21:03,222] {models.py:1407} INFO - 
--------------------------------------------------------------------------------
Starting attempt 1 of 2
--------------------------------------------------------------------------------

[2018-06-19 14:21:03,243] {models.py:1428} INFO - Executing <Task(BashOperator): sleep> on 2017-06-01 07:00:00
[2018-06-19 14:21:03,243] {base_task_runner.py:115} INFO - Running: ['bash', '-c', u'airflow run hello_world sleep 2017-06-01T07:00:00 --job_id 24 --raw -sd DAGS_FOLDER/helloWorld.py']
[2018-06-19 14:21:03,513] {base_task_runner.py:98} INFO - Subtask: /usr/local/lib/python2.7/dist-packages/psycopg2/__init__.py:144: UserWarning: The psycopg2 wheel package will be renamed from release 2.8; in order to keep installing from binary please use "pip install psycopg2-binary" instead. For details see: <http://initd.org/psycopg/docs/install.html#binary-install-from-pypi>.
[2018-06-19 14:21:03,514] {base_task_runner.py:98} INFO - Subtask:   """)
[2018-06-19 14:21:03,552] {base_task_runner.py:98} INFO - Subtask: [2018-06-19 14:21:03,552] {driver.py:120} INFO - Generating grammar tables from /usr/lib/python2.7/lib2to3/Grammar.txt
[2018-06-19 14:21:03,582] {base_task_runner.py:98} INFO - Subtask: [2018-06-19 14:21:03,580] {driver.py:120} INFO - Generating grammar tables from /usr/lib/python2.7/lib2to3/PatternGrammar.txt
[2018-06-19 14:21:03,700] {base_task_runner.py:98} INFO - Subtask: [2018-06-19 14:21:03,700] {__init__.py:45} INFO - Using executor SequentialExecutor
[2018-06-19 14:21:03,747] {base_task_runner.py:98} INFO - Subtask: [2018-06-19 14:21:03,747] {models.py:189} INFO - Filling up the DagBag from /home/charanjiths/airflow/dags/helloWorld.py
[2018-06-19 14:21:03,877] {base_task_runner.py:98} INFO - Subtask: [2018-06-19 14:21:03,877] {bash_operator.py:70} INFO - Tmp dir root location: 
[2018-06-19 14:21:03,877] {base_task_runner.py:98} INFO - Subtask:  /tmp
[2018-06-19 14:21:03,878] {base_task_runner.py:98} INFO - Subtask: [2018-06-19 14:21:03,878] {bash_operator.py:80} INFO - Temporary script location: /tmp/airflowtmpNANpbI//tmp/airflowtmpNANpbI/sleepOfScAv
[2018-06-19 14:21:03,879] {base_task_runner.py:98} INFO - Subtask: [2018-06-19 14:21:03,878] {bash_operator.py:88} INFO - Running command: sleep 5
[2018-06-19 14:21:03,884] {base_task_runner.py:98} INFO - Subtask: [2018-06-19 14:21:03,884] {bash_operator.py:97} INFO - Output:
[2018-06-19 14:21:08,892] {base_task_runner.py:98} INFO - Subtask: [2018-06-19 14:21:08,891] {bash_operator.py:105} INFO - Command exited with return code 0
[2018-06-19 15:54:48,970] {cli.py:374} INFO - Running on host PRINHYLTPDL1167
[2018-06-19 15:54:49,043] {models.py:1197} INFO - Dependencies all met for <TaskInstance: hello_world.sleep 2017-06-01 07:00:00 [queued]>
[2018-06-19 15:54:49,073] {models.py:1197} INFO - Dependencies all met for <TaskInstance: hello_world.sleep 2017-06-01 07:00:00 [queued]>
[2018-06-19 15:54:49,074] {models.py:1407} INFO - 
--------------------------------------------------------------------------------
Starting attempt 1 of 2
--------------------------------------------------------------------------------

[2018-06-19 15:54:49,084] {models.py:1428} INFO - Executing <Task(BashOperator): sleep> on 2017-06-01 07:00:00
[2018-06-19 15:54:49,084] {base_task_runner.py:115} INFO - Running: ['bash', '-c', u'airflow run hello_world sleep 2017-06-01T07:00:00 --job_id 26 --raw -sd DAGS_FOLDER/helloWorld.py']
[2018-06-19 15:54:49,293] {base_task_runner.py:98} INFO - Subtask: /usr/local/lib/python2.7/dist-packages/psycopg2/__init__.py:144: UserWarning: The psycopg2 wheel package will be renamed from release 2.8; in order to keep installing from binary please use "pip install psycopg2-binary" instead. For details see: <http://initd.org/psycopg/docs/install.html#binary-install-from-pypi>.
[2018-06-19 15:54:49,294] {base_task_runner.py:98} INFO - Subtask:   """)
[2018-06-19 15:54:49,324] {base_task_runner.py:98} INFO - Subtask: [2018-06-19 15:54:49,324] {driver.py:120} INFO - Generating grammar tables from /usr/lib/python2.7/lib2to3/Grammar.txt
[2018-06-19 15:54:49,344] {base_task_runner.py:98} INFO - Subtask: [2018-06-19 15:54:49,343] {driver.py:120} INFO - Generating grammar tables from /usr/lib/python2.7/lib2to3/PatternGrammar.txt
[2018-06-19 15:54:49,447] {base_task_runner.py:98} INFO - Subtask: [2018-06-19 15:54:49,446] {__init__.py:45} INFO - Using executor SequentialExecutor
[2018-06-19 15:54:49,484] {base_task_runner.py:98} INFO - Subtask: [2018-06-19 15:54:49,483] {models.py:189} INFO - Filling up the DagBag from /home/charanjiths/airflow/dags/helloWorld.py
[2018-06-19 15:54:49,590] {base_task_runner.py:98} INFO - Subtask: [2018-06-19 15:54:49,589] {bash_operator.py:70} INFO - Tmp dir root location: 
[2018-06-19 15:54:49,590] {base_task_runner.py:98} INFO - Subtask:  /tmp
[2018-06-19 15:54:49,590] {base_task_runner.py:98} INFO - Subtask: [2018-06-19 15:54:49,590] {bash_operator.py:80} INFO - Temporary script location: /tmp/airflowtmpnbPRI6//tmp/airflowtmpnbPRI6/sleepSxLHFk
[2018-06-19 15:54:49,591] {base_task_runner.py:98} INFO - Subtask: [2018-06-19 15:54:49,590] {bash_operator.py:88} INFO - Running command: sleep 5
[2018-06-19 15:54:49,593] {base_task_runner.py:98} INFO - Subtask: [2018-06-19 15:54:49,593] {bash_operator.py:97} INFO - Output:
[2018-06-19 15:54:54,598] {base_task_runner.py:98} INFO - Subtask: [2018-06-19 15:54:54,598] {bash_operator.py:105} INFO - Command exited with return code 0
