[2018-06-19 12:41:23,625] {cli.py:374} INFO - Running on host PRINHYLTPDL1167
[2018-06-19 12:41:23,795] {models.py:1197} INFO - Dependencies all met for <TaskInstance: tutorial_backup.print_date 2018-06-17 00:00:00 [queued]>
[2018-06-19 12:41:23,811] {models.py:1197} INFO - Dependencies all met for <TaskInstance: tutorial_backup.print_date 2018-06-17 00:00:00 [queued]>
[2018-06-19 12:41:23,811] {models.py:1407} INFO - 
--------------------------------------------------------------------------------
Starting attempt 1 of 2
--------------------------------------------------------------------------------

[2018-06-19 12:41:23,844] {models.py:1428} INFO - Executing <Task(BashOperator): print_date> on 2018-06-17 00:00:00
[2018-06-19 12:41:23,845] {base_task_runner.py:115} INFO - Running: ['bash', '-c', u'airflow run tutorial_backup print_date 2018-06-17T00:00:00 --job_id 4 --raw -sd DAGS_FOLDER/charan_backup.py']
[2018-06-19 12:41:24,057] {base_task_runner.py:98} INFO - Subtask: /usr/local/lib/python2.7/dist-packages/psycopg2/__init__.py:144: UserWarning: The psycopg2 wheel package will be renamed from release 2.8; in order to keep installing from binary please use "pip install psycopg2-binary" instead. For details see: <http://initd.org/psycopg/docs/install.html#binary-install-from-pypi>.
[2018-06-19 12:41:24,057] {base_task_runner.py:98} INFO - Subtask:   """)
[2018-06-19 12:41:24,089] {base_task_runner.py:98} INFO - Subtask: [2018-06-19 12:41:24,089] {driver.py:120} INFO - Generating grammar tables from /usr/lib/python2.7/lib2to3/Grammar.txt
[2018-06-19 12:41:24,108] {base_task_runner.py:98} INFO - Subtask: [2018-06-19 12:41:24,108] {driver.py:120} INFO - Generating grammar tables from /usr/lib/python2.7/lib2to3/PatternGrammar.txt
[2018-06-19 12:41:24,216] {base_task_runner.py:98} INFO - Subtask: [2018-06-19 12:41:24,215] {__init__.py:45} INFO - Using executor SequentialExecutor
[2018-06-19 12:41:24,255] {base_task_runner.py:98} INFO - Subtask: [2018-06-19 12:41:24,254] {models.py:189} INFO - Filling up the DagBag from /home/charanjiths/airflow/dags/charan_backup.py
[2018-06-19 12:41:24,359] {base_task_runner.py:98} INFO - Subtask: [2018-06-19 12:41:24,359] {bash_operator.py:70} INFO - Tmp dir root location: 
[2018-06-19 12:41:24,359] {base_task_runner.py:98} INFO - Subtask:  /tmp
[2018-06-19 12:41:24,360] {base_task_runner.py:98} INFO - Subtask: [2018-06-19 12:41:24,360] {bash_operator.py:80} INFO - Temporary script location: /tmp/airflowtmp_4pC6z//tmp/airflowtmp_4pC6z/print_datelOp_vk
[2018-06-19 12:41:24,360] {base_task_runner.py:98} INFO - Subtask: [2018-06-19 12:41:24,360] {bash_operator.py:88} INFO - Running command: date
[2018-06-19 12:41:24,363] {base_task_runner.py:98} INFO - Subtask: [2018-06-19 12:41:24,362] {bash_operator.py:97} INFO - Output:
[2018-06-19 12:41:24,365] {base_task_runner.py:98} INFO - Subtask: [2018-06-19 12:41:24,364] {bash_operator.py:101} INFO - Tue Jun 19 12:41:24 IST 2018
[2018-06-19 12:41:24,366] {base_task_runner.py:98} INFO - Subtask: [2018-06-19 12:41:24,365] {bash_operator.py:105} INFO - Command exited with return code 0
[2018-06-19 13:45:44,427] {cli.py:374} INFO - Running on host PRINHYLTPDL1167
[2018-06-19 13:45:44,594] {models.py:1197} INFO - Dependencies all met for <TaskInstance: tutorial_backup.print_date 2018-06-17 00:00:00 [queued]>
[2018-06-19 13:45:44,600] {models.py:1197} INFO - Dependencies all met for <TaskInstance: tutorial_backup.print_date 2018-06-17 00:00:00 [queued]>
[2018-06-19 13:45:44,601] {models.py:1407} INFO - 
--------------------------------------------------------------------------------
Starting attempt 1 of 2
--------------------------------------------------------------------------------

[2018-06-19 13:45:44,634] {models.py:1428} INFO - Executing <Task(BashOperator): print_date> on 2018-06-17 00:00:00
[2018-06-19 13:45:44,634] {base_task_runner.py:115} INFO - Running: ['bash', '-c', u'airflow run tutorial_backup print_date 2018-06-17T00:00:00 --job_id 2 --raw -sd DAGS_FOLDER/charan_backup.py']
[2018-06-19 13:45:44,847] {base_task_runner.py:98} INFO - Subtask: /usr/local/lib/python2.7/dist-packages/psycopg2/__init__.py:144: UserWarning: The psycopg2 wheel package will be renamed from release 2.8; in order to keep installing from binary please use "pip install psycopg2-binary" instead. For details see: <http://initd.org/psycopg/docs/install.html#binary-install-from-pypi>.
[2018-06-19 13:45:44,847] {base_task_runner.py:98} INFO - Subtask:   """)
[2018-06-19 13:45:44,880] {base_task_runner.py:98} INFO - Subtask: [2018-06-19 13:45:44,879] {driver.py:120} INFO - Generating grammar tables from /usr/lib/python2.7/lib2to3/Grammar.txt
[2018-06-19 13:45:44,899] {base_task_runner.py:98} INFO - Subtask: [2018-06-19 13:45:44,899] {driver.py:120} INFO - Generating grammar tables from /usr/lib/python2.7/lib2to3/PatternGrammar.txt
[2018-06-19 13:45:45,004] {base_task_runner.py:98} INFO - Subtask: [2018-06-19 13:45:45,004] {__init__.py:45} INFO - Using executor SequentialExecutor
[2018-06-19 13:45:45,044] {base_task_runner.py:98} INFO - Subtask: [2018-06-19 13:45:45,044] {models.py:189} INFO - Filling up the DagBag from /home/charanjiths/airflow/dags/charan_backup.py
[2018-06-19 13:45:45,156] {base_task_runner.py:98} INFO - Subtask: [2018-06-19 13:45:45,156] {bash_operator.py:70} INFO - Tmp dir root location: 
[2018-06-19 13:45:45,156] {base_task_runner.py:98} INFO - Subtask:  /tmp
[2018-06-19 13:45:45,157] {base_task_runner.py:98} INFO - Subtask: [2018-06-19 13:45:45,157] {bash_operator.py:80} INFO - Temporary script location: /tmp/airflowtmp_tXw2k//tmp/airflowtmp_tXw2k/print_dateLAOmYX
[2018-06-19 13:45:45,157] {base_task_runner.py:98} INFO - Subtask: [2018-06-19 13:45:45,157] {bash_operator.py:88} INFO - Running command: date
[2018-06-19 13:45:45,160] {base_task_runner.py:98} INFO - Subtask: [2018-06-19 13:45:45,159] {bash_operator.py:97} INFO - Output:
[2018-06-19 13:45:45,164] {base_task_runner.py:98} INFO - Subtask: [2018-06-19 13:45:45,164] {bash_operator.py:101} INFO - Tue Jun 19 13:45:45 IST 2018
[2018-06-19 13:45:45,165] {base_task_runner.py:98} INFO - Subtask: [2018-06-19 13:45:45,165] {bash_operator.py:105} INFO - Command exited with return code 0
