[2018-06-19 14:24:06,578] {cli.py:374} INFO - Running on host PRINHYLTPDL1167
[2018-06-19 14:24:06,731] {models.py:1197} INFO - Dependencies all met for <TaskInstance: hello_world.print_world 2017-06-01 13:00:00 [queued]>
[2018-06-19 14:24:06,777] {models.py:1197} INFO - Dependencies all met for <TaskInstance: hello_world.print_world 2017-06-01 13:00:00 [queued]>
[2018-06-19 14:24:06,777] {models.py:1407} INFO - 
--------------------------------------------------------------------------------
Starting attempt 1 of 2
--------------------------------------------------------------------------------

[2018-06-19 14:24:06,803] {models.py:1428} INFO - Executing <Task(PythonOperator): print_world> on 2017-06-01 13:00:00
[2018-06-19 14:24:06,803] {base_task_runner.py:115} INFO - Running: ['bash', '-c', u'airflow run hello_world print_world 2017-06-01T13:00:00 --job_id 46 --raw -sd DAGS_FOLDER/helloWorld.py']
[2018-06-19 14:24:07,026] {base_task_runner.py:98} INFO - Subtask: /usr/local/lib/python2.7/dist-packages/psycopg2/__init__.py:144: UserWarning: The psycopg2 wheel package will be renamed from release 2.8; in order to keep installing from binary please use "pip install psycopg2-binary" instead. For details see: <http://initd.org/psycopg/docs/install.html#binary-install-from-pypi>.
[2018-06-19 14:24:07,027] {base_task_runner.py:98} INFO - Subtask:   """)
[2018-06-19 14:24:07,059] {base_task_runner.py:98} INFO - Subtask: [2018-06-19 14:24:07,058] {driver.py:120} INFO - Generating grammar tables from /usr/lib/python2.7/lib2to3/Grammar.txt
[2018-06-19 14:24:07,078] {base_task_runner.py:98} INFO - Subtask: [2018-06-19 14:24:07,078] {driver.py:120} INFO - Generating grammar tables from /usr/lib/python2.7/lib2to3/PatternGrammar.txt
[2018-06-19 14:24:07,186] {base_task_runner.py:98} INFO - Subtask: [2018-06-19 14:24:07,185] {__init__.py:45} INFO - Using executor SequentialExecutor
[2018-06-19 14:24:07,224] {base_task_runner.py:98} INFO - Subtask: [2018-06-19 14:24:07,224] {models.py:189} INFO - Filling up the DagBag from /home/charanjiths/airflow/dags/helloWorld.py
[2018-06-19 14:24:07,330] {base_task_runner.py:98} INFO - Subtask: [2018-06-19 14:24:07,329] {python_operator.py:90} INFO - Done. Returned value was: None
[2018-06-19 15:57:48,348] {cli.py:374} INFO - Running on host PRINHYLTPDL1167
[2018-06-19 15:57:48,439] {models.py:1197} INFO - Dependencies all met for <TaskInstance: hello_world.print_world 2017-06-01 13:00:00 [queued]>
[2018-06-19 15:57:48,479] {models.py:1197} INFO - Dependencies all met for <TaskInstance: hello_world.print_world 2017-06-01 13:00:00 [queued]>
[2018-06-19 15:57:48,479] {models.py:1407} INFO - 
--------------------------------------------------------------------------------
Starting attempt 1 of 2
--------------------------------------------------------------------------------

[2018-06-19 15:57:48,497] {models.py:1428} INFO - Executing <Task(PythonOperator): print_world> on 2017-06-01 13:00:00
[2018-06-19 15:57:48,498] {base_task_runner.py:115} INFO - Running: ['bash', '-c', u'airflow run hello_world print_world 2017-06-01T13:00:00 --job_id 48 --raw -sd DAGS_FOLDER/helloWorld.py']
[2018-06-19 15:57:48,707] {base_task_runner.py:98} INFO - Subtask: /usr/local/lib/python2.7/dist-packages/psycopg2/__init__.py:144: UserWarning: The psycopg2 wheel package will be renamed from release 2.8; in order to keep installing from binary please use "pip install psycopg2-binary" instead. For details see: <http://initd.org/psycopg/docs/install.html#binary-install-from-pypi>.
[2018-06-19 15:57:48,708] {base_task_runner.py:98} INFO - Subtask:   """)
[2018-06-19 15:57:48,738] {base_task_runner.py:98} INFO - Subtask: [2018-06-19 15:57:48,737] {driver.py:120} INFO - Generating grammar tables from /usr/lib/python2.7/lib2to3/Grammar.txt
[2018-06-19 15:57:48,757] {base_task_runner.py:98} INFO - Subtask: [2018-06-19 15:57:48,757] {driver.py:120} INFO - Generating grammar tables from /usr/lib/python2.7/lib2to3/PatternGrammar.txt
[2018-06-19 15:57:48,859] {base_task_runner.py:98} INFO - Subtask: [2018-06-19 15:57:48,859] {__init__.py:45} INFO - Using executor SequentialExecutor
[2018-06-19 15:57:48,897] {base_task_runner.py:98} INFO - Subtask: [2018-06-19 15:57:48,897] {models.py:189} INFO - Filling up the DagBag from /home/charanjiths/airflow/dags/helloWorld.py
[2018-06-19 15:57:49,003] {base_task_runner.py:98} INFO - Subtask: [2018-06-19 15:57:49,003] {python_operator.py:90} INFO - Done. Returned value was: None
