[2018-06-19 12:41:55,871] {cli.py:374} INFO - Running on host PRINHYLTPDL1167
[2018-06-19 12:41:56,057] {models.py:1197} INFO - Dependencies all met for <TaskInstance: tutorial_backup.templated 2018-06-17 00:00:00 [queued]>
[2018-06-19 12:41:56,093] {models.py:1197} INFO - Dependencies all met for <TaskInstance: tutorial_backup.templated 2018-06-17 00:00:00 [queued]>
[2018-06-19 12:41:56,093] {models.py:1407} INFO - 
--------------------------------------------------------------------------------
Starting attempt 1 of 2
--------------------------------------------------------------------------------

[2018-06-19 12:41:56,111] {models.py:1428} INFO - Executing <Task(BashOperator): templated> on 2018-06-17 00:00:00
[2018-06-19 12:41:56,112] {base_task_runner.py:115} INFO - Running: ['bash', '-c', u'airflow run tutorial_backup templated 2018-06-17T00:00:00 --job_id 9 --raw -sd DAGS_FOLDER/charan_backup.py']
[2018-06-19 12:41:56,410] {base_task_runner.py:98} INFO - Subtask: /usr/local/lib/python2.7/dist-packages/psycopg2/__init__.py:144: UserWarning: The psycopg2 wheel package will be renamed from release 2.8; in order to keep installing from binary please use "pip install psycopg2-binary" instead. For details see: <http://initd.org/psycopg/docs/install.html#binary-install-from-pypi>.
[2018-06-19 12:41:56,411] {base_task_runner.py:98} INFO - Subtask:   """)
[2018-06-19 12:41:56,457] {base_task_runner.py:98} INFO - Subtask: [2018-06-19 12:41:56,456] {driver.py:120} INFO - Generating grammar tables from /usr/lib/python2.7/lib2to3/Grammar.txt
[2018-06-19 12:41:56,481] {base_task_runner.py:98} INFO - Subtask: [2018-06-19 12:41:56,480] {driver.py:120} INFO - Generating grammar tables from /usr/lib/python2.7/lib2to3/PatternGrammar.txt
[2018-06-19 12:41:56,616] {base_task_runner.py:98} INFO - Subtask: [2018-06-19 12:41:56,615] {__init__.py:45} INFO - Using executor SequentialExecutor
[2018-06-19 12:41:56,669] {base_task_runner.py:98} INFO - Subtask: [2018-06-19 12:41:56,669] {models.py:189} INFO - Filling up the DagBag from /home/charanjiths/airflow/dags/charan_backup.py
[2018-06-19 12:41:56,819] {base_task_runner.py:98} INFO - Subtask: [2018-06-19 12:41:56,819] {bash_operator.py:70} INFO - Tmp dir root location: 
[2018-06-19 12:41:56,819] {base_task_runner.py:98} INFO - Subtask:  /tmp
[2018-06-19 12:41:56,821] {base_task_runner.py:98} INFO - Subtask: [2018-06-19 12:41:56,821] {bash_operator.py:80} INFO - Temporary script location: /tmp/airflowtmpsMaaJU//tmp/airflowtmpsMaaJU/templateduAo6Id
[2018-06-19 12:41:56,822] {base_task_runner.py:98} INFO - Subtask: [2018-06-19 12:41:56,822] {bash_operator.py:88} INFO - Running command: 
[2018-06-19 12:41:56,822] {base_task_runner.py:98} INFO - Subtask: 
[2018-06-19 12:41:56,823] {base_task_runner.py:98} INFO - Subtask:     echo "2018-06-17"
[2018-06-19 12:41:56,823] {base_task_runner.py:98} INFO - Subtask:     echo "2018-06-24"
[2018-06-19 12:41:56,823] {base_task_runner.py:98} INFO - Subtask:     echo "Parameter I passed in"
[2018-06-19 12:41:56,823] {base_task_runner.py:98} INFO - Subtask: 
[2018-06-19 12:41:56,823] {base_task_runner.py:98} INFO - Subtask:     echo "2018-06-17"
[2018-06-19 12:41:56,823] {base_task_runner.py:98} INFO - Subtask:     echo "2018-06-24"
[2018-06-19 12:41:56,824] {base_task_runner.py:98} INFO - Subtask:     echo "Parameter I passed in"
[2018-06-19 12:41:56,824] {base_task_runner.py:98} INFO - Subtask: 
[2018-06-19 12:41:56,824] {base_task_runner.py:98} INFO - Subtask:     echo "2018-06-17"
[2018-06-19 12:41:56,824] {base_task_runner.py:98} INFO - Subtask:     echo "2018-06-24"
[2018-06-19 12:41:56,824] {base_task_runner.py:98} INFO - Subtask:     echo "Parameter I passed in"
[2018-06-19 12:41:56,824] {base_task_runner.py:98} INFO - Subtask: 
[2018-06-19 12:41:56,825] {base_task_runner.py:98} INFO - Subtask:     echo "2018-06-17"
[2018-06-19 12:41:56,825] {base_task_runner.py:98} INFO - Subtask:     echo "2018-06-24"
[2018-06-19 12:41:56,825] {base_task_runner.py:98} INFO - Subtask:     echo "Parameter I passed in"
[2018-06-19 12:41:56,825] {base_task_runner.py:98} INFO - Subtask: 
[2018-06-19 12:41:56,825] {base_task_runner.py:98} INFO - Subtask:     echo "2018-06-17"
[2018-06-19 12:41:56,825] {base_task_runner.py:98} INFO - Subtask:     echo "2018-06-24"
[2018-06-19 12:41:56,825] {base_task_runner.py:98} INFO - Subtask:     echo "Parameter I passed in"
[2018-06-19 12:41:56,825] {base_task_runner.py:98} INFO - Subtask: 
[2018-06-19 12:41:56,829] {base_task_runner.py:98} INFO - Subtask: [2018-06-19 12:41:56,829] {bash_operator.py:97} INFO - Output:
[2018-06-19 12:41:56,832] {base_task_runner.py:98} INFO - Subtask: [2018-06-19 12:41:56,832] {bash_operator.py:101} INFO - 2018-06-17
[2018-06-19 12:41:56,832] {base_task_runner.py:98} INFO - Subtask: [2018-06-19 12:41:56,832] {bash_operator.py:101} INFO - 2018-06-24
[2018-06-19 12:41:56,833] {base_task_runner.py:98} INFO - Subtask: [2018-06-19 12:41:56,832] {bash_operator.py:101} INFO - Parameter I passed in
[2018-06-19 12:41:56,833] {base_task_runner.py:98} INFO - Subtask: [2018-06-19 12:41:56,832] {bash_operator.py:101} INFO - 2018-06-17
[2018-06-19 12:41:56,833] {base_task_runner.py:98} INFO - Subtask: [2018-06-19 12:41:56,832] {bash_operator.py:101} INFO - 2018-06-24
[2018-06-19 12:41:56,833] {base_task_runner.py:98} INFO - Subtask: [2018-06-19 12:41:56,832] {bash_operator.py:101} INFO - Parameter I passed in
[2018-06-19 12:41:56,834] {base_task_runner.py:98} INFO - Subtask: [2018-06-19 12:41:56,833] {bash_operator.py:101} INFO - 2018-06-17
[2018-06-19 12:41:56,834] {base_task_runner.py:98} INFO - Subtask: [2018-06-19 12:41:56,833] {bash_operator.py:101} INFO - 2018-06-24
[2018-06-19 12:41:56,834] {base_task_runner.py:98} INFO - Subtask: [2018-06-19 12:41:56,833] {bash_operator.py:101} INFO - Parameter I passed in
[2018-06-19 12:41:56,834] {base_task_runner.py:98} INFO - Subtask: [2018-06-19 12:41:56,833] {bash_operator.py:101} INFO - 2018-06-17
[2018-06-19 12:41:56,834] {base_task_runner.py:98} INFO - Subtask: [2018-06-19 12:41:56,833] {bash_operator.py:101} INFO - 2018-06-24
[2018-06-19 12:41:56,835] {base_task_runner.py:98} INFO - Subtask: [2018-06-19 12:41:56,833] {bash_operator.py:101} INFO - Parameter I passed in
[2018-06-19 12:41:56,835] {base_task_runner.py:98} INFO - Subtask: [2018-06-19 12:41:56,833] {bash_operator.py:101} INFO - 2018-06-17
[2018-06-19 12:41:56,835] {base_task_runner.py:98} INFO - Subtask: [2018-06-19 12:41:56,834] {bash_operator.py:101} INFO - 2018-06-24
[2018-06-19 12:41:56,835] {base_task_runner.py:98} INFO - Subtask: [2018-06-19 12:41:56,834] {bash_operator.py:101} INFO - Parameter I passed in
[2018-06-19 12:41:56,835] {base_task_runner.py:98} INFO - Subtask: [2018-06-19 12:41:56,834] {bash_operator.py:105} INFO - Command exited with return code 0
