[2018-06-19 14:22:17,182] {cli.py:374} INFO - Running on host PRINHYLTPDL1167
[2018-06-19 14:22:17,355] {models.py:1197} INFO - Dependencies all met for <TaskInstance: hello_world.sleep 2017-06-01 10:00:00 [queued]>
[2018-06-19 14:22:17,388] {models.py:1197} INFO - Dependencies all met for <TaskInstance: hello_world.sleep 2017-06-01 10:00:00 [queued]>
[2018-06-19 14:22:17,388] {models.py:1407} INFO - 
--------------------------------------------------------------------------------
Starting attempt 1 of 2
--------------------------------------------------------------------------------

[2018-06-19 14:22:17,401] {models.py:1428} INFO - Executing <Task(BashOperator): sleep> on 2017-06-01 10:00:00
[2018-06-19 14:22:17,402] {base_task_runner.py:115} INFO - Running: ['bash', '-c', u'airflow run hello_world sleep 2017-06-01T10:00:00 --job_id 33 --raw -sd DAGS_FOLDER/helloWorld.py']
[2018-06-19 14:22:17,619] {base_task_runner.py:98} INFO - Subtask: /usr/local/lib/python2.7/dist-packages/psycopg2/__init__.py:144: UserWarning: The psycopg2 wheel package will be renamed from release 2.8; in order to keep installing from binary please use "pip install psycopg2-binary" instead. For details see: <http://initd.org/psycopg/docs/install.html#binary-install-from-pypi>.
[2018-06-19 14:22:17,619] {base_task_runner.py:98} INFO - Subtask:   """)
[2018-06-19 14:22:17,651] {base_task_runner.py:98} INFO - Subtask: [2018-06-19 14:22:17,650] {driver.py:120} INFO - Generating grammar tables from /usr/lib/python2.7/lib2to3/Grammar.txt
[2018-06-19 14:22:17,670] {base_task_runner.py:98} INFO - Subtask: [2018-06-19 14:22:17,670] {driver.py:120} INFO - Generating grammar tables from /usr/lib/python2.7/lib2to3/PatternGrammar.txt
[2018-06-19 14:22:17,775] {base_task_runner.py:98} INFO - Subtask: [2018-06-19 14:22:17,774] {__init__.py:45} INFO - Using executor SequentialExecutor
[2018-06-19 14:22:17,814] {base_task_runner.py:98} INFO - Subtask: [2018-06-19 14:22:17,813] {models.py:189} INFO - Filling up the DagBag from /home/charanjiths/airflow/dags/helloWorld.py
[2018-06-19 14:22:17,920] {base_task_runner.py:98} INFO - Subtask: [2018-06-19 14:22:17,920] {bash_operator.py:70} INFO - Tmp dir root location: 
[2018-06-19 14:22:17,920] {base_task_runner.py:98} INFO - Subtask:  /tmp
[2018-06-19 14:22:17,921] {base_task_runner.py:98} INFO - Subtask: [2018-06-19 14:22:17,921] {bash_operator.py:80} INFO - Temporary script location: /tmp/airflowtmpH5ocql//tmp/airflowtmpH5ocql/sleepNAV5T3
[2018-06-19 14:22:17,922] {base_task_runner.py:98} INFO - Subtask: [2018-06-19 14:22:17,921] {bash_operator.py:88} INFO - Running command: sleep 5
[2018-06-19 14:22:17,925] {base_task_runner.py:98} INFO - Subtask: [2018-06-19 14:22:17,925] {bash_operator.py:97} INFO - Output:
[2018-06-19 14:22:22,937] {base_task_runner.py:98} INFO - Subtask: [2018-06-19 14:22:22,934] {bash_operator.py:105} INFO - Command exited with return code 0
[2018-06-19 15:56:01,153] {cli.py:374} INFO - Running on host PRINHYLTPDL1167
[2018-06-19 15:56:01,220] {models.py:1197} INFO - Dependencies all met for <TaskInstance: hello_world.sleep 2017-06-01 10:00:00 [queued]>
[2018-06-19 15:56:01,254] {models.py:1197} INFO - Dependencies all met for <TaskInstance: hello_world.sleep 2017-06-01 10:00:00 [queued]>
[2018-06-19 15:56:01,254] {models.py:1407} INFO - 
--------------------------------------------------------------------------------
Starting attempt 1 of 2
--------------------------------------------------------------------------------

[2018-06-19 15:56:01,268] {models.py:1428} INFO - Executing <Task(BashOperator): sleep> on 2017-06-01 10:00:00
[2018-06-19 15:56:01,268] {base_task_runner.py:115} INFO - Running: ['bash', '-c', u'airflow run hello_world sleep 2017-06-01T10:00:00 --job_id 35 --raw -sd DAGS_FOLDER/helloWorld.py']
[2018-06-19 15:56:01,481] {base_task_runner.py:98} INFO - Subtask: /usr/local/lib/python2.7/dist-packages/psycopg2/__init__.py:144: UserWarning: The psycopg2 wheel package will be renamed from release 2.8; in order to keep installing from binary please use "pip install psycopg2-binary" instead. For details see: <http://initd.org/psycopg/docs/install.html#binary-install-from-pypi>.
[2018-06-19 15:56:01,482] {base_task_runner.py:98} INFO - Subtask:   """)
[2018-06-19 15:56:01,512] {base_task_runner.py:98} INFO - Subtask: [2018-06-19 15:56:01,512] {driver.py:120} INFO - Generating grammar tables from /usr/lib/python2.7/lib2to3/Grammar.txt
[2018-06-19 15:56:01,531] {base_task_runner.py:98} INFO - Subtask: [2018-06-19 15:56:01,531] {driver.py:120} INFO - Generating grammar tables from /usr/lib/python2.7/lib2to3/PatternGrammar.txt
[2018-06-19 15:56:01,635] {base_task_runner.py:98} INFO - Subtask: [2018-06-19 15:56:01,635] {__init__.py:45} INFO - Using executor SequentialExecutor
[2018-06-19 15:56:01,673] {base_task_runner.py:98} INFO - Subtask: [2018-06-19 15:56:01,672] {models.py:189} INFO - Filling up the DagBag from /home/charanjiths/airflow/dags/helloWorld.py
[2018-06-19 15:56:01,781] {base_task_runner.py:98} INFO - Subtask: [2018-06-19 15:56:01,781] {bash_operator.py:70} INFO - Tmp dir root location: 
[2018-06-19 15:56:01,782] {base_task_runner.py:98} INFO - Subtask:  /tmp
[2018-06-19 15:56:01,782] {base_task_runner.py:98} INFO - Subtask: [2018-06-19 15:56:01,782] {bash_operator.py:80} INFO - Temporary script location: /tmp/airflowtmpfyhL4S//tmp/airflowtmpfyhL4S/sleepqtR9Lx
[2018-06-19 15:56:01,783] {base_task_runner.py:98} INFO - Subtask: [2018-06-19 15:56:01,782] {bash_operator.py:88} INFO - Running command: sleep 5
[2018-06-19 15:56:01,785] {base_task_runner.py:98} INFO - Subtask: [2018-06-19 15:56:01,785] {bash_operator.py:97} INFO - Output:
[2018-06-19 15:56:06,795] {base_task_runner.py:98} INFO - Subtask: [2018-06-19 15:56:06,793] {bash_operator.py:105} INFO - Command exited with return code 0
