[2018-06-19 14:20:12,881] {cli.py:374} INFO - Running on host PRINHYLTPDL1167
[2018-06-19 14:20:13,063] {models.py:1197} INFO - Dependencies all met for <TaskInstance: hello_world.sleep 2017-06-01 05:00:00 [queued]>
[2018-06-19 14:20:13,131] {models.py:1197} INFO - Dependencies all met for <TaskInstance: hello_world.sleep 2017-06-01 05:00:00 [queued]>
[2018-06-19 14:20:13,131] {models.py:1407} INFO - 
--------------------------------------------------------------------------------
Starting attempt 1 of 2
--------------------------------------------------------------------------------

[2018-06-19 14:20:13,155] {models.py:1428} INFO - Executing <Task(BashOperator): sleep> on 2017-06-01 05:00:00
[2018-06-19 14:20:13,156] {base_task_runner.py:115} INFO - Running: ['bash', '-c', u'airflow run hello_world sleep 2017-06-01T05:00:00 --job_id 18 --raw -sd DAGS_FOLDER/helloWorld.py']
[2018-06-19 14:20:13,393] {base_task_runner.py:98} INFO - Subtask: /usr/local/lib/python2.7/dist-packages/psycopg2/__init__.py:144: UserWarning: The psycopg2 wheel package will be renamed from release 2.8; in order to keep installing from binary please use "pip install psycopg2-binary" instead. For details see: <http://initd.org/psycopg/docs/install.html#binary-install-from-pypi>.
[2018-06-19 14:20:13,393] {base_task_runner.py:98} INFO - Subtask:   """)
[2018-06-19 14:20:13,439] {base_task_runner.py:98} INFO - Subtask: [2018-06-19 14:20:13,438] {driver.py:120} INFO - Generating grammar tables from /usr/lib/python2.7/lib2to3/Grammar.txt
[2018-06-19 14:20:13,476] {base_task_runner.py:98} INFO - Subtask: [2018-06-19 14:20:13,476] {driver.py:120} INFO - Generating grammar tables from /usr/lib/python2.7/lib2to3/PatternGrammar.txt
[2018-06-19 14:20:13,613] {base_task_runner.py:98} INFO - Subtask: [2018-06-19 14:20:13,612] {__init__.py:45} INFO - Using executor SequentialExecutor
[2018-06-19 14:20:13,657] {base_task_runner.py:98} INFO - Subtask: [2018-06-19 14:20:13,657] {models.py:189} INFO - Filling up the DagBag from /home/charanjiths/airflow/dags/helloWorld.py
[2018-06-19 14:20:13,784] {base_task_runner.py:98} INFO - Subtask: [2018-06-19 14:20:13,784] {bash_operator.py:70} INFO - Tmp dir root location: 
[2018-06-19 14:20:13,784] {base_task_runner.py:98} INFO - Subtask:  /tmp
[2018-06-19 14:20:13,785] {base_task_runner.py:98} INFO - Subtask: [2018-06-19 14:20:13,785] {bash_operator.py:80} INFO - Temporary script location: /tmp/airflowtmp0lG2oN//tmp/airflowtmp0lG2oN/sleepyHbRCj
[2018-06-19 14:20:13,786] {base_task_runner.py:98} INFO - Subtask: [2018-06-19 14:20:13,786] {bash_operator.py:88} INFO - Running command: sleep 5
[2018-06-19 14:20:13,790] {base_task_runner.py:98} INFO - Subtask: [2018-06-19 14:20:13,790] {bash_operator.py:97} INFO - Output:
[2018-06-19 14:20:18,801] {base_task_runner.py:98} INFO - Subtask: [2018-06-19 14:20:18,799] {bash_operator.py:105} INFO - Command exited with return code 0
[2018-06-19 15:54:00,736] {cli.py:374} INFO - Running on host PRINHYLTPDL1167
[2018-06-19 15:54:00,887] {models.py:1197} INFO - Dependencies all met for <TaskInstance: hello_world.sleep 2017-06-01 05:00:00 [queued]>
[2018-06-19 15:54:00,931] {models.py:1197} INFO - Dependencies all met for <TaskInstance: hello_world.sleep 2017-06-01 05:00:00 [queued]>
[2018-06-19 15:54:00,931] {models.py:1407} INFO - 
--------------------------------------------------------------------------------
Starting attempt 1 of 2
--------------------------------------------------------------------------------

[2018-06-19 15:54:00,943] {models.py:1428} INFO - Executing <Task(BashOperator): sleep> on 2017-06-01 05:00:00
[2018-06-19 15:54:00,943] {base_task_runner.py:115} INFO - Running: ['bash', '-c', u'airflow run hello_world sleep 2017-06-01T05:00:00 --job_id 20 --raw -sd DAGS_FOLDER/helloWorld.py']
[2018-06-19 15:54:01,158] {base_task_runner.py:98} INFO - Subtask: /usr/local/lib/python2.7/dist-packages/psycopg2/__init__.py:144: UserWarning: The psycopg2 wheel package will be renamed from release 2.8; in order to keep installing from binary please use "pip install psycopg2-binary" instead. For details see: <http://initd.org/psycopg/docs/install.html#binary-install-from-pypi>.
[2018-06-19 15:54:01,158] {base_task_runner.py:98} INFO - Subtask:   """)
[2018-06-19 15:54:01,189] {base_task_runner.py:98} INFO - Subtask: [2018-06-19 15:54:01,188] {driver.py:120} INFO - Generating grammar tables from /usr/lib/python2.7/lib2to3/Grammar.txt
[2018-06-19 15:54:01,208] {base_task_runner.py:98} INFO - Subtask: [2018-06-19 15:54:01,208] {driver.py:120} INFO - Generating grammar tables from /usr/lib/python2.7/lib2to3/PatternGrammar.txt
[2018-06-19 15:54:01,311] {base_task_runner.py:98} INFO - Subtask: [2018-06-19 15:54:01,311] {__init__.py:45} INFO - Using executor SequentialExecutor
[2018-06-19 15:54:01,349] {base_task_runner.py:98} INFO - Subtask: [2018-06-19 15:54:01,348] {models.py:189} INFO - Filling up the DagBag from /home/charanjiths/airflow/dags/helloWorld.py
[2018-06-19 15:54:01,458] {base_task_runner.py:98} INFO - Subtask: [2018-06-19 15:54:01,458] {bash_operator.py:70} INFO - Tmp dir root location: 
[2018-06-19 15:54:01,458] {base_task_runner.py:98} INFO - Subtask:  /tmp
[2018-06-19 15:54:01,459] {base_task_runner.py:98} INFO - Subtask: [2018-06-19 15:54:01,459] {bash_operator.py:80} INFO - Temporary script location: /tmp/airflowtmpKDX1wz//tmp/airflowtmpKDX1wz/sleepJeV25D
[2018-06-19 15:54:01,459] {base_task_runner.py:98} INFO - Subtask: [2018-06-19 15:54:01,459] {bash_operator.py:88} INFO - Running command: sleep 5
[2018-06-19 15:54:01,462] {base_task_runner.py:98} INFO - Subtask: [2018-06-19 15:54:01,462] {bash_operator.py:97} INFO - Output:
[2018-06-19 15:54:06,470] {base_task_runner.py:98} INFO - Subtask: [2018-06-19 15:54:06,470] {bash_operator.py:105} INFO - Command exited with return code 0
