[2018-06-19 16:14:24,272] {cli.py:374} INFO - Running on host PRINHYLTPDL1167
[2018-06-19 16:14:24,322] {models.py:1197} INFO - Dependencies all met for <TaskInstance: hello_world.print_hello 2017-06-03 09:00:00 [queued]>
[2018-06-19 16:14:24,329] {models.py:1197} INFO - Dependencies all met for <TaskInstance: hello_world.print_hello 2017-06-03 09:00:00 [queued]>
[2018-06-19 16:14:24,329] {models.py:1407} INFO - 
--------------------------------------------------------------------------------
Starting attempt 1 of 2
--------------------------------------------------------------------------------

[2018-06-19 16:14:24,363] {models.py:1428} INFO - Executing <Task(BashOperator): print_hello> on 2017-06-03 09:00:00
[2018-06-19 16:14:24,364] {base_task_runner.py:115} INFO - Running: ['bash', '-c', u'airflow run hello_world print_hello 2017-06-03T09:00:00 --job_id 172 --raw -sd DAGS_FOLDER/helloWorld.py']
[2018-06-19 16:14:24,583] {base_task_runner.py:98} INFO - Subtask: /usr/local/lib/python2.7/dist-packages/psycopg2/__init__.py:144: UserWarning: The psycopg2 wheel package will be renamed from release 2.8; in order to keep installing from binary please use "pip install psycopg2-binary" instead. For details see: <http://initd.org/psycopg/docs/install.html#binary-install-from-pypi>.
[2018-06-19 16:14:24,584] {base_task_runner.py:98} INFO - Subtask:   """)
[2018-06-19 16:14:24,614] {base_task_runner.py:98} INFO - Subtask: [2018-06-19 16:14:24,614] {driver.py:120} INFO - Generating grammar tables from /usr/lib/python2.7/lib2to3/Grammar.txt
[2018-06-19 16:14:24,633] {base_task_runner.py:98} INFO - Subtask: [2018-06-19 16:14:24,633] {driver.py:120} INFO - Generating grammar tables from /usr/lib/python2.7/lib2to3/PatternGrammar.txt
[2018-06-19 16:14:24,737] {base_task_runner.py:98} INFO - Subtask: [2018-06-19 16:14:24,737] {__init__.py:45} INFO - Using executor SequentialExecutor
[2018-06-19 16:14:24,776] {base_task_runner.py:98} INFO - Subtask: [2018-06-19 16:14:24,776] {models.py:189} INFO - Filling up the DagBag from /home/charanjiths/airflow/dags/helloWorld.py
[2018-06-19 16:14:24,885] {base_task_runner.py:98} INFO - Subtask: [2018-06-19 16:14:24,885] {bash_operator.py:70} INFO - Tmp dir root location: 
[2018-06-19 16:14:24,885] {base_task_runner.py:98} INFO - Subtask:  /tmp
[2018-06-19 16:14:24,886] {base_task_runner.py:98} INFO - Subtask: [2018-06-19 16:14:24,886] {bash_operator.py:80} INFO - Temporary script location: /tmp/airflowtmpAFSEW6//tmp/airflowtmpAFSEW6/print_hello82FLap
[2018-06-19 16:14:24,886] {base_task_runner.py:98} INFO - Subtask: [2018-06-19 16:14:24,886] {bash_operator.py:88} INFO - Running command: echo "hello"
[2018-06-19 16:14:24,889] {base_task_runner.py:98} INFO - Subtask: [2018-06-19 16:14:24,889] {bash_operator.py:97} INFO - Output:
[2018-06-19 16:14:24,891] {base_task_runner.py:98} INFO - Subtask: [2018-06-19 16:14:24,891] {bash_operator.py:101} INFO - hello
[2018-06-19 16:14:24,892] {base_task_runner.py:98} INFO - Subtask: [2018-06-19 16:14:24,891] {bash_operator.py:105} INFO - Command exited with return code 0
