[2018-06-19 16:15:36,712] {cli.py:374} INFO - Running on host PRINHYLTPDL1167
[2018-06-19 16:15:36,778] {models.py:1197} INFO - Dependencies all met for <TaskInstance: hello_world.print_hello 2017-06-03 12:00:00 [queued]>
[2018-06-19 16:15:36,785] {models.py:1197} INFO - Dependencies all met for <TaskInstance: hello_world.print_hello 2017-06-03 12:00:00 [queued]>
[2018-06-19 16:15:36,786] {models.py:1407} INFO - 
--------------------------------------------------------------------------------
Starting attempt 1 of 2
--------------------------------------------------------------------------------

[2018-06-19 16:15:36,819] {models.py:1428} INFO - Executing <Task(BashOperator): print_hello> on 2017-06-03 12:00:00
[2018-06-19 16:15:36,819] {base_task_runner.py:115} INFO - Running: ['bash', '-c', u'airflow run hello_world print_hello 2017-06-03T12:00:00 --job_id 181 --raw -sd DAGS_FOLDER/helloWorld.py']
[2018-06-19 16:15:37,031] {base_task_runner.py:98} INFO - Subtask: /usr/local/lib/python2.7/dist-packages/psycopg2/__init__.py:144: UserWarning: The psycopg2 wheel package will be renamed from release 2.8; in order to keep installing from binary please use "pip install psycopg2-binary" instead. For details see: <http://initd.org/psycopg/docs/install.html#binary-install-from-pypi>.
[2018-06-19 16:15:37,031] {base_task_runner.py:98} INFO - Subtask:   """)
[2018-06-19 16:15:37,062] {base_task_runner.py:98} INFO - Subtask: [2018-06-19 16:15:37,061] {driver.py:120} INFO - Generating grammar tables from /usr/lib/python2.7/lib2to3/Grammar.txt
[2018-06-19 16:15:37,081] {base_task_runner.py:98} INFO - Subtask: [2018-06-19 16:15:37,081] {driver.py:120} INFO - Generating grammar tables from /usr/lib/python2.7/lib2to3/PatternGrammar.txt
[2018-06-19 16:15:37,185] {base_task_runner.py:98} INFO - Subtask: [2018-06-19 16:15:37,184] {__init__.py:45} INFO - Using executor SequentialExecutor
[2018-06-19 16:15:37,222] {base_task_runner.py:98} INFO - Subtask: [2018-06-19 16:15:37,222] {models.py:189} INFO - Filling up the DagBag from /home/charanjiths/airflow/dags/helloWorld.py
[2018-06-19 16:15:37,330] {base_task_runner.py:98} INFO - Subtask: [2018-06-19 16:15:37,330] {bash_operator.py:70} INFO - Tmp dir root location: 
[2018-06-19 16:15:37,330] {base_task_runner.py:98} INFO - Subtask:  /tmp
[2018-06-19 16:15:37,331] {base_task_runner.py:98} INFO - Subtask: [2018-06-19 16:15:37,331] {bash_operator.py:80} INFO - Temporary script location: /tmp/airflowtmpJ68_ha//tmp/airflowtmpJ68_ha/print_hello5ssGHV
[2018-06-19 16:15:37,332] {base_task_runner.py:98} INFO - Subtask: [2018-06-19 16:15:37,331] {bash_operator.py:88} INFO - Running command: echo "hello"
[2018-06-19 16:15:37,335] {base_task_runner.py:98} INFO - Subtask: [2018-06-19 16:15:37,335] {bash_operator.py:97} INFO - Output:
[2018-06-19 16:15:37,337] {base_task_runner.py:98} INFO - Subtask: [2018-06-19 16:15:37,336] {bash_operator.py:101} INFO - hello
[2018-06-19 16:15:37,338] {base_task_runner.py:98} INFO - Subtask: [2018-06-19 16:15:37,337] {bash_operator.py:105} INFO - Command exited with return code 0
