[2018-06-19 14:18:44,681] {cli.py:374} INFO - Running on host PRINHYLTPDL1167
[2018-06-19 14:18:44,875] {models.py:1197} INFO - Dependencies all met for <TaskInstance: hello_world.print_world 2017-06-01 00:00:00 [queued]>
[2018-06-19 14:18:44,912] {models.py:1197} INFO - Dependencies all met for <TaskInstance: hello_world.print_world 2017-06-01 00:00:00 [queued]>
[2018-06-19 14:18:44,912] {models.py:1407} INFO - 
--------------------------------------------------------------------------------
Starting attempt 1 of 2
--------------------------------------------------------------------------------

[2018-06-19 14:18:44,928] {models.py:1428} INFO - Executing <Task(PythonOperator): print_world> on 2017-06-01 00:00:00
[2018-06-19 14:18:44,928] {base_task_runner.py:115} INFO - Running: ['bash', '-c', u'airflow run hello_world print_world 2017-06-01T00:00:00 --job_id 7 --raw -sd DAGS_FOLDER/helloWorld.py']
[2018-06-19 14:18:45,146] {base_task_runner.py:98} INFO - Subtask: /usr/local/lib/python2.7/dist-packages/psycopg2/__init__.py:144: UserWarning: The psycopg2 wheel package will be renamed from release 2.8; in order to keep installing from binary please use "pip install psycopg2-binary" instead. For details see: <http://initd.org/psycopg/docs/install.html#binary-install-from-pypi>.
[2018-06-19 14:18:45,147] {base_task_runner.py:98} INFO - Subtask:   """)
[2018-06-19 14:18:45,179] {base_task_runner.py:98} INFO - Subtask: [2018-06-19 14:18:45,179] {driver.py:120} INFO - Generating grammar tables from /usr/lib/python2.7/lib2to3/Grammar.txt
[2018-06-19 14:18:45,199] {base_task_runner.py:98} INFO - Subtask: [2018-06-19 14:18:45,199] {driver.py:120} INFO - Generating grammar tables from /usr/lib/python2.7/lib2to3/PatternGrammar.txt
[2018-06-19 14:18:45,307] {base_task_runner.py:98} INFO - Subtask: [2018-06-19 14:18:45,306] {__init__.py:45} INFO - Using executor SequentialExecutor
[2018-06-19 14:18:45,352] {base_task_runner.py:98} INFO - Subtask: [2018-06-19 14:18:45,352] {models.py:189} INFO - Filling up the DagBag from /home/charanjiths/airflow/dags/helloWorld.py
[2018-06-19 14:18:45,475] {base_task_runner.py:98} INFO - Subtask: [2018-06-19 14:18:45,475] {python_operator.py:90} INFO - Done. Returned value was: None
[2018-06-19 15:52:34,598] {cli.py:374} INFO - Running on host PRINHYLTPDL1167
[2018-06-19 15:52:34,653] {models.py:1197} INFO - Dependencies all met for <TaskInstance: hello_world.print_world 2017-06-01 00:00:00 [queued]>
[2018-06-19 15:52:34,687] {models.py:1197} INFO - Dependencies all met for <TaskInstance: hello_world.print_world 2017-06-01 00:00:00 [queued]>
[2018-06-19 15:52:34,687] {models.py:1407} INFO - 
--------------------------------------------------------------------------------
Starting attempt 1 of 2
--------------------------------------------------------------------------------

[2018-06-19 15:52:34,701] {models.py:1428} INFO - Executing <Task(PythonOperator): print_world> on 2017-06-01 00:00:00
[2018-06-19 15:52:34,701] {base_task_runner.py:115} INFO - Running: ['bash', '-c', u'airflow run hello_world print_world 2017-06-01T00:00:00 --job_id 9 --raw -sd DAGS_FOLDER/helloWorld.py']
[2018-06-19 15:52:34,911] {base_task_runner.py:98} INFO - Subtask: /usr/local/lib/python2.7/dist-packages/psycopg2/__init__.py:144: UserWarning: The psycopg2 wheel package will be renamed from release 2.8; in order to keep installing from binary please use "pip install psycopg2-binary" instead. For details see: <http://initd.org/psycopg/docs/install.html#binary-install-from-pypi>.
[2018-06-19 15:52:34,912] {base_task_runner.py:98} INFO - Subtask:   """)
[2018-06-19 15:52:34,942] {base_task_runner.py:98} INFO - Subtask: [2018-06-19 15:52:34,942] {driver.py:120} INFO - Generating grammar tables from /usr/lib/python2.7/lib2to3/Grammar.txt
[2018-06-19 15:52:34,961] {base_task_runner.py:98} INFO - Subtask: [2018-06-19 15:52:34,961] {driver.py:120} INFO - Generating grammar tables from /usr/lib/python2.7/lib2to3/PatternGrammar.txt
[2018-06-19 15:52:35,066] {base_task_runner.py:98} INFO - Subtask: [2018-06-19 15:52:35,066] {__init__.py:45} INFO - Using executor SequentialExecutor
[2018-06-19 15:52:35,103] {base_task_runner.py:98} INFO - Subtask: [2018-06-19 15:52:35,103] {models.py:189} INFO - Filling up the DagBag from /home/charanjiths/airflow/dags/helloWorld.py
[2018-06-19 15:52:35,208] {base_task_runner.py:98} INFO - Subtask: [2018-06-19 15:52:35,208] {python_operator.py:90} INFO - Done. Returned value was: None
