[2018-06-19 15:59:38,150] {cli.py:374} INFO - Running on host PRINHYLTPDL1167
[2018-06-19 15:59:38,203] {models.py:1197} INFO - Dependencies all met for <TaskInstance: hello_world.sleep 2017-06-01 19:00:00 [queued]>
[2018-06-19 15:59:38,238] {models.py:1197} INFO - Dependencies all met for <TaskInstance: hello_world.sleep 2017-06-01 19:00:00 [queued]>
[2018-06-19 15:59:38,238] {models.py:1407} INFO - 
--------------------------------------------------------------------------------
Starting attempt 1 of 2
--------------------------------------------------------------------------------

[2018-06-19 15:59:38,285] {models.py:1428} INFO - Executing <Task(BashOperator): sleep> on 2017-06-01 19:00:00
[2018-06-19 15:59:38,285] {base_task_runner.py:115} INFO - Running: ['bash', '-c', u'airflow run hello_world sleep 2017-06-01T19:00:00 --job_id 62 --raw -sd DAGS_FOLDER/helloWorld.py']
[2018-06-19 15:59:38,512] {base_task_runner.py:98} INFO - Subtask: /usr/local/lib/python2.7/dist-packages/psycopg2/__init__.py:144: UserWarning: The psycopg2 wheel package will be renamed from release 2.8; in order to keep installing from binary please use "pip install psycopg2-binary" instead. For details see: <http://initd.org/psycopg/docs/install.html#binary-install-from-pypi>.
[2018-06-19 15:59:38,513] {base_task_runner.py:98} INFO - Subtask:   """)
[2018-06-19 15:59:38,543] {base_task_runner.py:98} INFO - Subtask: [2018-06-19 15:59:38,543] {driver.py:120} INFO - Generating grammar tables from /usr/lib/python2.7/lib2to3/Grammar.txt
[2018-06-19 15:59:38,562] {base_task_runner.py:98} INFO - Subtask: [2018-06-19 15:59:38,562] {driver.py:120} INFO - Generating grammar tables from /usr/lib/python2.7/lib2to3/PatternGrammar.txt
[2018-06-19 15:59:38,665] {base_task_runner.py:98} INFO - Subtask: [2018-06-19 15:59:38,665] {__init__.py:45} INFO - Using executor SequentialExecutor
[2018-06-19 15:59:38,702] {base_task_runner.py:98} INFO - Subtask: [2018-06-19 15:59:38,702] {models.py:189} INFO - Filling up the DagBag from /home/charanjiths/airflow/dags/helloWorld.py
[2018-06-19 15:59:38,807] {base_task_runner.py:98} INFO - Subtask: [2018-06-19 15:59:38,806] {bash_operator.py:70} INFO - Tmp dir root location: 
[2018-06-19 15:59:38,807] {base_task_runner.py:98} INFO - Subtask:  /tmp
[2018-06-19 15:59:38,808] {base_task_runner.py:98} INFO - Subtask: [2018-06-19 15:59:38,807] {bash_operator.py:80} INFO - Temporary script location: /tmp/airflowtmpp6kbev//tmp/airflowtmpp6kbev/sleepLb0onq
[2018-06-19 15:59:38,808] {base_task_runner.py:98} INFO - Subtask: [2018-06-19 15:59:38,808] {bash_operator.py:88} INFO - Running command: sleep 5
[2018-06-19 15:59:38,811] {base_task_runner.py:98} INFO - Subtask: [2018-06-19 15:59:38,811] {bash_operator.py:97} INFO - Output:
[2018-06-19 15:59:43,823] {base_task_runner.py:98} INFO - Subtask: [2018-06-19 15:59:43,820] {bash_operator.py:105} INFO - Command exited with return code 0
