[2018-06-19 16:08:28,682] {cli.py:374} INFO - Running on host PRINHYLTPDL1167
[2018-06-19 16:08:28,737] {models.py:1197} INFO - Dependencies all met for <TaskInstance: hello_world.sleep 2017-06-02 17:00:00 [queued]>
[2018-06-19 16:08:28,771] {models.py:1197} INFO - Dependencies all met for <TaskInstance: hello_world.sleep 2017-06-02 17:00:00 [queued]>
[2018-06-19 16:08:28,771] {models.py:1407} INFO - 
--------------------------------------------------------------------------------
Starting attempt 1 of 2
--------------------------------------------------------------------------------

[2018-06-19 16:08:28,785] {models.py:1428} INFO - Executing <Task(BashOperator): sleep> on 2017-06-02 17:00:00
[2018-06-19 16:08:28,785] {base_task_runner.py:115} INFO - Running: ['bash', '-c', u'airflow run hello_world sleep 2017-06-02T17:00:00 --job_id 128 --raw -sd DAGS_FOLDER/helloWorld.py']
[2018-06-19 16:08:28,997] {base_task_runner.py:98} INFO - Subtask: /usr/local/lib/python2.7/dist-packages/psycopg2/__init__.py:144: UserWarning: The psycopg2 wheel package will be renamed from release 2.8; in order to keep installing from binary please use "pip install psycopg2-binary" instead. For details see: <http://initd.org/psycopg/docs/install.html#binary-install-from-pypi>.
[2018-06-19 16:08:28,997] {base_task_runner.py:98} INFO - Subtask:   """)
[2018-06-19 16:08:29,027] {base_task_runner.py:98} INFO - Subtask: [2018-06-19 16:08:29,027] {driver.py:120} INFO - Generating grammar tables from /usr/lib/python2.7/lib2to3/Grammar.txt
[2018-06-19 16:08:29,047] {base_task_runner.py:98} INFO - Subtask: [2018-06-19 16:08:29,047] {driver.py:120} INFO - Generating grammar tables from /usr/lib/python2.7/lib2to3/PatternGrammar.txt
[2018-06-19 16:08:29,151] {base_task_runner.py:98} INFO - Subtask: [2018-06-19 16:08:29,150] {__init__.py:45} INFO - Using executor SequentialExecutor
[2018-06-19 16:08:29,188] {base_task_runner.py:98} INFO - Subtask: [2018-06-19 16:08:29,188] {models.py:189} INFO - Filling up the DagBag from /home/charanjiths/airflow/dags/helloWorld.py
[2018-06-19 16:08:29,294] {base_task_runner.py:98} INFO - Subtask: [2018-06-19 16:08:29,294] {bash_operator.py:70} INFO - Tmp dir root location: 
[2018-06-19 16:08:29,294] {base_task_runner.py:98} INFO - Subtask:  /tmp
[2018-06-19 16:08:29,295] {base_task_runner.py:98} INFO - Subtask: [2018-06-19 16:08:29,295] {bash_operator.py:80} INFO - Temporary script location: /tmp/airflowtmp8053H8//tmp/airflowtmp8053H8/sleepTZtDCL
[2018-06-19 16:08:29,296] {base_task_runner.py:98} INFO - Subtask: [2018-06-19 16:08:29,295] {bash_operator.py:88} INFO - Running command: sleep 5
[2018-06-19 16:08:29,298] {base_task_runner.py:98} INFO - Subtask: [2018-06-19 16:08:29,298] {bash_operator.py:97} INFO - Output:
[2018-06-19 16:08:34,307] {base_task_runner.py:98} INFO - Subtask: [2018-06-19 16:08:34,306] {bash_operator.py:105} INFO - Command exited with return code 0
