[2018-06-19 16:04:21,871] {cli.py:374} INFO - Running on host PRINHYLTPDL1167
[2018-06-19 16:04:21,912] {models.py:1197} INFO - Dependencies all met for <TaskInstance: hello_world.print_hello 2017-06-02 08:00:00 [queued]>
[2018-06-19 16:04:21,921] {models.py:1197} INFO - Dependencies all met for <TaskInstance: hello_world.print_hello 2017-06-02 08:00:00 [queued]>
[2018-06-19 16:04:21,921] {models.py:1407} INFO - 
--------------------------------------------------------------------------------
Starting attempt 1 of 2
--------------------------------------------------------------------------------

[2018-06-19 16:04:21,955] {models.py:1428} INFO - Executing <Task(BashOperator): print_hello> on 2017-06-02 08:00:00
[2018-06-19 16:04:21,956] {base_task_runner.py:115} INFO - Running: ['bash', '-c', u'airflow run hello_world print_hello 2017-06-02T08:00:00 --job_id 97 --raw -sd DAGS_FOLDER/helloWorld.py']
[2018-06-19 16:04:22,191] {base_task_runner.py:98} INFO - Subtask: /usr/local/lib/python2.7/dist-packages/psycopg2/__init__.py:144: UserWarning: The psycopg2 wheel package will be renamed from release 2.8; in order to keep installing from binary please use "pip install psycopg2-binary" instead. For details see: <http://initd.org/psycopg/docs/install.html#binary-install-from-pypi>.
[2018-06-19 16:04:22,191] {base_task_runner.py:98} INFO - Subtask:   """)
[2018-06-19 16:04:22,222] {base_task_runner.py:98} INFO - Subtask: [2018-06-19 16:04:22,221] {driver.py:120} INFO - Generating grammar tables from /usr/lib/python2.7/lib2to3/Grammar.txt
[2018-06-19 16:04:22,241] {base_task_runner.py:98} INFO - Subtask: [2018-06-19 16:04:22,241] {driver.py:120} INFO - Generating grammar tables from /usr/lib/python2.7/lib2to3/PatternGrammar.txt
[2018-06-19 16:04:22,344] {base_task_runner.py:98} INFO - Subtask: [2018-06-19 16:04:22,343] {__init__.py:45} INFO - Using executor SequentialExecutor
[2018-06-19 16:04:22,381] {base_task_runner.py:98} INFO - Subtask: [2018-06-19 16:04:22,381] {models.py:189} INFO - Filling up the DagBag from /home/charanjiths/airflow/dags/helloWorld.py
[2018-06-19 16:04:22,488] {base_task_runner.py:98} INFO - Subtask: [2018-06-19 16:04:22,487] {bash_operator.py:70} INFO - Tmp dir root location: 
[2018-06-19 16:04:22,488] {base_task_runner.py:98} INFO - Subtask:  /tmp
[2018-06-19 16:04:22,489] {base_task_runner.py:98} INFO - Subtask: [2018-06-19 16:04:22,489] {bash_operator.py:80} INFO - Temporary script location: /tmp/airflowtmpEhnL6f//tmp/airflowtmpEhnL6f/print_hellofWh9Mu
[2018-06-19 16:04:22,489] {base_task_runner.py:98} INFO - Subtask: [2018-06-19 16:04:22,489] {bash_operator.py:88} INFO - Running command: echo "hello"
[2018-06-19 16:04:22,492] {base_task_runner.py:98} INFO - Subtask: [2018-06-19 16:04:22,491] {bash_operator.py:97} INFO - Output:
[2018-06-19 16:04:22,493] {base_task_runner.py:98} INFO - Subtask: [2018-06-19 16:04:22,493] {bash_operator.py:101} INFO - hello
[2018-06-19 16:04:22,495] {base_task_runner.py:98} INFO - Subtask: [2018-06-19 16:04:22,494] {bash_operator.py:105} INFO - Command exited with return code 0
