[2018-06-19 15:59:08,471] {cli.py:374} INFO - Running on host PRINHYLTPDL1167
[2018-06-19 15:59:08,522] {models.py:1197} INFO - Dependencies all met for <TaskInstance: hello_world.print_hello 2017-06-01 19:00:00 [queued]>
[2018-06-19 15:59:08,529] {models.py:1197} INFO - Dependencies all met for <TaskInstance: hello_world.print_hello 2017-06-01 19:00:00 [queued]>
[2018-06-19 15:59:08,530] {models.py:1407} INFO - 
--------------------------------------------------------------------------------
Starting attempt 1 of 2
--------------------------------------------------------------------------------

[2018-06-19 15:59:08,563] {models.py:1428} INFO - Executing <Task(BashOperator): print_hello> on 2017-06-01 19:00:00
[2018-06-19 15:59:08,563] {base_task_runner.py:115} INFO - Running: ['bash', '-c', u'airflow run hello_world print_hello 2017-06-01T19:00:00 --job_id 58 --raw -sd DAGS_FOLDER/helloWorld.py']
[2018-06-19 15:59:08,774] {base_task_runner.py:98} INFO - Subtask: /usr/local/lib/python2.7/dist-packages/psycopg2/__init__.py:144: UserWarning: The psycopg2 wheel package will be renamed from release 2.8; in order to keep installing from binary please use "pip install psycopg2-binary" instead. For details see: <http://initd.org/psycopg/docs/install.html#binary-install-from-pypi>.
[2018-06-19 15:59:08,774] {base_task_runner.py:98} INFO - Subtask:   """)
[2018-06-19 15:59:08,805] {base_task_runner.py:98} INFO - Subtask: [2018-06-19 15:59:08,804] {driver.py:120} INFO - Generating grammar tables from /usr/lib/python2.7/lib2to3/Grammar.txt
[2018-06-19 15:59:08,824] {base_task_runner.py:98} INFO - Subtask: [2018-06-19 15:59:08,824] {driver.py:120} INFO - Generating grammar tables from /usr/lib/python2.7/lib2to3/PatternGrammar.txt
[2018-06-19 15:59:08,927] {base_task_runner.py:98} INFO - Subtask: [2018-06-19 15:59:08,927] {__init__.py:45} INFO - Using executor SequentialExecutor
[2018-06-19 15:59:08,964] {base_task_runner.py:98} INFO - Subtask: [2018-06-19 15:59:08,964] {models.py:189} INFO - Filling up the DagBag from /home/charanjiths/airflow/dags/helloWorld.py
[2018-06-19 15:59:09,073] {base_task_runner.py:98} INFO - Subtask: [2018-06-19 15:59:09,073] {bash_operator.py:70} INFO - Tmp dir root location: 
[2018-06-19 15:59:09,073] {base_task_runner.py:98} INFO - Subtask:  /tmp
[2018-06-19 15:59:09,074] {base_task_runner.py:98} INFO - Subtask: [2018-06-19 15:59:09,074] {bash_operator.py:80} INFO - Temporary script location: /tmp/airflowtmpQCMKpy//tmp/airflowtmpQCMKpy/print_hellonjxCRU
[2018-06-19 15:59:09,074] {base_task_runner.py:98} INFO - Subtask: [2018-06-19 15:59:09,074] {bash_operator.py:88} INFO - Running command: echo "hello"
[2018-06-19 15:59:09,078] {base_task_runner.py:98} INFO - Subtask: [2018-06-19 15:59:09,077] {bash_operator.py:97} INFO - Output:
[2018-06-19 15:59:09,079] {base_task_runner.py:98} INFO - Subtask: [2018-06-19 15:59:09,079] {bash_operator.py:101} INFO - hello
[2018-06-19 15:59:09,080] {base_task_runner.py:98} INFO - Subtask: [2018-06-19 15:59:09,080] {bash_operator.py:105} INFO - Command exited with return code 0
