[2018-06-19 14:18:15,035] {cli.py:374} INFO - Running on host PRINHYLTPDL1167
[2018-06-19 14:18:15,219] {models.py:1197} INFO - Dependencies all met for <TaskInstance: hello_world.sleep 2017-06-01 00:00:00 [queued]>
[2018-06-19 14:18:15,266] {models.py:1197} INFO - Dependencies all met for <TaskInstance: hello_world.sleep 2017-06-01 00:00:00 [queued]>
[2018-06-19 14:18:15,266] {models.py:1407} INFO - 
--------------------------------------------------------------------------------
Starting attempt 1 of 2
--------------------------------------------------------------------------------

[2018-06-19 14:18:15,304] {models.py:1428} INFO - Executing <Task(BashOperator): sleep> on 2017-06-01 00:00:00
[2018-06-19 14:18:15,305] {base_task_runner.py:115} INFO - Running: ['bash', '-c', u'airflow run hello_world sleep 2017-06-01T00:00:00 --job_id 4 --raw -sd DAGS_FOLDER/helloWorld.py']
[2018-06-19 14:18:15,537] {base_task_runner.py:98} INFO - Subtask: /usr/local/lib/python2.7/dist-packages/psycopg2/__init__.py:144: UserWarning: The psycopg2 wheel package will be renamed from release 2.8; in order to keep installing from binary please use "pip install psycopg2-binary" instead. For details see: <http://initd.org/psycopg/docs/install.html#binary-install-from-pypi>.
[2018-06-19 14:18:15,537] {base_task_runner.py:98} INFO - Subtask:   """)
[2018-06-19 14:18:15,569] {base_task_runner.py:98} INFO - Subtask: [2018-06-19 14:18:15,569] {driver.py:120} INFO - Generating grammar tables from /usr/lib/python2.7/lib2to3/Grammar.txt
[2018-06-19 14:18:15,589] {base_task_runner.py:98} INFO - Subtask: [2018-06-19 14:18:15,588] {driver.py:120} INFO - Generating grammar tables from /usr/lib/python2.7/lib2to3/PatternGrammar.txt
[2018-06-19 14:18:15,693] {base_task_runner.py:98} INFO - Subtask: [2018-06-19 14:18:15,693] {__init__.py:45} INFO - Using executor SequentialExecutor
[2018-06-19 14:18:15,732] {base_task_runner.py:98} INFO - Subtask: [2018-06-19 14:18:15,731] {models.py:189} INFO - Filling up the DagBag from /home/charanjiths/airflow/dags/helloWorld.py
[2018-06-19 14:18:15,839] {base_task_runner.py:98} INFO - Subtask: [2018-06-19 14:18:15,839] {bash_operator.py:70} INFO - Tmp dir root location: 
[2018-06-19 14:18:15,839] {base_task_runner.py:98} INFO - Subtask:  /tmp
[2018-06-19 14:18:15,840] {base_task_runner.py:98} INFO - Subtask: [2018-06-19 14:18:15,840] {bash_operator.py:80} INFO - Temporary script location: /tmp/airflowtmp4vrB7X//tmp/airflowtmp4vrB7X/sleeph1GmD_
[2018-06-19 14:18:15,841] {base_task_runner.py:98} INFO - Subtask: [2018-06-19 14:18:15,840] {bash_operator.py:88} INFO - Running command: sleep 5
[2018-06-19 14:18:15,843] {base_task_runner.py:98} INFO - Subtask: [2018-06-19 14:18:15,843] {bash_operator.py:97} INFO - Output:
[2018-06-19 14:18:20,853] {base_task_runner.py:98} INFO - Subtask: [2018-06-19 14:18:20,851] {bash_operator.py:105} INFO - Command exited with return code 0
[2018-06-19 15:51:59,732] {cli.py:374} INFO - Running on host PRINHYLTPDL1167
[2018-06-19 15:51:59,783] {models.py:1197} INFO - Dependencies all met for <TaskInstance: hello_world.sleep 2017-06-01 00:00:00 [queued]>
[2018-06-19 15:51:59,819] {models.py:1197} INFO - Dependencies all met for <TaskInstance: hello_world.sleep 2017-06-01 00:00:00 [queued]>
[2018-06-19 15:51:59,820] {models.py:1407} INFO - 
--------------------------------------------------------------------------------
Starting attempt 1 of 2
--------------------------------------------------------------------------------

[2018-06-19 15:51:59,832] {models.py:1428} INFO - Executing <Task(BashOperator): sleep> on 2017-06-01 00:00:00
[2018-06-19 15:51:59,833] {base_task_runner.py:115} INFO - Running: ['bash', '-c', u'airflow run hello_world sleep 2017-06-01T00:00:00 --job_id 5 --raw -sd DAGS_FOLDER/helloWorld.py']
[2018-06-19 15:52:00,045] {base_task_runner.py:98} INFO - Subtask: /usr/local/lib/python2.7/dist-packages/psycopg2/__init__.py:144: UserWarning: The psycopg2 wheel package will be renamed from release 2.8; in order to keep installing from binary please use "pip install psycopg2-binary" instead. For details see: <http://initd.org/psycopg/docs/install.html#binary-install-from-pypi>.
[2018-06-19 15:52:00,045] {base_task_runner.py:98} INFO - Subtask:   """)
[2018-06-19 15:52:00,075] {base_task_runner.py:98} INFO - Subtask: [2018-06-19 15:52:00,075] {driver.py:120} INFO - Generating grammar tables from /usr/lib/python2.7/lib2to3/Grammar.txt
[2018-06-19 15:52:00,095] {base_task_runner.py:98} INFO - Subtask: [2018-06-19 15:52:00,095] {driver.py:120} INFO - Generating grammar tables from /usr/lib/python2.7/lib2to3/PatternGrammar.txt
[2018-06-19 15:52:00,208] {base_task_runner.py:98} INFO - Subtask: [2018-06-19 15:52:00,208] {__init__.py:45} INFO - Using executor SequentialExecutor
[2018-06-19 15:52:00,246] {base_task_runner.py:98} INFO - Subtask: [2018-06-19 15:52:00,246] {models.py:189} INFO - Filling up the DagBag from /home/charanjiths/airflow/dags/helloWorld.py
[2018-06-19 15:52:00,350] {base_task_runner.py:98} INFO - Subtask: [2018-06-19 15:52:00,350] {bash_operator.py:70} INFO - Tmp dir root location: 
[2018-06-19 15:52:00,350] {base_task_runner.py:98} INFO - Subtask:  /tmp
[2018-06-19 15:52:00,351] {base_task_runner.py:98} INFO - Subtask: [2018-06-19 15:52:00,351] {bash_operator.py:80} INFO - Temporary script location: /tmp/airflowtmpUAI3k9//tmp/airflowtmpUAI3k9/sleep1o_XnV
[2018-06-19 15:52:00,352] {base_task_runner.py:98} INFO - Subtask: [2018-06-19 15:52:00,351] {bash_operator.py:88} INFO - Running command: sleep 5
[2018-06-19 15:52:00,354] {base_task_runner.py:98} INFO - Subtask: [2018-06-19 15:52:00,354] {bash_operator.py:97} INFO - Output:
[2018-06-19 15:52:05,359] {base_task_runner.py:98} INFO - Subtask: [2018-06-19 15:52:05,358] {bash_operator.py:105} INFO - Command exited with return code 0
