[2018-06-19 16:12:23,979] {cli.py:374} INFO - Running on host PRINHYLTPDL1167
[2018-06-19 16:12:24,028] {models.py:1197} INFO - Dependencies all met for <TaskInstance: hello_world.print_hello 2017-06-03 04:00:00 [queued]>
[2018-06-19 16:12:24,035] {models.py:1197} INFO - Dependencies all met for <TaskInstance: hello_world.print_hello 2017-06-03 04:00:00 [queued]>
[2018-06-19 16:12:24,036] {models.py:1407} INFO - 
--------------------------------------------------------------------------------
Starting attempt 1 of 2
--------------------------------------------------------------------------------

[2018-06-19 16:12:24,071] {models.py:1428} INFO - Executing <Task(BashOperator): print_hello> on 2017-06-03 04:00:00
[2018-06-19 16:12:24,072] {base_task_runner.py:115} INFO - Running: ['bash', '-c', u'airflow run hello_world print_hello 2017-06-03T04:00:00 --job_id 157 --raw -sd DAGS_FOLDER/helloWorld.py']
[2018-06-19 16:12:24,306] {base_task_runner.py:98} INFO - Subtask: /usr/local/lib/python2.7/dist-packages/psycopg2/__init__.py:144: UserWarning: The psycopg2 wheel package will be renamed from release 2.8; in order to keep installing from binary please use "pip install psycopg2-binary" instead. For details see: <http://initd.org/psycopg/docs/install.html#binary-install-from-pypi>.
[2018-06-19 16:12:24,307] {base_task_runner.py:98} INFO - Subtask:   """)
[2018-06-19 16:12:24,337] {base_task_runner.py:98} INFO - Subtask: [2018-06-19 16:12:24,337] {driver.py:120} INFO - Generating grammar tables from /usr/lib/python2.7/lib2to3/Grammar.txt
[2018-06-19 16:12:24,356] {base_task_runner.py:98} INFO - Subtask: [2018-06-19 16:12:24,356] {driver.py:120} INFO - Generating grammar tables from /usr/lib/python2.7/lib2to3/PatternGrammar.txt
[2018-06-19 16:12:24,460] {base_task_runner.py:98} INFO - Subtask: [2018-06-19 16:12:24,459] {__init__.py:45} INFO - Using executor SequentialExecutor
[2018-06-19 16:12:24,497] {base_task_runner.py:98} INFO - Subtask: [2018-06-19 16:12:24,496] {models.py:189} INFO - Filling up the DagBag from /home/charanjiths/airflow/dags/helloWorld.py
[2018-06-19 16:12:24,601] {base_task_runner.py:98} INFO - Subtask: [2018-06-19 16:12:24,601] {bash_operator.py:70} INFO - Tmp dir root location: 
[2018-06-19 16:12:24,602] {base_task_runner.py:98} INFO - Subtask:  /tmp
[2018-06-19 16:12:24,602] {base_task_runner.py:98} INFO - Subtask: [2018-06-19 16:12:24,602] {bash_operator.py:80} INFO - Temporary script location: /tmp/airflowtmp7pS6n9//tmp/airflowtmp7pS6n9/print_hellom2mvqZ
[2018-06-19 16:12:24,603] {base_task_runner.py:98} INFO - Subtask: [2018-06-19 16:12:24,602] {bash_operator.py:88} INFO - Running command: echo "hello"
[2018-06-19 16:12:24,605] {base_task_runner.py:98} INFO - Subtask: [2018-06-19 16:12:24,605] {bash_operator.py:97} INFO - Output:
[2018-06-19 16:12:24,607] {base_task_runner.py:98} INFO - Subtask: [2018-06-19 16:12:24,607] {bash_operator.py:101} INFO - hello
[2018-06-19 16:12:24,608] {base_task_runner.py:98} INFO - Subtask: [2018-06-19 16:12:24,608] {bash_operator.py:105} INFO - Command exited with return code 0
