[2018-06-19 14:22:52,572] {cli.py:374} INFO - Running on host PRINHYLTPDL1167
[2018-06-19 14:22:52,648] {models.py:1197} INFO - Dependencies all met for <TaskInstance: hello_world.print_world 2017-06-01 10:00:00 [queued]>
[2018-06-19 14:22:52,681] {models.py:1197} INFO - Dependencies all met for <TaskInstance: hello_world.print_world 2017-06-01 10:00:00 [queued]>
[2018-06-19 14:22:52,681] {models.py:1407} INFO - 
--------------------------------------------------------------------------------
Starting attempt 1 of 2
--------------------------------------------------------------------------------

[2018-06-19 14:22:52,691] {models.py:1428} INFO - Executing <Task(PythonOperator): print_world> on 2017-06-01 10:00:00
[2018-06-19 14:22:52,691] {base_task_runner.py:115} INFO - Running: ['bash', '-c', u'airflow run hello_world print_world 2017-06-01T10:00:00 --job_id 37 --raw -sd DAGS_FOLDER/helloWorld.py']
[2018-06-19 14:22:52,927] {base_task_runner.py:98} INFO - Subtask: /usr/local/lib/python2.7/dist-packages/psycopg2/__init__.py:144: UserWarning: The psycopg2 wheel package will be renamed from release 2.8; in order to keep installing from binary please use "pip install psycopg2-binary" instead. For details see: <http://initd.org/psycopg/docs/install.html#binary-install-from-pypi>.
[2018-06-19 14:22:52,927] {base_task_runner.py:98} INFO - Subtask:   """)
[2018-06-19 14:22:52,960] {base_task_runner.py:98} INFO - Subtask: [2018-06-19 14:22:52,959] {driver.py:120} INFO - Generating grammar tables from /usr/lib/python2.7/lib2to3/Grammar.txt
[2018-06-19 14:22:52,979] {base_task_runner.py:98} INFO - Subtask: [2018-06-19 14:22:52,979] {driver.py:120} INFO - Generating grammar tables from /usr/lib/python2.7/lib2to3/PatternGrammar.txt
[2018-06-19 14:22:53,089] {base_task_runner.py:98} INFO - Subtask: [2018-06-19 14:22:53,088] {__init__.py:45} INFO - Using executor SequentialExecutor
[2018-06-19 14:22:53,129] {base_task_runner.py:98} INFO - Subtask: [2018-06-19 14:22:53,129] {models.py:189} INFO - Filling up the DagBag from /home/charanjiths/airflow/dags/helloWorld.py
[2018-06-19 14:22:53,259] {base_task_runner.py:98} INFO - Subtask: [2018-06-19 14:22:53,259] {python_operator.py:90} INFO - Done. Returned value was: None
[2018-06-19 15:56:36,035] {cli.py:374} INFO - Running on host PRINHYLTPDL1167
[2018-06-19 15:56:36,099] {models.py:1197} INFO - Dependencies all met for <TaskInstance: hello_world.print_world 2017-06-01 10:00:00 [queued]>
[2018-06-19 15:56:36,133] {models.py:1197} INFO - Dependencies all met for <TaskInstance: hello_world.print_world 2017-06-01 10:00:00 [queued]>
[2018-06-19 15:56:36,134] {models.py:1407} INFO - 
--------------------------------------------------------------------------------
Starting attempt 1 of 2
--------------------------------------------------------------------------------

[2018-06-19 15:56:36,147] {models.py:1428} INFO - Executing <Task(PythonOperator): print_world> on 2017-06-01 10:00:00
[2018-06-19 15:56:36,148] {base_task_runner.py:115} INFO - Running: ['bash', '-c', u'airflow run hello_world print_world 2017-06-01T10:00:00 --job_id 39 --raw -sd DAGS_FOLDER/helloWorld.py']
[2018-06-19 15:56:36,359] {base_task_runner.py:98} INFO - Subtask: /usr/local/lib/python2.7/dist-packages/psycopg2/__init__.py:144: UserWarning: The psycopg2 wheel package will be renamed from release 2.8; in order to keep installing from binary please use "pip install psycopg2-binary" instead. For details see: <http://initd.org/psycopg/docs/install.html#binary-install-from-pypi>.
[2018-06-19 15:56:36,359] {base_task_runner.py:98} INFO - Subtask:   """)
[2018-06-19 15:56:36,390] {base_task_runner.py:98} INFO - Subtask: [2018-06-19 15:56:36,390] {driver.py:120} INFO - Generating grammar tables from /usr/lib/python2.7/lib2to3/Grammar.txt
[2018-06-19 15:56:36,409] {base_task_runner.py:98} INFO - Subtask: [2018-06-19 15:56:36,409] {driver.py:120} INFO - Generating grammar tables from /usr/lib/python2.7/lib2to3/PatternGrammar.txt
[2018-06-19 15:56:36,515] {base_task_runner.py:98} INFO - Subtask: [2018-06-19 15:56:36,515] {__init__.py:45} INFO - Using executor SequentialExecutor
[2018-06-19 15:56:36,553] {base_task_runner.py:98} INFO - Subtask: [2018-06-19 15:56:36,553] {models.py:189} INFO - Filling up the DagBag from /home/charanjiths/airflow/dags/helloWorld.py
[2018-06-19 15:56:36,657] {base_task_runner.py:98} INFO - Subtask: [2018-06-19 15:56:36,657] {python_operator.py:90} INFO - Done. Returned value was: None
