[2018-06-19 12:41:50,002] {cli.py:374} INFO - Running on host PRINHYLTPDL1167
[2018-06-19 12:41:50,161] {models.py:1197} INFO - Dependencies all met for <TaskInstance: tutorial_backup.sleep 2018-06-17 00:00:00 [queued]>
[2018-06-19 12:41:50,252] {models.py:1197} INFO - Dependencies all met for <TaskInstance: tutorial_backup.sleep 2018-06-17 00:00:00 [queued]>
[2018-06-19 12:41:50,253] {models.py:1407} INFO - 
--------------------------------------------------------------------------------
Starting attempt 1 of 2
--------------------------------------------------------------------------------

[2018-06-19 12:41:50,278] {models.py:1428} INFO - Executing <Task(BashOperator): sleep> on 2018-06-17 00:00:00
[2018-06-19 12:41:50,278] {base_task_runner.py:115} INFO - Running: ['bash', '-c', u'airflow run tutorial_backup sleep 2018-06-17T00:00:00 --job_id 8 --raw -sd DAGS_FOLDER/charan_backup.py']
[2018-06-19 12:41:50,542] {base_task_runner.py:98} INFO - Subtask: /usr/local/lib/python2.7/dist-packages/psycopg2/__init__.py:144: UserWarning: The psycopg2 wheel package will be renamed from release 2.8; in order to keep installing from binary please use "pip install psycopg2-binary" instead. For details see: <http://initd.org/psycopg/docs/install.html#binary-install-from-pypi>.
[2018-06-19 12:41:50,543] {base_task_runner.py:98} INFO - Subtask:   """)
[2018-06-19 12:41:50,579] {base_task_runner.py:98} INFO - Subtask: [2018-06-19 12:41:50,578] {driver.py:120} INFO - Generating grammar tables from /usr/lib/python2.7/lib2to3/Grammar.txt
[2018-06-19 12:41:50,601] {base_task_runner.py:98} INFO - Subtask: [2018-06-19 12:41:50,601] {driver.py:120} INFO - Generating grammar tables from /usr/lib/python2.7/lib2to3/PatternGrammar.txt
[2018-06-19 12:41:50,727] {base_task_runner.py:98} INFO - Subtask: [2018-06-19 12:41:50,726] {__init__.py:45} INFO - Using executor SequentialExecutor
[2018-06-19 12:41:50,771] {base_task_runner.py:98} INFO - Subtask: [2018-06-19 12:41:50,771] {models.py:189} INFO - Filling up the DagBag from /home/charanjiths/airflow/dags/charan_backup.py
[2018-06-19 12:41:50,883] {base_task_runner.py:98} INFO - Subtask: [2018-06-19 12:41:50,882] {bash_operator.py:70} INFO - Tmp dir root location: 
[2018-06-19 12:41:50,883] {base_task_runner.py:98} INFO - Subtask:  /tmp
[2018-06-19 12:41:50,884] {base_task_runner.py:98} INFO - Subtask: [2018-06-19 12:41:50,884] {bash_operator.py:80} INFO - Temporary script location: /tmp/airflowtmpuxJbuG//tmp/airflowtmpuxJbuG/sleeptqdTGa
[2018-06-19 12:41:50,884] {base_task_runner.py:98} INFO - Subtask: [2018-06-19 12:41:50,884] {bash_operator.py:88} INFO - Running command: sleep 2
[2018-06-19 12:41:50,887] {base_task_runner.py:98} INFO - Subtask: [2018-06-19 12:41:50,887] {bash_operator.py:97} INFO - Output:
[2018-06-19 12:41:52,900] {base_task_runner.py:98} INFO - Subtask: [2018-06-19 12:41:52,897] {bash_operator.py:105} INFO - Command exited with return code 0
