[2018-06-19 11:44:00,247] {cli.py:374} INFO - Running on host PRINHYLTPDL1167
[2018-06-19 11:44:00,442] {models.py:1197} INFO - Dependencies all met for <TaskInstance: tutorial.print_date 2018-06-17 00:00:00 [queued]>
[2018-06-19 11:44:00,513] {models.py:1197} INFO - Dependencies all met for <TaskInstance: tutorial.print_date 2018-06-17 00:00:00 [queued]>
[2018-06-19 11:44:00,514] {models.py:1407} INFO - 
--------------------------------------------------------------------------------
Starting attempt 1 of 2
--------------------------------------------------------------------------------

[2018-06-19 11:44:00,580] {models.py:1428} INFO - Executing <Task(BashOperator): print_date> on 2018-06-17 00:00:00
[2018-06-19 11:44:00,580] {base_task_runner.py:115} INFO - Running: ['bash', '-c', u'airflow run tutorial print_date 2018-06-17T00:00:00 --job_id 2 --raw -sd DAGS_FOLDER/charan.py']
[2018-06-19 11:44:00,803] {base_task_runner.py:98} INFO - Subtask: /usr/local/lib/python2.7/dist-packages/psycopg2/__init__.py:144: UserWarning: The psycopg2 wheel package will be renamed from release 2.8; in order to keep installing from binary please use "pip install psycopg2-binary" instead. For details see: <http://initd.org/psycopg/docs/install.html#binary-install-from-pypi>.
[2018-06-19 11:44:00,804] {base_task_runner.py:98} INFO - Subtask:   """)
[2018-06-19 11:44:00,836] {base_task_runner.py:98} INFO - Subtask: [2018-06-19 11:44:00,835] {driver.py:120} INFO - Generating grammar tables from /usr/lib/python2.7/lib2to3/Grammar.txt
[2018-06-19 11:44:00,855] {base_task_runner.py:98} INFO - Subtask: [2018-06-19 11:44:00,855] {driver.py:120} INFO - Generating grammar tables from /usr/lib/python2.7/lib2to3/PatternGrammar.txt
[2018-06-19 11:44:00,962] {base_task_runner.py:98} INFO - Subtask: [2018-06-19 11:44:00,962] {__init__.py:45} INFO - Using executor SequentialExecutor
[2018-06-19 11:44:01,000] {base_task_runner.py:98} INFO - Subtask: [2018-06-19 11:44:00,999] {models.py:189} INFO - Filling up the DagBag from /home/charanjiths/airflow/dags/charan.py
[2018-06-19 11:44:01,110] {base_task_runner.py:98} INFO - Subtask: [2018-06-19 11:44:01,109] {bash_operator.py:70} INFO - Tmp dir root location: 
[2018-06-19 11:44:01,110] {base_task_runner.py:98} INFO - Subtask:  /tmp
[2018-06-19 11:44:01,111] {base_task_runner.py:98} INFO - Subtask: [2018-06-19 11:44:01,110] {bash_operator.py:80} INFO - Temporary script location: /tmp/airflowtmpsI5CSx//tmp/airflowtmpsI5CSx/print_datesnW9f6
[2018-06-19 11:44:01,111] {base_task_runner.py:98} INFO - Subtask: [2018-06-19 11:44:01,111] {bash_operator.py:88} INFO - Running command: date
[2018-06-19 11:44:01,114] {base_task_runner.py:98} INFO - Subtask: [2018-06-19 11:44:01,113] {bash_operator.py:97} INFO - Output:
[2018-06-19 11:44:01,118] {base_task_runner.py:98} INFO - Subtask: [2018-06-19 11:44:01,118] {bash_operator.py:101} INFO - Tue Jun 19 11:44:01 IST 2018
[2018-06-19 11:44:01,120] {base_task_runner.py:98} INFO - Subtask: [2018-06-19 11:44:01,119] {bash_operator.py:105} INFO - Command exited with return code 0
[2018-06-19 12:41:10,712] {cli.py:374} INFO - Running on host PRINHYLTPDL1167
[2018-06-19 12:41:10,886] {models.py:1197} INFO - Dependencies all met for <TaskInstance: tutorial.print_date 2018-06-17 00:00:00 [queued]>
[2018-06-19 12:41:10,893] {models.py:1197} INFO - Dependencies all met for <TaskInstance: tutorial.print_date 2018-06-17 00:00:00 [queued]>
[2018-06-19 12:41:10,893] {models.py:1407} INFO - 
--------------------------------------------------------------------------------
Starting attempt 1 of 2
--------------------------------------------------------------------------------

[2018-06-19 12:41:10,926] {models.py:1428} INFO - Executing <Task(BashOperator): print_date> on 2018-06-17 00:00:00
[2018-06-19 12:41:10,926] {base_task_runner.py:115} INFO - Running: ['bash', '-c', u'airflow run tutorial print_date 2018-06-17T00:00:00 --job_id 2 --raw -sd DAGS_FOLDER/charan.py']
[2018-06-19 12:41:11,167] {base_task_runner.py:98} INFO - Subtask: /usr/local/lib/python2.7/dist-packages/psycopg2/__init__.py:144: UserWarning: The psycopg2 wheel package will be renamed from release 2.8; in order to keep installing from binary please use "pip install psycopg2-binary" instead. For details see: <http://initd.org/psycopg/docs/install.html#binary-install-from-pypi>.
[2018-06-19 12:41:11,168] {base_task_runner.py:98} INFO - Subtask:   """)
[2018-06-19 12:41:11,205] {base_task_runner.py:98} INFO - Subtask: [2018-06-19 12:41:11,204] {driver.py:120} INFO - Generating grammar tables from /usr/lib/python2.7/lib2to3/Grammar.txt
[2018-06-19 12:41:11,226] {base_task_runner.py:98} INFO - Subtask: [2018-06-19 12:41:11,226] {driver.py:120} INFO - Generating grammar tables from /usr/lib/python2.7/lib2to3/PatternGrammar.txt
[2018-06-19 12:41:11,344] {base_task_runner.py:98} INFO - Subtask: [2018-06-19 12:41:11,344] {__init__.py:45} INFO - Using executor SequentialExecutor
[2018-06-19 12:41:11,387] {base_task_runner.py:98} INFO - Subtask: [2018-06-19 12:41:11,387] {models.py:189} INFO - Filling up the DagBag from /home/charanjiths/airflow/dags/charan.py
[2018-06-19 12:41:11,497] {base_task_runner.py:98} INFO - Subtask: [2018-06-19 12:41:11,497] {bash_operator.py:70} INFO - Tmp dir root location: 
[2018-06-19 12:41:11,497] {base_task_runner.py:98} INFO - Subtask:  /tmp
[2018-06-19 12:41:11,498] {base_task_runner.py:98} INFO - Subtask: [2018-06-19 12:41:11,498] {bash_operator.py:80} INFO - Temporary script location: /tmp/airflowtmpDWQBs_//tmp/airflowtmpDWQBs_/print_date6cN8Tx
[2018-06-19 12:41:11,498] {base_task_runner.py:98} INFO - Subtask: [2018-06-19 12:41:11,498] {bash_operator.py:88} INFO - Running command: date
[2018-06-19 12:41:11,501] {base_task_runner.py:98} INFO - Subtask: [2018-06-19 12:41:11,501] {bash_operator.py:97} INFO - Output:
[2018-06-19 12:41:11,505] {base_task_runner.py:98} INFO - Subtask: [2018-06-19 12:41:11,505] {bash_operator.py:101} INFO - Tue Jun 19 12:41:11 IST 2018
[2018-06-19 12:41:11,507] {base_task_runner.py:98} INFO - Subtask: [2018-06-19 12:41:11,506] {bash_operator.py:105} INFO - Command exited with return code 0
