[2018-06-19 16:07:16,372] {cli.py:374} INFO - Running on host PRINHYLTPDL1167
[2018-06-19 16:07:16,424] {models.py:1197} INFO - Dependencies all met for <TaskInstance: hello_world.sleep 2017-06-02 14:00:00 [queued]>
[2018-06-19 16:07:16,461] {models.py:1197} INFO - Dependencies all met for <TaskInstance: hello_world.sleep 2017-06-02 14:00:00 [queued]>
[2018-06-19 16:07:16,461] {models.py:1407} INFO - 
--------------------------------------------------------------------------------
Starting attempt 1 of 2
--------------------------------------------------------------------------------

[2018-06-19 16:07:16,474] {models.py:1428} INFO - Executing <Task(BashOperator): sleep> on 2017-06-02 14:00:00
[2018-06-19 16:07:16,475] {base_task_runner.py:115} INFO - Running: ['bash', '-c', u'airflow run hello_world sleep 2017-06-02T14:00:00 --job_id 119 --raw -sd DAGS_FOLDER/helloWorld.py']
[2018-06-19 16:07:16,706] {base_task_runner.py:98} INFO - Subtask: /usr/local/lib/python2.7/dist-packages/psycopg2/__init__.py:144: UserWarning: The psycopg2 wheel package will be renamed from release 2.8; in order to keep installing from binary please use "pip install psycopg2-binary" instead. For details see: <http://initd.org/psycopg/docs/install.html#binary-install-from-pypi>.
[2018-06-19 16:07:16,707] {base_task_runner.py:98} INFO - Subtask:   """)
[2018-06-19 16:07:16,737] {base_task_runner.py:98} INFO - Subtask: [2018-06-19 16:07:16,737] {driver.py:120} INFO - Generating grammar tables from /usr/lib/python2.7/lib2to3/Grammar.txt
[2018-06-19 16:07:16,756] {base_task_runner.py:98} INFO - Subtask: [2018-06-19 16:07:16,756] {driver.py:120} INFO - Generating grammar tables from /usr/lib/python2.7/lib2to3/PatternGrammar.txt
[2018-06-19 16:07:16,859] {base_task_runner.py:98} INFO - Subtask: [2018-06-19 16:07:16,859] {__init__.py:45} INFO - Using executor SequentialExecutor
[2018-06-19 16:07:16,897] {base_task_runner.py:98} INFO - Subtask: [2018-06-19 16:07:16,897] {models.py:189} INFO - Filling up the DagBag from /home/charanjiths/airflow/dags/helloWorld.py
[2018-06-19 16:07:17,005] {base_task_runner.py:98} INFO - Subtask: [2018-06-19 16:07:17,005] {bash_operator.py:70} INFO - Tmp dir root location: 
[2018-06-19 16:07:17,005] {base_task_runner.py:98} INFO - Subtask:  /tmp
[2018-06-19 16:07:17,006] {base_task_runner.py:98} INFO - Subtask: [2018-06-19 16:07:17,006] {bash_operator.py:80} INFO - Temporary script location: /tmp/airflowtmpGb2Wc6//tmp/airflowtmpGb2Wc6/sleepYbi7tG
[2018-06-19 16:07:17,006] {base_task_runner.py:98} INFO - Subtask: [2018-06-19 16:07:17,006] {bash_operator.py:88} INFO - Running command: sleep 5
[2018-06-19 16:07:17,009] {base_task_runner.py:98} INFO - Subtask: [2018-06-19 16:07:17,009] {bash_operator.py:97} INFO - Output:
[2018-06-19 16:07:22,020] {base_task_runner.py:98} INFO - Subtask: [2018-06-19 16:07:22,017] {bash_operator.py:105} INFO - Command exited with return code 0
