[2018-06-19 16:13:12,085] {cli.py:374} INFO - Running on host PRINHYLTPDL1167
[2018-06-19 16:13:12,128] {models.py:1197} INFO - Dependencies all met for <TaskInstance: hello_world.print_hello 2017-06-03 06:00:00 [queued]>
[2018-06-19 16:13:12,136] {models.py:1197} INFO - Dependencies all met for <TaskInstance: hello_world.print_hello 2017-06-03 06:00:00 [queued]>
[2018-06-19 16:13:12,137] {models.py:1407} INFO - 
--------------------------------------------------------------------------------
Starting attempt 1 of 2
--------------------------------------------------------------------------------

[2018-06-19 16:13:12,170] {models.py:1428} INFO - Executing <Task(BashOperator): print_hello> on 2017-06-03 06:00:00
[2018-06-19 16:13:12,170] {base_task_runner.py:115} INFO - Running: ['bash', '-c', u'airflow run hello_world print_hello 2017-06-03T06:00:00 --job_id 163 --raw -sd DAGS_FOLDER/helloWorld.py']
[2018-06-19 16:13:12,383] {base_task_runner.py:98} INFO - Subtask: /usr/local/lib/python2.7/dist-packages/psycopg2/__init__.py:144: UserWarning: The psycopg2 wheel package will be renamed from release 2.8; in order to keep installing from binary please use "pip install psycopg2-binary" instead. For details see: <http://initd.org/psycopg/docs/install.html#binary-install-from-pypi>.
[2018-06-19 16:13:12,384] {base_task_runner.py:98} INFO - Subtask:   """)
[2018-06-19 16:13:12,416] {base_task_runner.py:98} INFO - Subtask: [2018-06-19 16:13:12,415] {driver.py:120} INFO - Generating grammar tables from /usr/lib/python2.7/lib2to3/Grammar.txt
[2018-06-19 16:13:12,435] {base_task_runner.py:98} INFO - Subtask: [2018-06-19 16:13:12,435] {driver.py:120} INFO - Generating grammar tables from /usr/lib/python2.7/lib2to3/PatternGrammar.txt
[2018-06-19 16:13:12,539] {base_task_runner.py:98} INFO - Subtask: [2018-06-19 16:13:12,538] {__init__.py:45} INFO - Using executor SequentialExecutor
[2018-06-19 16:13:12,576] {base_task_runner.py:98} INFO - Subtask: [2018-06-19 16:13:12,576] {models.py:189} INFO - Filling up the DagBag from /home/charanjiths/airflow/dags/helloWorld.py
[2018-06-19 16:13:12,680] {base_task_runner.py:98} INFO - Subtask: [2018-06-19 16:13:12,680] {bash_operator.py:70} INFO - Tmp dir root location: 
[2018-06-19 16:13:12,681] {base_task_runner.py:98} INFO - Subtask:  /tmp
[2018-06-19 16:13:12,681] {base_task_runner.py:98} INFO - Subtask: [2018-06-19 16:13:12,681] {bash_operator.py:80} INFO - Temporary script location: /tmp/airflowtmpQIkJeG//tmp/airflowtmpQIkJeG/print_helloKLyD4w
[2018-06-19 16:13:12,682] {base_task_runner.py:98} INFO - Subtask: [2018-06-19 16:13:12,681] {bash_operator.py:88} INFO - Running command: echo "hello"
[2018-06-19 16:13:12,684] {base_task_runner.py:98} INFO - Subtask: [2018-06-19 16:13:12,684] {bash_operator.py:97} INFO - Output:
[2018-06-19 16:13:12,686] {base_task_runner.py:98} INFO - Subtask: [2018-06-19 16:13:12,686] {bash_operator.py:101} INFO - hello
[2018-06-19 16:13:12,687] {base_task_runner.py:98} INFO - Subtask: [2018-06-19 16:13:12,686] {bash_operator.py:105} INFO - Command exited with return code 0
