[2018-06-19 14:19:09,304] {cli.py:374} INFO - Running on host PRINHYLTPDL1167
[2018-06-19 14:19:09,484] {models.py:1197} INFO - Dependencies all met for <TaskInstance: hello_world.print_world 2017-06-01 01:00:00 [queued]>
[2018-06-19 14:19:09,518] {models.py:1197} INFO - Dependencies all met for <TaskInstance: hello_world.print_world 2017-06-01 01:00:00 [queued]>
[2018-06-19 14:19:09,518] {models.py:1407} INFO - 
--------------------------------------------------------------------------------
Starting attempt 1 of 2
--------------------------------------------------------------------------------

[2018-06-19 14:19:09,536] {models.py:1428} INFO - Executing <Task(PythonOperator): print_world> on 2017-06-01 01:00:00
[2018-06-19 14:19:09,537] {base_task_runner.py:115} INFO - Running: ['bash', '-c', u'airflow run hello_world print_world 2017-06-01T01:00:00 --job_id 10 --raw -sd DAGS_FOLDER/helloWorld.py']
[2018-06-19 14:19:09,753] {base_task_runner.py:98} INFO - Subtask: /usr/local/lib/python2.7/dist-packages/psycopg2/__init__.py:144: UserWarning: The psycopg2 wheel package will be renamed from release 2.8; in order to keep installing from binary please use "pip install psycopg2-binary" instead. For details see: <http://initd.org/psycopg/docs/install.html#binary-install-from-pypi>.
[2018-06-19 14:19:09,753] {base_task_runner.py:98} INFO - Subtask:   """)
[2018-06-19 14:19:09,786] {base_task_runner.py:98} INFO - Subtask: [2018-06-19 14:19:09,785] {driver.py:120} INFO - Generating grammar tables from /usr/lib/python2.7/lib2to3/Grammar.txt
[2018-06-19 14:19:09,805] {base_task_runner.py:98} INFO - Subtask: [2018-06-19 14:19:09,805] {driver.py:120} INFO - Generating grammar tables from /usr/lib/python2.7/lib2to3/PatternGrammar.txt
[2018-06-19 14:19:09,911] {base_task_runner.py:98} INFO - Subtask: [2018-06-19 14:19:09,910] {__init__.py:45} INFO - Using executor SequentialExecutor
[2018-06-19 14:19:09,950] {base_task_runner.py:98} INFO - Subtask: [2018-06-19 14:19:09,950] {models.py:189} INFO - Filling up the DagBag from /home/charanjiths/airflow/dags/helloWorld.py
[2018-06-19 14:19:10,055] {base_task_runner.py:98} INFO - Subtask: [2018-06-19 14:19:10,055] {python_operator.py:90} INFO - Done. Returned value was: None
[2018-06-19 15:52:58,906] {cli.py:374} INFO - Running on host PRINHYLTPDL1167
[2018-06-19 15:52:59,043] {models.py:1197} INFO - Dependencies all met for <TaskInstance: hello_world.print_world 2017-06-01 01:00:00 [queued]>
[2018-06-19 15:52:59,075] {models.py:1197} INFO - Dependencies all met for <TaskInstance: hello_world.print_world 2017-06-01 01:00:00 [queued]>
[2018-06-19 15:52:59,075] {models.py:1407} INFO - 
--------------------------------------------------------------------------------
Starting attempt 1 of 2
--------------------------------------------------------------------------------

[2018-06-19 15:52:59,088] {models.py:1428} INFO - Executing <Task(PythonOperator): print_world> on 2017-06-01 01:00:00
[2018-06-19 15:52:59,089] {base_task_runner.py:115} INFO - Running: ['bash', '-c', u'airflow run hello_world print_world 2017-06-01T01:00:00 --job_id 12 --raw -sd DAGS_FOLDER/helloWorld.py']
[2018-06-19 15:52:59,375] {base_task_runner.py:98} INFO - Subtask: /usr/local/lib/python2.7/dist-packages/psycopg2/__init__.py:144: UserWarning: The psycopg2 wheel package will be renamed from release 2.8; in order to keep installing from binary please use "pip install psycopg2-binary" instead. For details see: <http://initd.org/psycopg/docs/install.html#binary-install-from-pypi>.
[2018-06-19 15:52:59,375] {base_task_runner.py:98} INFO - Subtask:   """)
[2018-06-19 15:52:59,411] {base_task_runner.py:98} INFO - Subtask: [2018-06-19 15:52:59,410] {driver.py:120} INFO - Generating grammar tables from /usr/lib/python2.7/lib2to3/Grammar.txt
[2018-06-19 15:52:59,431] {base_task_runner.py:98} INFO - Subtask: [2018-06-19 15:52:59,431] {driver.py:120} INFO - Generating grammar tables from /usr/lib/python2.7/lib2to3/PatternGrammar.txt
[2018-06-19 15:52:59,545] {base_task_runner.py:98} INFO - Subtask: [2018-06-19 15:52:59,544] {__init__.py:45} INFO - Using executor SequentialExecutor
[2018-06-19 15:52:59,584] {base_task_runner.py:98} INFO - Subtask: [2018-06-19 15:52:59,583] {models.py:189} INFO - Filling up the DagBag from /home/charanjiths/airflow/dags/helloWorld.py
[2018-06-19 15:52:59,690] {base_task_runner.py:98} INFO - Subtask: [2018-06-19 15:52:59,690] {python_operator.py:90} INFO - Done. Returned value was: None
