[2018-06-19 14:24:39,313] {cli.py:374} INFO - Running on host PRINHYLTPDL1167
[2018-06-19 14:24:39,456] {models.py:1197} INFO - Dependencies all met for <TaskInstance: hello_world.print_hello 2017-06-01 17:00:00 [queued]>
[2018-06-19 14:24:39,469] {models.py:1197} INFO - Dependencies all met for <TaskInstance: hello_world.print_hello 2017-06-01 17:00:00 [queued]>
[2018-06-19 14:24:39,470] {models.py:1407} INFO - 
--------------------------------------------------------------------------------
Starting attempt 1 of 2
--------------------------------------------------------------------------------

[2018-06-19 14:24:39,503] {models.py:1428} INFO - Executing <Task(BashOperator): print_hello> on 2017-06-01 17:00:00
[2018-06-19 14:24:39,503] {base_task_runner.py:115} INFO - Running: ['bash', '-c', u'airflow run hello_world print_hello 2017-06-01T17:00:00 --job_id 50 --raw -sd DAGS_FOLDER/helloWorld.py']
[2018-06-19 14:24:39,718] {base_task_runner.py:98} INFO - Subtask: /usr/local/lib/python2.7/dist-packages/psycopg2/__init__.py:144: UserWarning: The psycopg2 wheel package will be renamed from release 2.8; in order to keep installing from binary please use "pip install psycopg2-binary" instead. For details see: <http://initd.org/psycopg/docs/install.html#binary-install-from-pypi>.
[2018-06-19 14:24:39,718] {base_task_runner.py:98} INFO - Subtask:   """)
[2018-06-19 14:24:39,750] {base_task_runner.py:98} INFO - Subtask: [2018-06-19 14:24:39,750] {driver.py:120} INFO - Generating grammar tables from /usr/lib/python2.7/lib2to3/Grammar.txt
[2018-06-19 14:24:39,769] {base_task_runner.py:98} INFO - Subtask: [2018-06-19 14:24:39,769] {driver.py:120} INFO - Generating grammar tables from /usr/lib/python2.7/lib2to3/PatternGrammar.txt
[2018-06-19 14:24:39,874] {base_task_runner.py:98} INFO - Subtask: [2018-06-19 14:24:39,874] {__init__.py:45} INFO - Using executor SequentialExecutor
[2018-06-19 14:24:39,913] {base_task_runner.py:98} INFO - Subtask: [2018-06-19 14:24:39,912] {models.py:189} INFO - Filling up the DagBag from /home/charanjiths/airflow/dags/helloWorld.py
[2018-06-19 14:24:40,023] {base_task_runner.py:98} INFO - Subtask: [2018-06-19 14:24:40,023] {bash_operator.py:70} INFO - Tmp dir root location: 
[2018-06-19 14:24:40,023] {base_task_runner.py:98} INFO - Subtask:  /tmp
[2018-06-19 14:24:40,024] {base_task_runner.py:98} INFO - Subtask: [2018-06-19 14:24:40,024] {bash_operator.py:80} INFO - Temporary script location: /tmp/airflowtmpK9zny5//tmp/airflowtmpK9zny5/print_helloGxoFIk
[2018-06-19 14:24:40,024] {base_task_runner.py:98} INFO - Subtask: [2018-06-19 14:24:40,024] {bash_operator.py:88} INFO - Running command: echo "hello"
[2018-06-19 14:24:40,028] {base_task_runner.py:98} INFO - Subtask: [2018-06-19 14:24:40,027] {bash_operator.py:97} INFO - Output:
[2018-06-19 14:24:40,029] {base_task_runner.py:98} INFO - Subtask: [2018-06-19 14:24:40,029] {bash_operator.py:101} INFO - hello
[2018-06-19 14:24:40,031] {base_task_runner.py:98} INFO - Subtask: [2018-06-19 14:24:40,030] {bash_operator.py:105} INFO - Command exited with return code 0
[2018-06-19 15:58:20,197] {cli.py:374} INFO - Running on host PRINHYLTPDL1167
[2018-06-19 15:58:20,289] {models.py:1197} INFO - Dependencies all met for <TaskInstance: hello_world.print_hello 2017-06-01 17:00:00 [queued]>
[2018-06-19 15:58:20,345] {models.py:1197} INFO - Dependencies all met for <TaskInstance: hello_world.print_hello 2017-06-01 17:00:00 [queued]>
[2018-06-19 15:58:20,345] {models.py:1407} INFO - 
--------------------------------------------------------------------------------
Starting attempt 1 of 2
--------------------------------------------------------------------------------

[2018-06-19 15:58:20,411] {models.py:1428} INFO - Executing <Task(BashOperator): print_hello> on 2017-06-01 17:00:00
[2018-06-19 15:58:20,411] {base_task_runner.py:115} INFO - Running: ['bash', '-c', u'airflow run hello_world print_hello 2017-06-01T17:00:00 --job_id 52 --raw -sd DAGS_FOLDER/helloWorld.py']
[2018-06-19 15:58:20,622] {base_task_runner.py:98} INFO - Subtask: /usr/local/lib/python2.7/dist-packages/psycopg2/__init__.py:144: UserWarning: The psycopg2 wheel package will be renamed from release 2.8; in order to keep installing from binary please use "pip install psycopg2-binary" instead. For details see: <http://initd.org/psycopg/docs/install.html#binary-install-from-pypi>.
[2018-06-19 15:58:20,622] {base_task_runner.py:98} INFO - Subtask:   """)
[2018-06-19 15:58:20,653] {base_task_runner.py:98} INFO - Subtask: [2018-06-19 15:58:20,652] {driver.py:120} INFO - Generating grammar tables from /usr/lib/python2.7/lib2to3/Grammar.txt
[2018-06-19 15:58:20,672] {base_task_runner.py:98} INFO - Subtask: [2018-06-19 15:58:20,672] {driver.py:120} INFO - Generating grammar tables from /usr/lib/python2.7/lib2to3/PatternGrammar.txt
[2018-06-19 15:58:20,776] {base_task_runner.py:98} INFO - Subtask: [2018-06-19 15:58:20,775] {__init__.py:45} INFO - Using executor SequentialExecutor
[2018-06-19 15:58:20,814] {base_task_runner.py:98} INFO - Subtask: [2018-06-19 15:58:20,813] {models.py:189} INFO - Filling up the DagBag from /home/charanjiths/airflow/dags/helloWorld.py
[2018-06-19 15:58:20,919] {base_task_runner.py:98} INFO - Subtask: [2018-06-19 15:58:20,919] {bash_operator.py:70} INFO - Tmp dir root location: 
[2018-06-19 15:58:20,919] {base_task_runner.py:98} INFO - Subtask:  /tmp
[2018-06-19 15:58:20,920] {base_task_runner.py:98} INFO - Subtask: [2018-06-19 15:58:20,919] {bash_operator.py:80} INFO - Temporary script location: /tmp/airflowtmpETepsB//tmp/airflowtmpETepsB/print_hello63RZTf
[2018-06-19 15:58:20,920] {base_task_runner.py:98} INFO - Subtask: [2018-06-19 15:58:20,920] {bash_operator.py:88} INFO - Running command: echo "hello"
[2018-06-19 15:58:20,923] {base_task_runner.py:98} INFO - Subtask: [2018-06-19 15:58:20,922] {bash_operator.py:97} INFO - Output:
[2018-06-19 15:58:20,924] {base_task_runner.py:98} INFO - Subtask: [2018-06-19 15:58:20,924] {bash_operator.py:101} INFO - hello
[2018-06-19 15:58:20,925] {base_task_runner.py:98} INFO - Subtask: [2018-06-19 15:58:20,925] {bash_operator.py:105} INFO - Command exited with return code 0
