[2018-06-19 14:22:03,243] {cli.py:374} INFO - Running on host PRINHYLTPDL1167
[2018-06-19 14:22:03,478] {models.py:1197} INFO - Dependencies all met for <TaskInstance: hello_world.print_world 2017-06-01 08:00:00 [queued]>
[2018-06-19 14:22:03,519] {models.py:1197} INFO - Dependencies all met for <TaskInstance: hello_world.print_world 2017-06-01 08:00:00 [queued]>
[2018-06-19 14:22:03,519] {models.py:1407} INFO - 
--------------------------------------------------------------------------------
Starting attempt 1 of 2
--------------------------------------------------------------------------------

[2018-06-19 14:22:03,540] {models.py:1428} INFO - Executing <Task(PythonOperator): print_world> on 2017-06-01 08:00:00
[2018-06-19 14:22:03,540] {base_task_runner.py:115} INFO - Running: ['bash', '-c', u'airflow run hello_world print_world 2017-06-01T08:00:00 --job_id 31 --raw -sd DAGS_FOLDER/helloWorld.py']
[2018-06-19 14:22:03,815] {base_task_runner.py:98} INFO - Subtask: /usr/local/lib/python2.7/dist-packages/psycopg2/__init__.py:144: UserWarning: The psycopg2 wheel package will be renamed from release 2.8; in order to keep installing from binary please use "pip install psycopg2-binary" instead. For details see: <http://initd.org/psycopg/docs/install.html#binary-install-from-pypi>.
[2018-06-19 14:22:03,815] {base_task_runner.py:98} INFO - Subtask:   """)
[2018-06-19 14:22:03,847] {base_task_runner.py:98} INFO - Subtask: [2018-06-19 14:22:03,846] {driver.py:120} INFO - Generating grammar tables from /usr/lib/python2.7/lib2to3/Grammar.txt
[2018-06-19 14:22:03,866] {base_task_runner.py:98} INFO - Subtask: [2018-06-19 14:22:03,866] {driver.py:120} INFO - Generating grammar tables from /usr/lib/python2.7/lib2to3/PatternGrammar.txt
[2018-06-19 14:22:03,972] {base_task_runner.py:98} INFO - Subtask: [2018-06-19 14:22:03,971] {__init__.py:45} INFO - Using executor SequentialExecutor
[2018-06-19 14:22:04,011] {base_task_runner.py:98} INFO - Subtask: [2018-06-19 14:22:04,011] {models.py:189} INFO - Filling up the DagBag from /home/charanjiths/airflow/dags/helloWorld.py
[2018-06-19 14:22:04,130] {base_task_runner.py:98} INFO - Subtask: [2018-06-19 14:22:04,129] {python_operator.py:90} INFO - Done. Returned value was: None
[2018-06-19 15:55:47,776] {cli.py:374} INFO - Running on host PRINHYLTPDL1167
[2018-06-19 15:55:47,836] {models.py:1197} INFO - Dependencies all met for <TaskInstance: hello_world.print_world 2017-06-01 08:00:00 [queued]>
[2018-06-19 15:55:47,872] {models.py:1197} INFO - Dependencies all met for <TaskInstance: hello_world.print_world 2017-06-01 08:00:00 [queued]>
[2018-06-19 15:55:47,872] {models.py:1407} INFO - 
--------------------------------------------------------------------------------
Starting attempt 1 of 2
--------------------------------------------------------------------------------

[2018-06-19 15:55:47,885] {models.py:1428} INFO - Executing <Task(PythonOperator): print_world> on 2017-06-01 08:00:00
[2018-06-19 15:55:47,885] {base_task_runner.py:115} INFO - Running: ['bash', '-c', u'airflow run hello_world print_world 2017-06-01T08:00:00 --job_id 33 --raw -sd DAGS_FOLDER/helloWorld.py']
[2018-06-19 15:55:48,099] {base_task_runner.py:98} INFO - Subtask: /usr/local/lib/python2.7/dist-packages/psycopg2/__init__.py:144: UserWarning: The psycopg2 wheel package will be renamed from release 2.8; in order to keep installing from binary please use "pip install psycopg2-binary" instead. For details see: <http://initd.org/psycopg/docs/install.html#binary-install-from-pypi>.
[2018-06-19 15:55:48,099] {base_task_runner.py:98} INFO - Subtask:   """)
[2018-06-19 15:55:48,130] {base_task_runner.py:98} INFO - Subtask: [2018-06-19 15:55:48,129] {driver.py:120} INFO - Generating grammar tables from /usr/lib/python2.7/lib2to3/Grammar.txt
[2018-06-19 15:55:48,149] {base_task_runner.py:98} INFO - Subtask: [2018-06-19 15:55:48,149] {driver.py:120} INFO - Generating grammar tables from /usr/lib/python2.7/lib2to3/PatternGrammar.txt
[2018-06-19 15:55:48,252] {base_task_runner.py:98} INFO - Subtask: [2018-06-19 15:55:48,252] {__init__.py:45} INFO - Using executor SequentialExecutor
[2018-06-19 15:55:48,290] {base_task_runner.py:98} INFO - Subtask: [2018-06-19 15:55:48,290] {models.py:189} INFO - Filling up the DagBag from /home/charanjiths/airflow/dags/helloWorld.py
[2018-06-19 15:55:48,392] {base_task_runner.py:98} INFO - Subtask: [2018-06-19 15:55:48,392] {python_operator.py:90} INFO - Done. Returned value was: None
