[2018-06-19 15:59:14,115] {cli.py:374} INFO - Running on host PRINHYLTPDL1167
[2018-06-19 15:59:14,170] {models.py:1197} INFO - Dependencies all met for <TaskInstance: hello_world.sleep 2017-06-01 18:00:00 [queued]>
[2018-06-19 15:59:14,207] {models.py:1197} INFO - Dependencies all met for <TaskInstance: hello_world.sleep 2017-06-01 18:00:00 [queued]>
[2018-06-19 15:59:14,207] {models.py:1407} INFO - 
--------------------------------------------------------------------------------
Starting attempt 1 of 2
--------------------------------------------------------------------------------

[2018-06-19 15:59:14,219] {models.py:1428} INFO - Executing <Task(BashOperator): sleep> on 2017-06-01 18:00:00
[2018-06-19 15:59:14,220] {base_task_runner.py:115} INFO - Running: ['bash', '-c', u'airflow run hello_world sleep 2017-06-01T18:00:00 --job_id 59 --raw -sd DAGS_FOLDER/helloWorld.py']
[2018-06-19 15:59:14,429] {base_task_runner.py:98} INFO - Subtask: /usr/local/lib/python2.7/dist-packages/psycopg2/__init__.py:144: UserWarning: The psycopg2 wheel package will be renamed from release 2.8; in order to keep installing from binary please use "pip install psycopg2-binary" instead. For details see: <http://initd.org/psycopg/docs/install.html#binary-install-from-pypi>.
[2018-06-19 15:59:14,430] {base_task_runner.py:98} INFO - Subtask:   """)
[2018-06-19 15:59:14,460] {base_task_runner.py:98} INFO - Subtask: [2018-06-19 15:59:14,460] {driver.py:120} INFO - Generating grammar tables from /usr/lib/python2.7/lib2to3/Grammar.txt
[2018-06-19 15:59:14,479] {base_task_runner.py:98} INFO - Subtask: [2018-06-19 15:59:14,479] {driver.py:120} INFO - Generating grammar tables from /usr/lib/python2.7/lib2to3/PatternGrammar.txt
[2018-06-19 15:59:14,582] {base_task_runner.py:98} INFO - Subtask: [2018-06-19 15:59:14,582] {__init__.py:45} INFO - Using executor SequentialExecutor
[2018-06-19 15:59:14,620] {base_task_runner.py:98} INFO - Subtask: [2018-06-19 15:59:14,620] {models.py:189} INFO - Filling up the DagBag from /home/charanjiths/airflow/dags/helloWorld.py
[2018-06-19 15:59:14,725] {base_task_runner.py:98} INFO - Subtask: [2018-06-19 15:59:14,725] {bash_operator.py:70} INFO - Tmp dir root location: 
[2018-06-19 15:59:14,725] {base_task_runner.py:98} INFO - Subtask:  /tmp
[2018-06-19 15:59:14,726] {base_task_runner.py:98} INFO - Subtask: [2018-06-19 15:59:14,726] {bash_operator.py:80} INFO - Temporary script location: /tmp/airflowtmpz42l9T//tmp/airflowtmpz42l9T/sleepm8xsLJ
[2018-06-19 15:59:14,726] {base_task_runner.py:98} INFO - Subtask: [2018-06-19 15:59:14,726] {bash_operator.py:88} INFO - Running command: sleep 5
[2018-06-19 15:59:14,729] {base_task_runner.py:98} INFO - Subtask: [2018-06-19 15:59:14,729] {bash_operator.py:97} INFO - Output:
[2018-06-19 15:59:19,740] {base_task_runner.py:98} INFO - Subtask: [2018-06-19 15:59:19,739] {bash_operator.py:105} INFO - Command exited with return code 0
