[2018-06-19 16:13:17,726] {cli.py:374} INFO - Running on host PRINHYLTPDL1167
[2018-06-19 16:13:17,779] {models.py:1197} INFO - Dependencies all met for <TaskInstance: hello_world.sleep 2017-06-03 05:00:00 [queued]>
[2018-06-19 16:13:17,815] {models.py:1197} INFO - Dependencies all met for <TaskInstance: hello_world.sleep 2017-06-03 05:00:00 [queued]>
[2018-06-19 16:13:17,815] {models.py:1407} INFO - 
--------------------------------------------------------------------------------
Starting attempt 1 of 2
--------------------------------------------------------------------------------

[2018-06-19 16:13:17,828] {models.py:1428} INFO - Executing <Task(BashOperator): sleep> on 2017-06-03 05:00:00
[2018-06-19 16:13:17,828] {base_task_runner.py:115} INFO - Running: ['bash', '-c', u'airflow run hello_world sleep 2017-06-03T05:00:00 --job_id 164 --raw -sd DAGS_FOLDER/helloWorld.py']
[2018-06-19 16:13:18,042] {base_task_runner.py:98} INFO - Subtask: /usr/local/lib/python2.7/dist-packages/psycopg2/__init__.py:144: UserWarning: The psycopg2 wheel package will be renamed from release 2.8; in order to keep installing from binary please use "pip install psycopg2-binary" instead. For details see: <http://initd.org/psycopg/docs/install.html#binary-install-from-pypi>.
[2018-06-19 16:13:18,043] {base_task_runner.py:98} INFO - Subtask:   """)
[2018-06-19 16:13:18,074] {base_task_runner.py:98} INFO - Subtask: [2018-06-19 16:13:18,073] {driver.py:120} INFO - Generating grammar tables from /usr/lib/python2.7/lib2to3/Grammar.txt
[2018-06-19 16:13:18,093] {base_task_runner.py:98} INFO - Subtask: [2018-06-19 16:13:18,093] {driver.py:120} INFO - Generating grammar tables from /usr/lib/python2.7/lib2to3/PatternGrammar.txt
[2018-06-19 16:13:18,197] {base_task_runner.py:98} INFO - Subtask: [2018-06-19 16:13:18,197] {__init__.py:45} INFO - Using executor SequentialExecutor
[2018-06-19 16:13:18,235] {base_task_runner.py:98} INFO - Subtask: [2018-06-19 16:13:18,234] {models.py:189} INFO - Filling up the DagBag from /home/charanjiths/airflow/dags/helloWorld.py
[2018-06-19 16:13:18,342] {base_task_runner.py:98} INFO - Subtask: [2018-06-19 16:13:18,342] {bash_operator.py:70} INFO - Tmp dir root location: 
[2018-06-19 16:13:18,342] {base_task_runner.py:98} INFO - Subtask:  /tmp
[2018-06-19 16:13:18,343] {base_task_runner.py:98} INFO - Subtask: [2018-06-19 16:13:18,343] {bash_operator.py:80} INFO - Temporary script location: /tmp/airflowtmpEnIOTH//tmp/airflowtmpEnIOTH/sleepBNZK0k
[2018-06-19 16:13:18,343] {base_task_runner.py:98} INFO - Subtask: [2018-06-19 16:13:18,343] {bash_operator.py:88} INFO - Running command: sleep 5
[2018-06-19 16:13:18,346] {base_task_runner.py:98} INFO - Subtask: [2018-06-19 16:13:18,346] {bash_operator.py:97} INFO - Output:
[2018-06-19 16:13:23,355] {base_task_runner.py:98} INFO - Subtask: [2018-06-19 16:13:23,354] {bash_operator.py:105} INFO - Command exited with return code 0
