[2018-06-19 14:23:55,548] {cli.py:374} INFO - Running on host PRINHYLTPDL1167
[2018-06-19 14:23:55,738] {models.py:1197} INFO - Dependencies all met for <TaskInstance: hello_world.sleep 2017-06-01 14:00:00 [queued]>
[2018-06-19 14:23:55,791] {models.py:1197} INFO - Dependencies all met for <TaskInstance: hello_world.sleep 2017-06-01 14:00:00 [queued]>
[2018-06-19 14:23:55,791] {models.py:1407} INFO - 
--------------------------------------------------------------------------------
Starting attempt 1 of 2
--------------------------------------------------------------------------------

[2018-06-19 14:23:55,811] {models.py:1428} INFO - Executing <Task(BashOperator): sleep> on 2017-06-01 14:00:00
[2018-06-19 14:23:55,811] {base_task_runner.py:115} INFO - Running: ['bash', '-c', u'airflow run hello_world sleep 2017-06-01T14:00:00 --job_id 45 --raw -sd DAGS_FOLDER/helloWorld.py']
[2018-06-19 14:23:56,026] {base_task_runner.py:98} INFO - Subtask: /usr/local/lib/python2.7/dist-packages/psycopg2/__init__.py:144: UserWarning: The psycopg2 wheel package will be renamed from release 2.8; in order to keep installing from binary please use "pip install psycopg2-binary" instead. For details see: <http://initd.org/psycopg/docs/install.html#binary-install-from-pypi>.
[2018-06-19 14:23:56,027] {base_task_runner.py:98} INFO - Subtask:   """)
[2018-06-19 14:23:56,059] {base_task_runner.py:98} INFO - Subtask: [2018-06-19 14:23:56,058] {driver.py:120} INFO - Generating grammar tables from /usr/lib/python2.7/lib2to3/Grammar.txt
[2018-06-19 14:23:56,078] {base_task_runner.py:98} INFO - Subtask: [2018-06-19 14:23:56,078] {driver.py:120} INFO - Generating grammar tables from /usr/lib/python2.7/lib2to3/PatternGrammar.txt
[2018-06-19 14:23:56,187] {base_task_runner.py:98} INFO - Subtask: [2018-06-19 14:23:56,187] {__init__.py:45} INFO - Using executor SequentialExecutor
[2018-06-19 14:23:56,226] {base_task_runner.py:98} INFO - Subtask: [2018-06-19 14:23:56,225] {models.py:189} INFO - Filling up the DagBag from /home/charanjiths/airflow/dags/helloWorld.py
[2018-06-19 14:23:56,331] {base_task_runner.py:98} INFO - Subtask: [2018-06-19 14:23:56,331] {bash_operator.py:70} INFO - Tmp dir root location: 
[2018-06-19 14:23:56,332] {base_task_runner.py:98} INFO - Subtask:  /tmp
[2018-06-19 14:23:56,332] {base_task_runner.py:98} INFO - Subtask: [2018-06-19 14:23:56,332] {bash_operator.py:80} INFO - Temporary script location: /tmp/airflowtmp8HeR6B//tmp/airflowtmp8HeR6B/sleepnx2F11
[2018-06-19 14:23:56,333] {base_task_runner.py:98} INFO - Subtask: [2018-06-19 14:23:56,332] {bash_operator.py:88} INFO - Running command: sleep 5
[2018-06-19 14:23:56,336] {base_task_runner.py:98} INFO - Subtask: [2018-06-19 14:23:56,335] {bash_operator.py:97} INFO - Output:
[2018-06-19 14:24:01,348] {base_task_runner.py:98} INFO - Subtask: [2018-06-19 14:24:01,345] {bash_operator.py:105} INFO - Command exited with return code 0
[2018-06-19 15:57:37,684] {cli.py:374} INFO - Running on host PRINHYLTPDL1167
[2018-06-19 15:57:37,734] {models.py:1197} INFO - Dependencies all met for <TaskInstance: hello_world.sleep 2017-06-01 14:00:00 [queued]>
[2018-06-19 15:57:37,785] {models.py:1197} INFO - Dependencies all met for <TaskInstance: hello_world.sleep 2017-06-01 14:00:00 [queued]>
[2018-06-19 15:57:37,785] {models.py:1407} INFO - 
--------------------------------------------------------------------------------
Starting attempt 1 of 2
--------------------------------------------------------------------------------

[2018-06-19 15:57:37,805] {models.py:1428} INFO - Executing <Task(BashOperator): sleep> on 2017-06-01 14:00:00
[2018-06-19 15:57:37,806] {base_task_runner.py:115} INFO - Running: ['bash', '-c', u'airflow run hello_world sleep 2017-06-01T14:00:00 --job_id 47 --raw -sd DAGS_FOLDER/helloWorld.py']
[2018-06-19 15:57:38,039] {base_task_runner.py:98} INFO - Subtask: /usr/local/lib/python2.7/dist-packages/psycopg2/__init__.py:144: UserWarning: The psycopg2 wheel package will be renamed from release 2.8; in order to keep installing from binary please use "pip install psycopg2-binary" instead. For details see: <http://initd.org/psycopg/docs/install.html#binary-install-from-pypi>.
[2018-06-19 15:57:38,039] {base_task_runner.py:98} INFO - Subtask:   """)
[2018-06-19 15:57:38,070] {base_task_runner.py:98} INFO - Subtask: [2018-06-19 15:57:38,069] {driver.py:120} INFO - Generating grammar tables from /usr/lib/python2.7/lib2to3/Grammar.txt
[2018-06-19 15:57:38,089] {base_task_runner.py:98} INFO - Subtask: [2018-06-19 15:57:38,089] {driver.py:120} INFO - Generating grammar tables from /usr/lib/python2.7/lib2to3/PatternGrammar.txt
[2018-06-19 15:57:38,192] {base_task_runner.py:98} INFO - Subtask: [2018-06-19 15:57:38,192] {__init__.py:45} INFO - Using executor SequentialExecutor
[2018-06-19 15:57:38,230] {base_task_runner.py:98} INFO - Subtask: [2018-06-19 15:57:38,230] {models.py:189} INFO - Filling up the DagBag from /home/charanjiths/airflow/dags/helloWorld.py
[2018-06-19 15:57:38,336] {base_task_runner.py:98} INFO - Subtask: [2018-06-19 15:57:38,336] {bash_operator.py:70} INFO - Tmp dir root location: 
[2018-06-19 15:57:38,336] {base_task_runner.py:98} INFO - Subtask:  /tmp
[2018-06-19 15:57:38,337] {base_task_runner.py:98} INFO - Subtask: [2018-06-19 15:57:38,337] {bash_operator.py:80} INFO - Temporary script location: /tmp/airflowtmpuIEiBe//tmp/airflowtmpuIEiBe/sleep3zmD7x
[2018-06-19 15:57:38,337] {base_task_runner.py:98} INFO - Subtask: [2018-06-19 15:57:38,337] {bash_operator.py:88} INFO - Running command: sleep 5
[2018-06-19 15:57:38,340] {base_task_runner.py:98} INFO - Subtask: [2018-06-19 15:57:38,339] {bash_operator.py:97} INFO - Output:
[2018-06-19 15:57:43,349] {base_task_runner.py:98} INFO - Subtask: [2018-06-19 15:57:43,348] {bash_operator.py:105} INFO - Command exited with return code 0
