[2018-06-19 14:20:06,950] {cli.py:374} INFO - Running on host PRINHYLTPDL1167
[2018-06-19 14:20:07,146] {models.py:1197} INFO - Dependencies all met for <TaskInstance: hello_world.print_hello 2017-06-01 06:00:00 [queued]>
[2018-06-19 14:20:07,165] {models.py:1197} INFO - Dependencies all met for <TaskInstance: hello_world.print_hello 2017-06-01 06:00:00 [queued]>
[2018-06-19 14:20:07,165] {models.py:1407} INFO - 
--------------------------------------------------------------------------------
Starting attempt 1 of 2
--------------------------------------------------------------------------------

[2018-06-19 14:20:07,198] {models.py:1428} INFO - Executing <Task(BashOperator): print_hello> on 2017-06-01 06:00:00
[2018-06-19 14:20:07,198] {base_task_runner.py:115} INFO - Running: ['bash', '-c', u'airflow run hello_world print_hello 2017-06-01T06:00:00 --job_id 17 --raw -sd DAGS_FOLDER/helloWorld.py']
[2018-06-19 14:20:07,416] {base_task_runner.py:98} INFO - Subtask: /usr/local/lib/python2.7/dist-packages/psycopg2/__init__.py:144: UserWarning: The psycopg2 wheel package will be renamed from release 2.8; in order to keep installing from binary please use "pip install psycopg2-binary" instead. For details see: <http://initd.org/psycopg/docs/install.html#binary-install-from-pypi>.
[2018-06-19 14:20:07,416] {base_task_runner.py:98} INFO - Subtask:   """)
[2018-06-19 14:20:07,448] {base_task_runner.py:98} INFO - Subtask: [2018-06-19 14:20:07,448] {driver.py:120} INFO - Generating grammar tables from /usr/lib/python2.7/lib2to3/Grammar.txt
[2018-06-19 14:20:07,467] {base_task_runner.py:98} INFO - Subtask: [2018-06-19 14:20:07,467] {driver.py:120} INFO - Generating grammar tables from /usr/lib/python2.7/lib2to3/PatternGrammar.txt
[2018-06-19 14:20:07,573] {base_task_runner.py:98} INFO - Subtask: [2018-06-19 14:20:07,573] {__init__.py:45} INFO - Using executor SequentialExecutor
[2018-06-19 14:20:07,612] {base_task_runner.py:98} INFO - Subtask: [2018-06-19 14:20:07,612] {models.py:189} INFO - Filling up the DagBag from /home/charanjiths/airflow/dags/helloWorld.py
[2018-06-19 14:20:07,719] {base_task_runner.py:98} INFO - Subtask: [2018-06-19 14:20:07,719] {bash_operator.py:70} INFO - Tmp dir root location: 
[2018-06-19 14:20:07,720] {base_task_runner.py:98} INFO - Subtask:  /tmp
[2018-06-19 14:20:07,721] {base_task_runner.py:98} INFO - Subtask: [2018-06-19 14:20:07,720] {bash_operator.py:80} INFO - Temporary script location: /tmp/airflowtmp6vbN17//tmp/airflowtmp6vbN17/print_hellohFZDrb
[2018-06-19 14:20:07,721] {base_task_runner.py:98} INFO - Subtask: [2018-06-19 14:20:07,720] {bash_operator.py:88} INFO - Running command: echo "hello"
[2018-06-19 14:20:07,725] {base_task_runner.py:98} INFO - Subtask: [2018-06-19 14:20:07,724] {bash_operator.py:97} INFO - Output:
[2018-06-19 14:20:07,726] {base_task_runner.py:98} INFO - Subtask: [2018-06-19 14:20:07,726] {bash_operator.py:101} INFO - hello
[2018-06-19 14:20:07,727] {base_task_runner.py:98} INFO - Subtask: [2018-06-19 14:20:07,727] {bash_operator.py:105} INFO - Command exited with return code 0
[2018-06-19 15:53:55,112] {cli.py:374} INFO - Running on host PRINHYLTPDL1167
[2018-06-19 15:53:55,157] {models.py:1197} INFO - Dependencies all met for <TaskInstance: hello_world.print_hello 2017-06-01 06:00:00 [queued]>
[2018-06-19 15:53:55,165] {models.py:1197} INFO - Dependencies all met for <TaskInstance: hello_world.print_hello 2017-06-01 06:00:00 [queued]>
[2018-06-19 15:53:55,165] {models.py:1407} INFO - 
--------------------------------------------------------------------------------
Starting attempt 1 of 2
--------------------------------------------------------------------------------

[2018-06-19 15:53:55,199] {models.py:1428} INFO - Executing <Task(BashOperator): print_hello> on 2017-06-01 06:00:00
[2018-06-19 15:53:55,200] {base_task_runner.py:115} INFO - Running: ['bash', '-c', u'airflow run hello_world print_hello 2017-06-01T06:00:00 --job_id 19 --raw -sd DAGS_FOLDER/helloWorld.py']
[2018-06-19 15:53:55,432] {base_task_runner.py:98} INFO - Subtask: /usr/local/lib/python2.7/dist-packages/psycopg2/__init__.py:144: UserWarning: The psycopg2 wheel package will be renamed from release 2.8; in order to keep installing from binary please use "pip install psycopg2-binary" instead. For details see: <http://initd.org/psycopg/docs/install.html#binary-install-from-pypi>.
[2018-06-19 15:53:55,432] {base_task_runner.py:98} INFO - Subtask:   """)
[2018-06-19 15:53:55,462] {base_task_runner.py:98} INFO - Subtask: [2018-06-19 15:53:55,462] {driver.py:120} INFO - Generating grammar tables from /usr/lib/python2.7/lib2to3/Grammar.txt
[2018-06-19 15:53:55,482] {base_task_runner.py:98} INFO - Subtask: [2018-06-19 15:53:55,482] {driver.py:120} INFO - Generating grammar tables from /usr/lib/python2.7/lib2to3/PatternGrammar.txt
[2018-06-19 15:53:55,585] {base_task_runner.py:98} INFO - Subtask: [2018-06-19 15:53:55,585] {__init__.py:45} INFO - Using executor SequentialExecutor
[2018-06-19 15:53:55,623] {base_task_runner.py:98} INFO - Subtask: [2018-06-19 15:53:55,623] {models.py:189} INFO - Filling up the DagBag from /home/charanjiths/airflow/dags/helloWorld.py
[2018-06-19 15:53:55,727] {base_task_runner.py:98} INFO - Subtask: [2018-06-19 15:53:55,726] {bash_operator.py:70} INFO - Tmp dir root location: 
[2018-06-19 15:53:55,727] {base_task_runner.py:98} INFO - Subtask:  /tmp
[2018-06-19 15:53:55,727] {base_task_runner.py:98} INFO - Subtask: [2018-06-19 15:53:55,727] {bash_operator.py:80} INFO - Temporary script location: /tmp/airflowtmpjLV_Bq//tmp/airflowtmpjLV_Bq/print_helloVBUfjI
[2018-06-19 15:53:55,728] {base_task_runner.py:98} INFO - Subtask: [2018-06-19 15:53:55,727] {bash_operator.py:88} INFO - Running command: echo "hello"
[2018-06-19 15:53:55,731] {base_task_runner.py:98} INFO - Subtask: [2018-06-19 15:53:55,730] {bash_operator.py:97} INFO - Output:
[2018-06-19 15:53:55,732] {base_task_runner.py:98} INFO - Subtask: [2018-06-19 15:53:55,732] {bash_operator.py:101} INFO - hello
[2018-06-19 15:53:55,733] {base_task_runner.py:98} INFO - Subtask: [2018-06-19 15:53:55,733] {bash_operator.py:105} INFO - Command exited with return code 0
