[2018-06-19 14:21:21,817] {cli.py:374} INFO - Running on host PRINHYLTPDL1167
[2018-06-19 14:21:22,036] {models.py:1197} INFO - Dependencies all met for <TaskInstance: hello_world.print_hello 2017-06-01 09:00:00 [queued]>
[2018-06-19 14:21:22,051] {models.py:1197} INFO - Dependencies all met for <TaskInstance: hello_world.print_hello 2017-06-01 09:00:00 [queued]>
[2018-06-19 14:21:22,051] {models.py:1407} INFO - 
--------------------------------------------------------------------------------
Starting attempt 1 of 2
--------------------------------------------------------------------------------

[2018-06-19 14:21:22,096] {models.py:1428} INFO - Executing <Task(BashOperator): print_hello> on 2017-06-01 09:00:00
[2018-06-19 14:21:22,096] {base_task_runner.py:115} INFO - Running: ['bash', '-c', u'airflow run hello_world print_hello 2017-06-01T09:00:00 --job_id 26 --raw -sd DAGS_FOLDER/helloWorld.py']
[2018-06-19 14:21:22,316] {base_task_runner.py:98} INFO - Subtask: /usr/local/lib/python2.7/dist-packages/psycopg2/__init__.py:144: UserWarning: The psycopg2 wheel package will be renamed from release 2.8; in order to keep installing from binary please use "pip install psycopg2-binary" instead. For details see: <http://initd.org/psycopg/docs/install.html#binary-install-from-pypi>.
[2018-06-19 14:21:22,317] {base_task_runner.py:98} INFO - Subtask:   """)
[2018-06-19 14:21:22,349] {base_task_runner.py:98} INFO - Subtask: [2018-06-19 14:21:22,349] {driver.py:120} INFO - Generating grammar tables from /usr/lib/python2.7/lib2to3/Grammar.txt
[2018-06-19 14:21:22,369] {base_task_runner.py:98} INFO - Subtask: [2018-06-19 14:21:22,368] {driver.py:120} INFO - Generating grammar tables from /usr/lib/python2.7/lib2to3/PatternGrammar.txt
[2018-06-19 14:21:22,474] {base_task_runner.py:98} INFO - Subtask: [2018-06-19 14:21:22,474] {__init__.py:45} INFO - Using executor SequentialExecutor
[2018-06-19 14:21:22,513] {base_task_runner.py:98} INFO - Subtask: [2018-06-19 14:21:22,513] {models.py:189} INFO - Filling up the DagBag from /home/charanjiths/airflow/dags/helloWorld.py
[2018-06-19 14:21:22,620] {base_task_runner.py:98} INFO - Subtask: [2018-06-19 14:21:22,620] {bash_operator.py:70} INFO - Tmp dir root location: 
[2018-06-19 14:21:22,620] {base_task_runner.py:98} INFO - Subtask:  /tmp
[2018-06-19 14:21:22,621] {base_task_runner.py:98} INFO - Subtask: [2018-06-19 14:21:22,620] {bash_operator.py:80} INFO - Temporary script location: /tmp/airflowtmptPtO9G//tmp/airflowtmptPtO9G/print_hello_Mu8pj
[2018-06-19 14:21:22,621] {base_task_runner.py:98} INFO - Subtask: [2018-06-19 14:21:22,621] {bash_operator.py:88} INFO - Running command: echo "hello"
[2018-06-19 14:21:22,625] {base_task_runner.py:98} INFO - Subtask: [2018-06-19 14:21:22,624] {bash_operator.py:97} INFO - Output:
[2018-06-19 14:21:22,626] {base_task_runner.py:98} INFO - Subtask: [2018-06-19 14:21:22,626] {bash_operator.py:101} INFO - hello
[2018-06-19 14:21:22,627] {base_task_runner.py:98} INFO - Subtask: [2018-06-19 14:21:22,627] {bash_operator.py:105} INFO - Command exited with return code 0
[2018-06-19 15:55:07,404] {cli.py:374} INFO - Running on host PRINHYLTPDL1167
[2018-06-19 15:55:07,452] {models.py:1197} INFO - Dependencies all met for <TaskInstance: hello_world.print_hello 2017-06-01 09:00:00 [queued]>
[2018-06-19 15:55:07,459] {models.py:1197} INFO - Dependencies all met for <TaskInstance: hello_world.print_hello 2017-06-01 09:00:00 [queued]>
[2018-06-19 15:55:07,459] {models.py:1407} INFO - 
--------------------------------------------------------------------------------
Starting attempt 1 of 2
--------------------------------------------------------------------------------

[2018-06-19 15:55:07,493] {models.py:1428} INFO - Executing <Task(BashOperator): print_hello> on 2017-06-01 09:00:00
[2018-06-19 15:55:07,493] {base_task_runner.py:115} INFO - Running: ['bash', '-c', u'airflow run hello_world print_hello 2017-06-01T09:00:00 --job_id 28 --raw -sd DAGS_FOLDER/helloWorld.py']
[2018-06-19 15:55:07,703] {base_task_runner.py:98} INFO - Subtask: /usr/local/lib/python2.7/dist-packages/psycopg2/__init__.py:144: UserWarning: The psycopg2 wheel package will be renamed from release 2.8; in order to keep installing from binary please use "pip install psycopg2-binary" instead. For details see: <http://initd.org/psycopg/docs/install.html#binary-install-from-pypi>.
[2018-06-19 15:55:07,703] {base_task_runner.py:98} INFO - Subtask:   """)
[2018-06-19 15:55:07,734] {base_task_runner.py:98} INFO - Subtask: [2018-06-19 15:55:07,734] {driver.py:120} INFO - Generating grammar tables from /usr/lib/python2.7/lib2to3/Grammar.txt
[2018-06-19 15:55:07,753] {base_task_runner.py:98} INFO - Subtask: [2018-06-19 15:55:07,753] {driver.py:120} INFO - Generating grammar tables from /usr/lib/python2.7/lib2to3/PatternGrammar.txt
[2018-06-19 15:55:07,856] {base_task_runner.py:98} INFO - Subtask: [2018-06-19 15:55:07,856] {__init__.py:45} INFO - Using executor SequentialExecutor
[2018-06-19 15:55:07,893] {base_task_runner.py:98} INFO - Subtask: [2018-06-19 15:55:07,893] {models.py:189} INFO - Filling up the DagBag from /home/charanjiths/airflow/dags/helloWorld.py
[2018-06-19 15:55:08,000] {base_task_runner.py:98} INFO - Subtask: [2018-06-19 15:55:08,000] {bash_operator.py:70} INFO - Tmp dir root location: 
[2018-06-19 15:55:08,000] {base_task_runner.py:98} INFO - Subtask:  /tmp
[2018-06-19 15:55:08,001] {base_task_runner.py:98} INFO - Subtask: [2018-06-19 15:55:08,001] {bash_operator.py:80} INFO - Temporary script location: /tmp/airflowtmplMvO8l//tmp/airflowtmplMvO8l/print_hellouJM04U
[2018-06-19 15:55:08,001] {base_task_runner.py:98} INFO - Subtask: [2018-06-19 15:55:08,001] {bash_operator.py:88} INFO - Running command: echo "hello"
[2018-06-19 15:55:08,004] {base_task_runner.py:98} INFO - Subtask: [2018-06-19 15:55:08,004] {bash_operator.py:97} INFO - Output:
[2018-06-19 15:55:08,006] {base_task_runner.py:98} INFO - Subtask: [2018-06-19 15:55:08,006] {bash_operator.py:101} INFO - hello
[2018-06-19 15:55:08,007] {base_task_runner.py:98} INFO - Subtask: [2018-06-19 15:55:08,006] {bash_operator.py:105} INFO - Command exited with return code 0
