[2018-06-19 14:19:33,949] {cli.py:374} INFO - Running on host PRINHYLTPDL1167
[2018-06-19 14:19:34,134] {models.py:1197} INFO - Dependencies all met for <TaskInstance: hello_world.print_world 2017-06-01 02:00:00 [queued]>
[2018-06-19 14:19:34,176] {models.py:1197} INFO - Dependencies all met for <TaskInstance: hello_world.print_world 2017-06-01 02:00:00 [queued]>
[2018-06-19 14:19:34,177] {models.py:1407} INFO - 
--------------------------------------------------------------------------------
Starting attempt 1 of 2
--------------------------------------------------------------------------------

[2018-06-19 14:19:34,189] {models.py:1428} INFO - Executing <Task(PythonOperator): print_world> on 2017-06-01 02:00:00
[2018-06-19 14:19:34,189] {base_task_runner.py:115} INFO - Running: ['bash', '-c', u'airflow run hello_world print_world 2017-06-01T02:00:00 --job_id 13 --raw -sd DAGS_FOLDER/helloWorld.py']
[2018-06-19 14:19:34,403] {base_task_runner.py:98} INFO - Subtask: /usr/local/lib/python2.7/dist-packages/psycopg2/__init__.py:144: UserWarning: The psycopg2 wheel package will be renamed from release 2.8; in order to keep installing from binary please use "pip install psycopg2-binary" instead. For details see: <http://initd.org/psycopg/docs/install.html#binary-install-from-pypi>.
[2018-06-19 14:19:34,403] {base_task_runner.py:98} INFO - Subtask:   """)
[2018-06-19 14:19:34,435] {base_task_runner.py:98} INFO - Subtask: [2018-06-19 14:19:34,435] {driver.py:120} INFO - Generating grammar tables from /usr/lib/python2.7/lib2to3/Grammar.txt
[2018-06-19 14:19:34,455] {base_task_runner.py:98} INFO - Subtask: [2018-06-19 14:19:34,454] {driver.py:120} INFO - Generating grammar tables from /usr/lib/python2.7/lib2to3/PatternGrammar.txt
[2018-06-19 14:19:34,559] {base_task_runner.py:98} INFO - Subtask: [2018-06-19 14:19:34,559] {__init__.py:45} INFO - Using executor SequentialExecutor
[2018-06-19 14:19:34,599] {base_task_runner.py:98} INFO - Subtask: [2018-06-19 14:19:34,598] {models.py:189} INFO - Filling up the DagBag from /home/charanjiths/airflow/dags/helloWorld.py
[2018-06-19 14:19:34,700] {base_task_runner.py:98} INFO - Subtask: [2018-06-19 14:19:34,700] {python_operator.py:90} INFO - Done. Returned value was: None
[2018-06-19 15:53:23,273] {cli.py:374} INFO - Running on host PRINHYLTPDL1167
[2018-06-19 15:53:23,325] {models.py:1197} INFO - Dependencies all met for <TaskInstance: hello_world.print_world 2017-06-01 02:00:00 [queued]>
[2018-06-19 15:53:23,361] {models.py:1197} INFO - Dependencies all met for <TaskInstance: hello_world.print_world 2017-06-01 02:00:00 [queued]>
[2018-06-19 15:53:23,361] {models.py:1407} INFO - 
--------------------------------------------------------------------------------
Starting attempt 1 of 2
--------------------------------------------------------------------------------

[2018-06-19 15:53:23,384] {models.py:1428} INFO - Executing <Task(PythonOperator): print_world> on 2017-06-01 02:00:00
[2018-06-19 15:53:23,384] {base_task_runner.py:115} INFO - Running: ['bash', '-c', u'airflow run hello_world print_world 2017-06-01T02:00:00 --job_id 15 --raw -sd DAGS_FOLDER/helloWorld.py']
[2018-06-19 15:53:23,613] {base_task_runner.py:98} INFO - Subtask: /usr/local/lib/python2.7/dist-packages/psycopg2/__init__.py:144: UserWarning: The psycopg2 wheel package will be renamed from release 2.8; in order to keep installing from binary please use "pip install psycopg2-binary" instead. For details see: <http://initd.org/psycopg/docs/install.html#binary-install-from-pypi>.
[2018-06-19 15:53:23,614] {base_task_runner.py:98} INFO - Subtask:   """)
[2018-06-19 15:53:23,648] {base_task_runner.py:98} INFO - Subtask: [2018-06-19 15:53:23,647] {driver.py:120} INFO - Generating grammar tables from /usr/lib/python2.7/lib2to3/Grammar.txt
[2018-06-19 15:53:23,669] {base_task_runner.py:98} INFO - Subtask: [2018-06-19 15:53:23,669] {driver.py:120} INFO - Generating grammar tables from /usr/lib/python2.7/lib2to3/PatternGrammar.txt
[2018-06-19 15:53:23,785] {base_task_runner.py:98} INFO - Subtask: [2018-06-19 15:53:23,785] {__init__.py:45} INFO - Using executor SequentialExecutor
[2018-06-19 15:53:23,826] {base_task_runner.py:98} INFO - Subtask: [2018-06-19 15:53:23,826] {models.py:189} INFO - Filling up the DagBag from /home/charanjiths/airflow/dags/helloWorld.py
[2018-06-19 15:53:23,930] {base_task_runner.py:98} INFO - Subtask: [2018-06-19 15:53:23,929] {python_operator.py:90} INFO - Done. Returned value was: None
