[2018-06-19 11:44:16,496] {cli.py:374} INFO - Running on host PRINHYLTPDL1167
[2018-06-19 11:44:16,697] {models.py:1197} INFO - Dependencies all met for <TaskInstance: tutorial.sleep 2018-06-17 00:00:00 [queued]>
[2018-06-19 11:44:16,730] {models.py:1197} INFO - Dependencies all met for <TaskInstance: tutorial.sleep 2018-06-17 00:00:00 [queued]>
[2018-06-19 11:44:16,730] {models.py:1407} INFO - 
--------------------------------------------------------------------------------
Starting attempt 1 of 2
--------------------------------------------------------------------------------

[2018-06-19 11:44:16,741] {models.py:1428} INFO - Executing <Task(BashOperator): sleep> on 2018-06-17 00:00:00
[2018-06-19 11:44:16,741] {base_task_runner.py:115} INFO - Running: ['bash', '-c', u'airflow run tutorial sleep 2018-06-17T00:00:00 --job_id 4 --raw -sd DAGS_FOLDER/charan.py']
[2018-06-19 11:44:16,981] {base_task_runner.py:98} INFO - Subtask: /usr/local/lib/python2.7/dist-packages/psycopg2/__init__.py:144: UserWarning: The psycopg2 wheel package will be renamed from release 2.8; in order to keep installing from binary please use "pip install psycopg2-binary" instead. For details see: <http://initd.org/psycopg/docs/install.html#binary-install-from-pypi>.
[2018-06-19 11:44:16,981] {base_task_runner.py:98} INFO - Subtask:   """)
[2018-06-19 11:44:17,014] {base_task_runner.py:98} INFO - Subtask: [2018-06-19 11:44:17,013] {driver.py:120} INFO - Generating grammar tables from /usr/lib/python2.7/lib2to3/Grammar.txt
[2018-06-19 11:44:17,033] {base_task_runner.py:98} INFO - Subtask: [2018-06-19 11:44:17,033] {driver.py:120} INFO - Generating grammar tables from /usr/lib/python2.7/lib2to3/PatternGrammar.txt
[2018-06-19 11:44:17,141] {base_task_runner.py:98} INFO - Subtask: [2018-06-19 11:44:17,141] {__init__.py:45} INFO - Using executor SequentialExecutor
[2018-06-19 11:44:17,181] {base_task_runner.py:98} INFO - Subtask: [2018-06-19 11:44:17,180] {models.py:189} INFO - Filling up the DagBag from /home/charanjiths/airflow/dags/charan.py
[2018-06-19 11:44:17,287] {base_task_runner.py:98} INFO - Subtask: [2018-06-19 11:44:17,287] {bash_operator.py:70} INFO - Tmp dir root location: 
[2018-06-19 11:44:17,287] {base_task_runner.py:98} INFO - Subtask:  /tmp
[2018-06-19 11:44:17,288] {base_task_runner.py:98} INFO - Subtask: [2018-06-19 11:44:17,287] {bash_operator.py:80} INFO - Temporary script location: /tmp/airflowtmpJXCVrE//tmp/airflowtmpJXCVrE/sleepq0byXf
[2018-06-19 11:44:17,288] {base_task_runner.py:98} INFO - Subtask: [2018-06-19 11:44:17,287] {bash_operator.py:88} INFO - Running command: sleep 2
[2018-06-19 11:44:17,290] {base_task_runner.py:98} INFO - Subtask: [2018-06-19 11:44:17,290] {bash_operator.py:97} INFO - Output:
[2018-06-19 11:44:19,294] {base_task_runner.py:98} INFO - Subtask: [2018-06-19 11:44:19,293] {bash_operator.py:105} INFO - Command exited with return code 0
[2018-06-19 12:41:36,758] {cli.py:374} INFO - Running on host PRINHYLTPDL1167
[2018-06-19 12:41:36,955] {models.py:1197} INFO - Dependencies all met for <TaskInstance: tutorial.sleep 2018-06-17 00:00:00 [queued]>
[2018-06-19 12:41:36,984] {models.py:1197} INFO - Dependencies all met for <TaskInstance: tutorial.sleep 2018-06-17 00:00:00 [queued]>
[2018-06-19 12:41:36,984] {models.py:1407} INFO - 
--------------------------------------------------------------------------------
Starting attempt 1 of 2
--------------------------------------------------------------------------------

[2018-06-19 12:41:37,006] {models.py:1428} INFO - Executing <Task(BashOperator): sleep> on 2018-06-17 00:00:00
[2018-06-19 12:41:37,006] {base_task_runner.py:115} INFO - Running: ['bash', '-c', u'airflow run tutorial sleep 2018-06-17T00:00:00 --job_id 6 --raw -sd DAGS_FOLDER/charan.py']
[2018-06-19 12:41:37,221] {base_task_runner.py:98} INFO - Subtask: /usr/local/lib/python2.7/dist-packages/psycopg2/__init__.py:144: UserWarning: The psycopg2 wheel package will be renamed from release 2.8; in order to keep installing from binary please use "pip install psycopg2-binary" instead. For details see: <http://initd.org/psycopg/docs/install.html#binary-install-from-pypi>.
[2018-06-19 12:41:37,221] {base_task_runner.py:98} INFO - Subtask:   """)
[2018-06-19 12:41:37,252] {base_task_runner.py:98} INFO - Subtask: [2018-06-19 12:41:37,252] {driver.py:120} INFO - Generating grammar tables from /usr/lib/python2.7/lib2to3/Grammar.txt
[2018-06-19 12:41:37,272] {base_task_runner.py:98} INFO - Subtask: [2018-06-19 12:41:37,271] {driver.py:120} INFO - Generating grammar tables from /usr/lib/python2.7/lib2to3/PatternGrammar.txt
[2018-06-19 12:41:37,377] {base_task_runner.py:98} INFO - Subtask: [2018-06-19 12:41:37,376] {__init__.py:45} INFO - Using executor SequentialExecutor
[2018-06-19 12:41:37,416] {base_task_runner.py:98} INFO - Subtask: [2018-06-19 12:41:37,415] {models.py:189} INFO - Filling up the DagBag from /home/charanjiths/airflow/dags/charan.py
[2018-06-19 12:41:37,518] {base_task_runner.py:98} INFO - Subtask: [2018-06-19 12:41:37,518] {bash_operator.py:70} INFO - Tmp dir root location: 
[2018-06-19 12:41:37,518] {base_task_runner.py:98} INFO - Subtask:  /tmp
[2018-06-19 12:41:37,519] {base_task_runner.py:98} INFO - Subtask: [2018-06-19 12:41:37,519] {bash_operator.py:80} INFO - Temporary script location: /tmp/airflowtmppVZeDg//tmp/airflowtmppVZeDg/sleepzJtloG
[2018-06-19 12:41:37,519] {base_task_runner.py:98} INFO - Subtask: [2018-06-19 12:41:37,519] {bash_operator.py:88} INFO - Running command: sleep 2
[2018-06-19 12:41:37,522] {base_task_runner.py:98} INFO - Subtask: [2018-06-19 12:41:37,522] {bash_operator.py:97} INFO - Output:
[2018-06-19 12:41:39,534] {base_task_runner.py:98} INFO - Subtask: [2018-06-19 12:41:39,531] {bash_operator.py:105} INFO - Command exited with return code 0
