[2018-06-19 12:41:30,979] {cli.py:374} INFO - Running on host PRINHYLTPDL1167
[2018-06-19 12:41:31,160] {models.py:1197} INFO - Dependencies all met for <TaskInstance: tutorial_backup.print_date 2018-06-18 00:00:00 [queued]>
[2018-06-19 12:41:31,172] {models.py:1197} INFO - Dependencies all met for <TaskInstance: tutorial_backup.print_date 2018-06-18 00:00:00 [queued]>
[2018-06-19 12:41:31,172] {models.py:1407} INFO - 
--------------------------------------------------------------------------------
Starting attempt 1 of 2
--------------------------------------------------------------------------------

[2018-06-19 12:41:31,207] {models.py:1428} INFO - Executing <Task(BashOperator): print_date> on 2018-06-18 00:00:00
[2018-06-19 12:41:31,208] {base_task_runner.py:115} INFO - Running: ['bash', '-c', u'airflow run tutorial_backup print_date 2018-06-18T00:00:00 --job_id 5 --raw -sd DAGS_FOLDER/charan_backup.py']
[2018-06-19 12:41:31,442] {base_task_runner.py:98} INFO - Subtask: /usr/local/lib/python2.7/dist-packages/psycopg2/__init__.py:144: UserWarning: The psycopg2 wheel package will be renamed from release 2.8; in order to keep installing from binary please use "pip install psycopg2-binary" instead. For details see: <http://initd.org/psycopg/docs/install.html#binary-install-from-pypi>.
[2018-06-19 12:41:31,442] {base_task_runner.py:98} INFO - Subtask:   """)
[2018-06-19 12:41:31,475] {base_task_runner.py:98} INFO - Subtask: [2018-06-19 12:41:31,474] {driver.py:120} INFO - Generating grammar tables from /usr/lib/python2.7/lib2to3/Grammar.txt
[2018-06-19 12:41:31,494] {base_task_runner.py:98} INFO - Subtask: [2018-06-19 12:41:31,493] {driver.py:120} INFO - Generating grammar tables from /usr/lib/python2.7/lib2to3/PatternGrammar.txt
[2018-06-19 12:41:31,599] {base_task_runner.py:98} INFO - Subtask: [2018-06-19 12:41:31,598] {__init__.py:45} INFO - Using executor SequentialExecutor
[2018-06-19 12:41:31,638] {base_task_runner.py:98} INFO - Subtask: [2018-06-19 12:41:31,638] {models.py:189} INFO - Filling up the DagBag from /home/charanjiths/airflow/dags/charan_backup.py
[2018-06-19 12:41:31,741] {base_task_runner.py:98} INFO - Subtask: [2018-06-19 12:41:31,741] {bash_operator.py:70} INFO - Tmp dir root location: 
[2018-06-19 12:41:31,742] {base_task_runner.py:98} INFO - Subtask:  /tmp
[2018-06-19 12:41:31,742] {base_task_runner.py:98} INFO - Subtask: [2018-06-19 12:41:31,742] {bash_operator.py:80} INFO - Temporary script location: /tmp/airflowtmpNa1tzv//tmp/airflowtmpNa1tzv/print_date3cc_af
[2018-06-19 12:41:31,743] {base_task_runner.py:98} INFO - Subtask: [2018-06-19 12:41:31,742] {bash_operator.py:88} INFO - Running command: date
[2018-06-19 12:41:31,746] {base_task_runner.py:98} INFO - Subtask: [2018-06-19 12:41:31,745] {bash_operator.py:97} INFO - Output:
[2018-06-19 12:41:31,747] {base_task_runner.py:98} INFO - Subtask: [2018-06-19 12:41:31,747] {bash_operator.py:101} INFO - Tue Jun 19 12:41:31 IST 2018
[2018-06-19 12:41:31,749] {base_task_runner.py:98} INFO - Subtask: [2018-06-19 12:41:31,749] {bash_operator.py:105} INFO - Command exited with return code 0
