[2018-06-19 14:19:42,139] {cli.py:374} INFO - Running on host PRINHYLTPDL1167
[2018-06-19 14:19:42,333] {models.py:1197} INFO - Dependencies all met for <TaskInstance: hello_world.print_hello 2017-06-01 05:00:00 [queued]>
[2018-06-19 14:19:42,347] {models.py:1197} INFO - Dependencies all met for <TaskInstance: hello_world.print_hello 2017-06-01 05:00:00 [queued]>
[2018-06-19 14:19:42,347] {models.py:1407} INFO - 
--------------------------------------------------------------------------------
Starting attempt 1 of 2
--------------------------------------------------------------------------------

[2018-06-19 14:19:42,391] {models.py:1428} INFO - Executing <Task(BashOperator): print_hello> on 2017-06-01 05:00:00
[2018-06-19 14:19:42,392] {base_task_runner.py:115} INFO - Running: ['bash', '-c', u'airflow run hello_world print_hello 2017-06-01T05:00:00 --job_id 14 --raw -sd DAGS_FOLDER/helloWorld.py']
[2018-06-19 14:19:42,626] {base_task_runner.py:98} INFO - Subtask: /usr/local/lib/python2.7/dist-packages/psycopg2/__init__.py:144: UserWarning: The psycopg2 wheel package will be renamed from release 2.8; in order to keep installing from binary please use "pip install psycopg2-binary" instead. For details see: <http://initd.org/psycopg/docs/install.html#binary-install-from-pypi>.
[2018-06-19 14:19:42,626] {base_task_runner.py:98} INFO - Subtask:   """)
[2018-06-19 14:19:42,661] {base_task_runner.py:98} INFO - Subtask: [2018-06-19 14:19:42,660] {driver.py:120} INFO - Generating grammar tables from /usr/lib/python2.7/lib2to3/Grammar.txt
[2018-06-19 14:19:42,681] {base_task_runner.py:98} INFO - Subtask: [2018-06-19 14:19:42,681] {driver.py:120} INFO - Generating grammar tables from /usr/lib/python2.7/lib2to3/PatternGrammar.txt
[2018-06-19 14:19:42,812] {base_task_runner.py:98} INFO - Subtask: [2018-06-19 14:19:42,812] {__init__.py:45} INFO - Using executor SequentialExecutor
[2018-06-19 14:19:42,860] {base_task_runner.py:98} INFO - Subtask: [2018-06-19 14:19:42,859] {models.py:189} INFO - Filling up the DagBag from /home/charanjiths/airflow/dags/helloWorld.py
[2018-06-19 14:19:42,987] {base_task_runner.py:98} INFO - Subtask: [2018-06-19 14:19:42,987] {bash_operator.py:70} INFO - Tmp dir root location: 
[2018-06-19 14:19:42,987] {base_task_runner.py:98} INFO - Subtask:  /tmp
[2018-06-19 14:19:42,988] {base_task_runner.py:98} INFO - Subtask: [2018-06-19 14:19:42,988] {bash_operator.py:80} INFO - Temporary script location: /tmp/airflowtmpja60Oc//tmp/airflowtmpja60Oc/print_hello89pST8
[2018-06-19 14:19:42,989] {base_task_runner.py:98} INFO - Subtask: [2018-06-19 14:19:42,988] {bash_operator.py:88} INFO - Running command: echo "hello"
[2018-06-19 14:19:42,992] {base_task_runner.py:98} INFO - Subtask: [2018-06-19 14:19:42,992] {bash_operator.py:97} INFO - Output:
[2018-06-19 14:19:42,995] {base_task_runner.py:98} INFO - Subtask: [2018-06-19 14:19:42,994] {bash_operator.py:101} INFO - hello
[2018-06-19 14:19:42,997] {base_task_runner.py:98} INFO - Subtask: [2018-06-19 14:19:42,996] {bash_operator.py:105} INFO - Command exited with return code 0
[2018-06-19 15:53:31,025] {cli.py:374} INFO - Running on host PRINHYLTPDL1167
[2018-06-19 15:53:31,114] {models.py:1197} INFO - Dependencies all met for <TaskInstance: hello_world.print_hello 2017-06-01 05:00:00 [queued]>
[2018-06-19 15:53:31,122] {models.py:1197} INFO - Dependencies all met for <TaskInstance: hello_world.print_hello 2017-06-01 05:00:00 [queued]>
[2018-06-19 15:53:31,123] {models.py:1407} INFO - 
--------------------------------------------------------------------------------
Starting attempt 1 of 2
--------------------------------------------------------------------------------

[2018-06-19 15:53:31,166] {models.py:1428} INFO - Executing <Task(BashOperator): print_hello> on 2017-06-01 05:00:00
[2018-06-19 15:53:31,166] {base_task_runner.py:115} INFO - Running: ['bash', '-c', u'airflow run hello_world print_hello 2017-06-01T05:00:00 --job_id 16 --raw -sd DAGS_FOLDER/helloWorld.py']
[2018-06-19 15:53:31,377] {base_task_runner.py:98} INFO - Subtask: /usr/local/lib/python2.7/dist-packages/psycopg2/__init__.py:144: UserWarning: The psycopg2 wheel package will be renamed from release 2.8; in order to keep installing from binary please use "pip install psycopg2-binary" instead. For details see: <http://initd.org/psycopg/docs/install.html#binary-install-from-pypi>.
[2018-06-19 15:53:31,377] {base_task_runner.py:98} INFO - Subtask:   """)
[2018-06-19 15:53:31,407] {base_task_runner.py:98} INFO - Subtask: [2018-06-19 15:53:31,407] {driver.py:120} INFO - Generating grammar tables from /usr/lib/python2.7/lib2to3/Grammar.txt
[2018-06-19 15:53:31,427] {base_task_runner.py:98} INFO - Subtask: [2018-06-19 15:53:31,426] {driver.py:120} INFO - Generating grammar tables from /usr/lib/python2.7/lib2to3/PatternGrammar.txt
[2018-06-19 15:53:31,530] {base_task_runner.py:98} INFO - Subtask: [2018-06-19 15:53:31,529] {__init__.py:45} INFO - Using executor SequentialExecutor
[2018-06-19 15:53:31,567] {base_task_runner.py:98} INFO - Subtask: [2018-06-19 15:53:31,566] {models.py:189} INFO - Filling up the DagBag from /home/charanjiths/airflow/dags/helloWorld.py
[2018-06-19 15:53:31,673] {base_task_runner.py:98} INFO - Subtask: [2018-06-19 15:53:31,673] {bash_operator.py:70} INFO - Tmp dir root location: 
[2018-06-19 15:53:31,674] {base_task_runner.py:98} INFO - Subtask:  /tmp
[2018-06-19 15:53:31,675] {base_task_runner.py:98} INFO - Subtask: [2018-06-19 15:53:31,674] {bash_operator.py:80} INFO - Temporary script location: /tmp/airflowtmpNCvJZc//tmp/airflowtmpNCvJZc/print_hello8kjTPu
[2018-06-19 15:53:31,675] {base_task_runner.py:98} INFO - Subtask: [2018-06-19 15:53:31,674] {bash_operator.py:88} INFO - Running command: echo "hello"
[2018-06-19 15:53:31,678] {base_task_runner.py:98} INFO - Subtask: [2018-06-19 15:53:31,677] {bash_operator.py:97} INFO - Output:
[2018-06-19 15:53:31,679] {base_task_runner.py:98} INFO - Subtask: [2018-06-19 15:53:31,679] {bash_operator.py:101} INFO - hello
[2018-06-19 15:53:31,680] {base_task_runner.py:98} INFO - Subtask: [2018-06-19 15:53:31,680] {bash_operator.py:105} INFO - Command exited with return code 0
