[2018-06-19 16:12:29,587] {cli.py:374} INFO - Running on host PRINHYLTPDL1167
[2018-06-19 16:12:29,633] {models.py:1197} INFO - Dependencies all met for <TaskInstance: hello_world.sleep 2017-06-03 03:00:00 [queued]>
[2018-06-19 16:12:29,666] {models.py:1197} INFO - Dependencies all met for <TaskInstance: hello_world.sleep 2017-06-03 03:00:00 [queued]>
[2018-06-19 16:12:29,666] {models.py:1407} INFO - 
--------------------------------------------------------------------------------
Starting attempt 1 of 2
--------------------------------------------------------------------------------

[2018-06-19 16:12:29,681] {models.py:1428} INFO - Executing <Task(BashOperator): sleep> on 2017-06-03 03:00:00
[2018-06-19 16:12:29,682] {base_task_runner.py:115} INFO - Running: ['bash', '-c', u'airflow run hello_world sleep 2017-06-03T03:00:00 --job_id 158 --raw -sd DAGS_FOLDER/helloWorld.py']
[2018-06-19 16:12:29,891] {base_task_runner.py:98} INFO - Subtask: /usr/local/lib/python2.7/dist-packages/psycopg2/__init__.py:144: UserWarning: The psycopg2 wheel package will be renamed from release 2.8; in order to keep installing from binary please use "pip install psycopg2-binary" instead. For details see: <http://initd.org/psycopg/docs/install.html#binary-install-from-pypi>.
[2018-06-19 16:12:29,892] {base_task_runner.py:98} INFO - Subtask:   """)
[2018-06-19 16:12:29,923] {base_task_runner.py:98} INFO - Subtask: [2018-06-19 16:12:29,922] {driver.py:120} INFO - Generating grammar tables from /usr/lib/python2.7/lib2to3/Grammar.txt
[2018-06-19 16:12:29,941] {base_task_runner.py:98} INFO - Subtask: [2018-06-19 16:12:29,941] {driver.py:120} INFO - Generating grammar tables from /usr/lib/python2.7/lib2to3/PatternGrammar.txt
[2018-06-19 16:12:30,047] {base_task_runner.py:98} INFO - Subtask: [2018-06-19 16:12:30,047] {__init__.py:45} INFO - Using executor SequentialExecutor
[2018-06-19 16:12:30,084] {base_task_runner.py:98} INFO - Subtask: [2018-06-19 16:12:30,084] {models.py:189} INFO - Filling up the DagBag from /home/charanjiths/airflow/dags/helloWorld.py
[2018-06-19 16:12:30,189] {base_task_runner.py:98} INFO - Subtask: [2018-06-19 16:12:30,189] {bash_operator.py:70} INFO - Tmp dir root location: 
[2018-06-19 16:12:30,190] {base_task_runner.py:98} INFO - Subtask:  /tmp
[2018-06-19 16:12:30,190] {base_task_runner.py:98} INFO - Subtask: [2018-06-19 16:12:30,190] {bash_operator.py:80} INFO - Temporary script location: /tmp/airflowtmpl9GRPK//tmp/airflowtmpl9GRPK/sleepebIkXc
[2018-06-19 16:12:30,191] {base_task_runner.py:98} INFO - Subtask: [2018-06-19 16:12:30,190] {bash_operator.py:88} INFO - Running command: sleep 5
[2018-06-19 16:12:30,193] {base_task_runner.py:98} INFO - Subtask: [2018-06-19 16:12:30,193] {bash_operator.py:97} INFO - Output:
[2018-06-19 16:12:35,206] {base_task_runner.py:98} INFO - Subtask: [2018-06-19 16:12:35,203] {bash_operator.py:105} INFO - Command exited with return code 0
