[2018-06-19 14:21:52,479] {cli.py:374} INFO - Running on host PRINHYLTPDL1167
[2018-06-19 14:21:52,686] {models.py:1197} INFO - Dependencies all met for <TaskInstance: hello_world.sleep 2017-06-01 09:00:00 [queued]>
[2018-06-19 14:21:52,790] {models.py:1197} INFO - Dependencies all met for <TaskInstance: hello_world.sleep 2017-06-01 09:00:00 [queued]>
[2018-06-19 14:21:52,790] {models.py:1407} INFO - 
--------------------------------------------------------------------------------
Starting attempt 1 of 2
--------------------------------------------------------------------------------

[2018-06-19 14:21:52,803] {models.py:1428} INFO - Executing <Task(BashOperator): sleep> on 2017-06-01 09:00:00
[2018-06-19 14:21:52,803] {base_task_runner.py:115} INFO - Running: ['bash', '-c', u'airflow run hello_world sleep 2017-06-01T09:00:00 --job_id 30 --raw -sd DAGS_FOLDER/helloWorld.py']
[2018-06-19 14:21:53,017] {base_task_runner.py:98} INFO - Subtask: /usr/local/lib/python2.7/dist-packages/psycopg2/__init__.py:144: UserWarning: The psycopg2 wheel package will be renamed from release 2.8; in order to keep installing from binary please use "pip install psycopg2-binary" instead. For details see: <http://initd.org/psycopg/docs/install.html#binary-install-from-pypi>.
[2018-06-19 14:21:53,017] {base_task_runner.py:98} INFO - Subtask:   """)
[2018-06-19 14:21:53,050] {base_task_runner.py:98} INFO - Subtask: [2018-06-19 14:21:53,049] {driver.py:120} INFO - Generating grammar tables from /usr/lib/python2.7/lib2to3/Grammar.txt
[2018-06-19 14:21:53,069] {base_task_runner.py:98} INFO - Subtask: [2018-06-19 14:21:53,069] {driver.py:120} INFO - Generating grammar tables from /usr/lib/python2.7/lib2to3/PatternGrammar.txt
[2018-06-19 14:21:53,175] {base_task_runner.py:98} INFO - Subtask: [2018-06-19 14:21:53,175] {__init__.py:45} INFO - Using executor SequentialExecutor
[2018-06-19 14:21:53,214] {base_task_runner.py:98} INFO - Subtask: [2018-06-19 14:21:53,214] {models.py:189} INFO - Filling up the DagBag from /home/charanjiths/airflow/dags/helloWorld.py
[2018-06-19 14:21:53,320] {base_task_runner.py:98} INFO - Subtask: [2018-06-19 14:21:53,320] {bash_operator.py:70} INFO - Tmp dir root location: 
[2018-06-19 14:21:53,320] {base_task_runner.py:98} INFO - Subtask:  /tmp
[2018-06-19 14:21:53,321] {base_task_runner.py:98} INFO - Subtask: [2018-06-19 14:21:53,321] {bash_operator.py:80} INFO - Temporary script location: /tmp/airflowtmpdxdh9I//tmp/airflowtmpdxdh9I/sleepeL2iiy
[2018-06-19 14:21:53,321] {base_task_runner.py:98} INFO - Subtask: [2018-06-19 14:21:53,321] {bash_operator.py:88} INFO - Running command: sleep 5
[2018-06-19 14:21:53,325] {base_task_runner.py:98} INFO - Subtask: [2018-06-19 14:21:53,324] {bash_operator.py:97} INFO - Output:
[2018-06-19 14:21:58,329] {base_task_runner.py:98} INFO - Subtask: [2018-06-19 14:21:58,328] {bash_operator.py:105} INFO - Command exited with return code 0
[2018-06-19 15:55:37,084] {cli.py:374} INFO - Running on host PRINHYLTPDL1167
[2018-06-19 15:55:37,131] {models.py:1197} INFO - Dependencies all met for <TaskInstance: hello_world.sleep 2017-06-01 09:00:00 [queued]>
[2018-06-19 15:55:37,167] {models.py:1197} INFO - Dependencies all met for <TaskInstance: hello_world.sleep 2017-06-01 09:00:00 [queued]>
[2018-06-19 15:55:37,168] {models.py:1407} INFO - 
--------------------------------------------------------------------------------
Starting attempt 1 of 2
--------------------------------------------------------------------------------

[2018-06-19 15:55:37,181] {models.py:1428} INFO - Executing <Task(BashOperator): sleep> on 2017-06-01 09:00:00
[2018-06-19 15:55:37,181] {base_task_runner.py:115} INFO - Running: ['bash', '-c', u'airflow run hello_world sleep 2017-06-01T09:00:00 --job_id 32 --raw -sd DAGS_FOLDER/helloWorld.py']
[2018-06-19 15:55:37,393] {base_task_runner.py:98} INFO - Subtask: /usr/local/lib/python2.7/dist-packages/psycopg2/__init__.py:144: UserWarning: The psycopg2 wheel package will be renamed from release 2.8; in order to keep installing from binary please use "pip install psycopg2-binary" instead. For details see: <http://initd.org/psycopg/docs/install.html#binary-install-from-pypi>.
[2018-06-19 15:55:37,393] {base_task_runner.py:98} INFO - Subtask:   """)
[2018-06-19 15:55:37,423] {base_task_runner.py:98} INFO - Subtask: [2018-06-19 15:55:37,423] {driver.py:120} INFO - Generating grammar tables from /usr/lib/python2.7/lib2to3/Grammar.txt
[2018-06-19 15:55:37,442] {base_task_runner.py:98} INFO - Subtask: [2018-06-19 15:55:37,442] {driver.py:120} INFO - Generating grammar tables from /usr/lib/python2.7/lib2to3/PatternGrammar.txt
[2018-06-19 15:55:37,549] {base_task_runner.py:98} INFO - Subtask: [2018-06-19 15:55:37,548] {__init__.py:45} INFO - Using executor SequentialExecutor
[2018-06-19 15:55:37,593] {base_task_runner.py:98} INFO - Subtask: [2018-06-19 15:55:37,593] {models.py:189} INFO - Filling up the DagBag from /home/charanjiths/airflow/dags/helloWorld.py
[2018-06-19 15:55:37,711] {base_task_runner.py:98} INFO - Subtask: [2018-06-19 15:55:37,711] {bash_operator.py:70} INFO - Tmp dir root location: 
[2018-06-19 15:55:37,712] {base_task_runner.py:98} INFO - Subtask:  /tmp
[2018-06-19 15:55:37,712] {base_task_runner.py:98} INFO - Subtask: [2018-06-19 15:55:37,712] {bash_operator.py:80} INFO - Temporary script location: /tmp/airflowtmpQBxGdo//tmp/airflowtmpQBxGdo/sleeprQLNyj
[2018-06-19 15:55:37,713] {base_task_runner.py:98} INFO - Subtask: [2018-06-19 15:55:37,712] {bash_operator.py:88} INFO - Running command: sleep 5
[2018-06-19 15:55:37,715] {base_task_runner.py:98} INFO - Subtask: [2018-06-19 15:55:37,715] {bash_operator.py:97} INFO - Output:
[2018-06-19 15:55:42,724] {base_task_runner.py:98} INFO - Subtask: [2018-06-19 15:55:42,723] {bash_operator.py:105} INFO - Command exited with return code 0
