[2018-06-19 14:25:03,890] {cli.py:374} INFO - Running on host PRINHYLTPDL1167
[2018-06-19 14:25:04,094] {models.py:1197} INFO - Dependencies all met for <TaskInstance: hello_world.print_hello 2017-06-01 18:00:00 [queued]>
[2018-06-19 14:25:04,111] {models.py:1197} INFO - Dependencies all met for <TaskInstance: hello_world.print_hello 2017-06-01 18:00:00 [queued]>
[2018-06-19 14:25:04,111] {models.py:1407} INFO - 
--------------------------------------------------------------------------------
Starting attempt 1 of 2
--------------------------------------------------------------------------------

[2018-06-19 14:25:04,145] {models.py:1428} INFO - Executing <Task(BashOperator): print_hello> on 2017-06-01 18:00:00
[2018-06-19 14:25:04,145] {base_task_runner.py:115} INFO - Running: ['bash', '-c', u'airflow run hello_world print_hello 2017-06-01T18:00:00 --job_id 53 --raw -sd DAGS_FOLDER/helloWorld.py']
[2018-06-19 14:25:04,369] {base_task_runner.py:98} INFO - Subtask: /usr/local/lib/python2.7/dist-packages/psycopg2/__init__.py:144: UserWarning: The psycopg2 wheel package will be renamed from release 2.8; in order to keep installing from binary please use "pip install psycopg2-binary" instead. For details see: <http://initd.org/psycopg/docs/install.html#binary-install-from-pypi>.
[2018-06-19 14:25:04,369] {base_task_runner.py:98} INFO - Subtask:   """)
[2018-06-19 14:25:04,403] {base_task_runner.py:98} INFO - Subtask: [2018-06-19 14:25:04,402] {driver.py:120} INFO - Generating grammar tables from /usr/lib/python2.7/lib2to3/Grammar.txt
[2018-06-19 14:25:04,425] {base_task_runner.py:98} INFO - Subtask: [2018-06-19 14:25:04,425] {driver.py:120} INFO - Generating grammar tables from /usr/lib/python2.7/lib2to3/PatternGrammar.txt
[2018-06-19 14:25:04,556] {base_task_runner.py:98} INFO - Subtask: [2018-06-19 14:25:04,555] {__init__.py:45} INFO - Using executor SequentialExecutor
[2018-06-19 14:25:04,602] {base_task_runner.py:98} INFO - Subtask: [2018-06-19 14:25:04,602] {models.py:189} INFO - Filling up the DagBag from /home/charanjiths/airflow/dags/helloWorld.py
[2018-06-19 14:25:04,731] {base_task_runner.py:98} INFO - Subtask: [2018-06-19 14:25:04,731] {bash_operator.py:70} INFO - Tmp dir root location: 
[2018-06-19 14:25:04,731] {base_task_runner.py:98} INFO - Subtask:  /tmp
[2018-06-19 14:25:04,732] {base_task_runner.py:98} INFO - Subtask: [2018-06-19 14:25:04,732] {bash_operator.py:80} INFO - Temporary script location: /tmp/airflowtmpttOpEm//tmp/airflowtmpttOpEm/print_helloBcoJ2I
[2018-06-19 14:25:04,733] {base_task_runner.py:98} INFO - Subtask: [2018-06-19 14:25:04,732] {bash_operator.py:88} INFO - Running command: echo "hello"
[2018-06-19 14:25:04,736] {base_task_runner.py:98} INFO - Subtask: [2018-06-19 14:25:04,735] {bash_operator.py:97} INFO - Output:
[2018-06-19 14:25:04,738] {base_task_runner.py:98} INFO - Subtask: [2018-06-19 14:25:04,737] {bash_operator.py:101} INFO - hello
[2018-06-19 14:25:04,739] {base_task_runner.py:98} INFO - Subtask: [2018-06-19 14:25:04,738] {bash_operator.py:105} INFO - Command exited with return code 0
[2018-06-19 15:58:44,266] {cli.py:374} INFO - Running on host PRINHYLTPDL1167
[2018-06-19 15:58:44,322] {models.py:1197} INFO - Dependencies all met for <TaskInstance: hello_world.print_hello 2017-06-01 18:00:00 [queued]>
[2018-06-19 15:58:44,331] {models.py:1197} INFO - Dependencies all met for <TaskInstance: hello_world.print_hello 2017-06-01 18:00:00 [queued]>
[2018-06-19 15:58:44,331] {models.py:1407} INFO - 
--------------------------------------------------------------------------------
Starting attempt 1 of 2
--------------------------------------------------------------------------------

[2018-06-19 15:58:44,366] {models.py:1428} INFO - Executing <Task(BashOperator): print_hello> on 2017-06-01 18:00:00
[2018-06-19 15:58:44,368] {base_task_runner.py:115} INFO - Running: ['bash', '-c', u'airflow run hello_world print_hello 2017-06-01T18:00:00 --job_id 55 --raw -sd DAGS_FOLDER/helloWorld.py']
[2018-06-19 15:58:44,600] {base_task_runner.py:98} INFO - Subtask: /usr/local/lib/python2.7/dist-packages/psycopg2/__init__.py:144: UserWarning: The psycopg2 wheel package will be renamed from release 2.8; in order to keep installing from binary please use "pip install psycopg2-binary" instead. For details see: <http://initd.org/psycopg/docs/install.html#binary-install-from-pypi>.
[2018-06-19 15:58:44,600] {base_task_runner.py:98} INFO - Subtask:   """)
[2018-06-19 15:58:44,631] {base_task_runner.py:98} INFO - Subtask: [2018-06-19 15:58:44,630] {driver.py:120} INFO - Generating grammar tables from /usr/lib/python2.7/lib2to3/Grammar.txt
[2018-06-19 15:58:44,650] {base_task_runner.py:98} INFO - Subtask: [2018-06-19 15:58:44,649] {driver.py:120} INFO - Generating grammar tables from /usr/lib/python2.7/lib2to3/PatternGrammar.txt
[2018-06-19 15:58:44,753] {base_task_runner.py:98} INFO - Subtask: [2018-06-19 15:58:44,753] {__init__.py:45} INFO - Using executor SequentialExecutor
[2018-06-19 15:58:44,791] {base_task_runner.py:98} INFO - Subtask: [2018-06-19 15:58:44,790] {models.py:189} INFO - Filling up the DagBag from /home/charanjiths/airflow/dags/helloWorld.py
[2018-06-19 15:58:44,897] {base_task_runner.py:98} INFO - Subtask: [2018-06-19 15:58:44,896] {bash_operator.py:70} INFO - Tmp dir root location: 
[2018-06-19 15:58:44,897] {base_task_runner.py:98} INFO - Subtask:  /tmp
[2018-06-19 15:58:44,897] {base_task_runner.py:98} INFO - Subtask: [2018-06-19 15:58:44,897] {bash_operator.py:80} INFO - Temporary script location: /tmp/airflowtmp9tf6kL//tmp/airflowtmp9tf6kL/print_hellodkrKyU
[2018-06-19 15:58:44,898] {base_task_runner.py:98} INFO - Subtask: [2018-06-19 15:58:44,897] {bash_operator.py:88} INFO - Running command: echo "hello"
[2018-06-19 15:58:44,900] {base_task_runner.py:98} INFO - Subtask: [2018-06-19 15:58:44,900] {bash_operator.py:97} INFO - Output:
[2018-06-19 15:58:44,902] {base_task_runner.py:98} INFO - Subtask: [2018-06-19 15:58:44,902] {bash_operator.py:101} INFO - hello
[2018-06-19 15:58:44,903] {base_task_runner.py:98} INFO - Subtask: [2018-06-19 15:58:44,903] {bash_operator.py:105} INFO - Command exited with return code 0
