[2018-06-19 14:24:31,149] {cli.py:374} INFO - Running on host PRINHYLTPDL1167
[2018-06-19 14:24:31,343] {models.py:1197} INFO - Dependencies all met for <TaskInstance: hello_world.print_world 2017-06-01 14:00:00 [queued]>
[2018-06-19 14:24:31,382] {models.py:1197} INFO - Dependencies all met for <TaskInstance: hello_world.print_world 2017-06-01 14:00:00 [queued]>
[2018-06-19 14:24:31,382] {models.py:1407} INFO - 
--------------------------------------------------------------------------------
Starting attempt 1 of 2
--------------------------------------------------------------------------------

[2018-06-19 14:24:31,415] {models.py:1428} INFO - Executing <Task(PythonOperator): print_world> on 2017-06-01 14:00:00
[2018-06-19 14:24:31,415] {base_task_runner.py:115} INFO - Running: ['bash', '-c', u'airflow run hello_world print_world 2017-06-01T14:00:00 --job_id 49 --raw -sd DAGS_FOLDER/helloWorld.py']
[2018-06-19 14:24:31,633] {base_task_runner.py:98} INFO - Subtask: /usr/local/lib/python2.7/dist-packages/psycopg2/__init__.py:144: UserWarning: The psycopg2 wheel package will be renamed from release 2.8; in order to keep installing from binary please use "pip install psycopg2-binary" instead. For details see: <http://initd.org/psycopg/docs/install.html#binary-install-from-pypi>.
[2018-06-19 14:24:31,633] {base_task_runner.py:98} INFO - Subtask:   """)
[2018-06-19 14:24:31,665] {base_task_runner.py:98} INFO - Subtask: [2018-06-19 14:24:31,665] {driver.py:120} INFO - Generating grammar tables from /usr/lib/python2.7/lib2to3/Grammar.txt
[2018-06-19 14:24:31,685] {base_task_runner.py:98} INFO - Subtask: [2018-06-19 14:24:31,684] {driver.py:120} INFO - Generating grammar tables from /usr/lib/python2.7/lib2to3/PatternGrammar.txt
[2018-06-19 14:24:31,790] {base_task_runner.py:98} INFO - Subtask: [2018-06-19 14:24:31,790] {__init__.py:45} INFO - Using executor SequentialExecutor
[2018-06-19 14:24:31,830] {base_task_runner.py:98} INFO - Subtask: [2018-06-19 14:24:31,829] {models.py:189} INFO - Filling up the DagBag from /home/charanjiths/airflow/dags/helloWorld.py
[2018-06-19 14:24:31,932] {base_task_runner.py:98} INFO - Subtask: [2018-06-19 14:24:31,932] {python_operator.py:90} INFO - Done. Returned value was: None
[2018-06-19 15:58:12,413] {cli.py:374} INFO - Running on host PRINHYLTPDL1167
[2018-06-19 15:58:12,457] {models.py:1197} INFO - Dependencies all met for <TaskInstance: hello_world.print_world 2017-06-01 14:00:00 [queued]>
[2018-06-19 15:58:12,494] {models.py:1197} INFO - Dependencies all met for <TaskInstance: hello_world.print_world 2017-06-01 14:00:00 [queued]>
[2018-06-19 15:58:12,494] {models.py:1407} INFO - 
--------------------------------------------------------------------------------
Starting attempt 1 of 2
--------------------------------------------------------------------------------

[2018-06-19 15:58:12,506] {models.py:1428} INFO - Executing <Task(PythonOperator): print_world> on 2017-06-01 14:00:00
[2018-06-19 15:58:12,507] {base_task_runner.py:115} INFO - Running: ['bash', '-c', u'airflow run hello_world print_world 2017-06-01T14:00:00 --job_id 51 --raw -sd DAGS_FOLDER/helloWorld.py']
[2018-06-19 15:58:12,715] {base_task_runner.py:98} INFO - Subtask: /usr/local/lib/python2.7/dist-packages/psycopg2/__init__.py:144: UserWarning: The psycopg2 wheel package will be renamed from release 2.8; in order to keep installing from binary please use "pip install psycopg2-binary" instead. For details see: <http://initd.org/psycopg/docs/install.html#binary-install-from-pypi>.
[2018-06-19 15:58:12,716] {base_task_runner.py:98} INFO - Subtask:   """)
[2018-06-19 15:58:12,746] {base_task_runner.py:98} INFO - Subtask: [2018-06-19 15:58:12,746] {driver.py:120} INFO - Generating grammar tables from /usr/lib/python2.7/lib2to3/Grammar.txt
[2018-06-19 15:58:12,765] {base_task_runner.py:98} INFO - Subtask: [2018-06-19 15:58:12,765] {driver.py:120} INFO - Generating grammar tables from /usr/lib/python2.7/lib2to3/PatternGrammar.txt
[2018-06-19 15:58:12,869] {base_task_runner.py:98} INFO - Subtask: [2018-06-19 15:58:12,869] {__init__.py:45} INFO - Using executor SequentialExecutor
[2018-06-19 15:58:12,907] {base_task_runner.py:98} INFO - Subtask: [2018-06-19 15:58:12,907] {models.py:189} INFO - Filling up the DagBag from /home/charanjiths/airflow/dags/helloWorld.py
[2018-06-19 15:58:13,015] {base_task_runner.py:98} INFO - Subtask: [2018-06-19 15:58:13,015] {python_operator.py:90} INFO - Done. Returned value was: None
