[2018-06-19 16:14:53,952] {cli.py:374} INFO - Running on host PRINHYLTPDL1167
[2018-06-19 16:14:54,006] {models.py:1197} INFO - Dependencies all met for <TaskInstance: hello_world.sleep 2017-06-03 09:00:00 [queued]>
[2018-06-19 16:14:54,042] {models.py:1197} INFO - Dependencies all met for <TaskInstance: hello_world.sleep 2017-06-03 09:00:00 [queued]>
[2018-06-19 16:14:54,042] {models.py:1407} INFO - 
--------------------------------------------------------------------------------
Starting attempt 1 of 2
--------------------------------------------------------------------------------

[2018-06-19 16:14:54,054] {models.py:1428} INFO - Executing <Task(BashOperator): sleep> on 2017-06-03 09:00:00
[2018-06-19 16:14:54,054] {base_task_runner.py:115} INFO - Running: ['bash', '-c', u'airflow run hello_world sleep 2017-06-03T09:00:00 --job_id 176 --raw -sd DAGS_FOLDER/helloWorld.py']
[2018-06-19 16:14:54,267] {base_task_runner.py:98} INFO - Subtask: /usr/local/lib/python2.7/dist-packages/psycopg2/__init__.py:144: UserWarning: The psycopg2 wheel package will be renamed from release 2.8; in order to keep installing from binary please use "pip install psycopg2-binary" instead. For details see: <http://initd.org/psycopg/docs/install.html#binary-install-from-pypi>.
[2018-06-19 16:14:54,267] {base_task_runner.py:98} INFO - Subtask:   """)
[2018-06-19 16:14:54,297] {base_task_runner.py:98} INFO - Subtask: [2018-06-19 16:14:54,297] {driver.py:120} INFO - Generating grammar tables from /usr/lib/python2.7/lib2to3/Grammar.txt
[2018-06-19 16:14:54,316] {base_task_runner.py:98} INFO - Subtask: [2018-06-19 16:14:54,316] {driver.py:120} INFO - Generating grammar tables from /usr/lib/python2.7/lib2to3/PatternGrammar.txt
[2018-06-19 16:14:54,419] {base_task_runner.py:98} INFO - Subtask: [2018-06-19 16:14:54,419] {__init__.py:45} INFO - Using executor SequentialExecutor
[2018-06-19 16:14:54,457] {base_task_runner.py:98} INFO - Subtask: [2018-06-19 16:14:54,456] {models.py:189} INFO - Filling up the DagBag from /home/charanjiths/airflow/dags/helloWorld.py
[2018-06-19 16:14:54,564] {base_task_runner.py:98} INFO - Subtask: [2018-06-19 16:14:54,564] {bash_operator.py:70} INFO - Tmp dir root location: 
[2018-06-19 16:14:54,564] {base_task_runner.py:98} INFO - Subtask:  /tmp
[2018-06-19 16:14:54,565] {base_task_runner.py:98} INFO - Subtask: [2018-06-19 16:14:54,565] {bash_operator.py:80} INFO - Temporary script location: /tmp/airflowtmpeIr6cF//tmp/airflowtmpeIr6cF/sleepbC97cv
[2018-06-19 16:14:54,565] {base_task_runner.py:98} INFO - Subtask: [2018-06-19 16:14:54,565] {bash_operator.py:88} INFO - Running command: sleep 5
[2018-06-19 16:14:54,568] {base_task_runner.py:98} INFO - Subtask: [2018-06-19 16:14:54,568] {bash_operator.py:97} INFO - Output:
[2018-06-19 16:14:59,576] {base_task_runner.py:98} INFO - Subtask: [2018-06-19 16:14:59,575] {bash_operator.py:105} INFO - Command exited with return code 0
