[2018-06-19 11:44:28,041] {cli.py:374} INFO - Running on host PRINHYLTPDL1167
[2018-06-19 11:44:28,127] {models.py:1197} INFO - Dependencies all met for <TaskInstance: tutorial.templated 2018-06-17 00:00:00 [queued]>
[2018-06-19 11:44:28,164] {models.py:1197} INFO - Dependencies all met for <TaskInstance: tutorial.templated 2018-06-17 00:00:00 [queued]>
[2018-06-19 11:44:28,164] {models.py:1407} INFO - 
--------------------------------------------------------------------------------
Starting attempt 1 of 2
--------------------------------------------------------------------------------

[2018-06-19 11:44:28,177] {models.py:1428} INFO - Executing <Task(BashOperator): templated> on 2018-06-17 00:00:00
[2018-06-19 11:44:28,177] {base_task_runner.py:115} INFO - Running: ['bash', '-c', u'airflow run tutorial templated 2018-06-17T00:00:00 --job_id 6 --raw -sd DAGS_FOLDER/charan.py']
[2018-06-19 11:44:28,427] {base_task_runner.py:98} INFO - Subtask: /usr/local/lib/python2.7/dist-packages/psycopg2/__init__.py:144: UserWarning: The psycopg2 wheel package will be renamed from release 2.8; in order to keep installing from binary please use "pip install psycopg2-binary" instead. For details see: <http://initd.org/psycopg/docs/install.html#binary-install-from-pypi>.
[2018-06-19 11:44:28,428] {base_task_runner.py:98} INFO - Subtask:   """)
[2018-06-19 11:44:28,463] {base_task_runner.py:98} INFO - Subtask: [2018-06-19 11:44:28,463] {driver.py:120} INFO - Generating grammar tables from /usr/lib/python2.7/lib2to3/Grammar.txt
[2018-06-19 11:44:28,487] {base_task_runner.py:98} INFO - Subtask: [2018-06-19 11:44:28,487] {driver.py:120} INFO - Generating grammar tables from /usr/lib/python2.7/lib2to3/PatternGrammar.txt
[2018-06-19 11:44:28,610] {base_task_runner.py:98} INFO - Subtask: [2018-06-19 11:44:28,610] {__init__.py:45} INFO - Using executor SequentialExecutor
[2018-06-19 11:44:28,654] {base_task_runner.py:98} INFO - Subtask: [2018-06-19 11:44:28,654] {models.py:189} INFO - Filling up the DagBag from /home/charanjiths/airflow/dags/charan.py
[2018-06-19 11:44:28,774] {base_task_runner.py:98} INFO - Subtask: [2018-06-19 11:44:28,773] {bash_operator.py:70} INFO - Tmp dir root location: 
[2018-06-19 11:44:28,774] {base_task_runner.py:98} INFO - Subtask:  /tmp
[2018-06-19 11:44:28,775] {base_task_runner.py:98} INFO - Subtask: [2018-06-19 11:44:28,774] {bash_operator.py:80} INFO - Temporary script location: /tmp/airflowtmpQqNdYR//tmp/airflowtmpQqNdYR/templatedBIneGb
[2018-06-19 11:44:28,775] {base_task_runner.py:98} INFO - Subtask: [2018-06-19 11:44:28,774] {bash_operator.py:88} INFO - Running command: 
[2018-06-19 11:44:28,775] {base_task_runner.py:98} INFO - Subtask: 
[2018-06-19 11:44:28,775] {base_task_runner.py:98} INFO - Subtask:     echo "2018-06-17"
[2018-06-19 11:44:28,775] {base_task_runner.py:98} INFO - Subtask:     echo "2018-06-24"
[2018-06-19 11:44:28,776] {base_task_runner.py:98} INFO - Subtask:     echo "Parameter I passed in"
[2018-06-19 11:44:28,776] {base_task_runner.py:98} INFO - Subtask: 
[2018-06-19 11:44:28,776] {base_task_runner.py:98} INFO - Subtask:     echo "2018-06-17"
[2018-06-19 11:44:28,776] {base_task_runner.py:98} INFO - Subtask:     echo "2018-06-24"
[2018-06-19 11:44:28,776] {base_task_runner.py:98} INFO - Subtask:     echo "Parameter I passed in"
[2018-06-19 11:44:28,776] {base_task_runner.py:98} INFO - Subtask: 
[2018-06-19 11:44:28,777] {base_task_runner.py:98} INFO - Subtask:     echo "2018-06-17"
[2018-06-19 11:44:28,777] {base_task_runner.py:98} INFO - Subtask:     echo "2018-06-24"
[2018-06-19 11:44:28,777] {base_task_runner.py:98} INFO - Subtask:     echo "Parameter I passed in"
[2018-06-19 11:44:28,777] {base_task_runner.py:98} INFO - Subtask: 
[2018-06-19 11:44:28,777] {base_task_runner.py:98} INFO - Subtask:     echo "2018-06-17"
[2018-06-19 11:44:28,777] {base_task_runner.py:98} INFO - Subtask:     echo "2018-06-24"
[2018-06-19 11:44:28,778] {base_task_runner.py:98} INFO - Subtask:     echo "Parameter I passed in"
[2018-06-19 11:44:28,778] {base_task_runner.py:98} INFO - Subtask: 
[2018-06-19 11:44:28,778] {base_task_runner.py:98} INFO - Subtask:     echo "2018-06-17"
[2018-06-19 11:44:28,778] {base_task_runner.py:98} INFO - Subtask:     echo "2018-06-24"
[2018-06-19 11:44:28,778] {base_task_runner.py:98} INFO - Subtask:     echo "Parameter I passed in"
[2018-06-19 11:44:28,779] {base_task_runner.py:98} INFO - Subtask: 
[2018-06-19 11:44:28,780] {base_task_runner.py:98} INFO - Subtask: [2018-06-19 11:44:28,779] {bash_operator.py:97} INFO - Output:
[2018-06-19 11:44:28,781] {base_task_runner.py:98} INFO - Subtask: [2018-06-19 11:44:28,781] {bash_operator.py:101} INFO - 2018-06-17
[2018-06-19 11:44:28,782] {base_task_runner.py:98} INFO - Subtask: [2018-06-19 11:44:28,781] {bash_operator.py:101} INFO - 2018-06-24
[2018-06-19 11:44:28,782] {base_task_runner.py:98} INFO - Subtask: [2018-06-19 11:44:28,782] {bash_operator.py:101} INFO - Parameter I passed in
[2018-06-19 11:44:28,782] {base_task_runner.py:98} INFO - Subtask: [2018-06-19 11:44:28,782] {bash_operator.py:101} INFO - 2018-06-17
[2018-06-19 11:44:28,782] {base_task_runner.py:98} INFO - Subtask: [2018-06-19 11:44:28,782] {bash_operator.py:101} INFO - 2018-06-24
[2018-06-19 11:44:28,783] {base_task_runner.py:98} INFO - Subtask: [2018-06-19 11:44:28,782] {bash_operator.py:101} INFO - Parameter I passed in
[2018-06-19 11:44:28,783] {base_task_runner.py:98} INFO - Subtask: [2018-06-19 11:44:28,782] {bash_operator.py:101} INFO - 2018-06-17
[2018-06-19 11:44:28,783] {base_task_runner.py:98} INFO - Subtask: [2018-06-19 11:44:28,782] {bash_operator.py:101} INFO - 2018-06-24
[2018-06-19 11:44:28,783] {base_task_runner.py:98} INFO - Subtask: [2018-06-19 11:44:28,782] {bash_operator.py:101} INFO - Parameter I passed in
[2018-06-19 11:44:28,783] {base_task_runner.py:98} INFO - Subtask: [2018-06-19 11:44:28,782] {bash_operator.py:101} INFO - 2018-06-17
[2018-06-19 11:44:28,783] {base_task_runner.py:98} INFO - Subtask: [2018-06-19 11:44:28,782] {bash_operator.py:101} INFO - 2018-06-24
[2018-06-19 11:44:28,783] {base_task_runner.py:98} INFO - Subtask: [2018-06-19 11:44:28,782] {bash_operator.py:101} INFO - Parameter I passed in
[2018-06-19 11:44:28,784] {base_task_runner.py:98} INFO - Subtask: [2018-06-19 11:44:28,782] {bash_operator.py:101} INFO - 2018-06-17
[2018-06-19 11:44:28,784] {base_task_runner.py:98} INFO - Subtask: [2018-06-19 11:44:28,782] {bash_operator.py:101} INFO - 2018-06-24
[2018-06-19 11:44:28,784] {base_task_runner.py:98} INFO - Subtask: [2018-06-19 11:44:28,782] {bash_operator.py:101} INFO - Parameter I passed in
[2018-06-19 11:44:28,784] {base_task_runner.py:98} INFO - Subtask: [2018-06-19 11:44:28,783] {bash_operator.py:105} INFO - Command exited with return code 0
[2018-06-19 12:41:42,642] {cli.py:374} INFO - Running on host PRINHYLTPDL1167
[2018-06-19 12:41:42,819] {models.py:1197} INFO - Dependencies all met for <TaskInstance: tutorial.templated 2018-06-17 00:00:00 [queued]>
[2018-06-19 12:41:42,853] {models.py:1197} INFO - Dependencies all met for <TaskInstance: tutorial.templated 2018-06-17 00:00:00 [queued]>
[2018-06-19 12:41:42,853] {models.py:1407} INFO - 
--------------------------------------------------------------------------------
Starting attempt 1 of 2
--------------------------------------------------------------------------------

[2018-06-19 12:41:42,872] {models.py:1428} INFO - Executing <Task(BashOperator): templated> on 2018-06-17 00:00:00
[2018-06-19 12:41:42,872] {base_task_runner.py:115} INFO - Running: ['bash', '-c', u'airflow run tutorial templated 2018-06-17T00:00:00 --job_id 7 --raw -sd DAGS_FOLDER/charan.py']
[2018-06-19 12:41:43,117] {base_task_runner.py:98} INFO - Subtask: /usr/local/lib/python2.7/dist-packages/psycopg2/__init__.py:144: UserWarning: The psycopg2 wheel package will be renamed from release 2.8; in order to keep installing from binary please use "pip install psycopg2-binary" instead. For details see: <http://initd.org/psycopg/docs/install.html#binary-install-from-pypi>.
[2018-06-19 12:41:43,118] {base_task_runner.py:98} INFO - Subtask:   """)
[2018-06-19 12:41:43,162] {base_task_runner.py:98} INFO - Subtask: [2018-06-19 12:41:43,161] {driver.py:120} INFO - Generating grammar tables from /usr/lib/python2.7/lib2to3/Grammar.txt
[2018-06-19 12:41:43,187] {base_task_runner.py:98} INFO - Subtask: [2018-06-19 12:41:43,187] {driver.py:120} INFO - Generating grammar tables from /usr/lib/python2.7/lib2to3/PatternGrammar.txt
[2018-06-19 12:41:43,321] {base_task_runner.py:98} INFO - Subtask: [2018-06-19 12:41:43,321] {__init__.py:45} INFO - Using executor SequentialExecutor
[2018-06-19 12:41:43,371] {base_task_runner.py:98} INFO - Subtask: [2018-06-19 12:41:43,371] {models.py:189} INFO - Filling up the DagBag from /home/charanjiths/airflow/dags/charan.py
[2018-06-19 12:41:43,510] {base_task_runner.py:98} INFO - Subtask: [2018-06-19 12:41:43,510] {bash_operator.py:70} INFO - Tmp dir root location: 
[2018-06-19 12:41:43,510] {base_task_runner.py:98} INFO - Subtask:  /tmp
[2018-06-19 12:41:43,511] {base_task_runner.py:98} INFO - Subtask: [2018-06-19 12:41:43,511] {bash_operator.py:80} INFO - Temporary script location: /tmp/airflowtmphdVY20//tmp/airflowtmphdVY20/templatedAi5PsT
[2018-06-19 12:41:43,511] {base_task_runner.py:98} INFO - Subtask: [2018-06-19 12:41:43,511] {bash_operator.py:88} INFO - Running command: 
[2018-06-19 12:41:43,511] {base_task_runner.py:98} INFO - Subtask: 
[2018-06-19 12:41:43,512] {base_task_runner.py:98} INFO - Subtask:     echo "2018-06-17"
[2018-06-19 12:41:43,512] {base_task_runner.py:98} INFO - Subtask:     echo "2018-06-24"
[2018-06-19 12:41:43,512] {base_task_runner.py:98} INFO - Subtask:     echo "Parameter I passed in"
[2018-06-19 12:41:43,512] {base_task_runner.py:98} INFO - Subtask: 
[2018-06-19 12:41:43,512] {base_task_runner.py:98} INFO - Subtask:     echo "2018-06-17"
[2018-06-19 12:41:43,512] {base_task_runner.py:98} INFO - Subtask:     echo "2018-06-24"
[2018-06-19 12:41:43,513] {base_task_runner.py:98} INFO - Subtask:     echo "Parameter I passed in"
[2018-06-19 12:41:43,513] {base_task_runner.py:98} INFO - Subtask: 
[2018-06-19 12:41:43,513] {base_task_runner.py:98} INFO - Subtask:     echo "2018-06-17"
[2018-06-19 12:41:43,513] {base_task_runner.py:98} INFO - Subtask:     echo "2018-06-24"
[2018-06-19 12:41:43,513] {base_task_runner.py:98} INFO - Subtask:     echo "Parameter I passed in"
[2018-06-19 12:41:43,513] {base_task_runner.py:98} INFO - Subtask: 
[2018-06-19 12:41:43,513] {base_task_runner.py:98} INFO - Subtask:     echo "2018-06-17"
[2018-06-19 12:41:43,513] {base_task_runner.py:98} INFO - Subtask:     echo "2018-06-24"
[2018-06-19 12:41:43,514] {base_task_runner.py:98} INFO - Subtask:     echo "Parameter I passed in"
[2018-06-19 12:41:43,514] {base_task_runner.py:98} INFO - Subtask: 
[2018-06-19 12:41:43,514] {base_task_runner.py:98} INFO - Subtask:     echo "2018-06-17"
[2018-06-19 12:41:43,514] {base_task_runner.py:98} INFO - Subtask:     echo "2018-06-24"
[2018-06-19 12:41:43,514] {base_task_runner.py:98} INFO - Subtask:     echo "Parameter I passed in"
[2018-06-19 12:41:43,514] {base_task_runner.py:98} INFO - Subtask: 
[2018-06-19 12:41:43,516] {base_task_runner.py:98} INFO - Subtask: [2018-06-19 12:41:43,516] {bash_operator.py:97} INFO - Output:
[2018-06-19 12:41:43,519] {base_task_runner.py:98} INFO - Subtask: [2018-06-19 12:41:43,518] {bash_operator.py:101} INFO - 2018-06-17
[2018-06-19 12:41:43,519] {base_task_runner.py:98} INFO - Subtask: [2018-06-19 12:41:43,519] {bash_operator.py:101} INFO - 2018-06-24
[2018-06-19 12:41:43,519] {base_task_runner.py:98} INFO - Subtask: [2018-06-19 12:41:43,519] {bash_operator.py:101} INFO - Parameter I passed in
[2018-06-19 12:41:43,520] {base_task_runner.py:98} INFO - Subtask: [2018-06-19 12:41:43,519] {bash_operator.py:101} INFO - 2018-06-17
[2018-06-19 12:41:43,520] {base_task_runner.py:98} INFO - Subtask: [2018-06-19 12:41:43,520] {bash_operator.py:101} INFO - 2018-06-24
[2018-06-19 12:41:43,520] {base_task_runner.py:98} INFO - Subtask: [2018-06-19 12:41:43,520] {bash_operator.py:101} INFO - Parameter I passed in
[2018-06-19 12:41:43,520] {base_task_runner.py:98} INFO - Subtask: [2018-06-19 12:41:43,520] {bash_operator.py:101} INFO - 2018-06-17
[2018-06-19 12:41:43,521] {base_task_runner.py:98} INFO - Subtask: [2018-06-19 12:41:43,520] {bash_operator.py:101} INFO - 2018-06-24
[2018-06-19 12:41:43,521] {base_task_runner.py:98} INFO - Subtask: [2018-06-19 12:41:43,520] {bash_operator.py:101} INFO - Parameter I passed in
[2018-06-19 12:41:43,521] {base_task_runner.py:98} INFO - Subtask: [2018-06-19 12:41:43,520] {bash_operator.py:101} INFO - 2018-06-17
[2018-06-19 12:41:43,523] {base_task_runner.py:98} INFO - Subtask: [2018-06-19 12:41:43,520] {bash_operator.py:101} INFO - 2018-06-24
[2018-06-19 12:41:43,523] {base_task_runner.py:98} INFO - Subtask: [2018-06-19 12:41:43,520] {bash_operator.py:101} INFO - Parameter I passed in
[2018-06-19 12:41:43,523] {base_task_runner.py:98} INFO - Subtask: [2018-06-19 12:41:43,520] {bash_operator.py:101} INFO - 2018-06-17
[2018-06-19 12:41:43,524] {base_task_runner.py:98} INFO - Subtask: [2018-06-19 12:41:43,520] {bash_operator.py:101} INFO - 2018-06-24
[2018-06-19 12:41:43,524] {base_task_runner.py:98} INFO - Subtask: [2018-06-19 12:41:43,520] {bash_operator.py:101} INFO - Parameter I passed in
[2018-06-19 12:41:43,524] {base_task_runner.py:98} INFO - Subtask: [2018-06-19 12:41:43,521] {bash_operator.py:105} INFO - Command exited with return code 0
