[2018-06-19 16:14:29,894] {cli.py:374} INFO - Running on host PRINHYLTPDL1167
[2018-06-19 16:14:29,938] {models.py:1197} INFO - Dependencies all met for <TaskInstance: hello_world.sleep 2017-06-03 08:00:00 [queued]>
[2018-06-19 16:14:29,999] {models.py:1197} INFO - Dependencies all met for <TaskInstance: hello_world.sleep 2017-06-03 08:00:00 [queued]>
[2018-06-19 16:14:29,999] {models.py:1407} INFO - 
--------------------------------------------------------------------------------
Starting attempt 1 of 2
--------------------------------------------------------------------------------

[2018-06-19 16:14:30,019] {models.py:1428} INFO - Executing <Task(BashOperator): sleep> on 2017-06-03 08:00:00
[2018-06-19 16:14:30,020] {base_task_runner.py:115} INFO - Running: ['bash', '-c', u'airflow run hello_world sleep 2017-06-03T08:00:00 --job_id 173 --raw -sd DAGS_FOLDER/helloWorld.py']
[2018-06-19 16:14:30,230] {base_task_runner.py:98} INFO - Subtask: /usr/local/lib/python2.7/dist-packages/psycopg2/__init__.py:144: UserWarning: The psycopg2 wheel package will be renamed from release 2.8; in order to keep installing from binary please use "pip install psycopg2-binary" instead. For details see: <http://initd.org/psycopg/docs/install.html#binary-install-from-pypi>.
[2018-06-19 16:14:30,230] {base_task_runner.py:98} INFO - Subtask:   """)
[2018-06-19 16:14:30,261] {base_task_runner.py:98} INFO - Subtask: [2018-06-19 16:14:30,260] {driver.py:120} INFO - Generating grammar tables from /usr/lib/python2.7/lib2to3/Grammar.txt
[2018-06-19 16:14:30,280] {base_task_runner.py:98} INFO - Subtask: [2018-06-19 16:14:30,280] {driver.py:120} INFO - Generating grammar tables from /usr/lib/python2.7/lib2to3/PatternGrammar.txt
[2018-06-19 16:14:30,383] {base_task_runner.py:98} INFO - Subtask: [2018-06-19 16:14:30,383] {__init__.py:45} INFO - Using executor SequentialExecutor
[2018-06-19 16:14:30,421] {base_task_runner.py:98} INFO - Subtask: [2018-06-19 16:14:30,421] {models.py:189} INFO - Filling up the DagBag from /home/charanjiths/airflow/dags/helloWorld.py
[2018-06-19 16:14:30,527] {base_task_runner.py:98} INFO - Subtask: [2018-06-19 16:14:30,526] {bash_operator.py:70} INFO - Tmp dir root location: 
[2018-06-19 16:14:30,527] {base_task_runner.py:98} INFO - Subtask:  /tmp
[2018-06-19 16:14:30,528] {base_task_runner.py:98} INFO - Subtask: [2018-06-19 16:14:30,527] {bash_operator.py:80} INFO - Temporary script location: /tmp/airflowtmpIz3Kgt//tmp/airflowtmpIz3Kgt/sleepWz0Vmx
[2018-06-19 16:14:30,528] {base_task_runner.py:98} INFO - Subtask: [2018-06-19 16:14:30,528] {bash_operator.py:88} INFO - Running command: sleep 5
[2018-06-19 16:14:30,531] {base_task_runner.py:98} INFO - Subtask: [2018-06-19 16:14:30,531] {bash_operator.py:97} INFO - Output:
[2018-06-19 16:14:35,539] {base_task_runner.py:98} INFO - Subtask: [2018-06-19 16:14:35,538] {bash_operator.py:105} INFO - Command exited with return code 0
