[2018-06-19 14:25:09,757] {cli.py:374} INFO - Running on host PRINHYLTPDL1167
[2018-06-19 14:25:09,831] {models.py:1197} INFO - Dependencies all met for <TaskInstance: hello_world.sleep 2017-06-01 17:00:00 [queued]>
[2018-06-19 14:25:09,872] {models.py:1197} INFO - Dependencies all met for <TaskInstance: hello_world.sleep 2017-06-01 17:00:00 [queued]>
[2018-06-19 14:25:09,873] {models.py:1407} INFO - 
--------------------------------------------------------------------------------
Starting attempt 1 of 2
--------------------------------------------------------------------------------

[2018-06-19 14:25:09,890] {models.py:1428} INFO - Executing <Task(BashOperator): sleep> on 2017-06-01 17:00:00
[2018-06-19 14:25:09,890] {base_task_runner.py:115} INFO - Running: ['bash', '-c', u'airflow run hello_world sleep 2017-06-01T17:00:00 --job_id 54 --raw -sd DAGS_FOLDER/helloWorld.py']
[2018-06-19 14:25:10,146] {base_task_runner.py:98} INFO - Subtask: /usr/local/lib/python2.7/dist-packages/psycopg2/__init__.py:144: UserWarning: The psycopg2 wheel package will be renamed from release 2.8; in order to keep installing from binary please use "pip install psycopg2-binary" instead. For details see: <http://initd.org/psycopg/docs/install.html#binary-install-from-pypi>.
[2018-06-19 14:25:10,146] {base_task_runner.py:98} INFO - Subtask:   """)
[2018-06-19 14:25:10,179] {base_task_runner.py:98} INFO - Subtask: [2018-06-19 14:25:10,178] {driver.py:120} INFO - Generating grammar tables from /usr/lib/python2.7/lib2to3/Grammar.txt
[2018-06-19 14:25:10,198] {base_task_runner.py:98} INFO - Subtask: [2018-06-19 14:25:10,198] {driver.py:120} INFO - Generating grammar tables from /usr/lib/python2.7/lib2to3/PatternGrammar.txt
[2018-06-19 14:25:10,304] {base_task_runner.py:98} INFO - Subtask: [2018-06-19 14:25:10,304] {__init__.py:45} INFO - Using executor SequentialExecutor
[2018-06-19 14:25:10,344] {base_task_runner.py:98} INFO - Subtask: [2018-06-19 14:25:10,344] {models.py:189} INFO - Filling up the DagBag from /home/charanjiths/airflow/dags/helloWorld.py
[2018-06-19 14:25:10,448] {base_task_runner.py:98} INFO - Subtask: [2018-06-19 14:25:10,448] {bash_operator.py:70} INFO - Tmp dir root location: 
[2018-06-19 14:25:10,448] {base_task_runner.py:98} INFO - Subtask:  /tmp
[2018-06-19 14:25:10,449] {base_task_runner.py:98} INFO - Subtask: [2018-06-19 14:25:10,449] {bash_operator.py:80} INFO - Temporary script location: /tmp/airflowtmpjQCHQ3//tmp/airflowtmpjQCHQ3/sleepzSOPmg
[2018-06-19 14:25:10,449] {base_task_runner.py:98} INFO - Subtask: [2018-06-19 14:25:10,449] {bash_operator.py:88} INFO - Running command: sleep 5
[2018-06-19 14:25:10,453] {base_task_runner.py:98} INFO - Subtask: [2018-06-19 14:25:10,452] {bash_operator.py:97} INFO - Output:
[2018-06-19 14:25:15,463] {base_task_runner.py:98} INFO - Subtask: [2018-06-19 14:25:15,461] {bash_operator.py:105} INFO - Command exited with return code 0
[2018-06-19 15:58:49,909] {cli.py:374} INFO - Running on host PRINHYLTPDL1167
[2018-06-19 15:58:49,962] {models.py:1197} INFO - Dependencies all met for <TaskInstance: hello_world.sleep 2017-06-01 17:00:00 [queued]>
[2018-06-19 15:58:50,000] {models.py:1197} INFO - Dependencies all met for <TaskInstance: hello_world.sleep 2017-06-01 17:00:00 [queued]>
[2018-06-19 15:58:50,000] {models.py:1407} INFO - 
--------------------------------------------------------------------------------
Starting attempt 1 of 2
--------------------------------------------------------------------------------

[2018-06-19 15:58:50,011] {models.py:1428} INFO - Executing <Task(BashOperator): sleep> on 2017-06-01 17:00:00
[2018-06-19 15:58:50,011] {base_task_runner.py:115} INFO - Running: ['bash', '-c', u'airflow run hello_world sleep 2017-06-01T17:00:00 --job_id 56 --raw -sd DAGS_FOLDER/helloWorld.py']
[2018-06-19 15:58:50,220] {base_task_runner.py:98} INFO - Subtask: /usr/local/lib/python2.7/dist-packages/psycopg2/__init__.py:144: UserWarning: The psycopg2 wheel package will be renamed from release 2.8; in order to keep installing from binary please use "pip install psycopg2-binary" instead. For details see: <http://initd.org/psycopg/docs/install.html#binary-install-from-pypi>.
[2018-06-19 15:58:50,221] {base_task_runner.py:98} INFO - Subtask:   """)
[2018-06-19 15:58:50,251] {base_task_runner.py:98} INFO - Subtask: [2018-06-19 15:58:50,251] {driver.py:120} INFO - Generating grammar tables from /usr/lib/python2.7/lib2to3/Grammar.txt
[2018-06-19 15:58:50,270] {base_task_runner.py:98} INFO - Subtask: [2018-06-19 15:58:50,270] {driver.py:120} INFO - Generating grammar tables from /usr/lib/python2.7/lib2to3/PatternGrammar.txt
[2018-06-19 15:58:50,374] {base_task_runner.py:98} INFO - Subtask: [2018-06-19 15:58:50,374] {__init__.py:45} INFO - Using executor SequentialExecutor
[2018-06-19 15:58:50,412] {base_task_runner.py:98} INFO - Subtask: [2018-06-19 15:58:50,411] {models.py:189} INFO - Filling up the DagBag from /home/charanjiths/airflow/dags/helloWorld.py
[2018-06-19 15:58:50,515] {base_task_runner.py:98} INFO - Subtask: [2018-06-19 15:58:50,514] {bash_operator.py:70} INFO - Tmp dir root location: 
[2018-06-19 15:58:50,515] {base_task_runner.py:98} INFO - Subtask:  /tmp
[2018-06-19 15:58:50,516] {base_task_runner.py:98} INFO - Subtask: [2018-06-19 15:58:50,516] {bash_operator.py:80} INFO - Temporary script location: /tmp/airflowtmpZmkBDd//tmp/airflowtmpZmkBDd/sleeppCgES9
[2018-06-19 15:58:50,516] {base_task_runner.py:98} INFO - Subtask: [2018-06-19 15:58:50,516] {bash_operator.py:88} INFO - Running command: sleep 5
[2018-06-19 15:58:50,519] {base_task_runner.py:98} INFO - Subtask: [2018-06-19 15:58:50,518] {bash_operator.py:97} INFO - Output:
[2018-06-19 15:58:55,529] {base_task_runner.py:98} INFO - Subtask: [2018-06-19 15:58:55,526] {bash_operator.py:105} INFO - Command exited with return code 0
