[2018-06-19 14:24:55,951] {cli.py:374} INFO - Running on host PRINHYLTPDL1167
[2018-06-19 14:24:56,135] {models.py:1197} INFO - Dependencies all met for <TaskInstance: hello_world.print_world 2017-06-01 15:00:00 [queued]>
[2018-06-19 14:24:56,192] {models.py:1197} INFO - Dependencies all met for <TaskInstance: hello_world.print_world 2017-06-01 15:00:00 [queued]>
[2018-06-19 14:24:56,192] {models.py:1407} INFO - 
--------------------------------------------------------------------------------
Starting attempt 1 of 2
--------------------------------------------------------------------------------

[2018-06-19 14:24:56,207] {models.py:1428} INFO - Executing <Task(PythonOperator): print_world> on 2017-06-01 15:00:00
[2018-06-19 14:24:56,207] {base_task_runner.py:115} INFO - Running: ['bash', '-c', u'airflow run hello_world print_world 2017-06-01T15:00:00 --job_id 52 --raw -sd DAGS_FOLDER/helloWorld.py']
[2018-06-19 14:24:56,454] {base_task_runner.py:98} INFO - Subtask: /usr/local/lib/python2.7/dist-packages/psycopg2/__init__.py:144: UserWarning: The psycopg2 wheel package will be renamed from release 2.8; in order to keep installing from binary please use "pip install psycopg2-binary" instead. For details see: <http://initd.org/psycopg/docs/install.html#binary-install-from-pypi>.
[2018-06-19 14:24:56,454] {base_task_runner.py:98} INFO - Subtask:   """)
[2018-06-19 14:24:56,488] {base_task_runner.py:98} INFO - Subtask: [2018-06-19 14:24:56,488] {driver.py:120} INFO - Generating grammar tables from /usr/lib/python2.7/lib2to3/Grammar.txt
[2018-06-19 14:24:56,508] {base_task_runner.py:98} INFO - Subtask: [2018-06-19 14:24:56,508] {driver.py:120} INFO - Generating grammar tables from /usr/lib/python2.7/lib2to3/PatternGrammar.txt
[2018-06-19 14:24:56,616] {base_task_runner.py:98} INFO - Subtask: [2018-06-19 14:24:56,615] {__init__.py:45} INFO - Using executor SequentialExecutor
[2018-06-19 14:24:56,655] {base_task_runner.py:98} INFO - Subtask: [2018-06-19 14:24:56,654] {models.py:189} INFO - Filling up the DagBag from /home/charanjiths/airflow/dags/helloWorld.py
[2018-06-19 14:24:56,760] {base_task_runner.py:98} INFO - Subtask: [2018-06-19 14:24:56,760] {python_operator.py:90} INFO - Done. Returned value was: None
[2018-06-19 15:58:36,498] {cli.py:374} INFO - Running on host PRINHYLTPDL1167
[2018-06-19 15:58:36,568] {models.py:1197} INFO - Dependencies all met for <TaskInstance: hello_world.print_world 2017-06-01 15:00:00 [queued]>
[2018-06-19 15:58:36,605] {models.py:1197} INFO - Dependencies all met for <TaskInstance: hello_world.print_world 2017-06-01 15:00:00 [queued]>
[2018-06-19 15:58:36,605] {models.py:1407} INFO - 
--------------------------------------------------------------------------------
Starting attempt 1 of 2
--------------------------------------------------------------------------------

[2018-06-19 15:58:36,616] {models.py:1428} INFO - Executing <Task(PythonOperator): print_world> on 2017-06-01 15:00:00
[2018-06-19 15:58:36,616] {base_task_runner.py:115} INFO - Running: ['bash', '-c', u'airflow run hello_world print_world 2017-06-01T15:00:00 --job_id 54 --raw -sd DAGS_FOLDER/helloWorld.py']
[2018-06-19 15:58:36,827] {base_task_runner.py:98} INFO - Subtask: /usr/local/lib/python2.7/dist-packages/psycopg2/__init__.py:144: UserWarning: The psycopg2 wheel package will be renamed from release 2.8; in order to keep installing from binary please use "pip install psycopg2-binary" instead. For details see: <http://initd.org/psycopg/docs/install.html#binary-install-from-pypi>.
[2018-06-19 15:58:36,827] {base_task_runner.py:98} INFO - Subtask:   """)
[2018-06-19 15:58:36,858] {base_task_runner.py:98} INFO - Subtask: [2018-06-19 15:58:36,858] {driver.py:120} INFO - Generating grammar tables from /usr/lib/python2.7/lib2to3/Grammar.txt
[2018-06-19 15:58:36,877] {base_task_runner.py:98} INFO - Subtask: [2018-06-19 15:58:36,877] {driver.py:120} INFO - Generating grammar tables from /usr/lib/python2.7/lib2to3/PatternGrammar.txt
[2018-06-19 15:58:36,983] {base_task_runner.py:98} INFO - Subtask: [2018-06-19 15:58:36,982] {__init__.py:45} INFO - Using executor SequentialExecutor
[2018-06-19 15:58:37,020] {base_task_runner.py:98} INFO - Subtask: [2018-06-19 15:58:37,020] {models.py:189} INFO - Filling up the DagBag from /home/charanjiths/airflow/dags/helloWorld.py
[2018-06-19 15:58:37,123] {base_task_runner.py:98} INFO - Subtask: [2018-06-19 15:58:37,123] {python_operator.py:90} INFO - Done. Returned value was: None
