[2018-06-19 14:20:49,010] {cli.py:374} INFO - Running on host PRINHYLTPDL1167
[2018-06-19 14:20:49,197] {models.py:1197} INFO - Dependencies all met for <TaskInstance: hello_world.print_world 2017-06-01 05:00:00 [queued]>
[2018-06-19 14:20:49,227] {models.py:1197} INFO - Dependencies all met for <TaskInstance: hello_world.print_world 2017-06-01 05:00:00 [queued]>
[2018-06-19 14:20:49,228] {models.py:1407} INFO - 
--------------------------------------------------------------------------------
Starting attempt 1 of 2
--------------------------------------------------------------------------------

[2018-06-19 14:20:49,241] {models.py:1428} INFO - Executing <Task(PythonOperator): print_world> on 2017-06-01 05:00:00
[2018-06-19 14:20:49,242] {base_task_runner.py:115} INFO - Running: ['bash', '-c', u'airflow run hello_world print_world 2017-06-01T05:00:00 --job_id 22 --raw -sd DAGS_FOLDER/helloWorld.py']
[2018-06-19 14:20:49,471] {base_task_runner.py:98} INFO - Subtask: /usr/local/lib/python2.7/dist-packages/psycopg2/__init__.py:144: UserWarning: The psycopg2 wheel package will be renamed from release 2.8; in order to keep installing from binary please use "pip install psycopg2-binary" instead. For details see: <http://initd.org/psycopg/docs/install.html#binary-install-from-pypi>.
[2018-06-19 14:20:49,471] {base_task_runner.py:98} INFO - Subtask:   """)
[2018-06-19 14:20:49,504] {base_task_runner.py:98} INFO - Subtask: [2018-06-19 14:20:49,503] {driver.py:120} INFO - Generating grammar tables from /usr/lib/python2.7/lib2to3/Grammar.txt
[2018-06-19 14:20:49,524] {base_task_runner.py:98} INFO - Subtask: [2018-06-19 14:20:49,523] {driver.py:120} INFO - Generating grammar tables from /usr/lib/python2.7/lib2to3/PatternGrammar.txt
[2018-06-19 14:20:49,633] {base_task_runner.py:98} INFO - Subtask: [2018-06-19 14:20:49,633] {__init__.py:45} INFO - Using executor SequentialExecutor
[2018-06-19 14:20:49,673] {base_task_runner.py:98} INFO - Subtask: [2018-06-19 14:20:49,672] {models.py:189} INFO - Filling up the DagBag from /home/charanjiths/airflow/dags/helloWorld.py
[2018-06-19 14:20:49,779] {base_task_runner.py:98} INFO - Subtask: [2018-06-19 14:20:49,779] {python_operator.py:90} INFO - Done. Returned value was: None
[2018-06-19 15:54:35,563] {cli.py:374} INFO - Running on host PRINHYLTPDL1167
[2018-06-19 15:54:35,609] {models.py:1197} INFO - Dependencies all met for <TaskInstance: hello_world.print_world 2017-06-01 05:00:00 [queued]>
[2018-06-19 15:54:35,645] {models.py:1197} INFO - Dependencies all met for <TaskInstance: hello_world.print_world 2017-06-01 05:00:00 [queued]>
[2018-06-19 15:54:35,645] {models.py:1407} INFO - 
--------------------------------------------------------------------------------
Starting attempt 1 of 2
--------------------------------------------------------------------------------

[2018-06-19 15:54:35,656] {models.py:1428} INFO - Executing <Task(PythonOperator): print_world> on 2017-06-01 05:00:00
[2018-06-19 15:54:35,657] {base_task_runner.py:115} INFO - Running: ['bash', '-c', u'airflow run hello_world print_world 2017-06-01T05:00:00 --job_id 24 --raw -sd DAGS_FOLDER/helloWorld.py']
[2018-06-19 15:54:35,866] {base_task_runner.py:98} INFO - Subtask: /usr/local/lib/python2.7/dist-packages/psycopg2/__init__.py:144: UserWarning: The psycopg2 wheel package will be renamed from release 2.8; in order to keep installing from binary please use "pip install psycopg2-binary" instead. For details see: <http://initd.org/psycopg/docs/install.html#binary-install-from-pypi>.
[2018-06-19 15:54:35,866] {base_task_runner.py:98} INFO - Subtask:   """)
[2018-06-19 15:54:35,897] {base_task_runner.py:98} INFO - Subtask: [2018-06-19 15:54:35,897] {driver.py:120} INFO - Generating grammar tables from /usr/lib/python2.7/lib2to3/Grammar.txt
[2018-06-19 15:54:35,916] {base_task_runner.py:98} INFO - Subtask: [2018-06-19 15:54:35,916] {driver.py:120} INFO - Generating grammar tables from /usr/lib/python2.7/lib2to3/PatternGrammar.txt
[2018-06-19 15:54:36,023] {base_task_runner.py:98} INFO - Subtask: [2018-06-19 15:54:36,023] {__init__.py:45} INFO - Using executor SequentialExecutor
[2018-06-19 15:54:36,061] {base_task_runner.py:98} INFO - Subtask: [2018-06-19 15:54:36,061] {models.py:189} INFO - Filling up the DagBag from /home/charanjiths/airflow/dags/helloWorld.py
[2018-06-19 15:54:36,162] {base_task_runner.py:98} INFO - Subtask: [2018-06-19 15:54:36,162] {python_operator.py:90} INFO - Done. Returned value was: None
