[2018-06-19 16:06:46,583] {cli.py:374} INFO - Running on host PRINHYLTPDL1167
[2018-06-19 16:06:46,630] {models.py:1197} INFO - Dependencies all met for <TaskInstance: hello_world.print_hello 2017-06-02 14:00:00 [queued]>
[2018-06-19 16:06:46,638] {models.py:1197} INFO - Dependencies all met for <TaskInstance: hello_world.print_hello 2017-06-02 14:00:00 [queued]>
[2018-06-19 16:06:46,638] {models.py:1407} INFO - 
--------------------------------------------------------------------------------
Starting attempt 1 of 2
--------------------------------------------------------------------------------

[2018-06-19 16:06:46,672] {models.py:1428} INFO - Executing <Task(BashOperator): print_hello> on 2017-06-02 14:00:00
[2018-06-19 16:06:46,673] {base_task_runner.py:115} INFO - Running: ['bash', '-c', u'airflow run hello_world print_hello 2017-06-02T14:00:00 --job_id 115 --raw -sd DAGS_FOLDER/helloWorld.py']
[2018-06-19 16:06:46,902] {base_task_runner.py:98} INFO - Subtask: /usr/local/lib/python2.7/dist-packages/psycopg2/__init__.py:144: UserWarning: The psycopg2 wheel package will be renamed from release 2.8; in order to keep installing from binary please use "pip install psycopg2-binary" instead. For details see: <http://initd.org/psycopg/docs/install.html#binary-install-from-pypi>.
[2018-06-19 16:06:46,902] {base_task_runner.py:98} INFO - Subtask:   """)
[2018-06-19 16:06:46,933] {base_task_runner.py:98} INFO - Subtask: [2018-06-19 16:06:46,932] {driver.py:120} INFO - Generating grammar tables from /usr/lib/python2.7/lib2to3/Grammar.txt
[2018-06-19 16:06:46,952] {base_task_runner.py:98} INFO - Subtask: [2018-06-19 16:06:46,952] {driver.py:120} INFO - Generating grammar tables from /usr/lib/python2.7/lib2to3/PatternGrammar.txt
[2018-06-19 16:06:47,058] {base_task_runner.py:98} INFO - Subtask: [2018-06-19 16:06:47,058] {__init__.py:45} INFO - Using executor SequentialExecutor
[2018-06-19 16:06:47,095] {base_task_runner.py:98} INFO - Subtask: [2018-06-19 16:06:47,095] {models.py:189} INFO - Filling up the DagBag from /home/charanjiths/airflow/dags/helloWorld.py
[2018-06-19 16:06:47,202] {base_task_runner.py:98} INFO - Subtask: [2018-06-19 16:06:47,202] {bash_operator.py:70} INFO - Tmp dir root location: 
[2018-06-19 16:06:47,202] {base_task_runner.py:98} INFO - Subtask:  /tmp
[2018-06-19 16:06:47,203] {base_task_runner.py:98} INFO - Subtask: [2018-06-19 16:06:47,202] {bash_operator.py:80} INFO - Temporary script location: /tmp/airflowtmpPbpng1//tmp/airflowtmpPbpng1/print_helloj0AHbO
[2018-06-19 16:06:47,203] {base_task_runner.py:98} INFO - Subtask: [2018-06-19 16:06:47,203] {bash_operator.py:88} INFO - Running command: echo "hello"
[2018-06-19 16:06:47,206] {base_task_runner.py:98} INFO - Subtask: [2018-06-19 16:06:47,205] {bash_operator.py:97} INFO - Output:
[2018-06-19 16:06:47,208] {base_task_runner.py:98} INFO - Subtask: [2018-06-19 16:06:47,207] {bash_operator.py:101} INFO - hello
[2018-06-19 16:06:47,209] {base_task_runner.py:98} INFO - Subtask: [2018-06-19 16:06:47,208] {bash_operator.py:105} INFO - Command exited with return code 0
