[2018-06-19 16:08:23,050] {cli.py:374} INFO - Running on host PRINHYLTPDL1167
[2018-06-19 16:08:23,098] {models.py:1197} INFO - Dependencies all met for <TaskInstance: hello_world.print_hello 2017-06-02 18:00:00 [queued]>
[2018-06-19 16:08:23,105] {models.py:1197} INFO - Dependencies all met for <TaskInstance: hello_world.print_hello 2017-06-02 18:00:00 [queued]>
[2018-06-19 16:08:23,105] {models.py:1407} INFO - 
--------------------------------------------------------------------------------
Starting attempt 1 of 2
--------------------------------------------------------------------------------

[2018-06-19 16:08:23,139] {models.py:1428} INFO - Executing <Task(BashOperator): print_hello> on 2017-06-02 18:00:00
[2018-06-19 16:08:23,139] {base_task_runner.py:115} INFO - Running: ['bash', '-c', u'airflow run hello_world print_hello 2017-06-02T18:00:00 --job_id 127 --raw -sd DAGS_FOLDER/helloWorld.py']
[2018-06-19 16:08:23,349] {base_task_runner.py:98} INFO - Subtask: /usr/local/lib/python2.7/dist-packages/psycopg2/__init__.py:144: UserWarning: The psycopg2 wheel package will be renamed from release 2.8; in order to keep installing from binary please use "pip install psycopg2-binary" instead. For details see: <http://initd.org/psycopg/docs/install.html#binary-install-from-pypi>.
[2018-06-19 16:08:23,349] {base_task_runner.py:98} INFO - Subtask:   """)
[2018-06-19 16:08:23,380] {base_task_runner.py:98} INFO - Subtask: [2018-06-19 16:08:23,379] {driver.py:120} INFO - Generating grammar tables from /usr/lib/python2.7/lib2to3/Grammar.txt
[2018-06-19 16:08:23,399] {base_task_runner.py:98} INFO - Subtask: [2018-06-19 16:08:23,399] {driver.py:120} INFO - Generating grammar tables from /usr/lib/python2.7/lib2to3/PatternGrammar.txt
[2018-06-19 16:08:23,502] {base_task_runner.py:98} INFO - Subtask: [2018-06-19 16:08:23,502] {__init__.py:45} INFO - Using executor SequentialExecutor
[2018-06-19 16:08:23,539] {base_task_runner.py:98} INFO - Subtask: [2018-06-19 16:08:23,539] {models.py:189} INFO - Filling up the DagBag from /home/charanjiths/airflow/dags/helloWorld.py
[2018-06-19 16:08:23,643] {base_task_runner.py:98} INFO - Subtask: [2018-06-19 16:08:23,643] {bash_operator.py:70} INFO - Tmp dir root location: 
[2018-06-19 16:08:23,644] {base_task_runner.py:98} INFO - Subtask:  /tmp
[2018-06-19 16:08:23,645] {base_task_runner.py:98} INFO - Subtask: [2018-06-19 16:08:23,644] {bash_operator.py:80} INFO - Temporary script location: /tmp/airflowtmpABET8C//tmp/airflowtmpABET8C/print_helloo0J1x7
[2018-06-19 16:08:23,645] {base_task_runner.py:98} INFO - Subtask: [2018-06-19 16:08:23,644] {bash_operator.py:88} INFO - Running command: echo "hello"
[2018-06-19 16:08:23,648] {base_task_runner.py:98} INFO - Subtask: [2018-06-19 16:08:23,647] {bash_operator.py:97} INFO - Output:
[2018-06-19 16:08:23,650] {base_task_runner.py:98} INFO - Subtask: [2018-06-19 16:08:23,649] {bash_operator.py:101} INFO - hello
[2018-06-19 16:08:23,651] {base_task_runner.py:98} INFO - Subtask: [2018-06-19 16:08:23,650] {bash_operator.py:105} INFO - Command exited with return code 0
