[2018-06-19 16:15:12,415] {cli.py:374} INFO - Running on host PRINHYLTPDL1167
[2018-06-19 16:15:12,457] {models.py:1197} INFO - Dependencies all met for <TaskInstance: hello_world.print_hello 2017-06-03 11:00:00 [queued]>
[2018-06-19 16:15:12,464] {models.py:1197} INFO - Dependencies all met for <TaskInstance: hello_world.print_hello 2017-06-03 11:00:00 [queued]>
[2018-06-19 16:15:12,464] {models.py:1407} INFO - 
--------------------------------------------------------------------------------
Starting attempt 1 of 2
--------------------------------------------------------------------------------

[2018-06-19 16:15:12,497] {models.py:1428} INFO - Executing <Task(BashOperator): print_hello> on 2017-06-03 11:00:00
[2018-06-19 16:15:12,498] {base_task_runner.py:115} INFO - Running: ['bash', '-c', u'airflow run hello_world print_hello 2017-06-03T11:00:00 --job_id 178 --raw -sd DAGS_FOLDER/helloWorld.py']
[2018-06-19 16:15:12,708] {base_task_runner.py:98} INFO - Subtask: /usr/local/lib/python2.7/dist-packages/psycopg2/__init__.py:144: UserWarning: The psycopg2 wheel package will be renamed from release 2.8; in order to keep installing from binary please use "pip install psycopg2-binary" instead. For details see: <http://initd.org/psycopg/docs/install.html#binary-install-from-pypi>.
[2018-06-19 16:15:12,709] {base_task_runner.py:98} INFO - Subtask:   """)
[2018-06-19 16:15:12,739] {base_task_runner.py:98} INFO - Subtask: [2018-06-19 16:15:12,739] {driver.py:120} INFO - Generating grammar tables from /usr/lib/python2.7/lib2to3/Grammar.txt
[2018-06-19 16:15:12,759] {base_task_runner.py:98} INFO - Subtask: [2018-06-19 16:15:12,758] {driver.py:120} INFO - Generating grammar tables from /usr/lib/python2.7/lib2to3/PatternGrammar.txt
[2018-06-19 16:15:12,862] {base_task_runner.py:98} INFO - Subtask: [2018-06-19 16:15:12,862] {__init__.py:45} INFO - Using executor SequentialExecutor
[2018-06-19 16:15:12,899] {base_task_runner.py:98} INFO - Subtask: [2018-06-19 16:15:12,899] {models.py:189} INFO - Filling up the DagBag from /home/charanjiths/airflow/dags/helloWorld.py
[2018-06-19 16:15:13,006] {base_task_runner.py:98} INFO - Subtask: [2018-06-19 16:15:13,006] {bash_operator.py:70} INFO - Tmp dir root location: 
[2018-06-19 16:15:13,007] {base_task_runner.py:98} INFO - Subtask:  /tmp
[2018-06-19 16:15:13,007] {base_task_runner.py:98} INFO - Subtask: [2018-06-19 16:15:13,007] {bash_operator.py:80} INFO - Temporary script location: /tmp/airflowtmpsyQD0Y//tmp/airflowtmpsyQD0Y/print_hello5mDxP8
[2018-06-19 16:15:13,008] {base_task_runner.py:98} INFO - Subtask: [2018-06-19 16:15:13,007] {bash_operator.py:88} INFO - Running command: echo "hello"
[2018-06-19 16:15:13,011] {base_task_runner.py:98} INFO - Subtask: [2018-06-19 16:15:13,010] {bash_operator.py:97} INFO - Output:
[2018-06-19 16:15:13,012] {base_task_runner.py:98} INFO - Subtask: [2018-06-19 16:15:13,012] {bash_operator.py:101} INFO - hello
[2018-06-19 16:15:13,013] {base_task_runner.py:98} INFO - Subtask: [2018-06-19 16:15:13,013] {bash_operator.py:105} INFO - Command exited with return code 0
