[2018-06-19 14:21:46,688] {cli.py:374} INFO - Running on host PRINHYLTPDL1167
[2018-06-19 14:21:46,842] {models.py:1197} INFO - Dependencies all met for <TaskInstance: hello_world.print_hello 2017-06-01 10:00:00 [queued]>
[2018-06-19 14:21:46,858] {models.py:1197} INFO - Dependencies all met for <TaskInstance: hello_world.print_hello 2017-06-01 10:00:00 [queued]>
[2018-06-19 14:21:46,859] {models.py:1407} INFO - 
--------------------------------------------------------------------------------
Starting attempt 1 of 2
--------------------------------------------------------------------------------

[2018-06-19 14:21:46,893] {models.py:1428} INFO - Executing <Task(BashOperator): print_hello> on 2017-06-01 10:00:00
[2018-06-19 14:21:46,893] {base_task_runner.py:115} INFO - Running: ['bash', '-c', u'airflow run hello_world print_hello 2017-06-01T10:00:00 --job_id 29 --raw -sd DAGS_FOLDER/helloWorld.py']
[2018-06-19 14:21:47,117] {base_task_runner.py:98} INFO - Subtask: /usr/local/lib/python2.7/dist-packages/psycopg2/__init__.py:144: UserWarning: The psycopg2 wheel package will be renamed from release 2.8; in order to keep installing from binary please use "pip install psycopg2-binary" instead. For details see: <http://initd.org/psycopg/docs/install.html#binary-install-from-pypi>.
[2018-06-19 14:21:47,117] {base_task_runner.py:98} INFO - Subtask:   """)
[2018-06-19 14:21:47,151] {base_task_runner.py:98} INFO - Subtask: [2018-06-19 14:21:47,150] {driver.py:120} INFO - Generating grammar tables from /usr/lib/python2.7/lib2to3/Grammar.txt
[2018-06-19 14:21:47,170] {base_task_runner.py:98} INFO - Subtask: [2018-06-19 14:21:47,170] {driver.py:120} INFO - Generating grammar tables from /usr/lib/python2.7/lib2to3/PatternGrammar.txt
[2018-06-19 14:21:47,278] {base_task_runner.py:98} INFO - Subtask: [2018-06-19 14:21:47,278] {__init__.py:45} INFO - Using executor SequentialExecutor
[2018-06-19 14:21:47,318] {base_task_runner.py:98} INFO - Subtask: [2018-06-19 14:21:47,317] {models.py:189} INFO - Filling up the DagBag from /home/charanjiths/airflow/dags/helloWorld.py
[2018-06-19 14:21:47,426] {base_task_runner.py:98} INFO - Subtask: [2018-06-19 14:21:47,425] {bash_operator.py:70} INFO - Tmp dir root location: 
[2018-06-19 14:21:47,426] {base_task_runner.py:98} INFO - Subtask:  /tmp
[2018-06-19 14:21:47,427] {base_task_runner.py:98} INFO - Subtask: [2018-06-19 14:21:47,427] {bash_operator.py:80} INFO - Temporary script location: /tmp/airflowtmpajGmY2//tmp/airflowtmpajGmY2/print_helloqV2QGf
[2018-06-19 14:21:47,427] {base_task_runner.py:98} INFO - Subtask: [2018-06-19 14:21:47,427] {bash_operator.py:88} INFO - Running command: echo "hello"
[2018-06-19 14:21:47,431] {base_task_runner.py:98} INFO - Subtask: [2018-06-19 14:21:47,430] {bash_operator.py:97} INFO - Output:
[2018-06-19 14:21:47,432] {base_task_runner.py:98} INFO - Subtask: [2018-06-19 14:21:47,432] {bash_operator.py:101} INFO - hello
[2018-06-19 14:21:47,434] {base_task_runner.py:98} INFO - Subtask: [2018-06-19 14:21:47,433] {bash_operator.py:105} INFO - Command exited with return code 0
[2018-06-19 15:55:31,441] {cli.py:374} INFO - Running on host PRINHYLTPDL1167
[2018-06-19 15:55:31,490] {models.py:1197} INFO - Dependencies all met for <TaskInstance: hello_world.print_hello 2017-06-01 10:00:00 [queued]>
[2018-06-19 15:55:31,503] {models.py:1197} INFO - Dependencies all met for <TaskInstance: hello_world.print_hello 2017-06-01 10:00:00 [queued]>
[2018-06-19 15:55:31,504] {models.py:1407} INFO - 
--------------------------------------------------------------------------------
Starting attempt 1 of 2
--------------------------------------------------------------------------------

[2018-06-19 15:55:31,557] {models.py:1428} INFO - Executing <Task(BashOperator): print_hello> on 2017-06-01 10:00:00
[2018-06-19 15:55:31,557] {base_task_runner.py:115} INFO - Running: ['bash', '-c', u'airflow run hello_world print_hello 2017-06-01T10:00:00 --job_id 31 --raw -sd DAGS_FOLDER/helloWorld.py']
[2018-06-19 15:55:31,769] {base_task_runner.py:98} INFO - Subtask: /usr/local/lib/python2.7/dist-packages/psycopg2/__init__.py:144: UserWarning: The psycopg2 wheel package will be renamed from release 2.8; in order to keep installing from binary please use "pip install psycopg2-binary" instead. For details see: <http://initd.org/psycopg/docs/install.html#binary-install-from-pypi>.
[2018-06-19 15:55:31,769] {base_task_runner.py:98} INFO - Subtask:   """)
[2018-06-19 15:55:31,800] {base_task_runner.py:98} INFO - Subtask: [2018-06-19 15:55:31,799] {driver.py:120} INFO - Generating grammar tables from /usr/lib/python2.7/lib2to3/Grammar.txt
[2018-06-19 15:55:31,819] {base_task_runner.py:98} INFO - Subtask: [2018-06-19 15:55:31,818] {driver.py:120} INFO - Generating grammar tables from /usr/lib/python2.7/lib2to3/PatternGrammar.txt
[2018-06-19 15:55:31,922] {base_task_runner.py:98} INFO - Subtask: [2018-06-19 15:55:31,921] {__init__.py:45} INFO - Using executor SequentialExecutor
[2018-06-19 15:55:31,959] {base_task_runner.py:98} INFO - Subtask: [2018-06-19 15:55:31,959] {models.py:189} INFO - Filling up the DagBag from /home/charanjiths/airflow/dags/helloWorld.py
[2018-06-19 15:55:32,065] {base_task_runner.py:98} INFO - Subtask: [2018-06-19 15:55:32,065] {bash_operator.py:70} INFO - Tmp dir root location: 
[2018-06-19 15:55:32,065] {base_task_runner.py:98} INFO - Subtask:  /tmp
[2018-06-19 15:55:32,066] {base_task_runner.py:98} INFO - Subtask: [2018-06-19 15:55:32,066] {bash_operator.py:80} INFO - Temporary script location: /tmp/airflowtmpBQ1dkz//tmp/airflowtmpBQ1dkz/print_helloFoQFJU
[2018-06-19 15:55:32,066] {base_task_runner.py:98} INFO - Subtask: [2018-06-19 15:55:32,066] {bash_operator.py:88} INFO - Running command: echo "hello"
[2018-06-19 15:55:32,069] {base_task_runner.py:98} INFO - Subtask: [2018-06-19 15:55:32,069] {bash_operator.py:97} INFO - Output:
[2018-06-19 15:55:32,071] {base_task_runner.py:98} INFO - Subtask: [2018-06-19 15:55:32,071] {bash_operator.py:101} INFO - hello
[2018-06-19 15:55:32,072] {base_task_runner.py:98} INFO - Subtask: [2018-06-19 15:55:32,072] {bash_operator.py:105} INFO - Command exited with return code 0
