[2018-06-19 16:02:51,074] {cli.py:374} INFO - Running on host PRINHYLTPDL1167
[2018-06-19 16:02:51,127] {models.py:1197} INFO - Dependencies all met for <TaskInstance: hello_world.sleep 2017-06-02 03:00:00 [queued]>
[2018-06-19 16:02:51,164] {models.py:1197} INFO - Dependencies all met for <TaskInstance: hello_world.sleep 2017-06-02 03:00:00 [queued]>
[2018-06-19 16:02:51,165] {models.py:1407} INFO - 
--------------------------------------------------------------------------------
Starting attempt 1 of 2
--------------------------------------------------------------------------------

[2018-06-19 16:02:51,175] {models.py:1428} INFO - Executing <Task(BashOperator): sleep> on 2017-06-02 03:00:00
[2018-06-19 16:02:51,176] {base_task_runner.py:115} INFO - Running: ['bash', '-c', u'airflow run hello_world sleep 2017-06-02T03:00:00 --job_id 86 --raw -sd DAGS_FOLDER/helloWorld.py']
[2018-06-19 16:02:51,385] {base_task_runner.py:98} INFO - Subtask: /usr/local/lib/python2.7/dist-packages/psycopg2/__init__.py:144: UserWarning: The psycopg2 wheel package will be renamed from release 2.8; in order to keep installing from binary please use "pip install psycopg2-binary" instead. For details see: <http://initd.org/psycopg/docs/install.html#binary-install-from-pypi>.
[2018-06-19 16:02:51,386] {base_task_runner.py:98} INFO - Subtask:   """)
[2018-06-19 16:02:51,416] {base_task_runner.py:98} INFO - Subtask: [2018-06-19 16:02:51,416] {driver.py:120} INFO - Generating grammar tables from /usr/lib/python2.7/lib2to3/Grammar.txt
[2018-06-19 16:02:51,435] {base_task_runner.py:98} INFO - Subtask: [2018-06-19 16:02:51,435] {driver.py:120} INFO - Generating grammar tables from /usr/lib/python2.7/lib2to3/PatternGrammar.txt
[2018-06-19 16:02:51,538] {base_task_runner.py:98} INFO - Subtask: [2018-06-19 16:02:51,538] {__init__.py:45} INFO - Using executor SequentialExecutor
[2018-06-19 16:02:51,576] {base_task_runner.py:98} INFO - Subtask: [2018-06-19 16:02:51,575] {models.py:189} INFO - Filling up the DagBag from /home/charanjiths/airflow/dags/helloWorld.py
[2018-06-19 16:02:51,679] {base_task_runner.py:98} INFO - Subtask: [2018-06-19 16:02:51,679] {bash_operator.py:70} INFO - Tmp dir root location: 
[2018-06-19 16:02:51,680] {base_task_runner.py:98} INFO - Subtask:  /tmp
[2018-06-19 16:02:51,681] {base_task_runner.py:98} INFO - Subtask: [2018-06-19 16:02:51,680] {bash_operator.py:80} INFO - Temporary script location: /tmp/airflowtmpIAG1XM//tmp/airflowtmpIAG1XM/sleepqGS5P_
[2018-06-19 16:02:51,681] {base_task_runner.py:98} INFO - Subtask: [2018-06-19 16:02:51,681] {bash_operator.py:88} INFO - Running command: sleep 5
[2018-06-19 16:02:51,684] {base_task_runner.py:98} INFO - Subtask: [2018-06-19 16:02:51,684] {bash_operator.py:97} INFO - Output:
[2018-06-19 16:02:56,693] {base_task_runner.py:98} INFO - Subtask: [2018-06-19 16:02:56,692] {bash_operator.py:105} INFO - Command exited with return code 0
