[2018-06-19 16:03:39,243] {cli.py:374} INFO - Running on host PRINHYLTPDL1167
[2018-06-19 16:03:39,292] {models.py:1197} INFO - Dependencies all met for <TaskInstance: hello_world.sleep 2017-06-02 05:00:00 [queued]>
[2018-06-19 16:03:39,327] {models.py:1197} INFO - Dependencies all met for <TaskInstance: hello_world.sleep 2017-06-02 05:00:00 [queued]>
[2018-06-19 16:03:39,327] {models.py:1407} INFO - 
--------------------------------------------------------------------------------
Starting attempt 1 of 2
--------------------------------------------------------------------------------

[2018-06-19 16:03:39,340] {models.py:1428} INFO - Executing <Task(BashOperator): sleep> on 2017-06-02 05:00:00
[2018-06-19 16:03:39,340] {base_task_runner.py:115} INFO - Running: ['bash', '-c', u'airflow run hello_world sleep 2017-06-02T05:00:00 --job_id 92 --raw -sd DAGS_FOLDER/helloWorld.py']
[2018-06-19 16:03:39,552] {base_task_runner.py:98} INFO - Subtask: /usr/local/lib/python2.7/dist-packages/psycopg2/__init__.py:144: UserWarning: The psycopg2 wheel package will be renamed from release 2.8; in order to keep installing from binary please use "pip install psycopg2-binary" instead. For details see: <http://initd.org/psycopg/docs/install.html#binary-install-from-pypi>.
[2018-06-19 16:03:39,553] {base_task_runner.py:98} INFO - Subtask:   """)
[2018-06-19 16:03:39,583] {base_task_runner.py:98} INFO - Subtask: [2018-06-19 16:03:39,583] {driver.py:120} INFO - Generating grammar tables from /usr/lib/python2.7/lib2to3/Grammar.txt
[2018-06-19 16:03:39,602] {base_task_runner.py:98} INFO - Subtask: [2018-06-19 16:03:39,602] {driver.py:120} INFO - Generating grammar tables from /usr/lib/python2.7/lib2to3/PatternGrammar.txt
[2018-06-19 16:03:39,705] {base_task_runner.py:98} INFO - Subtask: [2018-06-19 16:03:39,705] {__init__.py:45} INFO - Using executor SequentialExecutor
[2018-06-19 16:03:39,743] {base_task_runner.py:98} INFO - Subtask: [2018-06-19 16:03:39,742] {models.py:189} INFO - Filling up the DagBag from /home/charanjiths/airflow/dags/helloWorld.py
[2018-06-19 16:03:39,849] {base_task_runner.py:98} INFO - Subtask: [2018-06-19 16:03:39,849] {bash_operator.py:70} INFO - Tmp dir root location: 
[2018-06-19 16:03:39,849] {base_task_runner.py:98} INFO - Subtask:  /tmp
[2018-06-19 16:03:39,850] {base_task_runner.py:98} INFO - Subtask: [2018-06-19 16:03:39,850] {bash_operator.py:80} INFO - Temporary script location: /tmp/airflowtmpCVqMKX//tmp/airflowtmpCVqMKX/sleepOT9owQ
[2018-06-19 16:03:39,850] {base_task_runner.py:98} INFO - Subtask: [2018-06-19 16:03:39,850] {bash_operator.py:88} INFO - Running command: sleep 5
[2018-06-19 16:03:39,853] {base_task_runner.py:98} INFO - Subtask: [2018-06-19 16:03:39,852] {bash_operator.py:97} INFO - Output:
[2018-06-19 16:03:44,861] {base_task_runner.py:98} INFO - Subtask: [2018-06-19 16:03:44,860] {bash_operator.py:105} INFO - Command exited with return code 0
