[2018-06-19 14:22:28,039] {cli.py:374} INFO - Running on host PRINHYLTPDL1167
[2018-06-19 14:22:28,227] {models.py:1197} INFO - Dependencies all met for <TaskInstance: hello_world.print_world 2017-06-01 09:00:00 [queued]>
[2018-06-19 14:22:28,262] {models.py:1197} INFO - Dependencies all met for <TaskInstance: hello_world.print_world 2017-06-01 09:00:00 [queued]>
[2018-06-19 14:22:28,262] {models.py:1407} INFO - 
--------------------------------------------------------------------------------
Starting attempt 1 of 2
--------------------------------------------------------------------------------

[2018-06-19 14:22:28,284] {models.py:1428} INFO - Executing <Task(PythonOperator): print_world> on 2017-06-01 09:00:00
[2018-06-19 14:22:28,286] {base_task_runner.py:115} INFO - Running: ['bash', '-c', u'airflow run hello_world print_world 2017-06-01T09:00:00 --job_id 34 --raw -sd DAGS_FOLDER/helloWorld.py']
[2018-06-19 14:22:28,525] {base_task_runner.py:98} INFO - Subtask: /usr/local/lib/python2.7/dist-packages/psycopg2/__init__.py:144: UserWarning: The psycopg2 wheel package will be renamed from release 2.8; in order to keep installing from binary please use "pip install psycopg2-binary" instead. For details see: <http://initd.org/psycopg/docs/install.html#binary-install-from-pypi>.
[2018-06-19 14:22:28,525] {base_task_runner.py:98} INFO - Subtask:   """)
[2018-06-19 14:22:28,557] {base_task_runner.py:98} INFO - Subtask: [2018-06-19 14:22:28,557] {driver.py:120} INFO - Generating grammar tables from /usr/lib/python2.7/lib2to3/Grammar.txt
[2018-06-19 14:22:28,576] {base_task_runner.py:98} INFO - Subtask: [2018-06-19 14:22:28,576] {driver.py:120} INFO - Generating grammar tables from /usr/lib/python2.7/lib2to3/PatternGrammar.txt
[2018-06-19 14:22:28,682] {base_task_runner.py:98} INFO - Subtask: [2018-06-19 14:22:28,681] {__init__.py:45} INFO - Using executor SequentialExecutor
[2018-06-19 14:22:28,721] {base_task_runner.py:98} INFO - Subtask: [2018-06-19 14:22:28,721] {models.py:189} INFO - Filling up the DagBag from /home/charanjiths/airflow/dags/helloWorld.py
[2018-06-19 14:22:28,827] {base_task_runner.py:98} INFO - Subtask: [2018-06-19 14:22:28,826] {python_operator.py:90} INFO - Done. Returned value was: None
[2018-06-19 15:56:11,856] {cli.py:374} INFO - Running on host PRINHYLTPDL1167
[2018-06-19 15:56:11,900] {models.py:1197} INFO - Dependencies all met for <TaskInstance: hello_world.print_world 2017-06-01 09:00:00 [queued]>
[2018-06-19 15:56:11,939] {models.py:1197} INFO - Dependencies all met for <TaskInstance: hello_world.print_world 2017-06-01 09:00:00 [queued]>
[2018-06-19 15:56:11,939] {models.py:1407} INFO - 
--------------------------------------------------------------------------------
Starting attempt 1 of 2
--------------------------------------------------------------------------------

[2018-06-19 15:56:11,949] {models.py:1428} INFO - Executing <Task(PythonOperator): print_world> on 2017-06-01 09:00:00
[2018-06-19 15:56:11,950] {base_task_runner.py:115} INFO - Running: ['bash', '-c', u'airflow run hello_world print_world 2017-06-01T09:00:00 --job_id 36 --raw -sd DAGS_FOLDER/helloWorld.py']
[2018-06-19 15:56:12,161] {base_task_runner.py:98} INFO - Subtask: /usr/local/lib/python2.7/dist-packages/psycopg2/__init__.py:144: UserWarning: The psycopg2 wheel package will be renamed from release 2.8; in order to keep installing from binary please use "pip install psycopg2-binary" instead. For details see: <http://initd.org/psycopg/docs/install.html#binary-install-from-pypi>.
[2018-06-19 15:56:12,162] {base_task_runner.py:98} INFO - Subtask:   """)
[2018-06-19 15:56:12,192] {base_task_runner.py:98} INFO - Subtask: [2018-06-19 15:56:12,192] {driver.py:120} INFO - Generating grammar tables from /usr/lib/python2.7/lib2to3/Grammar.txt
[2018-06-19 15:56:12,211] {base_task_runner.py:98} INFO - Subtask: [2018-06-19 15:56:12,211] {driver.py:120} INFO - Generating grammar tables from /usr/lib/python2.7/lib2to3/PatternGrammar.txt
[2018-06-19 15:56:12,314] {base_task_runner.py:98} INFO - Subtask: [2018-06-19 15:56:12,313] {__init__.py:45} INFO - Using executor SequentialExecutor
[2018-06-19 15:56:12,351] {base_task_runner.py:98} INFO - Subtask: [2018-06-19 15:56:12,351] {models.py:189} INFO - Filling up the DagBag from /home/charanjiths/airflow/dags/helloWorld.py
[2018-06-19 15:56:12,452] {base_task_runner.py:98} INFO - Subtask: [2018-06-19 15:56:12,452] {python_operator.py:90} INFO - Done. Returned value was: None
