[2018-06-19 14:19:23,226] {cli.py:374} INFO - Running on host PRINHYLTPDL1167
[2018-06-19 14:19:23,392] {models.py:1197} INFO - Dependencies all met for <TaskInstance: hello_world.sleep 2017-06-01 03:00:00 [queued]>
[2018-06-19 14:19:23,431] {models.py:1197} INFO - Dependencies all met for <TaskInstance: hello_world.sleep 2017-06-01 03:00:00 [queued]>
[2018-06-19 14:19:23,432] {models.py:1407} INFO - 
--------------------------------------------------------------------------------
Starting attempt 1 of 2
--------------------------------------------------------------------------------

[2018-06-19 14:19:23,451] {models.py:1428} INFO - Executing <Task(BashOperator): sleep> on 2017-06-01 03:00:00
[2018-06-19 14:19:23,452] {base_task_runner.py:115} INFO - Running: ['bash', '-c', u'airflow run hello_world sleep 2017-06-01T03:00:00 --job_id 12 --raw -sd DAGS_FOLDER/helloWorld.py']
[2018-06-19 14:19:23,672] {base_task_runner.py:98} INFO - Subtask: /usr/local/lib/python2.7/dist-packages/psycopg2/__init__.py:144: UserWarning: The psycopg2 wheel package will be renamed from release 2.8; in order to keep installing from binary please use "pip install psycopg2-binary" instead. For details see: <http://initd.org/psycopg/docs/install.html#binary-install-from-pypi>.
[2018-06-19 14:19:23,672] {base_task_runner.py:98} INFO - Subtask:   """)
[2018-06-19 14:19:23,704] {base_task_runner.py:98} INFO - Subtask: [2018-06-19 14:19:23,704] {driver.py:120} INFO - Generating grammar tables from /usr/lib/python2.7/lib2to3/Grammar.txt
[2018-06-19 14:19:23,723] {base_task_runner.py:98} INFO - Subtask: [2018-06-19 14:19:23,723] {driver.py:120} INFO - Generating grammar tables from /usr/lib/python2.7/lib2to3/PatternGrammar.txt
[2018-06-19 14:19:23,830] {base_task_runner.py:98} INFO - Subtask: [2018-06-19 14:19:23,829] {__init__.py:45} INFO - Using executor SequentialExecutor
[2018-06-19 14:19:23,872] {base_task_runner.py:98} INFO - Subtask: [2018-06-19 14:19:23,872] {models.py:189} INFO - Filling up the DagBag from /home/charanjiths/airflow/dags/helloWorld.py
[2018-06-19 14:19:23,994] {base_task_runner.py:98} INFO - Subtask: [2018-06-19 14:19:23,994] {bash_operator.py:70} INFO - Tmp dir root location: 
[2018-06-19 14:19:23,995] {base_task_runner.py:98} INFO - Subtask:  /tmp
[2018-06-19 14:19:23,996] {base_task_runner.py:98} INFO - Subtask: [2018-06-19 14:19:23,995] {bash_operator.py:80} INFO - Temporary script location: /tmp/airflowtmpDQJVDa//tmp/airflowtmpDQJVDa/sleepzph8gO
[2018-06-19 14:19:23,996] {base_task_runner.py:98} INFO - Subtask: [2018-06-19 14:19:23,996] {bash_operator.py:88} INFO - Running command: sleep 5
[2018-06-19 14:19:24,000] {base_task_runner.py:98} INFO - Subtask: [2018-06-19 14:19:24,000] {bash_operator.py:97} INFO - Output:
[2018-06-19 14:19:29,011] {base_task_runner.py:98} INFO - Subtask: [2018-06-19 14:19:29,008] {bash_operator.py:105} INFO - Command exited with return code 0
[2018-06-19 15:53:12,527] {cli.py:374} INFO - Running on host PRINHYLTPDL1167
[2018-06-19 15:53:12,587] {models.py:1197} INFO - Dependencies all met for <TaskInstance: hello_world.sleep 2017-06-01 03:00:00 [queued]>
[2018-06-19 15:53:12,622] {models.py:1197} INFO - Dependencies all met for <TaskInstance: hello_world.sleep 2017-06-01 03:00:00 [queued]>
[2018-06-19 15:53:12,622] {models.py:1407} INFO - 
--------------------------------------------------------------------------------
Starting attempt 1 of 2
--------------------------------------------------------------------------------

[2018-06-19 15:53:12,647] {models.py:1428} INFO - Executing <Task(BashOperator): sleep> on 2017-06-01 03:00:00
[2018-06-19 15:53:12,647] {base_task_runner.py:115} INFO - Running: ['bash', '-c', u'airflow run hello_world sleep 2017-06-01T03:00:00 --job_id 14 --raw -sd DAGS_FOLDER/helloWorld.py']
[2018-06-19 15:53:12,859] {base_task_runner.py:98} INFO - Subtask: /usr/local/lib/python2.7/dist-packages/psycopg2/__init__.py:144: UserWarning: The psycopg2 wheel package will be renamed from release 2.8; in order to keep installing from binary please use "pip install psycopg2-binary" instead. For details see: <http://initd.org/psycopg/docs/install.html#binary-install-from-pypi>.
[2018-06-19 15:53:12,860] {base_task_runner.py:98} INFO - Subtask:   """)
[2018-06-19 15:53:12,891] {base_task_runner.py:98} INFO - Subtask: [2018-06-19 15:53:12,891] {driver.py:120} INFO - Generating grammar tables from /usr/lib/python2.7/lib2to3/Grammar.txt
[2018-06-19 15:53:12,910] {base_task_runner.py:98} INFO - Subtask: [2018-06-19 15:53:12,910] {driver.py:120} INFO - Generating grammar tables from /usr/lib/python2.7/lib2to3/PatternGrammar.txt
[2018-06-19 15:53:13,015] {base_task_runner.py:98} INFO - Subtask: [2018-06-19 15:53:13,015] {__init__.py:45} INFO - Using executor SequentialExecutor
[2018-06-19 15:53:13,053] {base_task_runner.py:98} INFO - Subtask: [2018-06-19 15:53:13,052] {models.py:189} INFO - Filling up the DagBag from /home/charanjiths/airflow/dags/helloWorld.py
[2018-06-19 15:53:13,158] {base_task_runner.py:98} INFO - Subtask: [2018-06-19 15:53:13,157] {bash_operator.py:70} INFO - Tmp dir root location: 
[2018-06-19 15:53:13,158] {base_task_runner.py:98} INFO - Subtask:  /tmp
[2018-06-19 15:53:13,159] {base_task_runner.py:98} INFO - Subtask: [2018-06-19 15:53:13,159] {bash_operator.py:80} INFO - Temporary script location: /tmp/airflowtmpqChCYT//tmp/airflowtmpqChCYT/sleepby3f3b
[2018-06-19 15:53:13,159] {base_task_runner.py:98} INFO - Subtask: [2018-06-19 15:53:13,159] {bash_operator.py:88} INFO - Running command: sleep 5
[2018-06-19 15:53:13,162] {base_task_runner.py:98} INFO - Subtask: [2018-06-19 15:53:13,161] {bash_operator.py:97} INFO - Output:
[2018-06-19 15:53:18,173] {base_task_runner.py:98} INFO - Subtask: [2018-06-19 15:53:18,171] {bash_operator.py:105} INFO - Command exited with return code 0
