[2018-06-19 14:21:38,323] {cli.py:374} INFO - Running on host PRINHYLTPDL1167
[2018-06-19 14:21:38,516] {models.py:1197} INFO - Dependencies all met for <TaskInstance: hello_world.print_world 2017-06-01 07:00:00 [queued]>
[2018-06-19 14:21:38,581] {models.py:1197} INFO - Dependencies all met for <TaskInstance: hello_world.print_world 2017-06-01 07:00:00 [queued]>
[2018-06-19 14:21:38,581] {models.py:1407} INFO - 
--------------------------------------------------------------------------------
Starting attempt 1 of 2
--------------------------------------------------------------------------------

[2018-06-19 14:21:38,600] {models.py:1428} INFO - Executing <Task(PythonOperator): print_world> on 2017-06-01 07:00:00
[2018-06-19 14:21:38,601] {base_task_runner.py:115} INFO - Running: ['bash', '-c', u'airflow run hello_world print_world 2017-06-01T07:00:00 --job_id 28 --raw -sd DAGS_FOLDER/helloWorld.py']
[2018-06-19 14:21:38,818] {base_task_runner.py:98} INFO - Subtask: /usr/local/lib/python2.7/dist-packages/psycopg2/__init__.py:144: UserWarning: The psycopg2 wheel package will be renamed from release 2.8; in order to keep installing from binary please use "pip install psycopg2-binary" instead. For details see: <http://initd.org/psycopg/docs/install.html#binary-install-from-pypi>.
[2018-06-19 14:21:38,818] {base_task_runner.py:98} INFO - Subtask:   """)
[2018-06-19 14:21:38,850] {base_task_runner.py:98} INFO - Subtask: [2018-06-19 14:21:38,849] {driver.py:120} INFO - Generating grammar tables from /usr/lib/python2.7/lib2to3/Grammar.txt
[2018-06-19 14:21:38,869] {base_task_runner.py:98} INFO - Subtask: [2018-06-19 14:21:38,869] {driver.py:120} INFO - Generating grammar tables from /usr/lib/python2.7/lib2to3/PatternGrammar.txt
[2018-06-19 14:21:38,975] {base_task_runner.py:98} INFO - Subtask: [2018-06-19 14:21:38,975] {__init__.py:45} INFO - Using executor SequentialExecutor
[2018-06-19 14:21:39,014] {base_task_runner.py:98} INFO - Subtask: [2018-06-19 14:21:39,014] {models.py:189} INFO - Filling up the DagBag from /home/charanjiths/airflow/dags/helloWorld.py
[2018-06-19 14:21:39,117] {base_task_runner.py:98} INFO - Subtask: [2018-06-19 14:21:39,116] {python_operator.py:90} INFO - Done. Returned value was: None
[2018-06-19 15:55:23,704] {cli.py:374} INFO - Running on host PRINHYLTPDL1167
[2018-06-19 15:55:23,749] {models.py:1197} INFO - Dependencies all met for <TaskInstance: hello_world.print_world 2017-06-01 07:00:00 [queued]>
[2018-06-19 15:55:23,786] {models.py:1197} INFO - Dependencies all met for <TaskInstance: hello_world.print_world 2017-06-01 07:00:00 [queued]>
[2018-06-19 15:55:23,787] {models.py:1407} INFO - 
--------------------------------------------------------------------------------
Starting attempt 1 of 2
--------------------------------------------------------------------------------

[2018-06-19 15:55:23,798] {models.py:1428} INFO - Executing <Task(PythonOperator): print_world> on 2017-06-01 07:00:00
[2018-06-19 15:55:23,799] {base_task_runner.py:115} INFO - Running: ['bash', '-c', u'airflow run hello_world print_world 2017-06-01T07:00:00 --job_id 30 --raw -sd DAGS_FOLDER/helloWorld.py']
[2018-06-19 15:55:24,027] {base_task_runner.py:98} INFO - Subtask: /usr/local/lib/python2.7/dist-packages/psycopg2/__init__.py:144: UserWarning: The psycopg2 wheel package will be renamed from release 2.8; in order to keep installing from binary please use "pip install psycopg2-binary" instead. For details see: <http://initd.org/psycopg/docs/install.html#binary-install-from-pypi>.
[2018-06-19 15:55:24,028] {base_task_runner.py:98} INFO - Subtask:   """)
[2018-06-19 15:55:24,059] {base_task_runner.py:98} INFO - Subtask: [2018-06-19 15:55:24,058] {driver.py:120} INFO - Generating grammar tables from /usr/lib/python2.7/lib2to3/Grammar.txt
[2018-06-19 15:55:24,078] {base_task_runner.py:98} INFO - Subtask: [2018-06-19 15:55:24,077] {driver.py:120} INFO - Generating grammar tables from /usr/lib/python2.7/lib2to3/PatternGrammar.txt
[2018-06-19 15:55:24,181] {base_task_runner.py:98} INFO - Subtask: [2018-06-19 15:55:24,181] {__init__.py:45} INFO - Using executor SequentialExecutor
[2018-06-19 15:55:24,219] {base_task_runner.py:98} INFO - Subtask: [2018-06-19 15:55:24,219] {models.py:189} INFO - Filling up the DagBag from /home/charanjiths/airflow/dags/helloWorld.py
[2018-06-19 15:55:24,323] {base_task_runner.py:98} INFO - Subtask: [2018-06-19 15:55:24,323] {python_operator.py:90} INFO - Done. Returned value was: None
