[2018-06-19 14:18:09,215] {cli.py:374} INFO - Running on host PRINHYLTPDL1167
[2018-06-19 14:18:09,286] {models.py:1197} INFO - Dependencies all met for <TaskInstance: hello_world.print_hello 2017-06-01 01:00:00 [queued]>
[2018-06-19 14:18:09,304] {models.py:1197} INFO - Dependencies all met for <TaskInstance: hello_world.print_hello 2017-06-01 01:00:00 [queued]>
[2018-06-19 14:18:09,305] {models.py:1407} INFO - 
--------------------------------------------------------------------------------
Starting attempt 1 of 2
--------------------------------------------------------------------------------

[2018-06-19 14:18:09,349] {models.py:1428} INFO - Executing <Task(BashOperator): print_hello> on 2017-06-01 01:00:00
[2018-06-19 14:18:09,349] {base_task_runner.py:115} INFO - Running: ['bash', '-c', u'airflow run hello_world print_hello 2017-06-01T01:00:00 --job_id 3 --raw -sd DAGS_FOLDER/helloWorld.py']
[2018-06-19 14:18:09,650] {base_task_runner.py:98} INFO - Subtask: /usr/local/lib/python2.7/dist-packages/psycopg2/__init__.py:144: UserWarning: The psycopg2 wheel package will be renamed from release 2.8; in order to keep installing from binary please use "pip install psycopg2-binary" instead. For details see: <http://initd.org/psycopg/docs/install.html#binary-install-from-pypi>.
[2018-06-19 14:18:09,651] {base_task_runner.py:98} INFO - Subtask:   """)
[2018-06-19 14:18:09,689] {base_task_runner.py:98} INFO - Subtask: [2018-06-19 14:18:09,689] {driver.py:120} INFO - Generating grammar tables from /usr/lib/python2.7/lib2to3/Grammar.txt
[2018-06-19 14:18:09,716] {base_task_runner.py:98} INFO - Subtask: [2018-06-19 14:18:09,715] {driver.py:120} INFO - Generating grammar tables from /usr/lib/python2.7/lib2to3/PatternGrammar.txt
[2018-06-19 14:18:09,839] {base_task_runner.py:98} INFO - Subtask: [2018-06-19 14:18:09,839] {__init__.py:45} INFO - Using executor SequentialExecutor
[2018-06-19 14:18:09,885] {base_task_runner.py:98} INFO - Subtask: [2018-06-19 14:18:09,885] {models.py:189} INFO - Filling up the DagBag from /home/charanjiths/airflow/dags/helloWorld.py
[2018-06-19 14:18:10,028] {base_task_runner.py:98} INFO - Subtask: [2018-06-19 14:18:10,028] {bash_operator.py:70} INFO - Tmp dir root location: 
[2018-06-19 14:18:10,029] {base_task_runner.py:98} INFO - Subtask:  /tmp
[2018-06-19 14:18:10,031] {base_task_runner.py:98} INFO - Subtask: [2018-06-19 14:18:10,030] {bash_operator.py:80} INFO - Temporary script location: /tmp/airflowtmp54WkS5//tmp/airflowtmp54WkS5/print_hellokAnfww
[2018-06-19 14:18:10,031] {base_task_runner.py:98} INFO - Subtask: [2018-06-19 14:18:10,030] {bash_operator.py:88} INFO - Running command: echo "hello"
[2018-06-19 14:18:10,033] {base_task_runner.py:98} INFO - Subtask: [2018-06-19 14:18:10,033] {bash_operator.py:97} INFO - Output:
[2018-06-19 14:18:10,036] {base_task_runner.py:98} INFO - Subtask: [2018-06-19 14:18:10,036] {bash_operator.py:101} INFO - hello
[2018-06-19 14:18:10,037] {base_task_runner.py:98} INFO - Subtask: [2018-06-19 14:18:10,037] {bash_operator.py:105} INFO - Command exited with return code 0
[2018-06-19 15:51:54,123] {cli.py:374} INFO - Running on host PRINHYLTPDL1167
[2018-06-19 15:51:54,171] {models.py:1197} INFO - Dependencies all met for <TaskInstance: hello_world.print_hello 2017-06-01 01:00:00 [queued]>
[2018-06-19 15:51:54,187] {models.py:1197} INFO - Dependencies all met for <TaskInstance: hello_world.print_hello 2017-06-01 01:00:00 [queued]>
[2018-06-19 15:51:54,187] {models.py:1407} INFO - 
--------------------------------------------------------------------------------
Starting attempt 1 of 2
--------------------------------------------------------------------------------

[2018-06-19 15:51:54,221] {models.py:1428} INFO - Executing <Task(BashOperator): print_hello> on 2017-06-01 01:00:00
[2018-06-19 15:51:54,223] {base_task_runner.py:115} INFO - Running: ['bash', '-c', u'airflow run hello_world print_hello 2017-06-01T01:00:00 --job_id 4 --raw -sd DAGS_FOLDER/helloWorld.py']
[2018-06-19 15:51:54,461] {base_task_runner.py:98} INFO - Subtask: /usr/local/lib/python2.7/dist-packages/psycopg2/__init__.py:144: UserWarning: The psycopg2 wheel package will be renamed from release 2.8; in order to keep installing from binary please use "pip install psycopg2-binary" instead. For details see: <http://initd.org/psycopg/docs/install.html#binary-install-from-pypi>.
[2018-06-19 15:51:54,462] {base_task_runner.py:98} INFO - Subtask:   """)
[2018-06-19 15:51:54,492] {base_task_runner.py:98} INFO - Subtask: [2018-06-19 15:51:54,492] {driver.py:120} INFO - Generating grammar tables from /usr/lib/python2.7/lib2to3/Grammar.txt
[2018-06-19 15:51:54,511] {base_task_runner.py:98} INFO - Subtask: [2018-06-19 15:51:54,511] {driver.py:120} INFO - Generating grammar tables from /usr/lib/python2.7/lib2to3/PatternGrammar.txt
[2018-06-19 15:51:54,614] {base_task_runner.py:98} INFO - Subtask: [2018-06-19 15:51:54,614] {__init__.py:45} INFO - Using executor SequentialExecutor
[2018-06-19 15:51:54,651] {base_task_runner.py:98} INFO - Subtask: [2018-06-19 15:51:54,651] {models.py:189} INFO - Filling up the DagBag from /home/charanjiths/airflow/dags/helloWorld.py
[2018-06-19 15:51:54,758] {base_task_runner.py:98} INFO - Subtask: [2018-06-19 15:51:54,758] {bash_operator.py:70} INFO - Tmp dir root location: 
[2018-06-19 15:51:54,759] {base_task_runner.py:98} INFO - Subtask:  /tmp
[2018-06-19 15:51:54,760] {base_task_runner.py:98} INFO - Subtask: [2018-06-19 15:51:54,760] {bash_operator.py:80} INFO - Temporary script location: /tmp/airflowtmpCT5Bnd//tmp/airflowtmpCT5Bnd/print_helloB4M_tk
[2018-06-19 15:51:54,760] {base_task_runner.py:98} INFO - Subtask: [2018-06-19 15:51:54,760] {bash_operator.py:88} INFO - Running command: echo "hello"
[2018-06-19 15:51:54,763] {base_task_runner.py:98} INFO - Subtask: [2018-06-19 15:51:54,763] {bash_operator.py:97} INFO - Output:
[2018-06-19 15:51:54,765] {base_task_runner.py:98} INFO - Subtask: [2018-06-19 15:51:54,765] {bash_operator.py:101} INFO - hello
[2018-06-19 15:51:54,766] {base_task_runner.py:98} INFO - Subtask: [2018-06-19 15:51:54,766] {bash_operator.py:105} INFO - Command exited with return code 0
