[2018-06-19 14:20:32,085] {cli.py:374} INFO - Running on host PRINHYLTPDL1167
[2018-06-19 14:20:32,161] {models.py:1197} INFO - Dependencies all met for <TaskInstance: hello_world.print_hello 2017-06-01 07:00:00 [queued]>
[2018-06-19 14:20:32,171] {models.py:1197} INFO - Dependencies all met for <TaskInstance: hello_world.print_hello 2017-06-01 07:00:00 [queued]>
[2018-06-19 14:20:32,171] {models.py:1407} INFO - 
--------------------------------------------------------------------------------
Starting attempt 1 of 2
--------------------------------------------------------------------------------

[2018-06-19 14:20:32,205] {models.py:1428} INFO - Executing <Task(BashOperator): print_hello> on 2017-06-01 07:00:00
[2018-06-19 14:20:32,206] {base_task_runner.py:115} INFO - Running: ['bash', '-c', u'airflow run hello_world print_hello 2017-06-01T07:00:00 --job_id 20 --raw -sd DAGS_FOLDER/helloWorld.py']
[2018-06-19 14:20:32,443] {base_task_runner.py:98} INFO - Subtask: /usr/local/lib/python2.7/dist-packages/psycopg2/__init__.py:144: UserWarning: The psycopg2 wheel package will be renamed from release 2.8; in order to keep installing from binary please use "pip install psycopg2-binary" instead. For details see: <http://initd.org/psycopg/docs/install.html#binary-install-from-pypi>.
[2018-06-19 14:20:32,443] {base_task_runner.py:98} INFO - Subtask:   """)
[2018-06-19 14:20:32,476] {base_task_runner.py:98} INFO - Subtask: [2018-06-19 14:20:32,476] {driver.py:120} INFO - Generating grammar tables from /usr/lib/python2.7/lib2to3/Grammar.txt
[2018-06-19 14:20:32,496] {base_task_runner.py:98} INFO - Subtask: [2018-06-19 14:20:32,495] {driver.py:120} INFO - Generating grammar tables from /usr/lib/python2.7/lib2to3/PatternGrammar.txt
[2018-06-19 14:20:32,602] {base_task_runner.py:98} INFO - Subtask: [2018-06-19 14:20:32,601] {__init__.py:45} INFO - Using executor SequentialExecutor
[2018-06-19 14:20:32,641] {base_task_runner.py:98} INFO - Subtask: [2018-06-19 14:20:32,640] {models.py:189} INFO - Filling up the DagBag from /home/charanjiths/airflow/dags/helloWorld.py
[2018-06-19 14:20:32,747] {base_task_runner.py:98} INFO - Subtask: [2018-06-19 14:20:32,746] {bash_operator.py:70} INFO - Tmp dir root location: 
[2018-06-19 14:20:32,747] {base_task_runner.py:98} INFO - Subtask:  /tmp
[2018-06-19 14:20:32,748] {base_task_runner.py:98} INFO - Subtask: [2018-06-19 14:20:32,747] {bash_operator.py:80} INFO - Temporary script location: /tmp/airflowtmpSWSI3q//tmp/airflowtmpSWSI3q/print_hellojFk0ip
[2018-06-19 14:20:32,748] {base_task_runner.py:98} INFO - Subtask: [2018-06-19 14:20:32,747] {bash_operator.py:88} INFO - Running command: echo "hello"
[2018-06-19 14:20:32,752] {base_task_runner.py:98} INFO - Subtask: [2018-06-19 14:20:32,751] {bash_operator.py:97} INFO - Output:
[2018-06-19 14:20:32,754] {base_task_runner.py:98} INFO - Subtask: [2018-06-19 14:20:32,754] {bash_operator.py:101} INFO - hello
[2018-06-19 14:20:32,755] {base_task_runner.py:98} INFO - Subtask: [2018-06-19 14:20:32,754] {bash_operator.py:105} INFO - Command exited with return code 0
[2018-06-19 15:54:19,204] {cli.py:374} INFO - Running on host PRINHYLTPDL1167
[2018-06-19 15:54:19,280] {models.py:1197} INFO - Dependencies all met for <TaskInstance: hello_world.print_hello 2017-06-01 07:00:00 [queued]>
[2018-06-19 15:54:19,297] {models.py:1197} INFO - Dependencies all met for <TaskInstance: hello_world.print_hello 2017-06-01 07:00:00 [queued]>
[2018-06-19 15:54:19,297] {models.py:1407} INFO - 
--------------------------------------------------------------------------------
Starting attempt 1 of 2
--------------------------------------------------------------------------------

[2018-06-19 15:54:19,351] {models.py:1428} INFO - Executing <Task(BashOperator): print_hello> on 2017-06-01 07:00:00
[2018-06-19 15:54:19,352] {base_task_runner.py:115} INFO - Running: ['bash', '-c', u'airflow run hello_world print_hello 2017-06-01T07:00:00 --job_id 22 --raw -sd DAGS_FOLDER/helloWorld.py']
[2018-06-19 15:54:19,561] {base_task_runner.py:98} INFO - Subtask: /usr/local/lib/python2.7/dist-packages/psycopg2/__init__.py:144: UserWarning: The psycopg2 wheel package will be renamed from release 2.8; in order to keep installing from binary please use "pip install psycopg2-binary" instead. For details see: <http://initd.org/psycopg/docs/install.html#binary-install-from-pypi>.
[2018-06-19 15:54:19,562] {base_task_runner.py:98} INFO - Subtask:   """)
[2018-06-19 15:54:19,592] {base_task_runner.py:98} INFO - Subtask: [2018-06-19 15:54:19,592] {driver.py:120} INFO - Generating grammar tables from /usr/lib/python2.7/lib2to3/Grammar.txt
[2018-06-19 15:54:19,611] {base_task_runner.py:98} INFO - Subtask: [2018-06-19 15:54:19,611] {driver.py:120} INFO - Generating grammar tables from /usr/lib/python2.7/lib2to3/PatternGrammar.txt
[2018-06-19 15:54:19,714] {base_task_runner.py:98} INFO - Subtask: [2018-06-19 15:54:19,714] {__init__.py:45} INFO - Using executor SequentialExecutor
[2018-06-19 15:54:19,751] {base_task_runner.py:98} INFO - Subtask: [2018-06-19 15:54:19,751] {models.py:189} INFO - Filling up the DagBag from /home/charanjiths/airflow/dags/helloWorld.py
[2018-06-19 15:54:19,857] {base_task_runner.py:98} INFO - Subtask: [2018-06-19 15:54:19,857] {bash_operator.py:70} INFO - Tmp dir root location: 
[2018-06-19 15:54:19,857] {base_task_runner.py:98} INFO - Subtask:  /tmp
[2018-06-19 15:54:19,858] {base_task_runner.py:98} INFO - Subtask: [2018-06-19 15:54:19,858] {bash_operator.py:80} INFO - Temporary script location: /tmp/airflowtmpJPos_6//tmp/airflowtmpJPos_6/print_helloWY54hb
[2018-06-19 15:54:19,859] {base_task_runner.py:98} INFO - Subtask: [2018-06-19 15:54:19,858] {bash_operator.py:88} INFO - Running command: echo "hello"
[2018-06-19 15:54:19,862] {base_task_runner.py:98} INFO - Subtask: [2018-06-19 15:54:19,861] {bash_operator.py:97} INFO - Output:
[2018-06-19 15:54:19,863] {base_task_runner.py:98} INFO - Subtask: [2018-06-19 15:54:19,863] {bash_operator.py:101} INFO - hello
[2018-06-19 15:54:19,864] {base_task_runner.py:98} INFO - Subtask: [2018-06-19 15:54:19,864] {bash_operator.py:105} INFO - Command exited with return code 0
