[2018-06-19 16:05:58,451] {cli.py:374} INFO - Running on host PRINHYLTPDL1167
[2018-06-19 16:05:58,496] {models.py:1197} INFO - Dependencies all met for <TaskInstance: hello_world.print_hello 2017-06-02 12:00:00 [queued]>
[2018-06-19 16:05:58,503] {models.py:1197} INFO - Dependencies all met for <TaskInstance: hello_world.print_hello 2017-06-02 12:00:00 [queued]>
[2018-06-19 16:05:58,503] {models.py:1407} INFO - 
--------------------------------------------------------------------------------
Starting attempt 1 of 2
--------------------------------------------------------------------------------

[2018-06-19 16:05:58,537] {models.py:1428} INFO - Executing <Task(BashOperator): print_hello> on 2017-06-02 12:00:00
[2018-06-19 16:05:58,537] {base_task_runner.py:115} INFO - Running: ['bash', '-c', u'airflow run hello_world print_hello 2017-06-02T12:00:00 --job_id 109 --raw -sd DAGS_FOLDER/helloWorld.py']
[2018-06-19 16:05:58,747] {base_task_runner.py:98} INFO - Subtask: /usr/local/lib/python2.7/dist-packages/psycopg2/__init__.py:144: UserWarning: The psycopg2 wheel package will be renamed from release 2.8; in order to keep installing from binary please use "pip install psycopg2-binary" instead. For details see: <http://initd.org/psycopg/docs/install.html#binary-install-from-pypi>.
[2018-06-19 16:05:58,748] {base_task_runner.py:98} INFO - Subtask:   """)
[2018-06-19 16:05:58,778] {base_task_runner.py:98} INFO - Subtask: [2018-06-19 16:05:58,778] {driver.py:120} INFO - Generating grammar tables from /usr/lib/python2.7/lib2to3/Grammar.txt
[2018-06-19 16:05:58,798] {base_task_runner.py:98} INFO - Subtask: [2018-06-19 16:05:58,797] {driver.py:120} INFO - Generating grammar tables from /usr/lib/python2.7/lib2to3/PatternGrammar.txt
[2018-06-19 16:05:58,900] {base_task_runner.py:98} INFO - Subtask: [2018-06-19 16:05:58,900] {__init__.py:45} INFO - Using executor SequentialExecutor
[2018-06-19 16:05:58,937] {base_task_runner.py:98} INFO - Subtask: [2018-06-19 16:05:58,937] {models.py:189} INFO - Filling up the DagBag from /home/charanjiths/airflow/dags/helloWorld.py
[2018-06-19 16:05:59,044] {base_task_runner.py:98} INFO - Subtask: [2018-06-19 16:05:59,044] {bash_operator.py:70} INFO - Tmp dir root location: 
[2018-06-19 16:05:59,044] {base_task_runner.py:98} INFO - Subtask:  /tmp
[2018-06-19 16:05:59,045] {base_task_runner.py:98} INFO - Subtask: [2018-06-19 16:05:59,045] {bash_operator.py:80} INFO - Temporary script location: /tmp/airflowtmpmvvczC//tmp/airflowtmpmvvczC/print_helloRe2bWw
[2018-06-19 16:05:59,045] {base_task_runner.py:98} INFO - Subtask: [2018-06-19 16:05:59,045] {bash_operator.py:88} INFO - Running command: echo "hello"
[2018-06-19 16:05:59,048] {base_task_runner.py:98} INFO - Subtask: [2018-06-19 16:05:59,048] {bash_operator.py:97} INFO - Output:
[2018-06-19 16:05:59,050] {base_task_runner.py:98} INFO - Subtask: [2018-06-19 16:05:59,050] {bash_operator.py:101} INFO - hello
[2018-06-19 16:05:59,051] {base_task_runner.py:98} INFO - Subtask: [2018-06-19 16:05:59,050] {bash_operator.py:105} INFO - Command exited with return code 0
