[2018-06-19 16:09:16,825] {cli.py:374} INFO - Running on host PRINHYLTPDL1167
[2018-06-19 16:09:16,871] {models.py:1197} INFO - Dependencies all met for <TaskInstance: hello_world.sleep 2017-06-02 19:00:00 [queued]>
[2018-06-19 16:09:16,975] {models.py:1197} INFO - Dependencies all met for <TaskInstance: hello_world.sleep 2017-06-02 19:00:00 [queued]>
[2018-06-19 16:09:16,975] {models.py:1407} INFO - 
--------------------------------------------------------------------------------
Starting attempt 1 of 2
--------------------------------------------------------------------------------

[2018-06-19 16:09:17,008] {models.py:1428} INFO - Executing <Task(BashOperator): sleep> on 2017-06-02 19:00:00
[2018-06-19 16:09:17,008] {base_task_runner.py:115} INFO - Running: ['bash', '-c', u'airflow run hello_world sleep 2017-06-02T19:00:00 --job_id 134 --raw -sd DAGS_FOLDER/helloWorld.py']
[2018-06-19 16:09:17,219] {base_task_runner.py:98} INFO - Subtask: /usr/local/lib/python2.7/dist-packages/psycopg2/__init__.py:144: UserWarning: The psycopg2 wheel package will be renamed from release 2.8; in order to keep installing from binary please use "pip install psycopg2-binary" instead. For details see: <http://initd.org/psycopg/docs/install.html#binary-install-from-pypi>.
[2018-06-19 16:09:17,220] {base_task_runner.py:98} INFO - Subtask:   """)
[2018-06-19 16:09:17,250] {base_task_runner.py:98} INFO - Subtask: [2018-06-19 16:09:17,250] {driver.py:120} INFO - Generating grammar tables from /usr/lib/python2.7/lib2to3/Grammar.txt
[2018-06-19 16:09:17,269] {base_task_runner.py:98} INFO - Subtask: [2018-06-19 16:09:17,269] {driver.py:120} INFO - Generating grammar tables from /usr/lib/python2.7/lib2to3/PatternGrammar.txt
[2018-06-19 16:09:17,372] {base_task_runner.py:98} INFO - Subtask: [2018-06-19 16:09:17,372] {__init__.py:45} INFO - Using executor SequentialExecutor
[2018-06-19 16:09:17,410] {base_task_runner.py:98} INFO - Subtask: [2018-06-19 16:09:17,409] {models.py:189} INFO - Filling up the DagBag from /home/charanjiths/airflow/dags/helloWorld.py
[2018-06-19 16:09:17,519] {base_task_runner.py:98} INFO - Subtask: [2018-06-19 16:09:17,519] {bash_operator.py:70} INFO - Tmp dir root location: 
[2018-06-19 16:09:17,519] {base_task_runner.py:98} INFO - Subtask:  /tmp
[2018-06-19 16:09:17,520] {base_task_runner.py:98} INFO - Subtask: [2018-06-19 16:09:17,520] {bash_operator.py:80} INFO - Temporary script location: /tmp/airflowtmpdFcq_D//tmp/airflowtmpdFcq_D/sleepfV6kpG
[2018-06-19 16:09:17,520] {base_task_runner.py:98} INFO - Subtask: [2018-06-19 16:09:17,520] {bash_operator.py:88} INFO - Running command: sleep 5
[2018-06-19 16:09:17,523] {base_task_runner.py:98} INFO - Subtask: [2018-06-19 16:09:17,523] {bash_operator.py:97} INFO - Output:
[2018-06-19 16:09:22,532] {base_task_runner.py:98} INFO - Subtask: [2018-06-19 16:09:22,531] {bash_operator.py:105} INFO - Command exited with return code 0
