[2018-06-19 14:23:49,903] {cli.py:374} INFO - Running on host PRINHYLTPDL1167
[2018-06-19 14:23:50,062] {models.py:1197} INFO - Dependencies all met for <TaskInstance: hello_world.print_hello 2017-06-01 15:00:00 [queued]>
[2018-06-19 14:23:50,076] {models.py:1197} INFO - Dependencies all met for <TaskInstance: hello_world.print_hello 2017-06-01 15:00:00 [queued]>
[2018-06-19 14:23:50,077] {models.py:1407} INFO - 
--------------------------------------------------------------------------------
Starting attempt 1 of 2
--------------------------------------------------------------------------------

[2018-06-19 14:23:50,110] {models.py:1428} INFO - Executing <Task(BashOperator): print_hello> on 2017-06-01 15:00:00
[2018-06-19 14:23:50,110] {base_task_runner.py:115} INFO - Running: ['bash', '-c', u'airflow run hello_world print_hello 2017-06-01T15:00:00 --job_id 44 --raw -sd DAGS_FOLDER/helloWorld.py']
[2018-06-19 14:23:50,327] {base_task_runner.py:98} INFO - Subtask: /usr/local/lib/python2.7/dist-packages/psycopg2/__init__.py:144: UserWarning: The psycopg2 wheel package will be renamed from release 2.8; in order to keep installing from binary please use "pip install psycopg2-binary" instead. For details see: <http://initd.org/psycopg/docs/install.html#binary-install-from-pypi>.
[2018-06-19 14:23:50,327] {base_task_runner.py:98} INFO - Subtask:   """)
[2018-06-19 14:23:50,359] {base_task_runner.py:98} INFO - Subtask: [2018-06-19 14:23:50,359] {driver.py:120} INFO - Generating grammar tables from /usr/lib/python2.7/lib2to3/Grammar.txt
[2018-06-19 14:23:50,379] {base_task_runner.py:98} INFO - Subtask: [2018-06-19 14:23:50,379] {driver.py:120} INFO - Generating grammar tables from /usr/lib/python2.7/lib2to3/PatternGrammar.txt
[2018-06-19 14:23:50,486] {base_task_runner.py:98} INFO - Subtask: [2018-06-19 14:23:50,485] {__init__.py:45} INFO - Using executor SequentialExecutor
[2018-06-19 14:23:50,525] {base_task_runner.py:98} INFO - Subtask: [2018-06-19 14:23:50,524] {models.py:189} INFO - Filling up the DagBag from /home/charanjiths/airflow/dags/helloWorld.py
[2018-06-19 14:23:50,629] {base_task_runner.py:98} INFO - Subtask: [2018-06-19 14:23:50,629] {bash_operator.py:70} INFO - Tmp dir root location: 
[2018-06-19 14:23:50,630] {base_task_runner.py:98} INFO - Subtask:  /tmp
[2018-06-19 14:23:50,630] {base_task_runner.py:98} INFO - Subtask: [2018-06-19 14:23:50,630] {bash_operator.py:80} INFO - Temporary script location: /tmp/airflowtmpIavWoJ//tmp/airflowtmpIavWoJ/print_helloEdeOda
[2018-06-19 14:23:50,630] {base_task_runner.py:98} INFO - Subtask: [2018-06-19 14:23:50,630] {bash_operator.py:88} INFO - Running command: echo "hello"
[2018-06-19 14:23:50,634] {base_task_runner.py:98} INFO - Subtask: [2018-06-19 14:23:50,634] {bash_operator.py:97} INFO - Output:
[2018-06-19 14:23:50,636] {base_task_runner.py:98} INFO - Subtask: [2018-06-19 14:23:50,635] {bash_operator.py:101} INFO - hello
[2018-06-19 14:23:50,637] {base_task_runner.py:98} INFO - Subtask: [2018-06-19 14:23:50,636] {bash_operator.py:105} INFO - Command exited with return code 0
[2018-06-19 15:57:32,033] {cli.py:374} INFO - Running on host PRINHYLTPDL1167
[2018-06-19 15:57:32,084] {models.py:1197} INFO - Dependencies all met for <TaskInstance: hello_world.print_hello 2017-06-01 15:00:00 [queued]>
[2018-06-19 15:57:32,092] {models.py:1197} INFO - Dependencies all met for <TaskInstance: hello_world.print_hello 2017-06-01 15:00:00 [queued]>
[2018-06-19 15:57:32,092] {models.py:1407} INFO - 
--------------------------------------------------------------------------------
Starting attempt 1 of 2
--------------------------------------------------------------------------------

[2018-06-19 15:57:32,125] {models.py:1428} INFO - Executing <Task(BashOperator): print_hello> on 2017-06-01 15:00:00
[2018-06-19 15:57:32,126] {base_task_runner.py:115} INFO - Running: ['bash', '-c', u'airflow run hello_world print_hello 2017-06-01T15:00:00 --job_id 46 --raw -sd DAGS_FOLDER/helloWorld.py']
[2018-06-19 15:57:32,339] {base_task_runner.py:98} INFO - Subtask: /usr/local/lib/python2.7/dist-packages/psycopg2/__init__.py:144: UserWarning: The psycopg2 wheel package will be renamed from release 2.8; in order to keep installing from binary please use "pip install psycopg2-binary" instead. For details see: <http://initd.org/psycopg/docs/install.html#binary-install-from-pypi>.
[2018-06-19 15:57:32,339] {base_task_runner.py:98} INFO - Subtask:   """)
[2018-06-19 15:57:32,370] {base_task_runner.py:98} INFO - Subtask: [2018-06-19 15:57:32,369] {driver.py:120} INFO - Generating grammar tables from /usr/lib/python2.7/lib2to3/Grammar.txt
[2018-06-19 15:57:32,389] {base_task_runner.py:98} INFO - Subtask: [2018-06-19 15:57:32,388] {driver.py:120} INFO - Generating grammar tables from /usr/lib/python2.7/lib2to3/PatternGrammar.txt
[2018-06-19 15:57:32,492] {base_task_runner.py:98} INFO - Subtask: [2018-06-19 15:57:32,492] {__init__.py:45} INFO - Using executor SequentialExecutor
[2018-06-19 15:57:32,530] {base_task_runner.py:98} INFO - Subtask: [2018-06-19 15:57:32,529] {models.py:189} INFO - Filling up the DagBag from /home/charanjiths/airflow/dags/helloWorld.py
[2018-06-19 15:57:32,636] {base_task_runner.py:98} INFO - Subtask: [2018-06-19 15:57:32,636] {bash_operator.py:70} INFO - Tmp dir root location: 
[2018-06-19 15:57:32,637] {base_task_runner.py:98} INFO - Subtask:  /tmp
[2018-06-19 15:57:32,638] {base_task_runner.py:98} INFO - Subtask: [2018-06-19 15:57:32,637] {bash_operator.py:80} INFO - Temporary script location: /tmp/airflowtmpsmD1WR//tmp/airflowtmpsmD1WR/print_helloG_BKtw
[2018-06-19 15:57:32,638] {base_task_runner.py:98} INFO - Subtask: [2018-06-19 15:57:32,637] {bash_operator.py:88} INFO - Running command: echo "hello"
[2018-06-19 15:57:32,641] {base_task_runner.py:98} INFO - Subtask: [2018-06-19 15:57:32,640] {bash_operator.py:97} INFO - Output:
[2018-06-19 15:57:32,642] {base_task_runner.py:98} INFO - Subtask: [2018-06-19 15:57:32,642] {bash_operator.py:101} INFO - hello
[2018-06-19 15:57:32,643] {base_task_runner.py:98} INFO - Subtask: [2018-06-19 15:57:32,643] {bash_operator.py:105} INFO - Command exited with return code 0
