[2018-06-19 14:24:45,109] {cli.py:374} INFO - Running on host PRINHYLTPDL1167
[2018-06-19 14:24:45,285] {models.py:1197} INFO - Dependencies all met for <TaskInstance: hello_world.sleep 2017-06-01 16:00:00 [queued]>
[2018-06-19 14:24:45,334] {models.py:1197} INFO - Dependencies all met for <TaskInstance: hello_world.sleep 2017-06-01 16:00:00 [queued]>
[2018-06-19 14:24:45,335] {models.py:1407} INFO - 
--------------------------------------------------------------------------------
Starting attempt 1 of 2
--------------------------------------------------------------------------------

[2018-06-19 14:24:45,347] {models.py:1428} INFO - Executing <Task(BashOperator): sleep> on 2017-06-01 16:00:00
[2018-06-19 14:24:45,348] {base_task_runner.py:115} INFO - Running: ['bash', '-c', u'airflow run hello_world sleep 2017-06-01T16:00:00 --job_id 51 --raw -sd DAGS_FOLDER/helloWorld.py']
[2018-06-19 14:24:45,568] {base_task_runner.py:98} INFO - Subtask: /usr/local/lib/python2.7/dist-packages/psycopg2/__init__.py:144: UserWarning: The psycopg2 wheel package will be renamed from release 2.8; in order to keep installing from binary please use "pip install psycopg2-binary" instead. For details see: <http://initd.org/psycopg/docs/install.html#binary-install-from-pypi>.
[2018-06-19 14:24:45,568] {base_task_runner.py:98} INFO - Subtask:   """)
[2018-06-19 14:24:45,601] {base_task_runner.py:98} INFO - Subtask: [2018-06-19 14:24:45,601] {driver.py:120} INFO - Generating grammar tables from /usr/lib/python2.7/lib2to3/Grammar.txt
[2018-06-19 14:24:45,621] {base_task_runner.py:98} INFO - Subtask: [2018-06-19 14:24:45,620] {driver.py:120} INFO - Generating grammar tables from /usr/lib/python2.7/lib2to3/PatternGrammar.txt
[2018-06-19 14:24:45,726] {base_task_runner.py:98} INFO - Subtask: [2018-06-19 14:24:45,725] {__init__.py:45} INFO - Using executor SequentialExecutor
[2018-06-19 14:24:45,764] {base_task_runner.py:98} INFO - Subtask: [2018-06-19 14:24:45,764] {models.py:189} INFO - Filling up the DagBag from /home/charanjiths/airflow/dags/helloWorld.py
[2018-06-19 14:24:45,870] {base_task_runner.py:98} INFO - Subtask: [2018-06-19 14:24:45,870] {bash_operator.py:70} INFO - Tmp dir root location: 
[2018-06-19 14:24:45,870] {base_task_runner.py:98} INFO - Subtask:  /tmp
[2018-06-19 14:24:45,871] {base_task_runner.py:98} INFO - Subtask: [2018-06-19 14:24:45,871] {bash_operator.py:80} INFO - Temporary script location: /tmp/airflowtmpfVgT00//tmp/airflowtmpfVgT00/sleepWElB7C
[2018-06-19 14:24:45,871] {base_task_runner.py:98} INFO - Subtask: [2018-06-19 14:24:45,871] {bash_operator.py:88} INFO - Running command: sleep 5
[2018-06-19 14:24:45,875] {base_task_runner.py:98} INFO - Subtask: [2018-06-19 14:24:45,875] {bash_operator.py:97} INFO - Output:
[2018-06-19 14:24:50,886] {base_task_runner.py:98} INFO - Subtask: [2018-06-19 14:24:50,884] {bash_operator.py:105} INFO - Command exited with return code 0
[2018-06-19 15:58:25,835] {cli.py:374} INFO - Running on host PRINHYLTPDL1167
[2018-06-19 15:58:25,887] {models.py:1197} INFO - Dependencies all met for <TaskInstance: hello_world.sleep 2017-06-01 16:00:00 [queued]>
[2018-06-19 15:58:25,922] {models.py:1197} INFO - Dependencies all met for <TaskInstance: hello_world.sleep 2017-06-01 16:00:00 [queued]>
[2018-06-19 15:58:25,923] {models.py:1407} INFO - 
--------------------------------------------------------------------------------
Starting attempt 1 of 2
--------------------------------------------------------------------------------

[2018-06-19 15:58:25,934] {models.py:1428} INFO - Executing <Task(BashOperator): sleep> on 2017-06-01 16:00:00
[2018-06-19 15:58:25,934] {base_task_runner.py:115} INFO - Running: ['bash', '-c', u'airflow run hello_world sleep 2017-06-01T16:00:00 --job_id 53 --raw -sd DAGS_FOLDER/helloWorld.py']
[2018-06-19 15:58:26,150] {base_task_runner.py:98} INFO - Subtask: /usr/local/lib/python2.7/dist-packages/psycopg2/__init__.py:144: UserWarning: The psycopg2 wheel package will be renamed from release 2.8; in order to keep installing from binary please use "pip install psycopg2-binary" instead. For details see: <http://initd.org/psycopg/docs/install.html#binary-install-from-pypi>.
[2018-06-19 15:58:26,150] {base_task_runner.py:98} INFO - Subtask:   """)
[2018-06-19 15:58:26,181] {base_task_runner.py:98} INFO - Subtask: [2018-06-19 15:58:26,181] {driver.py:120} INFO - Generating grammar tables from /usr/lib/python2.7/lib2to3/Grammar.txt
[2018-06-19 15:58:26,200] {base_task_runner.py:98} INFO - Subtask: [2018-06-19 15:58:26,200] {driver.py:120} INFO - Generating grammar tables from /usr/lib/python2.7/lib2to3/PatternGrammar.txt
[2018-06-19 15:58:26,304] {base_task_runner.py:98} INFO - Subtask: [2018-06-19 15:58:26,304] {__init__.py:45} INFO - Using executor SequentialExecutor
[2018-06-19 15:58:26,342] {base_task_runner.py:98} INFO - Subtask: [2018-06-19 15:58:26,341] {models.py:189} INFO - Filling up the DagBag from /home/charanjiths/airflow/dags/helloWorld.py
[2018-06-19 15:58:26,444] {base_task_runner.py:98} INFO - Subtask: [2018-06-19 15:58:26,444] {bash_operator.py:70} INFO - Tmp dir root location: 
[2018-06-19 15:58:26,445] {base_task_runner.py:98} INFO - Subtask:  /tmp
[2018-06-19 15:58:26,445] {base_task_runner.py:98} INFO - Subtask: [2018-06-19 15:58:26,445] {bash_operator.py:80} INFO - Temporary script location: /tmp/airflowtmp24Leur//tmp/airflowtmp24Leur/sleeptKIP6n
[2018-06-19 15:58:26,446] {base_task_runner.py:98} INFO - Subtask: [2018-06-19 15:58:26,445] {bash_operator.py:88} INFO - Running command: sleep 5
[2018-06-19 15:58:26,448] {base_task_runner.py:98} INFO - Subtask: [2018-06-19 15:58:26,448] {bash_operator.py:97} INFO - Output:
[2018-06-19 15:58:31,457] {base_task_runner.py:98} INFO - Subtask: [2018-06-19 15:58:31,456] {bash_operator.py:105} INFO - Command exited with return code 0
