[2018-06-19 14:23:25,281] {cli.py:374} INFO - Running on host PRINHYLTPDL1167
[2018-06-19 14:23:25,463] {models.py:1197} INFO - Dependencies all met for <TaskInstance: hello_world.print_hello 2017-06-01 14:00:00 [queued]>
[2018-06-19 14:23:25,480] {models.py:1197} INFO - Dependencies all met for <TaskInstance: hello_world.print_hello 2017-06-01 14:00:00 [queued]>
[2018-06-19 14:23:25,480] {models.py:1407} INFO - 
--------------------------------------------------------------------------------
Starting attempt 1 of 2
--------------------------------------------------------------------------------

[2018-06-19 14:23:25,513] {models.py:1428} INFO - Executing <Task(BashOperator): print_hello> on 2017-06-01 14:00:00
[2018-06-19 14:23:25,513] {base_task_runner.py:115} INFO - Running: ['bash', '-c', u'airflow run hello_world print_hello 2017-06-01T14:00:00 --job_id 41 --raw -sd DAGS_FOLDER/helloWorld.py']
[2018-06-19 14:23:25,766] {base_task_runner.py:98} INFO - Subtask: /usr/local/lib/python2.7/dist-packages/psycopg2/__init__.py:144: UserWarning: The psycopg2 wheel package will be renamed from release 2.8; in order to keep installing from binary please use "pip install psycopg2-binary" instead. For details see: <http://initd.org/psycopg/docs/install.html#binary-install-from-pypi>.
[2018-06-19 14:23:25,766] {base_task_runner.py:98} INFO - Subtask:   """)
[2018-06-19 14:23:25,802] {base_task_runner.py:98} INFO - Subtask: [2018-06-19 14:23:25,802] {driver.py:120} INFO - Generating grammar tables from /usr/lib/python2.7/lib2to3/Grammar.txt
[2018-06-19 14:23:25,827] {base_task_runner.py:98} INFO - Subtask: [2018-06-19 14:23:25,826] {driver.py:120} INFO - Generating grammar tables from /usr/lib/python2.7/lib2to3/PatternGrammar.txt
[2018-06-19 14:23:25,952] {base_task_runner.py:98} INFO - Subtask: [2018-06-19 14:23:25,951] {__init__.py:45} INFO - Using executor SequentialExecutor
[2018-06-19 14:23:25,999] {base_task_runner.py:98} INFO - Subtask: [2018-06-19 14:23:25,999] {models.py:189} INFO - Filling up the DagBag from /home/charanjiths/airflow/dags/helloWorld.py
[2018-06-19 14:23:26,147] {base_task_runner.py:98} INFO - Subtask: [2018-06-19 14:23:26,144] {bash_operator.py:70} INFO - Tmp dir root location: 
[2018-06-19 14:23:26,149] {base_task_runner.py:98} INFO - Subtask:  /tmp
[2018-06-19 14:23:26,150] {base_task_runner.py:98} INFO - Subtask: [2018-06-19 14:23:26,145] {bash_operator.py:80} INFO - Temporary script location: /tmp/airflowtmpUlMgAD//tmp/airflowtmpUlMgAD/print_hello1to7AP
[2018-06-19 14:23:26,150] {base_task_runner.py:98} INFO - Subtask: [2018-06-19 14:23:26,145] {bash_operator.py:88} INFO - Running command: echo "hello"
[2018-06-19 14:23:26,151] {base_task_runner.py:98} INFO - Subtask: [2018-06-19 14:23:26,151] {bash_operator.py:97} INFO - Output:
[2018-06-19 14:23:26,154] {base_task_runner.py:98} INFO - Subtask: [2018-06-19 14:23:26,153] {bash_operator.py:101} INFO - hello
[2018-06-19 14:23:26,155] {base_task_runner.py:98} INFO - Subtask: [2018-06-19 14:23:26,154] {bash_operator.py:105} INFO - Command exited with return code 0
[2018-06-19 15:57:07,858] {cli.py:374} INFO - Running on host PRINHYLTPDL1167
[2018-06-19 15:57:07,915] {models.py:1197} INFO - Dependencies all met for <TaskInstance: hello_world.print_hello 2017-06-01 14:00:00 [queued]>
[2018-06-19 15:57:07,927] {models.py:1197} INFO - Dependencies all met for <TaskInstance: hello_world.print_hello 2017-06-01 14:00:00 [queued]>
[2018-06-19 15:57:07,927] {models.py:1407} INFO - 
--------------------------------------------------------------------------------
Starting attempt 1 of 2
--------------------------------------------------------------------------------

[2018-06-19 15:57:07,961] {models.py:1428} INFO - Executing <Task(BashOperator): print_hello> on 2017-06-01 14:00:00
[2018-06-19 15:57:07,961] {base_task_runner.py:115} INFO - Running: ['bash', '-c', u'airflow run hello_world print_hello 2017-06-01T14:00:00 --job_id 43 --raw -sd DAGS_FOLDER/helloWorld.py']
[2018-06-19 15:57:08,174] {base_task_runner.py:98} INFO - Subtask: /usr/local/lib/python2.7/dist-packages/psycopg2/__init__.py:144: UserWarning: The psycopg2 wheel package will be renamed from release 2.8; in order to keep installing from binary please use "pip install psycopg2-binary" instead. For details see: <http://initd.org/psycopg/docs/install.html#binary-install-from-pypi>.
[2018-06-19 15:57:08,175] {base_task_runner.py:98} INFO - Subtask:   """)
[2018-06-19 15:57:08,205] {base_task_runner.py:98} INFO - Subtask: [2018-06-19 15:57:08,205] {driver.py:120} INFO - Generating grammar tables from /usr/lib/python2.7/lib2to3/Grammar.txt
[2018-06-19 15:57:08,224] {base_task_runner.py:98} INFO - Subtask: [2018-06-19 15:57:08,224] {driver.py:120} INFO - Generating grammar tables from /usr/lib/python2.7/lib2to3/PatternGrammar.txt
[2018-06-19 15:57:08,327] {base_task_runner.py:98} INFO - Subtask: [2018-06-19 15:57:08,327] {__init__.py:45} INFO - Using executor SequentialExecutor
[2018-06-19 15:57:08,365] {base_task_runner.py:98} INFO - Subtask: [2018-06-19 15:57:08,364] {models.py:189} INFO - Filling up the DagBag from /home/charanjiths/airflow/dags/helloWorld.py
[2018-06-19 15:57:08,472] {base_task_runner.py:98} INFO - Subtask: [2018-06-19 15:57:08,472] {bash_operator.py:70} INFO - Tmp dir root location: 
[2018-06-19 15:57:08,472] {base_task_runner.py:98} INFO - Subtask:  /tmp
[2018-06-19 15:57:08,473] {base_task_runner.py:98} INFO - Subtask: [2018-06-19 15:57:08,473] {bash_operator.py:80} INFO - Temporary script location: /tmp/airflowtmpUuE70c//tmp/airflowtmpUuE70c/print_helloNFcVHv
[2018-06-19 15:57:08,473] {base_task_runner.py:98} INFO - Subtask: [2018-06-19 15:57:08,473] {bash_operator.py:88} INFO - Running command: echo "hello"
[2018-06-19 15:57:08,476] {base_task_runner.py:98} INFO - Subtask: [2018-06-19 15:57:08,475] {bash_operator.py:97} INFO - Output:
[2018-06-19 15:57:08,477] {base_task_runner.py:98} INFO - Subtask: [2018-06-19 15:57:08,477] {bash_operator.py:101} INFO - hello
[2018-06-19 15:57:08,478] {base_task_runner.py:98} INFO - Subtask: [2018-06-19 15:57:08,478] {bash_operator.py:105} INFO - Command exited with return code 0
