[2018-06-19 14:23:06,214] {cli.py:374} INFO - Running on host PRINHYLTPDL1167
[2018-06-19 14:23:06,397] {models.py:1197} INFO - Dependencies all met for <TaskInstance: hello_world.sleep 2017-06-01 12:00:00 [queued]>
[2018-06-19 14:23:06,429] {models.py:1197} INFO - Dependencies all met for <TaskInstance: hello_world.sleep 2017-06-01 12:00:00 [queued]>
[2018-06-19 14:23:06,429] {models.py:1407} INFO - 
--------------------------------------------------------------------------------
Starting attempt 1 of 2
--------------------------------------------------------------------------------

[2018-06-19 14:23:06,475] {models.py:1428} INFO - Executing <Task(BashOperator): sleep> on 2017-06-01 12:00:00
[2018-06-19 14:23:06,477] {base_task_runner.py:115} INFO - Running: ['bash', '-c', u'airflow run hello_world sleep 2017-06-01T12:00:00 --job_id 39 --raw -sd DAGS_FOLDER/helloWorld.py']
[2018-06-19 14:23:06,780] {base_task_runner.py:98} INFO - Subtask: /usr/local/lib/python2.7/dist-packages/psycopg2/__init__.py:144: UserWarning: The psycopg2 wheel package will be renamed from release 2.8; in order to keep installing from binary please use "pip install psycopg2-binary" instead. For details see: <http://initd.org/psycopg/docs/install.html#binary-install-from-pypi>.
[2018-06-19 14:23:06,781] {base_task_runner.py:98} INFO - Subtask:   """)
[2018-06-19 14:23:06,813] {base_task_runner.py:98} INFO - Subtask: [2018-06-19 14:23:06,813] {driver.py:120} INFO - Generating grammar tables from /usr/lib/python2.7/lib2to3/Grammar.txt
[2018-06-19 14:23:06,833] {base_task_runner.py:98} INFO - Subtask: [2018-06-19 14:23:06,832] {driver.py:120} INFO - Generating grammar tables from /usr/lib/python2.7/lib2to3/PatternGrammar.txt
[2018-06-19 14:23:06,937] {base_task_runner.py:98} INFO - Subtask: [2018-06-19 14:23:06,937] {__init__.py:45} INFO - Using executor SequentialExecutor
[2018-06-19 14:23:06,978] {base_task_runner.py:98} INFO - Subtask: [2018-06-19 14:23:06,977] {models.py:189} INFO - Filling up the DagBag from /home/charanjiths/airflow/dags/helloWorld.py
[2018-06-19 14:23:07,086] {base_task_runner.py:98} INFO - Subtask: [2018-06-19 14:23:07,086] {bash_operator.py:70} INFO - Tmp dir root location: 
[2018-06-19 14:23:07,086] {base_task_runner.py:98} INFO - Subtask:  /tmp
[2018-06-19 14:23:07,087] {base_task_runner.py:98} INFO - Subtask: [2018-06-19 14:23:07,087] {bash_operator.py:80} INFO - Temporary script location: /tmp/airflowtmpWEnojV//tmp/airflowtmpWEnojV/sleepY8Khhk
[2018-06-19 14:23:07,088] {base_task_runner.py:98} INFO - Subtask: [2018-06-19 14:23:07,087] {bash_operator.py:88} INFO - Running command: sleep 5
[2018-06-19 14:23:07,091] {base_task_runner.py:98} INFO - Subtask: [2018-06-19 14:23:07,090] {bash_operator.py:97} INFO - Output:
[2018-06-19 14:23:12,096] {base_task_runner.py:98} INFO - Subtask: [2018-06-19 14:23:12,095] {bash_operator.py:105} INFO - Command exited with return code 0
[2018-06-19 15:56:49,460] {cli.py:374} INFO - Running on host PRINHYLTPDL1167
[2018-06-19 15:56:49,566] {models.py:1197} INFO - Dependencies all met for <TaskInstance: hello_world.sleep 2017-06-01 12:00:00 [queued]>
[2018-06-19 15:56:49,603] {models.py:1197} INFO - Dependencies all met for <TaskInstance: hello_world.sleep 2017-06-01 12:00:00 [queued]>
[2018-06-19 15:56:49,603] {models.py:1407} INFO - 
--------------------------------------------------------------------------------
Starting attempt 1 of 2
--------------------------------------------------------------------------------

[2018-06-19 15:56:49,619] {models.py:1428} INFO - Executing <Task(BashOperator): sleep> on 2017-06-01 12:00:00
[2018-06-19 15:56:49,619] {base_task_runner.py:115} INFO - Running: ['bash', '-c', u'airflow run hello_world sleep 2017-06-01T12:00:00 --job_id 41 --raw -sd DAGS_FOLDER/helloWorld.py']
[2018-06-19 15:56:49,834] {base_task_runner.py:98} INFO - Subtask: /usr/local/lib/python2.7/dist-packages/psycopg2/__init__.py:144: UserWarning: The psycopg2 wheel package will be renamed from release 2.8; in order to keep installing from binary please use "pip install psycopg2-binary" instead. For details see: <http://initd.org/psycopg/docs/install.html#binary-install-from-pypi>.
[2018-06-19 15:56:49,835] {base_task_runner.py:98} INFO - Subtask:   """)
[2018-06-19 15:56:49,865] {base_task_runner.py:98} INFO - Subtask: [2018-06-19 15:56:49,865] {driver.py:120} INFO - Generating grammar tables from /usr/lib/python2.7/lib2to3/Grammar.txt
[2018-06-19 15:56:49,885] {base_task_runner.py:98} INFO - Subtask: [2018-06-19 15:56:49,885] {driver.py:120} INFO - Generating grammar tables from /usr/lib/python2.7/lib2to3/PatternGrammar.txt
[2018-06-19 15:56:49,991] {base_task_runner.py:98} INFO - Subtask: [2018-06-19 15:56:49,991] {__init__.py:45} INFO - Using executor SequentialExecutor
[2018-06-19 15:56:50,030] {base_task_runner.py:98} INFO - Subtask: [2018-06-19 15:56:50,029] {models.py:189} INFO - Filling up the DagBag from /home/charanjiths/airflow/dags/helloWorld.py
[2018-06-19 15:56:50,135] {base_task_runner.py:98} INFO - Subtask: [2018-06-19 15:56:50,134] {bash_operator.py:70} INFO - Tmp dir root location: 
[2018-06-19 15:56:50,135] {base_task_runner.py:98} INFO - Subtask:  /tmp
[2018-06-19 15:56:50,136] {base_task_runner.py:98} INFO - Subtask: [2018-06-19 15:56:50,136] {bash_operator.py:80} INFO - Temporary script location: /tmp/airflowtmpBZEWaB//tmp/airflowtmpBZEWaB/sleepHhgWPG
[2018-06-19 15:56:50,136] {base_task_runner.py:98} INFO - Subtask: [2018-06-19 15:56:50,136] {bash_operator.py:88} INFO - Running command: sleep 5
[2018-06-19 15:56:50,139] {base_task_runner.py:98} INFO - Subtask: [2018-06-19 15:56:50,138] {bash_operator.py:97} INFO - Output:
[2018-06-19 15:56:55,148] {base_task_runner.py:98} INFO - Subtask: [2018-06-19 15:56:55,147] {bash_operator.py:105} INFO - Command exited with return code 0
