[2018-06-19 14:20:23,830] {cli.py:374} INFO - Running on host PRINHYLTPDL1167
[2018-06-19 14:20:23,915] {models.py:1197} INFO - Dependencies all met for <TaskInstance: hello_world.print_world 2017-06-01 04:00:00 [queued]>
[2018-06-19 14:20:23,975] {models.py:1197} INFO - Dependencies all met for <TaskInstance: hello_world.print_world 2017-06-01 04:00:00 [queued]>
[2018-06-19 14:20:23,975] {models.py:1407} INFO - 
--------------------------------------------------------------------------------
Starting attempt 1 of 2
--------------------------------------------------------------------------------

[2018-06-19 14:20:24,013] {models.py:1428} INFO - Executing <Task(PythonOperator): print_world> on 2017-06-01 04:00:00
[2018-06-19 14:20:24,013] {base_task_runner.py:115} INFO - Running: ['bash', '-c', u'airflow run hello_world print_world 2017-06-01T04:00:00 --job_id 19 --raw -sd DAGS_FOLDER/helloWorld.py']
[2018-06-19 14:20:24,296] {base_task_runner.py:98} INFO - Subtask: /usr/local/lib/python2.7/dist-packages/psycopg2/__init__.py:144: UserWarning: The psycopg2 wheel package will be renamed from release 2.8; in order to keep installing from binary please use "pip install psycopg2-binary" instead. For details see: <http://initd.org/psycopg/docs/install.html#binary-install-from-pypi>.
[2018-06-19 14:20:24,296] {base_task_runner.py:98} INFO - Subtask:   """)
[2018-06-19 14:20:24,348] {base_task_runner.py:98} INFO - Subtask: [2018-06-19 14:20:24,347] {driver.py:120} INFO - Generating grammar tables from /usr/lib/python2.7/lib2to3/Grammar.txt
[2018-06-19 14:20:24,383] {base_task_runner.py:98} INFO - Subtask: [2018-06-19 14:20:24,383] {driver.py:120} INFO - Generating grammar tables from /usr/lib/python2.7/lib2to3/PatternGrammar.txt
[2018-06-19 14:20:24,507] {base_task_runner.py:98} INFO - Subtask: [2018-06-19 14:20:24,507] {__init__.py:45} INFO - Using executor SequentialExecutor
[2018-06-19 14:20:24,547] {base_task_runner.py:98} INFO - Subtask: [2018-06-19 14:20:24,547] {models.py:189} INFO - Filling up the DagBag from /home/charanjiths/airflow/dags/helloWorld.py
[2018-06-19 14:20:24,655] {base_task_runner.py:98} INFO - Subtask: [2018-06-19 14:20:24,654] {python_operator.py:90} INFO - Done. Returned value was: None
[2018-06-19 15:54:11,409] {cli.py:374} INFO - Running on host PRINHYLTPDL1167
[2018-06-19 15:54:11,506] {models.py:1197} INFO - Dependencies all met for <TaskInstance: hello_world.print_world 2017-06-01 04:00:00 [queued]>
[2018-06-19 15:54:11,535] {models.py:1197} INFO - Dependencies all met for <TaskInstance: hello_world.print_world 2017-06-01 04:00:00 [queued]>
[2018-06-19 15:54:11,535] {models.py:1407} INFO - 
--------------------------------------------------------------------------------
Starting attempt 1 of 2
--------------------------------------------------------------------------------

[2018-06-19 15:54:11,547] {models.py:1428} INFO - Executing <Task(PythonOperator): print_world> on 2017-06-01 04:00:00
[2018-06-19 15:54:11,547] {base_task_runner.py:115} INFO - Running: ['bash', '-c', u'airflow run hello_world print_world 2017-06-01T04:00:00 --job_id 21 --raw -sd DAGS_FOLDER/helloWorld.py']
[2018-06-19 15:54:11,756] {base_task_runner.py:98} INFO - Subtask: /usr/local/lib/python2.7/dist-packages/psycopg2/__init__.py:144: UserWarning: The psycopg2 wheel package will be renamed from release 2.8; in order to keep installing from binary please use "pip install psycopg2-binary" instead. For details see: <http://initd.org/psycopg/docs/install.html#binary-install-from-pypi>.
[2018-06-19 15:54:11,757] {base_task_runner.py:98} INFO - Subtask:   """)
[2018-06-19 15:54:11,788] {base_task_runner.py:98} INFO - Subtask: [2018-06-19 15:54:11,787] {driver.py:120} INFO - Generating grammar tables from /usr/lib/python2.7/lib2to3/Grammar.txt
[2018-06-19 15:54:11,807] {base_task_runner.py:98} INFO - Subtask: [2018-06-19 15:54:11,807] {driver.py:120} INFO - Generating grammar tables from /usr/lib/python2.7/lib2to3/PatternGrammar.txt
[2018-06-19 15:54:11,911] {base_task_runner.py:98} INFO - Subtask: [2018-06-19 15:54:11,910] {__init__.py:45} INFO - Using executor SequentialExecutor
[2018-06-19 15:54:11,948] {base_task_runner.py:98} INFO - Subtask: [2018-06-19 15:54:11,948] {models.py:189} INFO - Filling up the DagBag from /home/charanjiths/airflow/dags/helloWorld.py
[2018-06-19 15:54:12,056] {base_task_runner.py:98} INFO - Subtask: [2018-06-19 15:54:12,055] {python_operator.py:90} INFO - Done. Returned value was: None
