[2018-06-19 11:45:15,704] {cli.py:374} INFO - Running on host PRINHYLTPDL1167
[2018-06-19 11:45:15,850] {models.py:1197} INFO - Dependencies all met for <TaskInstance: tutorial.print_date 2018-06-18 00:00:00 [queued]>
[2018-06-19 11:45:15,867] {models.py:1197} INFO - Dependencies all met for <TaskInstance: tutorial.print_date 2018-06-18 00:00:00 [queued]>
[2018-06-19 11:45:15,868] {models.py:1407} INFO - 
--------------------------------------------------------------------------------
Starting attempt 2 of 3
--------------------------------------------------------------------------------

[2018-06-19 11:45:15,900] {models.py:1428} INFO - Executing <Task(BashOperator): print_date> on 2018-06-18 00:00:00
[2018-06-19 11:45:15,901] {base_task_runner.py:115} INFO - Running: ['bash', '-c', u'airflow run tutorial print_date 2018-06-18T00:00:00 --job_id 9 --raw -sd DAGS_FOLDER/charan.py']
[2018-06-19 11:45:16,122] {base_task_runner.py:98} INFO - Subtask: /usr/local/lib/python2.7/dist-packages/psycopg2/__init__.py:144: UserWarning: The psycopg2 wheel package will be renamed from release 2.8; in order to keep installing from binary please use "pip install psycopg2-binary" instead. For details see: <http://initd.org/psycopg/docs/install.html#binary-install-from-pypi>.
[2018-06-19 11:45:16,122] {base_task_runner.py:98} INFO - Subtask:   """)
[2018-06-19 11:45:16,158] {base_task_runner.py:98} INFO - Subtask: [2018-06-19 11:45:16,157] {driver.py:120} INFO - Generating grammar tables from /usr/lib/python2.7/lib2to3/Grammar.txt
[2018-06-19 11:45:16,177] {base_task_runner.py:98} INFO - Subtask: [2018-06-19 11:45:16,177] {driver.py:120} INFO - Generating grammar tables from /usr/lib/python2.7/lib2to3/PatternGrammar.txt
[2018-06-19 11:45:16,283] {base_task_runner.py:98} INFO - Subtask: [2018-06-19 11:45:16,283] {__init__.py:45} INFO - Using executor SequentialExecutor
[2018-06-19 11:45:16,322] {base_task_runner.py:98} INFO - Subtask: [2018-06-19 11:45:16,322] {models.py:189} INFO - Filling up the DagBag from /home/charanjiths/airflow/dags/charan.py
[2018-06-19 11:45:16,427] {base_task_runner.py:98} INFO - Subtask: [2018-06-19 11:45:16,427] {bash_operator.py:70} INFO - Tmp dir root location: 
[2018-06-19 11:45:16,427] {base_task_runner.py:98} INFO - Subtask:  /tmp
[2018-06-19 11:45:16,428] {base_task_runner.py:98} INFO - Subtask: [2018-06-19 11:45:16,428] {bash_operator.py:80} INFO - Temporary script location: /tmp/airflowtmpVsogsT//tmp/airflowtmpVsogsT/print_dateJS8zR3
[2018-06-19 11:45:16,428] {base_task_runner.py:98} INFO - Subtask: [2018-06-19 11:45:16,428] {bash_operator.py:88} INFO - Running command: date
[2018-06-19 11:45:16,431] {base_task_runner.py:98} INFO - Subtask: [2018-06-19 11:45:16,431] {bash_operator.py:97} INFO - Output:
[2018-06-19 11:45:16,433] {base_task_runner.py:98} INFO - Subtask: [2018-06-19 11:45:16,433] {bash_operator.py:101} INFO - Tue Jun 19 11:45:16 IST 2018
[2018-06-19 11:45:16,435] {base_task_runner.py:98} INFO - Subtask: [2018-06-19 11:45:16,434] {bash_operator.py:105} INFO - Command exited with return code 0
