[2018-06-19 16:04:51,677] {cli.py:374} INFO - Running on host PRINHYLTPDL1167
[2018-06-19 16:04:51,733] {models.py:1197} INFO - Dependencies all met for <TaskInstance: hello_world.sleep 2017-06-02 08:00:00 [queued]>
[2018-06-19 16:04:51,770] {models.py:1197} INFO - Dependencies all met for <TaskInstance: hello_world.sleep 2017-06-02 08:00:00 [queued]>
[2018-06-19 16:04:51,771] {models.py:1407} INFO - 
--------------------------------------------------------------------------------
Starting attempt 1 of 2
--------------------------------------------------------------------------------

[2018-06-19 16:04:51,791] {models.py:1428} INFO - Executing <Task(BashOperator): sleep> on 2017-06-02 08:00:00
[2018-06-19 16:04:51,791] {base_task_runner.py:115} INFO - Running: ['bash', '-c', u'airflow run hello_world sleep 2017-06-02T08:00:00 --job_id 101 --raw -sd DAGS_FOLDER/helloWorld.py']
[2018-06-19 16:04:52,004] {base_task_runner.py:98} INFO - Subtask: /usr/local/lib/python2.7/dist-packages/psycopg2/__init__.py:144: UserWarning: The psycopg2 wheel package will be renamed from release 2.8; in order to keep installing from binary please use "pip install psycopg2-binary" instead. For details see: <http://initd.org/psycopg/docs/install.html#binary-install-from-pypi>.
[2018-06-19 16:04:52,004] {base_task_runner.py:98} INFO - Subtask:   """)
[2018-06-19 16:04:52,035] {base_task_runner.py:98} INFO - Subtask: [2018-06-19 16:04:52,034] {driver.py:120} INFO - Generating grammar tables from /usr/lib/python2.7/lib2to3/Grammar.txt
[2018-06-19 16:04:52,054] {base_task_runner.py:98} INFO - Subtask: [2018-06-19 16:04:52,054] {driver.py:120} INFO - Generating grammar tables from /usr/lib/python2.7/lib2to3/PatternGrammar.txt
[2018-06-19 16:04:52,158] {base_task_runner.py:98} INFO - Subtask: [2018-06-19 16:04:52,157] {__init__.py:45} INFO - Using executor SequentialExecutor
[2018-06-19 16:04:52,194] {base_task_runner.py:98} INFO - Subtask: [2018-06-19 16:04:52,194] {models.py:189} INFO - Filling up the DagBag from /home/charanjiths/airflow/dags/helloWorld.py
[2018-06-19 16:04:52,302] {base_task_runner.py:98} INFO - Subtask: [2018-06-19 16:04:52,302] {bash_operator.py:70} INFO - Tmp dir root location: 
[2018-06-19 16:04:52,302] {base_task_runner.py:98} INFO - Subtask:  /tmp
[2018-06-19 16:04:52,303] {base_task_runner.py:98} INFO - Subtask: [2018-06-19 16:04:52,303] {bash_operator.py:80} INFO - Temporary script location: /tmp/airflowtmpeVBqFs//tmp/airflowtmpeVBqFs/sleep_uVIZu
[2018-06-19 16:04:52,303] {base_task_runner.py:98} INFO - Subtask: [2018-06-19 16:04:52,303] {bash_operator.py:88} INFO - Running command: sleep 5
[2018-06-19 16:04:52,306] {base_task_runner.py:98} INFO - Subtask: [2018-06-19 16:04:52,306] {bash_operator.py:97} INFO - Output:
[2018-06-19 16:04:57,316] {base_task_runner.py:98} INFO - Subtask: [2018-06-19 16:04:57,313] {bash_operator.py:105} INFO - Command exited with return code 0
