[2018-06-19 16:11:11,611] {cli.py:374} INFO - Running on host PRINHYLTPDL1167
[2018-06-19 16:11:11,661] {models.py:1197} INFO - Dependencies all met for <TaskInstance: hello_world.print_hello 2017-06-03 01:00:00 [queued]>
[2018-06-19 16:11:11,678] {models.py:1197} INFO - Dependencies all met for <TaskInstance: hello_world.print_hello 2017-06-03 01:00:00 [queued]>
[2018-06-19 16:11:11,679] {models.py:1407} INFO - 
--------------------------------------------------------------------------------
Starting attempt 1 of 2
--------------------------------------------------------------------------------

[2018-06-19 16:11:11,713] {models.py:1428} INFO - Executing <Task(BashOperator): print_hello> on 2017-06-03 01:00:00
[2018-06-19 16:11:11,714] {base_task_runner.py:115} INFO - Running: ['bash', '-c', u'airflow run hello_world print_hello 2017-06-03T01:00:00 --job_id 148 --raw -sd DAGS_FOLDER/helloWorld.py']
[2018-06-19 16:11:11,938] {base_task_runner.py:98} INFO - Subtask: /usr/local/lib/python2.7/dist-packages/psycopg2/__init__.py:144: UserWarning: The psycopg2 wheel package will be renamed from release 2.8; in order to keep installing from binary please use "pip install psycopg2-binary" instead. For details see: <http://initd.org/psycopg/docs/install.html#binary-install-from-pypi>.
[2018-06-19 16:11:11,938] {base_task_runner.py:98} INFO - Subtask:   """)
[2018-06-19 16:11:11,969] {base_task_runner.py:98} INFO - Subtask: [2018-06-19 16:11:11,969] {driver.py:120} INFO - Generating grammar tables from /usr/lib/python2.7/lib2to3/Grammar.txt
[2018-06-19 16:11:11,990] {base_task_runner.py:98} INFO - Subtask: [2018-06-19 16:11:11,989] {driver.py:120} INFO - Generating grammar tables from /usr/lib/python2.7/lib2to3/PatternGrammar.txt
[2018-06-19 16:11:12,094] {base_task_runner.py:98} INFO - Subtask: [2018-06-19 16:11:12,094] {__init__.py:45} INFO - Using executor SequentialExecutor
[2018-06-19 16:11:12,132] {base_task_runner.py:98} INFO - Subtask: [2018-06-19 16:11:12,131] {models.py:189} INFO - Filling up the DagBag from /home/charanjiths/airflow/dags/helloWorld.py
[2018-06-19 16:11:12,237] {base_task_runner.py:98} INFO - Subtask: [2018-06-19 16:11:12,237] {bash_operator.py:70} INFO - Tmp dir root location: 
[2018-06-19 16:11:12,238] {base_task_runner.py:98} INFO - Subtask:  /tmp
[2018-06-19 16:11:12,238] {base_task_runner.py:98} INFO - Subtask: [2018-06-19 16:11:12,238] {bash_operator.py:80} INFO - Temporary script location: /tmp/airflowtmpeNHNwE//tmp/airflowtmpeNHNwE/print_hellotFh6tJ
[2018-06-19 16:11:12,238] {base_task_runner.py:98} INFO - Subtask: [2018-06-19 16:11:12,238] {bash_operator.py:88} INFO - Running command: echo "hello"
[2018-06-19 16:11:12,241] {base_task_runner.py:98} INFO - Subtask: [2018-06-19 16:11:12,241] {bash_operator.py:97} INFO - Output:
[2018-06-19 16:11:12,243] {base_task_runner.py:98} INFO - Subtask: [2018-06-19 16:11:12,243] {bash_operator.py:101} INFO - hello
[2018-06-19 16:11:12,244] {base_task_runner.py:98} INFO - Subtask: [2018-06-19 16:11:12,243] {bash_operator.py:105} INFO - Command exited with return code 0
