[2018-06-19 14:18:33,896] {cli.py:374} INFO - Running on host PRINHYLTPDL1167
[2018-06-19 14:18:33,968] {models.py:1197} INFO - Dependencies all met for <TaskInstance: hello_world.sleep 2017-06-01 01:00:00 [queued]>
[2018-06-19 14:18:34,005] {models.py:1197} INFO - Dependencies all met for <TaskInstance: hello_world.sleep 2017-06-01 01:00:00 [queued]>
[2018-06-19 14:18:34,005] {models.py:1407} INFO - 
--------------------------------------------------------------------------------
Starting attempt 1 of 2
--------------------------------------------------------------------------------

[2018-06-19 14:18:34,024] {models.py:1428} INFO - Executing <Task(BashOperator): sleep> on 2017-06-01 01:00:00
[2018-06-19 14:18:34,024] {base_task_runner.py:115} INFO - Running: ['bash', '-c', u'airflow run hello_world sleep 2017-06-01T01:00:00 --job_id 6 --raw -sd DAGS_FOLDER/helloWorld.py']
[2018-06-19 14:18:34,249] {base_task_runner.py:98} INFO - Subtask: /usr/local/lib/python2.7/dist-packages/psycopg2/__init__.py:144: UserWarning: The psycopg2 wheel package will be renamed from release 2.8; in order to keep installing from binary please use "pip install psycopg2-binary" instead. For details see: <http://initd.org/psycopg/docs/install.html#binary-install-from-pypi>.
[2018-06-19 14:18:34,249] {base_task_runner.py:98} INFO - Subtask:   """)
[2018-06-19 14:18:34,280] {base_task_runner.py:98} INFO - Subtask: [2018-06-19 14:18:34,280] {driver.py:120} INFO - Generating grammar tables from /usr/lib/python2.7/lib2to3/Grammar.txt
[2018-06-19 14:18:34,300] {base_task_runner.py:98} INFO - Subtask: [2018-06-19 14:18:34,299] {driver.py:120} INFO - Generating grammar tables from /usr/lib/python2.7/lib2to3/PatternGrammar.txt
[2018-06-19 14:18:34,405] {base_task_runner.py:98} INFO - Subtask: [2018-06-19 14:18:34,405] {__init__.py:45} INFO - Using executor SequentialExecutor
[2018-06-19 14:18:34,443] {base_task_runner.py:98} INFO - Subtask: [2018-06-19 14:18:34,443] {models.py:189} INFO - Filling up the DagBag from /home/charanjiths/airflow/dags/helloWorld.py
[2018-06-19 14:18:34,546] {base_task_runner.py:98} INFO - Subtask: [2018-06-19 14:18:34,546] {bash_operator.py:70} INFO - Tmp dir root location: 
[2018-06-19 14:18:34,547] {base_task_runner.py:98} INFO - Subtask:  /tmp
[2018-06-19 14:18:34,547] {base_task_runner.py:98} INFO - Subtask: [2018-06-19 14:18:34,547] {bash_operator.py:80} INFO - Temporary script location: /tmp/airflowtmpTAgILm//tmp/airflowtmpTAgILm/sleepvcCoG4
[2018-06-19 14:18:34,547] {base_task_runner.py:98} INFO - Subtask: [2018-06-19 14:18:34,547] {bash_operator.py:88} INFO - Running command: sleep 5
[2018-06-19 14:18:34,550] {base_task_runner.py:98} INFO - Subtask: [2018-06-19 14:18:34,550] {bash_operator.py:97} INFO - Output:
[2018-06-19 14:18:39,564] {base_task_runner.py:98} INFO - Subtask: [2018-06-19 14:18:39,561] {bash_operator.py:105} INFO - Command exited with return code 0
[2018-06-19 15:52:23,881] {cli.py:374} INFO - Running on host PRINHYLTPDL1167
[2018-06-19 15:52:23,963] {models.py:1197} INFO - Dependencies all met for <TaskInstance: hello_world.sleep 2017-06-01 01:00:00 [queued]>
[2018-06-19 15:52:23,996] {models.py:1197} INFO - Dependencies all met for <TaskInstance: hello_world.sleep 2017-06-01 01:00:00 [queued]>
[2018-06-19 15:52:23,996] {models.py:1407} INFO - 
--------------------------------------------------------------------------------
Starting attempt 1 of 2
--------------------------------------------------------------------------------

[2018-06-19 15:52:24,007] {models.py:1428} INFO - Executing <Task(BashOperator): sleep> on 2017-06-01 01:00:00
[2018-06-19 15:52:24,008] {base_task_runner.py:115} INFO - Running: ['bash', '-c', u'airflow run hello_world sleep 2017-06-01T01:00:00 --job_id 8 --raw -sd DAGS_FOLDER/helloWorld.py']
[2018-06-19 15:52:24,219] {base_task_runner.py:98} INFO - Subtask: /usr/local/lib/python2.7/dist-packages/psycopg2/__init__.py:144: UserWarning: The psycopg2 wheel package will be renamed from release 2.8; in order to keep installing from binary please use "pip install psycopg2-binary" instead. For details see: <http://initd.org/psycopg/docs/install.html#binary-install-from-pypi>.
[2018-06-19 15:52:24,220] {base_task_runner.py:98} INFO - Subtask:   """)
[2018-06-19 15:52:24,250] {base_task_runner.py:98} INFO - Subtask: [2018-06-19 15:52:24,250] {driver.py:120} INFO - Generating grammar tables from /usr/lib/python2.7/lib2to3/Grammar.txt
[2018-06-19 15:52:24,269] {base_task_runner.py:98} INFO - Subtask: [2018-06-19 15:52:24,269] {driver.py:120} INFO - Generating grammar tables from /usr/lib/python2.7/lib2to3/PatternGrammar.txt
[2018-06-19 15:52:24,372] {base_task_runner.py:98} INFO - Subtask: [2018-06-19 15:52:24,372] {__init__.py:45} INFO - Using executor SequentialExecutor
[2018-06-19 15:52:24,410] {base_task_runner.py:98} INFO - Subtask: [2018-06-19 15:52:24,410] {models.py:189} INFO - Filling up the DagBag from /home/charanjiths/airflow/dags/helloWorld.py
[2018-06-19 15:52:24,518] {base_task_runner.py:98} INFO - Subtask: [2018-06-19 15:52:24,517] {bash_operator.py:70} INFO - Tmp dir root location: 
[2018-06-19 15:52:24,518] {base_task_runner.py:98} INFO - Subtask:  /tmp
[2018-06-19 15:52:24,519] {base_task_runner.py:98} INFO - Subtask: [2018-06-19 15:52:24,518] {bash_operator.py:80} INFO - Temporary script location: /tmp/airflowtmp0lN5T7//tmp/airflowtmp0lN5T7/sleepznCxEH
[2018-06-19 15:52:24,519] {base_task_runner.py:98} INFO - Subtask: [2018-06-19 15:52:24,518] {bash_operator.py:88} INFO - Running command: sleep 5
[2018-06-19 15:52:24,521] {base_task_runner.py:98} INFO - Subtask: [2018-06-19 15:52:24,521] {bash_operator.py:97} INFO - Output:
[2018-06-19 15:52:29,533] {base_task_runner.py:98} INFO - Subtask: [2018-06-19 15:52:29,530] {bash_operator.py:105} INFO - Command exited with return code 0
