[2018-06-19 14:20:37,889] {cli.py:374} INFO - Running on host PRINHYLTPDL1167
[2018-06-19 14:20:38,076] {models.py:1197} INFO - Dependencies all met for <TaskInstance: hello_world.sleep 2017-06-01 06:00:00 [queued]>
[2018-06-19 14:20:38,129] {models.py:1197} INFO - Dependencies all met for <TaskInstance: hello_world.sleep 2017-06-01 06:00:00 [queued]>
[2018-06-19 14:20:38,129] {models.py:1407} INFO - 
--------------------------------------------------------------------------------
Starting attempt 1 of 2
--------------------------------------------------------------------------------

[2018-06-19 14:20:38,184] {models.py:1428} INFO - Executing <Task(BashOperator): sleep> on 2017-06-01 06:00:00
[2018-06-19 14:20:38,185] {base_task_runner.py:115} INFO - Running: ['bash', '-c', u'airflow run hello_world sleep 2017-06-01T06:00:00 --job_id 21 --raw -sd DAGS_FOLDER/helloWorld.py']
[2018-06-19 14:20:38,442] {base_task_runner.py:98} INFO - Subtask: /usr/local/lib/python2.7/dist-packages/psycopg2/__init__.py:144: UserWarning: The psycopg2 wheel package will be renamed from release 2.8; in order to keep installing from binary please use "pip install psycopg2-binary" instead. For details see: <http://initd.org/psycopg/docs/install.html#binary-install-from-pypi>.
[2018-06-19 14:20:38,442] {base_task_runner.py:98} INFO - Subtask:   """)
[2018-06-19 14:20:38,476] {base_task_runner.py:98} INFO - Subtask: [2018-06-19 14:20:38,476] {driver.py:120} INFO - Generating grammar tables from /usr/lib/python2.7/lib2to3/Grammar.txt
[2018-06-19 14:20:38,495] {base_task_runner.py:98} INFO - Subtask: [2018-06-19 14:20:38,495] {driver.py:120} INFO - Generating grammar tables from /usr/lib/python2.7/lib2to3/PatternGrammar.txt
[2018-06-19 14:20:38,602] {base_task_runner.py:98} INFO - Subtask: [2018-06-19 14:20:38,601] {__init__.py:45} INFO - Using executor SequentialExecutor
[2018-06-19 14:20:38,640] {base_task_runner.py:98} INFO - Subtask: [2018-06-19 14:20:38,640] {models.py:189} INFO - Filling up the DagBag from /home/charanjiths/airflow/dags/helloWorld.py
[2018-06-19 14:20:38,750] {base_task_runner.py:98} INFO - Subtask: [2018-06-19 14:20:38,750] {bash_operator.py:70} INFO - Tmp dir root location: 
[2018-06-19 14:20:38,750] {base_task_runner.py:98} INFO - Subtask:  /tmp
[2018-06-19 14:20:38,751] {base_task_runner.py:98} INFO - Subtask: [2018-06-19 14:20:38,751] {bash_operator.py:80} INFO - Temporary script location: /tmp/airflowtmpNrNbLS//tmp/airflowtmpNrNbLS/sleepKNA2hp
[2018-06-19 14:20:38,751] {base_task_runner.py:98} INFO - Subtask: [2018-06-19 14:20:38,751] {bash_operator.py:88} INFO - Running command: sleep 5
[2018-06-19 14:20:38,755] {base_task_runner.py:98} INFO - Subtask: [2018-06-19 14:20:38,755] {bash_operator.py:97} INFO - Output:
[2018-06-19 14:20:43,766] {base_task_runner.py:98} INFO - Subtask: [2018-06-19 14:20:43,763] {bash_operator.py:105} INFO - Command exited with return code 0
[2018-06-19 15:54:24,861] {cli.py:374} INFO - Running on host PRINHYLTPDL1167
[2018-06-19 15:54:24,916] {models.py:1197} INFO - Dependencies all met for <TaskInstance: hello_world.sleep 2017-06-01 06:00:00 [queued]>
[2018-06-19 15:54:24,951] {models.py:1197} INFO - Dependencies all met for <TaskInstance: hello_world.sleep 2017-06-01 06:00:00 [queued]>
[2018-06-19 15:54:24,952] {models.py:1407} INFO - 
--------------------------------------------------------------------------------
Starting attempt 1 of 2
--------------------------------------------------------------------------------

[2018-06-19 15:54:24,964] {models.py:1428} INFO - Executing <Task(BashOperator): sleep> on 2017-06-01 06:00:00
[2018-06-19 15:54:24,964] {base_task_runner.py:115} INFO - Running: ['bash', '-c', u'airflow run hello_world sleep 2017-06-01T06:00:00 --job_id 23 --raw -sd DAGS_FOLDER/helloWorld.py']
[2018-06-19 15:54:25,175] {base_task_runner.py:98} INFO - Subtask: /usr/local/lib/python2.7/dist-packages/psycopg2/__init__.py:144: UserWarning: The psycopg2 wheel package will be renamed from release 2.8; in order to keep installing from binary please use "pip install psycopg2-binary" instead. For details see: <http://initd.org/psycopg/docs/install.html#binary-install-from-pypi>.
[2018-06-19 15:54:25,176] {base_task_runner.py:98} INFO - Subtask:   """)
[2018-06-19 15:54:25,206] {base_task_runner.py:98} INFO - Subtask: [2018-06-19 15:54:25,205] {driver.py:120} INFO - Generating grammar tables from /usr/lib/python2.7/lib2to3/Grammar.txt
[2018-06-19 15:54:25,225] {base_task_runner.py:98} INFO - Subtask: [2018-06-19 15:54:25,225] {driver.py:120} INFO - Generating grammar tables from /usr/lib/python2.7/lib2to3/PatternGrammar.txt
[2018-06-19 15:54:25,329] {base_task_runner.py:98} INFO - Subtask: [2018-06-19 15:54:25,328] {__init__.py:45} INFO - Using executor SequentialExecutor
[2018-06-19 15:54:25,366] {base_task_runner.py:98} INFO - Subtask: [2018-06-19 15:54:25,366] {models.py:189} INFO - Filling up the DagBag from /home/charanjiths/airflow/dags/helloWorld.py
[2018-06-19 15:54:25,470] {base_task_runner.py:98} INFO - Subtask: [2018-06-19 15:54:25,470] {bash_operator.py:70} INFO - Tmp dir root location: 
[2018-06-19 15:54:25,470] {base_task_runner.py:98} INFO - Subtask:  /tmp
[2018-06-19 15:54:25,471] {base_task_runner.py:98} INFO - Subtask: [2018-06-19 15:54:25,471] {bash_operator.py:80} INFO - Temporary script location: /tmp/airflowtmpCeZdSM//tmp/airflowtmpCeZdSM/sleep5INX9j
[2018-06-19 15:54:25,471] {base_task_runner.py:98} INFO - Subtask: [2018-06-19 15:54:25,471] {bash_operator.py:88} INFO - Running command: sleep 5
[2018-06-19 15:54:25,474] {base_task_runner.py:98} INFO - Subtask: [2018-06-19 15:54:25,474] {bash_operator.py:97} INFO - Output:
[2018-06-19 15:54:30,483] {base_task_runner.py:98} INFO - Subtask: [2018-06-19 15:54:30,482] {bash_operator.py:105} INFO - Command exited with return code 0
